Using pre-set license
Built from '6000.0/staging' branch; Version is '6000.0.37f1 (090b7797214c) revision 592759'; Using compiler version '193933523'; Build Type 'Release'
OS: 'Windows 10  (10.0.19045) 64bit Core' Language: 'ko' Physical Memory: 16316 MB
BatchMode: 1, IsHumanControllingUs: 0, StartBugReporterOnCrash: 0, Is64bit: 1, IsPro: 1

COMMAND LINE ARGUMENTS:
E:\UnityEditor\6000.0.37f1\Editor\Unity.exe
-adb2
-batchMode
-noUpm
-name
AssetImportWorker0
-projectPath
E:/UnityProjects/Project_JazzDevil
-logFile
Logs/AssetImportWorker0.log
-srvPort
3706
-job-worker-count
5
-background-job-worker-count
8
-gc-helper-count
1
Successfully changed project path to: E:/UnityProjects/Project_JazzDevil
E:/UnityProjects/Project_JazzDevil
[UnityMemory] Configuration Parameters - Can be set up in boot.config
    "memorysetup-bucket-allocator-granularity=16"
    "memorysetup-bucket-allocator-bucket-count=8"
    "memorysetup-bucket-allocator-block-size=33554432"
    "memorysetup-bucket-allocator-block-count=8"
    "memorysetup-main-allocator-block-size=16777216"
    "memorysetup-thread-allocator-block-size=16777216"
    "memorysetup-gfx-main-allocator-block-size=16777216"
    "memorysetup-gfx-thread-allocator-block-size=16777216"
    "memorysetup-cache-allocator-block-size=4194304"
    "memorysetup-typetree-allocator-block-size=2097152"
    "memorysetup-profiler-bucket-allocator-granularity=16"
    "memorysetup-profiler-bucket-allocator-bucket-count=8"
    "memorysetup-profiler-bucket-allocator-block-size=33554432"
    "memorysetup-profiler-bucket-allocator-block-count=8"
    "memorysetup-profiler-allocator-block-size=16777216"
    "memorysetup-profiler-editor-allocator-block-size=1048576"
    "memorysetup-temp-allocator-size-main=16777216"
    "memorysetup-job-temp-allocator-block-size=2097152"
    "memorysetup-job-temp-allocator-block-size-background=1048576"
    "memorysetup-job-temp-allocator-reduction-small-platforms=262144"
    "memorysetup-allocator-temp-initial-block-size-main=262144"
    "memorysetup-allocator-temp-initial-block-size-worker=262144"
    "memorysetup-temp-allocator-size-background-worker=32768"
    "memorysetup-temp-allocator-size-job-worker=262144"
    "memorysetup-temp-allocator-size-preload-manager=33554432"
    "memorysetup-temp-allocator-size-nav-mesh-worker=65536"
    "memorysetup-temp-allocator-size-audio-worker=65536"
    "memorysetup-temp-allocator-size-cloud-worker=32768"
    "memorysetup-temp-allocator-size-gi-baking-worker=262144"
    "memorysetup-temp-allocator-size-gi-baking-worker=262144"
    "memorysetup-temp-allocator-size-gi-baking-worker=262144"
    "memorysetup-temp-allocator-size-gi-baking-worker=262144"
    "memorysetup-temp-allocator-size-gi-baking-worker=262144"
    "memorysetup-temp-allocator-size-gfx=262144"
Player connection [19412]  Target information:

Player connection [19412]  * "[IP] 121.136.98.16 [Port] 0 [Flags] 2 [Guid] 2730890558 [EditorId] 2730890558 [Version] 1048832 [Id] WindowsEditor(7,DESKTOP-T3IK9JD) [Debug] 1 [PackageName] WindowsEditor [ProjectName] Editor" 

Player connection [19412] Host joined multi-casting on [225.0.0.222:54997]...
Player connection [19412] Host joined alternative multi-casting on [225.0.0.222:34997]...
JobSystem: Creating JobQueue using job-worker-count value 5
Input System module state changed to: Initialized.
[Physics::Module] Initialized fallback backend.
[Physics::Module] Id: 0xdecafbad
Library Redirect Path: Library/
[Physics::Module] Selected backend.
[Physics::Module] Name: PhysX
[Physics::Module] Id: 0xf2b8ea05
[Physics::Module] SDK Version: 4.1.2
[Physics::Module] Integration Version: 1.0.0
[Physics::Module] Threading Mode: Multi-Threaded
Refreshing native plugins compatible for Editor in 3.04 ms, found 4 plugins.
Preloading 0 native plugins for Editor in 0.00 ms.
Initialize engine version: 6000.0.37f1 (090b7797214c)
[Subsystems] Discovering subsystems at path E:/UnityEditor/6000.0.37f1/Editor/Data/Resources/UnitySubsystems
[Subsystems] Discovering subsystems at path E:/UnityProjects/Project_JazzDevil/Assets
GfxDevice: creating device client; kGfxThreadingModeNonThreaded
Direct3D:
    Version:  Direct3D 11.0 [level 11.1]
    Renderer: NVIDIA GeForce RTX 2060 (ID=0x1e89)
    Vendor:   NVIDIA
    VRAM:     5945 MB
    Driver:   32.0.15.6094
Initialize mono
Mono path[0] = 'E:/UnityEditor/6000.0.37f1/Editor/Data/Managed'
Mono path[1] = 'E:/UnityEditor/6000.0.37f1/Editor/Data/MonoBleedingEdge/lib/mono/unityjit-win32'
Mono config path = 'E:/UnityEditor/6000.0.37f1/Editor/Data/MonoBleedingEdge/etc'
Using monoOptions --debugger-agent=transport=dt_socket,embedding=1,server=y,suspend=n,address=127.0.0.1:56184
Begin MonoManager ReloadAssembly
Registering precompiled unity dll's ...
Register platform support module: E:/UnityEditor/6000.0.37f1/Editor/Data/PlaybackEngines/WindowsStandaloneSupport/UnityEditor.WindowsStandalone.Extensions.dll
Registered in 0.003764 seconds.
- Loaded All Assemblies, in  0.531 seconds
Native extension for WindowsStandalone target not found
Mono: successfully reloaded assembly
- Finished resetting the current domain, in  0.393 seconds
Domain Reload Profiling: 923ms
	BeginReloadAssembly (212ms)
		ExecutionOrderSort (0ms)
		DisableScriptedObjects (0ms)
		BackupInstance (0ms)
		ReleaseScriptingObjects (0ms)
		CreateAndSetChildDomain (1ms)
	RebuildCommonClasses (50ms)
	RebuildNativeTypeToScriptingClass (15ms)
	initialDomainReloadingComplete (62ms)
	LoadAllAssembliesAndSetupDomain (191ms)
		LoadAssemblies (212ms)
		RebuildTransferFunctionScriptingTraits (0ms)
		AnalyzeDomain (186ms)
			TypeCache.Refresh (184ms)
				TypeCache.ScanAssembly (168ms)
			BuildScriptInfoCaches (0ms)
			ResolveRequiredComponents (1ms)
	FinalizeReload (393ms)
		ReleaseScriptCaches (0ms)
		RebuildScriptCaches (0ms)
		SetupLoadedEditorAssemblies (358ms)
			LogAssemblyErrors (0ms)
			InitializePlatformSupportModulesInManaged (31ms)
			SetLoadedEditorAssemblies (6ms)
			BeforeProcessingInitializeOnLoad (64ms)
			ProcessInitializeOnLoadAttributes (188ms)
			ProcessInitializeOnLoadMethodAttributes (68ms)
			AfterProcessingInitializeOnLoad (0ms)
			EditorAssembliesLoaded (0ms)
		ExecutionOrderSort2 (0ms)
		AwakeInstancesAfterBackupRestoration (0ms)
========================================================================
Worker process is ready to serve import requests
Import Worker Mode flag is 0x00
Begin MonoManager ReloadAssembly
- Loaded All Assemblies, in  2.505 seconds
Refreshing native plugins compatible for Editor in 2.20 ms, found 4 plugins.
Native extension for WindowsStandalone target not found
Mono: successfully reloaded assembly
- Finished resetting the current domain, in  2.525 seconds
Domain Reload Profiling: 5029ms
	BeginReloadAssembly (249ms)
		ExecutionOrderSort (0ms)
		DisableScriptedObjects (6ms)
		BackupInstance (0ms)
		ReleaseScriptingObjects (0ms)
		CreateAndSetChildDomain (36ms)
	RebuildCommonClasses (41ms)
	RebuildNativeTypeToScriptingClass (15ms)
	initialDomainReloadingComplete (41ms)
	LoadAllAssembliesAndSetupDomain (2157ms)
		LoadAssemblies (1988ms)
		RebuildTransferFunctionScriptingTraits (0ms)
		AnalyzeDomain (344ms)
			TypeCache.Refresh (243ms)
				TypeCache.ScanAssembly (218ms)
			BuildScriptInfoCaches (84ms)
			ResolveRequiredComponents (13ms)
	FinalizeReload (2525ms)
		ReleaseScriptCaches (0ms)
		RebuildScriptCaches (0ms)
		SetupLoadedEditorAssemblies (1430ms)
			LogAssemblyErrors (0ms)
			InitializePlatformSupportModulesInManaged (2ms)
			SetLoadedEditorAssemblies (5ms)
			BeforeProcessingInitializeOnLoad (112ms)
			ProcessInitializeOnLoadAttributes (804ms)
			ProcessInitializeOnLoadMethodAttributes (506ms)
			AfterProcessingInitializeOnLoad (2ms)
			EditorAssembliesLoaded (0ms)
		ExecutionOrderSort2 (0ms)
		AwakeInstancesAfterBackupRestoration (19ms)
Launched and connected shader compiler UnityShaderCompiler.exe after 0.08 seconds
Refreshing native plugins compatible for Editor in 2.59 ms, found 4 plugins.
Preloading 0 native plugins for Editor in 0.00 ms.
Unloading 207 Unused Serialized files (Serialized files now loaded: 0)
Unloading 6310 unused Assets / (6.4 MB). Loaded Objects now: 6973.
Memory consumption went from 167.4 MB to 161.0 MB.
Total: 15.649500 ms (FindLiveObjects: 1.766600 ms CreateObjectMapping: 1.254200 ms MarkObjects: 7.377500 ms  DeleteObjects: 5.249600 ms)

========================================================================
Received Import Request.
  Time since last request: 26099.119345 seconds.
  path: Assets/Mesh/_Prefabs/Buildings/NS_Brick_Apartment_Small_FloorB.prefab
  artifactKey: Guid(b20b37cfaea2e404b8a62ff90337c834) Importer(815301076,1909f56bfc062723c751e8b465ee728b)
Start importing Assets/Mesh/_Prefabs/Buildings/NS_Brick_Apartment_Small_FloorB.prefab using Guid(b20b37cfaea2e404b8a62ff90337c834) Importer(815301076,1909f56bfc062723c751e8b465ee728b) (PreviewImporter) -> (artifact id: '012e6021df2698b9cb4038a916171630') in 0.8274535 seconds
Number of updated asset objects reloaded before import = 0Number of asset objects unloaded after import = 12

========================================================================
Received Import Request.
  Time since last request: 0.000074 seconds.
  path: Assets/Mesh/_Prefabs/Buildings/NS_Brick_Apartment_EntranceD.prefab
  artifactKey: Guid(bcc3b7a6c10d599489b0d1a36f2ad039) Importer(815301076,1909f56bfc062723c751e8b465ee728b)
Start importing Assets/Mesh/_Prefabs/Buildings/NS_Brick_Apartment_EntranceD.prefab using Guid(bcc3b7a6c10d599489b0d1a36f2ad039) Importer(815301076,1909f56bfc062723c751e8b465ee728b) (PreviewImporter) -> (artifact id: 'd66c37cfd87d39ca1dcfbaa88ab00a81') in 0.0305794 seconds
Number of updated asset objects reloaded before import = 0Number of asset objects unloaded after import = 10

========================================================================
Received Import Request.
  Time since last request: 0.000041 seconds.
  path: Assets/Mesh/_Prefabs/Buildings/NS_Brick_Apartment_ChimneyB.prefab
  artifactKey: Guid(095b8c628db647d4e92c9bdd258049c2) Importer(815301076,1909f56bfc062723c751e8b465ee728b)
Start importing Assets/Mesh/_Prefabs/Buildings/NS_Brick_Apartment_ChimneyB.prefab using Guid(095b8c628db647d4e92c9bdd258049c2) Importer(815301076,1909f56bfc062723c751e8b465ee728b) (PreviewImporter) -> (artifact id: 'a265dcdf37bebb70fab0ed3bdf1972de') in 0.0414732 seconds
Number of updated asset objects reloaded before import = 0Number of asset objects unloaded after import = 10

========================================================================
Received Import Request.
  Time since last request: 0.000029 seconds.
  path: Assets/Mesh/_Prefabs/Buildings/NS_Brick_Apartment_FloorA.prefab
  artifactKey: Guid(3391472b8bfe6604498c8f3d8154bf33) Importer(815301076,1909f56bfc062723c751e8b465ee728b)
Start importing Assets/Mesh/_Prefabs/Buildings/NS_Brick_Apartment_FloorA.prefab using Guid(3391472b8bfe6604498c8f3d8154bf33) Importer(815301076,1909f56bfc062723c751e8b465ee728b) (PreviewImporter) -> (artifact id: '16e468b5354e9770e334d86991d2bca2') in 0.0769934 seconds
Number of updated asset objects reloaded before import = 0Number of asset objects unloaded after import = 10

========================================================================
Received Import Request.
  Time since last request: 0.000025 seconds.
  path: Assets/Mesh/_Prefabs/Buildings/NS_Unique_CityHall.prefab
  artifactKey: Guid(6eedb51c38998d5418a6b77eca831d92) Importer(815301076,1909f56bfc062723c751e8b465ee728b)
Start importing Assets/Mesh/_Prefabs/Buildings/NS_Unique_CityHall.prefab using Guid(6eedb51c38998d5418a6b77eca831d92) Importer(815301076,1909f56bfc062723c751e8b465ee728b) (PreviewImporter) -> (artifact id: '4d8ed73c23d98483f825a5fb936679e9') in 0.1508704 seconds
Number of updated asset objects reloaded before import = 0Number of asset objects unloaded after import = 10

========================================================================
Received Import Request.
  Time since last request: 0.000037 seconds.
  path: Assets/Mesh/_Prefabs/Buildings/NS_Brick_Apartment_Small_FloorA.prefab
  artifactKey: Guid(d36eadb6e9067e44ea896d839e5a564b) Importer(815301076,1909f56bfc062723c751e8b465ee728b)
Start importing Assets/Mesh/_Prefabs/Buildings/NS_Brick_Apartment_Small_FloorA.prefab using Guid(d36eadb6e9067e44ea896d839e5a564b) Importer(815301076,1909f56bfc062723c751e8b465ee728b) (PreviewImporter) -> (artifact id: '77aed115e172227d3dbd75a5e077d847') in 0.0581502 seconds
Number of updated asset objects reloaded before import = 0Number of asset objects unloaded after import = 10

========================================================================
Received Import Request.
  Time since last request: 0.000028 seconds.
  path: Assets/Mesh/_Prefabs/Buildings/NS_Brick_Apartment_Roof_Window.prefab
  artifactKey: Guid(c0bbd6e3861c4664a9d5ebd37d7df586) Importer(815301076,1909f56bfc062723c751e8b465ee728b)
Start importing Assets/Mesh/_Prefabs/Buildings/NS_Brick_Apartment_Roof_Window.prefab using Guid(c0bbd6e3861c4664a9d5ebd37d7df586) Importer(815301076,1909f56bfc062723c751e8b465ee728b) (PreviewImporter) -> (artifact id: '0bf0cac457169bf54e6c11e30f89262c') in 0.0618297 seconds
Number of updated asset objects reloaded before import = 0Number of asset objects unloaded after import = 10

========================================================================
Received Import Request.
  Time since last request: 0.000024 seconds.
  path: Assets/Mesh/_Prefabs/Buildings/NS_Brick_Apartment_Corner_Roof.prefab
  artifactKey: Guid(506ecff53ba61b742bf49499128a2ec0) Importer(815301076,1909f56bfc062723c751e8b465ee728b)
Start importing Assets/Mesh/_Prefabs/Buildings/NS_Brick_Apartment_Corner_Roof.prefab using Guid(506ecff53ba61b742bf49499128a2ec0) Importer(815301076,1909f56bfc062723c751e8b465ee728b) (PreviewImporter) -> (artifact id: '8f4789c48099d92353e8ac198956922e') in 0.0629971 seconds
Number of updated asset objects reloaded before import = 0Number of asset objects unloaded after import = 10

========================================================================
Received Import Request.
  Time since last request: 0.000042 seconds.
  path: Assets/Mesh/_Prefabs/Buildings/NS_Brick_Apartment_Pub.prefab
  artifactKey: Guid(aaf3cb9f339b6ac498eb5f62e8f9eb2a) Importer(815301076,1909f56bfc062723c751e8b465ee728b)
Start importing Assets/Mesh/_Prefabs/Buildings/NS_Brick_Apartment_Pub.prefab using Guid(aaf3cb9f339b6ac498eb5f62e8f9eb2a) Importer(815301076,1909f56bfc062723c751e8b465ee728b) (PreviewImporter) -> (artifact id: '5c65e54a68bc0034d3a1c8df96fbc9da') in 0.0510084 seconds
Number of updated asset objects reloaded before import = 0Number of asset objects unloaded after import = 10

Editor requested this worker to shutdown with reason: Scaling down because of idle timeout
AssetImportWorker is now disconnected from the server
Process exiting
Exiting without the bug reporter. Application will terminate with return code 0