Using pre-set license
Built from '6000.0/staging' branch; Version is '6000.0.37f1 (090b7797214c) revision 592759'; Using compiler version '193933523'; Build Type 'Release'
OS: 'Windows 10  (10.0.19045) 64bit Core' Language: 'ko' Physical Memory: 16316 MB
BatchMode: 1, IsHumanControllingUs: 0, StartBugReporterOnCrash: 0, Is64bit: 1, IsPro: 1

COMMAND LINE ARGUMENTS:
E:\UnityEditor\6000.0.37f1\Editor\Unity.exe
-adb2
-batchMode
-noUpm
-name
AssetImportWorker8
-projectPath
E:/UnityProjects/Project_JazzDevil
-logFile
Logs/AssetImportWorker8.log
-srvPort
3706
-job-worker-count
5
-background-job-worker-count
8
-gc-helper-count
1
Successfully changed project path to: E:/UnityProjects/Project_JazzDevil
E:/UnityProjects/Project_JazzDevil
[UnityMemory] Configuration Parameters - Can be set up in boot.config
    "memorysetup-bucket-allocator-granularity=16"
    "memorysetup-bucket-allocator-bucket-count=8"
    "memorysetup-bucket-allocator-block-size=33554432"
    "memorysetup-bucket-allocator-block-count=8"
    "memorysetup-main-allocator-block-size=16777216"
    "memorysetup-thread-allocator-block-size=16777216"
    "memorysetup-gfx-main-allocator-block-size=16777216"
    "memorysetup-gfx-thread-allocator-block-size=16777216"
    "memorysetup-cache-allocator-block-size=4194304"
    "memorysetup-typetree-allocator-block-size=2097152"
    "memorysetup-profiler-bucket-allocator-granularity=16"
    "memorysetup-profiler-bucket-allocator-bucket-count=8"
    "memorysetup-profiler-bucket-allocator-block-size=33554432"
    "memorysetup-profiler-bucket-allocator-block-count=8"
    "memorysetup-profiler-allocator-block-size=16777216"
    "memorysetup-profiler-editor-allocator-block-size=1048576"
    "memorysetup-temp-allocator-size-main=16777216"
    "memorysetup-job-temp-allocator-block-size=2097152"
    "memorysetup-job-temp-allocator-block-size-background=1048576"
    "memorysetup-job-temp-allocator-reduction-small-platforms=262144"
    "memorysetup-allocator-temp-initial-block-size-main=262144"
    "memorysetup-allocator-temp-initial-block-size-worker=262144"
    "memorysetup-temp-allocator-size-background-worker=32768"
    "memorysetup-temp-allocator-size-job-worker=262144"
    "memorysetup-temp-allocator-size-preload-manager=33554432"
    "memorysetup-temp-allocator-size-nav-mesh-worker=65536"
    "memorysetup-temp-allocator-size-audio-worker=65536"
    "memorysetup-temp-allocator-size-cloud-worker=32768"
    "memorysetup-temp-allocator-size-gi-baking-worker=262144"
    "memorysetup-temp-allocator-size-gi-baking-worker=262144"
    "memorysetup-temp-allocator-size-gi-baking-worker=262144"
    "memorysetup-temp-allocator-size-gi-baking-worker=262144"
    "memorysetup-temp-allocator-size-gi-baking-worker=262144"
    "memorysetup-temp-allocator-size-gfx=262144"
Player connection [26920]  Target information:

Player connection [26920]  * "[IP] 121.136.98.16 [Port] 0 [Flags] 2 [Guid] 20104503 [EditorId] 20104503 [Version] 1048832 [Id] WindowsEditor(7,DESKTOP-T3IK9JD) [Debug] 1 [PackageName] WindowsEditor [ProjectName] Editor" 

Player connection [26920] Host joined multi-casting on [225.0.0.222:54997]...
Player connection [26920] Host joined alternative multi-casting on [225.0.0.222:34997]...
JobSystem: Creating JobQueue using job-worker-count value 5
Input System module state changed to: Initialized.
[Physics::Module] Initialized fallback backend.
[Physics::Module] Id: 0xdecafbad
Library Redirect Path: Library/
[Physics::Module] Selected backend.
[Physics::Module] Name: PhysX
[Physics::Module] Id: 0xf2b8ea05
[Physics::Module] SDK Version: 4.1.2
[Physics::Module] Integration Version: 1.0.0
[Physics::Module] Threading Mode: Multi-Threaded
Refreshing native plugins compatible for Editor in 5.31 ms, found 4 plugins.
Preloading 0 native plugins for Editor in 0.00 ms.
Initialize engine version: 6000.0.37f1 (090b7797214c)
[Subsystems] Discovering subsystems at path E:/UnityEditor/6000.0.37f1/Editor/Data/Resources/UnitySubsystems
[Subsystems] Discovering subsystems at path E:/UnityProjects/Project_JazzDevil/Assets
GfxDevice: creating device client; kGfxThreadingModeNonThreaded
Direct3D:
    Version:  Direct3D 11.0 [level 11.1]
    Renderer: NVIDIA GeForce RTX 2060 (ID=0x1e89)
    Vendor:   NVIDIA
    VRAM:     5945 MB
    Driver:   32.0.15.6094
Initialize mono
Mono path[0] = 'E:/UnityEditor/6000.0.37f1/Editor/Data/Managed'
Mono path[1] = 'E:/UnityEditor/6000.0.37f1/Editor/Data/MonoBleedingEdge/lib/mono/unityjit-win32'
Mono config path = 'E:/UnityEditor/6000.0.37f1/Editor/Data/MonoBleedingEdge/etc'
Using monoOptions --debugger-agent=transport=dt_socket,embedding=1,server=y,suspend=n,address=127.0.0.1:56724
Begin MonoManager ReloadAssembly
Registering precompiled unity dll's ...
Register platform support module: E:/UnityEditor/6000.0.37f1/Editor/Data/PlaybackEngines/WindowsStandaloneSupport/UnityEditor.WindowsStandalone.Extensions.dll
Registered in 0.009518 seconds.
- Loaded All Assemblies, in  0.915 seconds
Native extension for WindowsStandalone target not found
Mono: successfully reloaded assembly
- Finished resetting the current domain, in  0.817 seconds
Domain Reload Profiling: 1732ms
	BeginReloadAssembly (342ms)
		ExecutionOrderSort (0ms)
		DisableScriptedObjects (0ms)
		BackupInstance (0ms)
		ReleaseScriptingObjects (0ms)
		CreateAndSetChildDomain (1ms)
	RebuildCommonClasses (79ms)
	RebuildNativeTypeToScriptingClass (20ms)
	initialDomainReloadingComplete (94ms)
	LoadAllAssembliesAndSetupDomain (380ms)
		LoadAssemblies (348ms)
		RebuildTransferFunctionScriptingTraits (0ms)
		AnalyzeDomain (365ms)
			TypeCache.Refresh (362ms)
				TypeCache.ScanAssembly (339ms)
			BuildScriptInfoCaches (0ms)
			ResolveRequiredComponents (1ms)
	FinalizeReload (818ms)
		ReleaseScriptCaches (0ms)
		RebuildScriptCaches (0ms)
		SetupLoadedEditorAssemblies (698ms)
			LogAssemblyErrors (0ms)
			InitializePlatformSupportModulesInManaged (57ms)
			SetLoadedEditorAssemblies (6ms)
			BeforeProcessingInitializeOnLoad (93ms)
			ProcessInitializeOnLoadAttributes (441ms)
			ProcessInitializeOnLoadMethodAttributes (101ms)
			AfterProcessingInitializeOnLoad (0ms)
			EditorAssembliesLoaded (0ms)
		ExecutionOrderSort2 (0ms)
		AwakeInstancesAfterBackupRestoration (0ms)
========================================================================
Worker process is ready to serve import requests
Import Worker Mode flag is 0x00
Begin MonoManager ReloadAssembly
- Loaded All Assemblies, in  1.956 seconds
Refreshing native plugins compatible for Editor in 3.80 ms, found 4 plugins.
Native extension for WindowsStandalone target not found
Mono: successfully reloaded assembly
- Finished resetting the current domain, in  2.186 seconds
Domain Reload Profiling: 4139ms
	BeginReloadAssembly (381ms)
		ExecutionOrderSort (0ms)
		DisableScriptedObjects (11ms)
		BackupInstance (0ms)
		ReleaseScriptingObjects (0ms)
		CreateAndSetChildDomain (67ms)
	RebuildCommonClasses (68ms)
	RebuildNativeTypeToScriptingClass (26ms)
	initialDomainReloadingComplete (83ms)
	LoadAllAssembliesAndSetupDomain (1395ms)
		LoadAssemblies (878ms)
		RebuildTransferFunctionScriptingTraits (0ms)
		AnalyzeDomain (761ms)
			TypeCache.Refresh (562ms)
				TypeCache.ScanAssembly (514ms)
			BuildScriptInfoCaches (164ms)
			ResolveRequiredComponents (24ms)
	FinalizeReload (2187ms)
		ReleaseScriptCaches (0ms)
		RebuildScriptCaches (0ms)
		SetupLoadedEditorAssemblies (1563ms)
			LogAssemblyErrors (0ms)
			InitializePlatformSupportModulesInManaged (3ms)
			SetLoadedEditorAssemblies (12ms)
			BeforeProcessingInitializeOnLoad (238ms)
			ProcessInitializeOnLoadAttributes (1134ms)
			ProcessInitializeOnLoadMethodAttributes (172ms)
			AfterProcessingInitializeOnLoad (4ms)
			EditorAssembliesLoaded (0ms)
		ExecutionOrderSort2 (0ms)
		AwakeInstancesAfterBackupRestoration (36ms)
Launched and connected shader compiler UnityShaderCompiler.exe after 0.05 seconds
Refreshing native plugins compatible for Editor in 4.60 ms, found 4 plugins.
Preloading 0 native plugins for Editor in 0.00 ms.
Unloading 207 Unused Serialized files (Serialized files now loaded: 0)
Unloading 6310 unused Assets / (4.0 MB). Loaded Objects now: 6973.
Memory consumption went from 167.9 MB to 163.9 MB.
Total: 20.414400 ms (FindLiveObjects: 1.399100 ms CreateObjectMapping: 1.011300 ms MarkObjects: 13.090900 ms  DeleteObjects: 4.911000 ms)

========================================================================
Received Import Request.
  Time since last request: 27841.060951 seconds.
  path: Assets/Mesh/_Models/NS_Prop_FencePillar.fbx
  artifactKey: Guid(500153a8fc64a0c458fbd221a1eb4c6a) Importer(2089858483,192608db42251d675da83286b1cce702)
Start importing Assets/Mesh/_Models/NS_Prop_FencePillar.fbx using Guid(500153a8fc64a0c458fbd221a1eb4c6a) Importer(2089858483,192608db42251d675da83286b1cce702) (ScriptedImporter) -> (artifact id: '4847bdf1b070e2643c91f91827262e80') in 0.8695959 seconds
Number of updated asset objects reloaded before import = 0Number of asset objects unloaded after import = 7

========================================================================
Received Import Request.
  Time since last request: 0.000035 seconds.
  path: Assets/Audio/120BPM
  artifactKey: Guid(b3c32eb10d3449846a8133c821c6ad72) Importer(2089858483,192608db42251d675da83286b1cce702)
Start importing Assets/Audio/120BPM using Guid(b3c32eb10d3449846a8133c821c6ad72) Importer(2089858483,192608db42251d675da83286b1cce702) (ScriptedImporter) -> (artifact id: 'ffe55cc48822995864c5a0ff3496cb01') in 0.0236834 seconds
Number of updated asset objects reloaded before import = 0Number of asset objects unloaded after import = 1

========================================================================
Received Import Request.
  Time since last request: 0.000034 seconds.
  path: Assets/Mesh/_Prefabs/Industrial/NS_Industrial_Chimney.prefab
  artifactKey: Guid(661a86ce623ae5c4184a363a52ad5850) Importer(2089858483,3d70f49cd1c2eb9ae422958d1c652c6b)
Start importing Assets/Mesh/_Prefabs/Industrial/NS_Industrial_Chimney.prefab using Guid(661a86ce623ae5c4184a363a52ad5850) Importer(2089858483,3d70f49cd1c2eb9ae422958d1c652c6b) (ScriptedImporter) -> (artifact id: '3259eb8d4709a18f00fa771d5d8f3f32') in 0.0237105 seconds
Number of updated asset objects reloaded before import = 0Number of asset objects unloaded after import = 8

========================================================================
Received Import Request.
  Time since last request: 0.010420 seconds.
  path: Assets/Mesh/_Prefabs/Props/NS_Prop_PlankStack_Small.prefab
  artifactKey: Guid(443dee30f4a255b42bcb92e3b779c77b) Importer(2089858483,3d70f49cd1c2eb9ae422958d1c652c6b)
Start importing Assets/Mesh/_Prefabs/Props/NS_Prop_PlankStack_Small.prefab using Guid(443dee30f4a255b42bcb92e3b779c77b) Importer(2089858483,3d70f49cd1c2eb9ae422958d1c652c6b) (ScriptedImporter) -> (artifact id: '81b6f2644db9ba0b8f65725189b82918') in 0.0284473 seconds
Number of updated asset objects reloaded before import = 0Number of asset objects unloaded after import = 8

========================================================================
Received Import Request.
  Time since last request: 0.000514 seconds.
  path: Assets/Mesh/_Prefabs/Buildings/NS_Brick_Apartment_Small_FloorA.prefab
  artifactKey: Guid(d36eadb6e9067e44ea896d839e5a564b) Importer(2089858483,3d70f49cd1c2eb9ae422958d1c652c6b)
Start importing Assets/Mesh/_Prefabs/Buildings/NS_Brick_Apartment_Small_FloorA.prefab using Guid(d36eadb6e9067e44ea896d839e5a564b) Importer(2089858483,3d70f49cd1c2eb9ae422958d1c652c6b) (ScriptedImporter) -> (artifact id: '3214be01e3f996d941691bad8f336b0c') in 0.020434 seconds
Number of updated asset objects reloaded before import = 0Number of asset objects unloaded after import = 8

========================================================================
Received Import Request.
  Time since last request: 0.000028 seconds.
  path: Assets/Mesh/_Models/NS_Brick_Apartment_RoofC.fbx
  artifactKey: Guid(81e0ffb0f2c36384eb5395f42e5c903c) Importer(2089858483,192608db42251d675da83286b1cce702)
Start importing Assets/Mesh/_Models/NS_Brick_Apartment_RoofC.fbx using Guid(81e0ffb0f2c36384eb5395f42e5c903c) Importer(2089858483,192608db42251d675da83286b1cce702) (ScriptedImporter) -> (artifact id: '4ec18bea0275553f85378b5d5ebdb053') in 0.0653429 seconds
Number of updated asset objects reloaded before import = 0Number of asset objects unloaded after import = 7

========================================================================
Received Import Request.
  Time since last request: 0.000052 seconds.
  path: Assets/Mesh/_Prefabs/Buildings/NS_Brick_Apartment_FloorC.prefab
  artifactKey: Guid(b31ea9506ce08f541ab4e5e2b09e1c69) Importer(2089858483,3d70f49cd1c2eb9ae422958d1c652c6b)
Start importing Assets/Mesh/_Prefabs/Buildings/NS_Brick_Apartment_FloorC.prefab using Guid(b31ea9506ce08f541ab4e5e2b09e1c69) Importer(2089858483,3d70f49cd1c2eb9ae422958d1c652c6b) (ScriptedImporter) -> (artifact id: 'a4ba0b2d47fed92580706de352a6a138') in 0.0824004 seconds
Number of updated asset objects reloaded before import = 0Number of asset objects unloaded after import = 8

========================================================================
Received Import Request.
  Time since last request: 0.000026 seconds.
  path: Assets/Mesh/_Prefabs/Props/NS_Sign_Bank.prefab
  artifactKey: Guid(d588ccbff1d20a54b9bffc7f43a35342) Importer(2089858483,3d70f49cd1c2eb9ae422958d1c652c6b)
Start importing Assets/Mesh/_Prefabs/Props/NS_Sign_Bank.prefab using Guid(d588ccbff1d20a54b9bffc7f43a35342) Importer(2089858483,3d70f49cd1c2eb9ae422958d1c652c6b) (ScriptedImporter) -> (artifact id: '12ce7d413c5d06fd32c17b493572d234') in 0.0223209 seconds
Number of updated asset objects reloaded before import = 0Number of asset objects unloaded after import = 8

========================================================================
Received Import Request.
  Time since last request: 0.000022 seconds.
  path: Assets/Mesh/_Prefabs/Environment/NS_Terrain_Walkway_Corner.prefab
  artifactKey: Guid(46456ae42775349419c7e5a493cedd90) Importer(2089858483,3d70f49cd1c2eb9ae422958d1c652c6b)
Start importing Assets/Mesh/_Prefabs/Environment/NS_Terrain_Walkway_Corner.prefab using Guid(46456ae42775349419c7e5a493cedd90) Importer(2089858483,3d70f49cd1c2eb9ae422958d1c652c6b) (ScriptedImporter) -> (artifact id: '7e6bc305da5cb6db9cbfd5847bc233ba') in 0.0223627 seconds
Number of updated asset objects reloaded before import = 0Number of asset objects unloaded after import = 8

========================================================================
Received Import Request.
  Time since last request: 0.000122 seconds.
  path: Assets/Mesh/_Prefabs/Props/NS_WallMount_Bricks_Building_Vitrine.prefab
  artifactKey: Guid(b8af0d6ee5a1566488b4a782e217a583) Importer(2089858483,3d70f49cd1c2eb9ae422958d1c652c6b)
Start importing Assets/Mesh/_Prefabs/Props/NS_WallMount_Bricks_Building_Vitrine.prefab using Guid(b8af0d6ee5a1566488b4a782e217a583) Importer(2089858483,3d70f49cd1c2eb9ae422958d1c652c6b) (ScriptedImporter) -> (artifact id: '836b990cebee1bbd1405aeb5785c14b5') in 0.0246473 seconds
Number of updated asset objects reloaded before import = 0Number of asset objects unloaded after import = 8

========================================================================
Received Import Request.
  Time since last request: 0.000027 seconds.
  path: Assets/Mesh/_Prefabs/Props/NS_Prop_HayStack.prefab
  artifactKey: Guid(4aaa0322be3329249a9bbd479973cc75) Importer(2089858483,192608db42251d675da83286b1cce702)
Start importing Assets/Mesh/_Prefabs/Props/NS_Prop_HayStack.prefab using Guid(4aaa0322be3329249a9bbd479973cc75) Importer(2089858483,192608db42251d675da83286b1cce702) (ScriptedImporter) -> (artifact id: '77d91ae83abb2c8b2740d950f0185cb7') in 0.0503631 seconds
Number of updated asset objects reloaded before import = 0Number of asset objects unloaded after import = 8

========================================================================
Received Import Request.
  Time since last request: 0.000027 seconds.
  path: Assets/Audio/140BPM/140_Bass.mp3
  artifactKey: Guid(593452d88388a604b975d6b2c20c99dc) Importer(2089858483,192608db42251d675da83286b1cce702)
Start importing Assets/Audio/140BPM/140_Bass.mp3 using Guid(593452d88388a604b975d6b2c20c99dc) Importer(2089858483,192608db42251d675da83286b1cce702) (ScriptedImporter) -> (artifact id: 'adaaeb3a1aa9d6805688fdd1ddf58763') in 0.1402145 seconds
Number of updated asset objects reloaded before import = 0Number of asset objects unloaded after import = 1

========================================================================
Received Import Request.
  Time since last request: 0.000036 seconds.
  path: Assets/Mesh/_Prefabs/Environment/NS_City_Panorama_Bright.prefab
  artifactKey: Guid(7e35401393c423e44b4149efad0de6e4) Importer(2089858483,3d70f49cd1c2eb9ae422958d1c652c6b)
Start importing Assets/Mesh/_Prefabs/Environment/NS_City_Panorama_Bright.prefab using Guid(7e35401393c423e44b4149efad0de6e4) Importer(2089858483,3d70f49cd1c2eb9ae422958d1c652c6b) (ScriptedImporter) -> (artifact id: 'c2fb7bd77e0f32f7634afb6b0e290d79') in 0.0179977 seconds
Number of updated asset objects reloaded before import = 0Number of asset objects unloaded after import = 8

========================================================================
Received Import Request.
  Time since last request: 0.000024 seconds.
  path: Assets/Prefabs/Note.prefab
  artifactKey: Guid(f97862b535c9f1e4397229c0e318507a) Importer(2089858483,3d70f49cd1c2eb9ae422958d1c652c6b)
Start importing Assets/Prefabs/Note.prefab using Guid(f97862b535c9f1e4397229c0e318507a) Importer(2089858483,3d70f49cd1c2eb9ae422958d1c652c6b) (ScriptedImporter) -> (artifact id: '8e9dd37332dc23b1786b731151a7b724') in 0.0316812 seconds
Number of updated asset objects reloaded before import = 0Number of asset objects unloaded after import = 11

========================================================================
Received Import Request.
  Time since last request: 0.000024 seconds.
  path: Assets/Mesh/_Prefabs/Props/NS_WallMount_Ladder.prefab
  artifactKey: Guid(cf350e2a697f42643b23346c730343d8) Importer(2089858483,192608db42251d675da83286b1cce702)
Start importing Assets/Mesh/_Prefabs/Props/NS_WallMount_Ladder.prefab using Guid(cf350e2a697f42643b23346c730343d8) Importer(2089858483,192608db42251d675da83286b1cce702) (ScriptedImporter) -> (artifact id: '4e4f1da1bb04acd204fc99a9513e4265') in 0.0282649 seconds
Number of updated asset objects reloaded before import = 0Number of asset objects unloaded after import = 8

========================================================================
Received Import Request.
  Time since last request: 0.000049 seconds.
  path: Assets/Mesh/_Prefabs/Environment/NS_River_Wall_Stairs.prefab
  artifactKey: Guid(72ab871f8da17624eb987a35e0d03ad1) Importer(2089858483,3d70f49cd1c2eb9ae422958d1c652c6b)
Start importing Assets/Mesh/_Prefabs/Environment/NS_River_Wall_Stairs.prefab using Guid(72ab871f8da17624eb987a35e0d03ad1) Importer(2089858483,3d70f49cd1c2eb9ae422958d1c652c6b) (ScriptedImporter) -> (artifact id: '5dd4587387eb8097d0fd89b36e24cd90') in 0.0211488 seconds
Number of updated asset objects reloaded before import = 0Number of asset objects unloaded after import = 8

========================================================================
Received Import Request.
  Time since last request: 0.000017 seconds.
  path: Assets/Mesh/_Prefabs/Props/NS_WallMount_Passage_Front.prefab
  artifactKey: Guid(99d89bb902de34d40b6ffe3001eb2dfe) Importer(2089858483,3d70f49cd1c2eb9ae422958d1c652c6b)
Start importing Assets/Mesh/_Prefabs/Props/NS_WallMount_Passage_Front.prefab using Guid(99d89bb902de34d40b6ffe3001eb2dfe) Importer(2089858483,3d70f49cd1c2eb9ae422958d1c652c6b) (ScriptedImporter) -> (artifact id: '4f5fe3187720676890e57e88ba93d982') in 0.0129313 seconds
Number of updated asset objects reloaded before import = 0Number of asset objects unloaded after import = 8

========================================================================
Received Import Request.
  Time since last request: 0.000021 seconds.
  path: Assets/Mesh/_FX/NS_FX_White_Smoke.prefab
  artifactKey: Guid(32f8c69e995393b48884289246f7d504) Importer(2089858483,3d70f49cd1c2eb9ae422958d1c652c6b)
Start importing Assets/Mesh/_FX/NS_FX_White_Smoke.prefab using Guid(32f8c69e995393b48884289246f7d504) Importer(2089858483,3d70f49cd1c2eb9ae422958d1c652c6b) (ScriptedImporter) -> (artifact id: '0ffb72244a359d5d61a7f81bd2c857bb') in 0.0298196 seconds
Number of updated asset objects reloaded before import = 0Number of asset objects unloaded after import = 8

========================================================================
Received Import Request.
  Time since last request: 0.000024 seconds.
  path: Assets/Mesh/_Prefabs/Props/NS_Wooden_Pole.prefab
  artifactKey: Guid(f453b69fceec84c478522799dcc8bd2b) Importer(2089858483,3d70f49cd1c2eb9ae422958d1c652c6b)
Start importing Assets/Mesh/_Prefabs/Props/NS_Wooden_Pole.prefab using Guid(f453b69fceec84c478522799dcc8bd2b) Importer(2089858483,3d70f49cd1c2eb9ae422958d1c652c6b) (ScriptedImporter) -> (artifact id: 'eb1b3979737d47908e28ff1107a42119') in 0.0209306 seconds
Number of updated asset objects reloaded before import = 0Number of asset objects unloaded after import = 8

========================================================================
Received Import Request.
  Time since last request: 0.000050 seconds.
  path: Assets/Mesh/_Prefabs/Props/NS_Prop_Drain_Pipe_Corner.prefab
  artifactKey: Guid(f6b1348e3d1fb1141bbe9971d112dfdc) Importer(2089858483,192608db42251d675da83286b1cce702)
Start importing Assets/Mesh/_Prefabs/Props/NS_Prop_Drain_Pipe_Corner.prefab using Guid(f6b1348e3d1fb1141bbe9971d112dfdc) Importer(2089858483,192608db42251d675da83286b1cce702) (ScriptedImporter) -> (artifact id: '5bd0b5c81b382b4196f280a9005bf6e1') in 0.0542011 seconds
Number of updated asset objects reloaded before import = 0Number of asset objects unloaded after import = 8

========================================================================
Received Import Request.
  Time since last request: 0.000047 seconds.
  path: Assets/Mesh/_Prefabs/Props/NS_Prop_Drain_Pipe_Long.prefab
  artifactKey: Guid(9994f2d98278a7545acc0a3ae830e67c) Importer(2089858483,3d70f49cd1c2eb9ae422958d1c652c6b)
Start importing Assets/Mesh/_Prefabs/Props/NS_Prop_Drain_Pipe_Long.prefab using Guid(9994f2d98278a7545acc0a3ae830e67c) Importer(2089858483,3d70f49cd1c2eb9ae422958d1c652c6b) (ScriptedImporter) -> (artifact id: 'd6091b57d690990599b73141be049a42') in 0.0205631 seconds
Number of updated asset objects reloaded before import = 0Number of asset objects unloaded after import = 8

========================================================================
Received Import Request.
  Time since last request: 0.000031 seconds.
  path: Assets/Mesh/_Prefabs/Vehicles/NS_Prop_Tugboat.prefab
  artifactKey: Guid(80dec07d6df25c446a0dc6be30799d22) Importer(2089858483,3d70f49cd1c2eb9ae422958d1c652c6b)
Start importing Assets/Mesh/_Prefabs/Vehicles/NS_Prop_Tugboat.prefab using Guid(80dec07d6df25c446a0dc6be30799d22) Importer(2089858483,3d70f49cd1c2eb9ae422958d1c652c6b) (ScriptedImporter) -> (artifact id: 'e5948f857455bb121383e02a93983f20') in 0.1427048 seconds
Number of updated asset objects reloaded before import = 0Number of asset objects unloaded after import = 13

========================================================================
Received Import Request.
  Time since last request: 0.000029 seconds.
  path: Assets/Mesh/_Models/NS_River_Wall_Pit.fbx
  artifactKey: Guid(8134b5a4f943e2a49bc0641ee37402ad) Importer(2089858483,192608db42251d675da83286b1cce702)
Start importing Assets/Mesh/_Models/NS_River_Wall_Pit.fbx using Guid(8134b5a4f943e2a49bc0641ee37402ad) Importer(2089858483,192608db42251d675da83286b1cce702) (ScriptedImporter) -> (artifact id: 'a541b8617523f6630197d2c5c5febcf1') in 0.0532936 seconds
Number of updated asset objects reloaded before import = 0Number of asset objects unloaded after import = 9

========================================================================
Received Import Request.
  Time since last request: 0.000054 seconds.
  path: Assets/Mesh/_Prefabs/Props/NS_Prop_Drain_Pipe_Exit.prefab
  artifactKey: Guid(ad3571cff0c1e834a8ac7d67f4f5714b) Importer(2089858483,3d70f49cd1c2eb9ae422958d1c652c6b)
Start importing Assets/Mesh/_Prefabs/Props/NS_Prop_Drain_Pipe_Exit.prefab using Guid(ad3571cff0c1e834a8ac7d67f4f5714b) Importer(2089858483,3d70f49cd1c2eb9ae422958d1c652c6b) (ScriptedImporter) -> (artifact id: '268c83899771f87e37473e931d52c2be') in 0.0185634 seconds
Number of updated asset objects reloaded before import = 0Number of asset objects unloaded after import = 8

========================================================================
Received Import Request.
  Time since last request: 0.000022 seconds.
  path: Assets/Mesh/_Prefabs/Environment/NS_Terrain_Ground.prefab
  artifactKey: Guid(55cf6d80bd2840c45a40e9871cbca308) Importer(2089858483,3d70f49cd1c2eb9ae422958d1c652c6b)
Start importing Assets/Mesh/_Prefabs/Environment/NS_Terrain_Ground.prefab using Guid(55cf6d80bd2840c45a40e9871cbca308) Importer(2089858483,3d70f49cd1c2eb9ae422958d1c652c6b) (ScriptedImporter) -> (artifact id: '109c8e7036cf6bc1691d4c95a35e58e6') in 0.0251001 seconds
Number of updated asset objects reloaded before import = 0Number of asset objects unloaded after import = 8

========================================================================
Received Import Request.
  Time since last request: 0.000040 seconds.
  path: Assets/Mesh/_Prefabs/Props/NS_WallMount_Balcony_Stone_Large.prefab
  artifactKey: Guid(65f65d447f702f24ea6ebc68f12d1bde) Importer(2089858483,3d70f49cd1c2eb9ae422958d1c652c6b)
Start importing Assets/Mesh/_Prefabs/Props/NS_WallMount_Balcony_Stone_Large.prefab using Guid(65f65d447f702f24ea6ebc68f12d1bde) Importer(2089858483,3d70f49cd1c2eb9ae422958d1c652c6b) (ScriptedImporter) -> (artifact id: 'b91f219bbe8c255cd15a926c96a891bf') in 0.0191441 seconds
Number of updated asset objects reloaded before import = 0Number of asset objects unloaded after import = 8

========================================================================
Received Import Request.
  Time since last request: 0.000036 seconds.
  path: Assets/Mesh/_Models/NS_Plaster_Building_Corner_FloorA.fbx
  artifactKey: Guid(f75054c42f18cf042b0c9463edc48d58) Importer(2089858483,192608db42251d675da83286b1cce702)
Start importing Assets/Mesh/_Models/NS_Plaster_Building_Corner_FloorA.fbx using Guid(f75054c42f18cf042b0c9463edc48d58) Importer(2089858483,192608db42251d675da83286b1cce702) (ScriptedImporter) -> (artifact id: 'd6e8e580fb96c5006e612f5ada41a8d3') in 0.0319993 seconds
Number of updated asset objects reloaded before import = 0Number of asset objects unloaded after import = 7

========================================================================
Received Import Request.
  Time since last request: 0.000039 seconds.
  path: Assets/Mesh/_Models/NS_Brick_Apartment_Small_EntranceB.fbx
  artifactKey: Guid(803d914a1e933d947bc72836a5e08978) Importer(2089858483,192608db42251d675da83286b1cce702)
Start importing Assets/Mesh/_Models/NS_Brick_Apartment_Small_EntranceB.fbx using Guid(803d914a1e933d947bc72836a5e08978) Importer(2089858483,192608db42251d675da83286b1cce702) (ScriptedImporter) -> (artifact id: '1c9f59d1d5cb417f1cee55da0a41d454') in 0.0299557 seconds
Number of updated asset objects reloaded before import = 0Number of asset objects unloaded after import = 7

========================================================================
Received Import Request.
  Time since last request: 0.000029 seconds.
  path: Assets/Mesh/_Models/NS_Industrial_Warehouse_Small.fbx
  artifactKey: Guid(8381be69731a33747a049fc6c8a15dba) Importer(2089858483,192608db42251d675da83286b1cce702)
Start importing Assets/Mesh/_Models/NS_Industrial_Warehouse_Small.fbx using Guid(8381be69731a33747a049fc6c8a15dba) Importer(2089858483,192608db42251d675da83286b1cce702) (ScriptedImporter) -> (artifact id: 'ba015f4d55fbf17d3c0df0925c901c7f') in 0.0388009 seconds
Number of updated asset objects reloaded before import = 0Number of asset objects unloaded after import = 17

========================================================================
Received Import Request.
  Time since last request: 0.000044 seconds.
  path: Assets/Mesh/_Prefabs/Props/NS_WallMount_Wooden_Pole_Hanger.prefab
  artifactKey: Guid(432ac5dbcd3504144961aefd2eb2de96) Importer(2089858483,192608db42251d675da83286b1cce702)
Start importing Assets/Mesh/_Prefabs/Props/NS_WallMount_Wooden_Pole_Hanger.prefab using Guid(432ac5dbcd3504144961aefd2eb2de96) Importer(2089858483,192608db42251d675da83286b1cce702) (ScriptedImporter) -> (artifact id: '7a7a4e5de5bfdc18abccf99b6f5622dc') in 0.0394475 seconds
Number of updated asset objects reloaded before import = 0Number of asset objects unloaded after import = 8

========================================================================
Received Import Request.
  Time since last request: 0.000027 seconds.
  path: Assets/Mesh/_Prefabs/Props/NS_WoodenFence_Broken.prefab
  artifactKey: Guid(8806a88a3c2af7b4a97e346cd9483911) Importer(2089858483,3d70f49cd1c2eb9ae422958d1c652c6b)
Start importing Assets/Mesh/_Prefabs/Props/NS_WoodenFence_Broken.prefab using Guid(8806a88a3c2af7b4a97e346cd9483911) Importer(2089858483,3d70f49cd1c2eb9ae422958d1c652c6b) (ScriptedImporter) -> (artifact id: '0cf11d1e12026a70580aa57f82a6bb02') in 0.0143967 seconds
Number of updated asset objects reloaded before import = 0Number of asset objects unloaded after import = 8

========================================================================
Received Import Request.
  Time since last request: 0.000027 seconds.
  path: Assets/Mesh/_Prefabs/Props/NS_Prop_Fence_Straight.prefab
  artifactKey: Guid(c8a56693ce8828f449841ee0ba8e1577) Importer(2089858483,192608db42251d675da83286b1cce702)
Start importing Assets/Mesh/_Prefabs/Props/NS_Prop_Fence_Straight.prefab using Guid(c8a56693ce8828f449841ee0ba8e1577) Importer(2089858483,192608db42251d675da83286b1cce702) (ScriptedImporter) -> (artifact id: '51d053eeebf75ee639b2dfc765f93c26') in 0.0393937 seconds
Number of updated asset objects reloaded before import = 0Number of asset objects unloaded after import = 8

========================================================================
Received Import Request.
  Time since last request: 0.000039 seconds.
  path: Assets/Mesh/_Models/NS_Brick_Apartment_Small_Roof.fbx
  artifactKey: Guid(e71471d1702c61a40b2576eeecb552a6) Importer(2089858483,192608db42251d675da83286b1cce702)
Start importing Assets/Mesh/_Models/NS_Brick_Apartment_Small_Roof.fbx using Guid(e71471d1702c61a40b2576eeecb552a6) Importer(2089858483,192608db42251d675da83286b1cce702) (ScriptedImporter) -> (artifact id: 'ed53e7781156c16aeb264c6f021ab4e1') in 0.0284804 seconds
Number of updated asset objects reloaded before import = 0Number of asset objects unloaded after import = 7

========================================================================
Received Import Request.
  Time since last request: 0.000024 seconds.
  path: Assets/Mesh/_Prefabs/Characters/NS_Character_Female_Ponytail.prefab
  artifactKey: Guid(6ef88fb3f7305fa47bed4d6613692689) Importer(2089858483,3d70f49cd1c2eb9ae422958d1c652c6b)
Start importing Assets/Mesh/_Prefabs/Characters/NS_Character_Female_Ponytail.prefab using Guid(6ef88fb3f7305fa47bed4d6613692689) Importer(2089858483,3d70f49cd1c2eb9ae422958d1c652c6b) (ScriptedImporter) -> (artifact id: 'f0093eb2efd90fead2c1a0d1f65fc866') in 0.0467394 seconds
Number of updated asset objects reloaded before import = 0Number of asset objects unloaded after import = 156

========================================================================
Received Import Request.
  Time since last request: 0.000042 seconds.
  path: Assets/Mesh/_Prefabs/Buildings/NS_Brick_Apartment_EntranceB.prefab
  artifactKey: Guid(0ea0e3ac609454b47a9e5c465175f270) Importer(2089858483,3d70f49cd1c2eb9ae422958d1c652c6b)
Start importing Assets/Mesh/_Prefabs/Buildings/NS_Brick_Apartment_EntranceB.prefab using Guid(0ea0e3ac609454b47a9e5c465175f270) Importer(2089858483,3d70f49cd1c2eb9ae422958d1c652c6b) (ScriptedImporter) -> (artifact id: 'ca934265106ae1f646bda77f85288b62') in 0.0164177 seconds
Number of updated asset objects reloaded before import = 0Number of asset objects unloaded after import = 8

========================================================================
Received Import Request.
  Time since last request: 0.000037 seconds.
  path: Assets/Mesh/_Textures/Old_City_Colors_02.png
  artifactKey: Guid(de9efc7fccecd264c9819c5e71475068) Importer(2089858483,192608db42251d675da83286b1cce702)
Start importing Assets/Mesh/_Textures/Old_City_Colors_02.png using Guid(de9efc7fccecd264c9819c5e71475068) Importer(2089858483,192608db42251d675da83286b1cce702) (ScriptedImporter) -> (artifact id: 'b4b49e748fc55efa0c439e518ca39768') in 0.0739967 seconds
Number of updated asset objects reloaded before import = 0Number of asset objects unloaded after import = 1

========================================================================
Received Import Request.
  Time since last request: 0.000037 seconds.
  path: Assets/Mesh/_Models/NS_WaterTower.fbx
  artifactKey: Guid(6dae30d6636d22e45b0d5c210bb0dc24) Importer(2089858483,192608db42251d675da83286b1cce702)
Start importing Assets/Mesh/_Models/NS_WaterTower.fbx using Guid(6dae30d6636d22e45b0d5c210bb0dc24) Importer(2089858483,192608db42251d675da83286b1cce702) (ScriptedImporter) -> (artifact id: '2841d79728274c4b5b09f56f5781577e') in 0.0288888 seconds
Number of updated asset objects reloaded before import = 0Number of asset objects unloaded after import = 7

========================================================================
Received Import Request.
  Time since last request: 0.000025 seconds.
  path: Assets/Mesh/_Models/NS_Plaster_Building_FloorB.fbx
  artifactKey: Guid(c4c50dadcaf16a44981e44efd0ef38a9) Importer(2089858483,192608db42251d675da83286b1cce702)
Start importing Assets/Mesh/_Models/NS_Plaster_Building_FloorB.fbx using Guid(c4c50dadcaf16a44981e44efd0ef38a9) Importer(2089858483,192608db42251d675da83286b1cce702) (ScriptedImporter) -> (artifact id: '1b9bd5c81afd2a462d5d664163dba12b') in 0.0319599 seconds
Number of updated asset objects reloaded before import = 0Number of asset objects unloaded after import = 7

========================================================================
Received Import Request.
  Time since last request: 0.000019 seconds.
  path: Assets/Mesh/_Prefabs/Props/NS_Wooden_Pole.prefab
  artifactKey: Guid(f453b69fceec84c478522799dcc8bd2b) Importer(2089858483,192608db42251d675da83286b1cce702)
Start importing Assets/Mesh/_Prefabs/Props/NS_Wooden_Pole.prefab using Guid(f453b69fceec84c478522799dcc8bd2b) Importer(2089858483,192608db42251d675da83286b1cce702) (ScriptedImporter) -> (artifact id: 'ce9f9ceaaa4ed7d775f569cff6320c87') in 0.1314684 seconds
Number of updated asset objects reloaded before import = 0Number of asset objects unloaded after import = 8

========================================================================
Received Import Request.
  Time since last request: 0.000030 seconds.
  path: Assets/Mesh/_Prefabs/Props/NS_Prop_Drain_Pipe_Long.prefab
  artifactKey: Guid(9994f2d98278a7545acc0a3ae830e67c) Importer(2089858483,192608db42251d675da83286b1cce702)
Start importing Assets/Mesh/_Prefabs/Props/NS_Prop_Drain_Pipe_Long.prefab using Guid(9994f2d98278a7545acc0a3ae830e67c) Importer(2089858483,192608db42251d675da83286b1cce702) (ScriptedImporter) -> (artifact id: '87eb04c38310f33ba60c1576288f9c28') in 0.0541455 seconds
Number of updated asset objects reloaded before import = 0Number of asset objects unloaded after import = 8

========================================================================
Received Import Request.
  Time since last request: 0.000045 seconds.
  path: Assets/Mesh/_Models/NS_Brick_Apartment_Corner_FloorB.fbx
  artifactKey: Guid(3bc09d1f3417ce148a485f53d19edf1b) Importer(2089858483,192608db42251d675da83286b1cce702)
Start importing Assets/Mesh/_Models/NS_Brick_Apartment_Corner_FloorB.fbx using Guid(3bc09d1f3417ce148a485f53d19edf1b) Importer(2089858483,192608db42251d675da83286b1cce702) (ScriptedImporter) -> (artifact id: '36ba1caf04b284f3454be0e68e21501f') in 0.0326093 seconds
Number of updated asset objects reloaded before import = 0Number of asset objects unloaded after import = 7

========================================================================
Received Import Request.
  Time since last request: 0.000156 seconds.
  path: Assets/Mesh/_Prefabs/Industrial
  artifactKey: Guid(45c66360688a97c4da82878ce2716417) Importer(2089858483,192608db42251d675da83286b1cce702)
Start importing Assets/Mesh/_Prefabs/Industrial using Guid(45c66360688a97c4da82878ce2716417) Importer(2089858483,192608db42251d675da83286b1cce702) (ScriptedImporter) -> (artifact id: '0773a8d3a6b190be4bda2f1e1af2cadd') in 0.0147815 seconds
Number of updated asset objects reloaded before import = 0Number of asset objects unloaded after import = 1

========================================================================
Received Import Request.
  Time since last request: 0.000016 seconds.
  path: Assets/Mesh/_Prefabs/Buildings/NS_Plaster_Building_Divider_Bottom.prefab
  artifactKey: Guid(faaa2b0b51ec2354484c943ac43c5132) Importer(2089858483,192608db42251d675da83286b1cce702)
Start importing Assets/Mesh/_Prefabs/Buildings/NS_Plaster_Building_Divider_Bottom.prefab using Guid(faaa2b0b51ec2354484c943ac43c5132) Importer(2089858483,192608db42251d675da83286b1cce702) (ScriptedImporter) -> (artifact id: '3094da99533e4e13a404de06d1a1c6dd') in 0.0908663 seconds
Number of updated asset objects reloaded before import = 0Number of asset objects unloaded after import = 8

========================================================================
Received Import Request.
  Time since last request: 0.000029 seconds.
  path: Assets/Mesh/_Prefabs/Buildings/NS_Plaster_Building_FloorA.prefab
  artifactKey: Guid(1827d1eef45701b41881770f5125f64e) Importer(2089858483,192608db42251d675da83286b1cce702)
Start importing Assets/Mesh/_Prefabs/Buildings/NS_Plaster_Building_FloorA.prefab using Guid(1827d1eef45701b41881770f5125f64e) Importer(2089858483,192608db42251d675da83286b1cce702) (ScriptedImporter) -> (artifact id: '238662c010196308ef43d98d978063db') in 0.0348263 seconds
Number of updated asset objects reloaded before import = 0Number of asset objects unloaded after import = 8

========================================================================
Received Import Request.
  Time since last request: 0.000034 seconds.
  path: Assets/Mesh/_Prefabs/Props/NS_Prop_Wall_Plug.prefab
  artifactKey: Guid(ebbc9880beb915443abd028590190b25) Importer(2089858483,192608db42251d675da83286b1cce702)
Start importing Assets/Mesh/_Prefabs/Props/NS_Prop_Wall_Plug.prefab using Guid(ebbc9880beb915443abd028590190b25) Importer(2089858483,192608db42251d675da83286b1cce702) (ScriptedImporter) -> (artifact id: 'a04bfe3d1571024ed37961817bf9f416') in 0.0472486 seconds
Number of updated asset objects reloaded before import = 0Number of asset objects unloaded after import = 8

========================================================================
Received Import Request.
  Time since last request: 0.000022 seconds.
  path: Assets/Mesh/_Models/NS_Brick_Apartment_Pub.fbx
  artifactKey: Guid(71013ec8ee8c9224d8f93358fed72b49) Importer(2089858483,192608db42251d675da83286b1cce702)
Start importing Assets/Mesh/_Models/NS_Brick_Apartment_Pub.fbx using Guid(71013ec8ee8c9224d8f93358fed72b49) Importer(2089858483,192608db42251d675da83286b1cce702) (ScriptedImporter) -> (artifact id: '12e6c52b99bb13e83f4eacbd343dfafb') in 0.0310522 seconds
Number of updated asset objects reloaded before import = 0Number of asset objects unloaded after import = 7

========================================================================
Received Import Request.
  Time since last request: 0.000026 seconds.
  path: Assets/Mesh/_Models/NS_Sign_FranksInn.fbx
  artifactKey: Guid(261fd7d6801165344807732ce2c8033f) Importer(2089858483,192608db42251d675da83286b1cce702)
Start importing Assets/Mesh/_Models/NS_Sign_FranksInn.fbx using Guid(261fd7d6801165344807732ce2c8033f) Importer(2089858483,192608db42251d675da83286b1cce702) (ScriptedImporter) -> (artifact id: '7f105cad29fd1eb45bcc7d1c6acda567') in 0.0348272 seconds
Number of updated asset objects reloaded before import = 0Number of asset objects unloaded after import = 7

========================================================================
Received Import Request.
  Time since last request: 0.000039 seconds.
  path: Assets/Mesh/_Prefabs/Props/NS_Prop_Wall_Plug.prefab
  artifactKey: Guid(ebbc9880beb915443abd028590190b25) Importer(2089858483,3d70f49cd1c2eb9ae422958d1c652c6b)
Start importing Assets/Mesh/_Prefabs/Props/NS_Prop_Wall_Plug.prefab using Guid(ebbc9880beb915443abd028590190b25) Importer(2089858483,3d70f49cd1c2eb9ae422958d1c652c6b) (ScriptedImporter) -> (artifact id: '80da6924fcf9af70d63e3de3da2df811') in 0.0197085 seconds
Number of updated asset objects reloaded before import = 0Number of asset objects unloaded after import = 8

========================================================================
Received Import Request.
  Time since last request: 0.000018 seconds.
  path: Assets/Mesh/_Models/NS_Prop_Laundry_Pole_Pants.fbx
  artifactKey: Guid(fdc4f72e5236cf04181317d2e6851e72) Importer(2089858483,192608db42251d675da83286b1cce702)
Start importing Assets/Mesh/_Models/NS_Prop_Laundry_Pole_Pants.fbx using Guid(fdc4f72e5236cf04181317d2e6851e72) Importer(2089858483,192608db42251d675da83286b1cce702) (ScriptedImporter) -> (artifact id: 'd177dd10cae35e591c9953327e094aab') in 0.0297754 seconds
Number of updated asset objects reloaded before import = 0Number of asset objects unloaded after import = 7

========================================================================
Received Import Request.
  Time since last request: 0.000025 seconds.
  path: Assets/Mesh/_Materials/M_City_Panorama_Bright.mat
  artifactKey: Guid(35a43d339bde4d045b1717b819d81aaf) Importer(2089858483,192608db42251d675da83286b1cce702)
Start importing Assets/Mesh/_Materials/M_City_Panorama_Bright.mat using Guid(35a43d339bde4d045b1717b819d81aaf) Importer(2089858483,192608db42251d675da83286b1cce702) (ScriptedImporter) -> (artifact id: '6f889476c47e93548dd4f2db2e388738') in 0.0658159 seconds
Number of updated asset objects reloaded before import = 0Number of asset objects unloaded after import = 3

========================================================================
Received Import Request.
  Time since last request: 0.000031 seconds.
  path: Assets/Mesh/_Models/NS_Prop_Brick_RubbleC.fbx
  artifactKey: Guid(9a4cd18238e8f724f9b8c4598bf9da01) Importer(2089858483,192608db42251d675da83286b1cce702)
Start importing Assets/Mesh/_Models/NS_Prop_Brick_RubbleC.fbx using Guid(9a4cd18238e8f724f9b8c4598bf9da01) Importer(2089858483,192608db42251d675da83286b1cce702) (ScriptedImporter) -> (artifact id: '27000615de4c9dc630cdbfb5e45cdf82') in 0.0753663 seconds
Number of updated asset objects reloaded before import = 0Number of asset objects unloaded after import = 7

========================================================================
Received Import Request.
  Time since last request: 0.000046 seconds.
  path: Assets/Mesh/_Materials/M_Old_City_VER_02.mat
  artifactKey: Guid(1238102201b72e84c9c6e395ca14b4d1) Importer(2089858483,192608db42251d675da83286b1cce702)
Start importing Assets/Mesh/_Materials/M_Old_City_VER_02.mat using Guid(1238102201b72e84c9c6e395ca14b4d1) Importer(2089858483,192608db42251d675da83286b1cce702) (ScriptedImporter) -> (artifact id: 'be641b5c7f10fe9d09393cff21bea6e6') in 0.044161 seconds
Number of updated asset objects reloaded before import = 0Number of asset objects unloaded after import = 2

========================================================================
Received Import Request.
  Time since last request: 0.000025 seconds.
  path: Assets/Mesh/_Prefabs/Buildings/NS_Brick_Apartment_FloorB.prefab
  artifactKey: Guid(51c33b3e3fb39ce49ad9ec98139d54ca) Importer(2089858483,192608db42251d675da83286b1cce702)
Start importing Assets/Mesh/_Prefabs/Buildings/NS_Brick_Apartment_FloorB.prefab using Guid(51c33b3e3fb39ce49ad9ec98139d54ca) Importer(2089858483,192608db42251d675da83286b1cce702) (ScriptedImporter) -> (artifact id: '181c7864884f6bb3f9d9a0601f0a05e4') in 0.0396991 seconds
Number of updated asset objects reloaded before import = 0Number of asset objects unloaded after import = 8

========================================================================
Received Import Request.
  Time since last request: 0.000034 seconds.
  path: Assets/Mesh/_Models/NS_Industrial_FactoryA.fbx
  artifactKey: Guid(719e39c65c4796b47bc25545b2ec0c0f) Importer(2089858483,192608db42251d675da83286b1cce702)
Start importing Assets/Mesh/_Models/NS_Industrial_FactoryA.fbx using Guid(719e39c65c4796b47bc25545b2ec0c0f) Importer(2089858483,192608db42251d675da83286b1cce702) (ScriptedImporter) -> (artifact id: 'e4cafb8849749748cf4dd6354157c77d') in 0.0354298 seconds
Number of updated asset objects reloaded before import = 0Number of asset objects unloaded after import = 27

========================================================================
Received Import Request.
  Time since last request: 0.000032 seconds.
  path: Assets/Mesh/_Models/NS_Brick_Apartment_Corner_Entrance.fbx
  artifactKey: Guid(54c88760cdb2bf04f91c08b21387a946) Importer(2089858483,192608db42251d675da83286b1cce702)
Start importing Assets/Mesh/_Models/NS_Brick_Apartment_Corner_Entrance.fbx using Guid(54c88760cdb2bf04f91c08b21387a946) Importer(2089858483,192608db42251d675da83286b1cce702) (ScriptedImporter) -> (artifact id: 'e1d48e372281fdd548fdfc846c88ecac') in 0.0326633 seconds
Number of updated asset objects reloaded before import = 0Number of asset objects unloaded after import = 7

========================================================================
Received Import Request.
  Time since last request: 0.000092 seconds.
  path: Assets/Mesh/_Prefabs/Props/NS_Prop_CypressTree.prefab
  artifactKey: Guid(f9f429c07d2f743439c455038a46e18a) Importer(2089858483,3d70f49cd1c2eb9ae422958d1c652c6b)
Start importing Assets/Mesh/_Prefabs/Props/NS_Prop_CypressTree.prefab using Guid(f9f429c07d2f743439c455038a46e18a) Importer(2089858483,3d70f49cd1c2eb9ae422958d1c652c6b) (ScriptedImporter) -> (artifact id: 'e10e3437a0c9aaf83d354fc6cfa38b5c') in 0.0160054 seconds
Number of updated asset objects reloaded before import = 0Number of asset objects unloaded after import = 8

========================================================================
Received Import Request.
  Time since last request: 0.000022 seconds.
  path: Assets/Mesh/_Prefabs/Environment/NS_Terrain_Grass_Pit.prefab
  artifactKey: Guid(c8d5411f9482e174dacb349c4d4d8a48) Importer(2089858483,192608db42251d675da83286b1cce702)
Start importing Assets/Mesh/_Prefabs/Environment/NS_Terrain_Grass_Pit.prefab using Guid(c8d5411f9482e174dacb349c4d4d8a48) Importer(2089858483,192608db42251d675da83286b1cce702) (ScriptedImporter) -> (artifact id: 'e881d345d9ca7b47481a0e927dc4323b') in 0.0437485 seconds
Number of updated asset objects reloaded before import = 0Number of asset objects unloaded after import = 8

========================================================================
Received Import Request.
  Time since last request: 0.000028 seconds.
  path: Assets/Mesh/_Prefabs/Props/NS_Prop_FloppySign.prefab
  artifactKey: Guid(7adc1d2a397cf0e49963e978237b93c7) Importer(2089858483,192608db42251d675da83286b1cce702)
Start importing Assets/Mesh/_Prefabs/Props/NS_Prop_FloppySign.prefab using Guid(7adc1d2a397cf0e49963e978237b93c7) Importer(2089858483,192608db42251d675da83286b1cce702) (ScriptedImporter) -> (artifact id: 'aea3d923be639af9f3f787419ce5a8e6') in 0.0600803 seconds
Number of updated asset objects reloaded before import = 0Number of asset objects unloaded after import = 8

========================================================================
Received Import Request.
  Time since last request: 0.000035 seconds.
  path: Assets/Mesh/_Models
  artifactKey: Guid(c4a0fddca3de6d945ab4deb3004fa9c9) Importer(2089858483,192608db42251d675da83286b1cce702)
Start importing Assets/Mesh/_Models using Guid(c4a0fddca3de6d945ab4deb3004fa9c9) Importer(2089858483,192608db42251d675da83286b1cce702) (ScriptedImporter) -> (artifact id: 'bbf3d1456cdd4fc6a3d0f8088dd8267f') in 0.1024698 seconds
Number of updated asset objects reloaded before import = 0Number of asset objects unloaded after import = 1

========================================================================
Received Import Request.
  Time since last request: 0.000024 seconds.
  path: Assets/Mesh/_Prefabs/Props/NS_Scaffolding_End.prefab
  artifactKey: Guid(84b843da20dbd444fbf68f52697e9ab9) Importer(2089858483,192608db42251d675da83286b1cce702)
Start importing Assets/Mesh/_Prefabs/Props/NS_Scaffolding_End.prefab using Guid(84b843da20dbd444fbf68f52697e9ab9) Importer(2089858483,192608db42251d675da83286b1cce702) (ScriptedImporter) -> (artifact id: 'ddf3bb7cc439132bba8554058abb12c9') in 0.0354209 seconds
Number of updated asset objects reloaded before import = 0Number of asset objects unloaded after import = 8

========================================================================
Received Import Request.
  Time since last request: 0.000028 seconds.
  path: Assets/Mesh/_Models/Materials/lambert1.mat
  artifactKey: Guid(5e0748ce51d5900469a3e84b9b8f6db3) Importer(2089858483,192608db42251d675da83286b1cce702)
Start importing Assets/Mesh/_Models/Materials/lambert1.mat using Guid(5e0748ce51d5900469a3e84b9b8f6db3) Importer(2089858483,192608db42251d675da83286b1cce702) (ScriptedImporter) -> (artifact id: '06d90de46ac2d72cee4ccca9832530c5') in 0.024945 seconds
Number of updated asset objects reloaded before import = 0Number of asset objects unloaded after import = 1

========================================================================
Received Import Request.
  Time since last request: 0.000035 seconds.
  path: Assets/Mesh/_Models/NS_Plaster_Building_Entrance.fbx
  artifactKey: Guid(c0643cf4a563f5142b0f59b3be0f2bcf) Importer(2089858483,192608db42251d675da83286b1cce702)
Start importing Assets/Mesh/_Models/NS_Plaster_Building_Entrance.fbx using Guid(c0643cf4a563f5142b0f59b3be0f2bcf) Importer(2089858483,192608db42251d675da83286b1cce702) (ScriptedImporter) -> (artifact id: 'c594b1a1ab6aee4257060883e1d2c1e5') in 0.0237074 seconds
Number of updated asset objects reloaded before import = 0Number of asset objects unloaded after import = 7

========================================================================
Received Import Request.
  Time since last request: 0.000016 seconds.
  path: Assets/Mesh/_Models/NS_Industrial_Chimney.fbx
  artifactKey: Guid(3ff5bd3a19838d442bb9257cf5204c5b) Importer(2089858483,192608db42251d675da83286b1cce702)
Start importing Assets/Mesh/_Models/NS_Industrial_Chimney.fbx using Guid(3ff5bd3a19838d442bb9257cf5204c5b) Importer(2089858483,192608db42251d675da83286b1cce702) (ScriptedImporter) -> (artifact id: 'b4899668d99b0332fc6fdaa65d1db128') in 0.0308262 seconds
Number of updated asset objects reloaded before import = 0Number of asset objects unloaded after import = 9

========================================================================
Received Import Request.
  Time since last request: 0.000018 seconds.
  path: Assets/Mesh/_Models/NS_WallMount_Canopy_Small.fbx
  artifactKey: Guid(462c6448ea30c094ab70df1a5f0533c8) Importer(2089858483,192608db42251d675da83286b1cce702)
Start importing Assets/Mesh/_Models/NS_WallMount_Canopy_Small.fbx using Guid(462c6448ea30c094ab70df1a5f0533c8) Importer(2089858483,192608db42251d675da83286b1cce702) (ScriptedImporter) -> (artifact id: '2183266254b3db0fe7d94c83ce4de1be') in 0.0308815 seconds
Number of updated asset objects reloaded before import = 0Number of asset objects unloaded after import = 7

========================================================================
Received Import Request.
  Time since last request: 0.000020 seconds.
  path: Assets/Mesh/_Prefabs/Environment/NS_Terrain_Sidewalk_Middle.prefab
  artifactKey: Guid(d743297af27c9884fbf0f30591485d56) Importer(2089858483,3d70f49cd1c2eb9ae422958d1c652c6b)
Start importing Assets/Mesh/_Prefabs/Environment/NS_Terrain_Sidewalk_Middle.prefab using Guid(d743297af27c9884fbf0f30591485d56) Importer(2089858483,3d70f49cd1c2eb9ae422958d1c652c6b) (ScriptedImporter) -> (artifact id: '661d2b323cfd06bcc782f011e7ee9377') in 0.0176775 seconds
Number of updated asset objects reloaded before import = 0Number of asset objects unloaded after import = 8

========================================================================
Received Import Request.
  Time since last request: 0.000037 seconds.
  path: Assets/Mesh/_Prefabs/Props/NS_WallMount_Balcony_Stone_Large.prefab
  artifactKey: Guid(65f65d447f702f24ea6ebc68f12d1bde) Importer(2089858483,192608db42251d675da83286b1cce702)
Start importing Assets/Mesh/_Prefabs/Props/NS_WallMount_Balcony_Stone_Large.prefab using Guid(65f65d447f702f24ea6ebc68f12d1bde) Importer(2089858483,192608db42251d675da83286b1cce702) (ScriptedImporter) -> (artifact id: '6c7fc9387dde0255f6ed9c0449916bf9') in 0.0467858 seconds
Number of updated asset objects reloaded before import = 0Number of asset objects unloaded after import = 8

========================================================================
Received Import Request.
  Time since last request: 0.000022 seconds.
  path: Assets/Mesh/_Prefabs/Vehicles/NS_Prop_Carriage_Roofed.prefab
  artifactKey: Guid(8320a0af698cdba4f922996c17e3657c) Importer(2089858483,192608db42251d675da83286b1cce702)
Start importing Assets/Mesh/_Prefabs/Vehicles/NS_Prop_Carriage_Roofed.prefab using Guid(8320a0af698cdba4f922996c17e3657c) Importer(2089858483,192608db42251d675da83286b1cce702) (ScriptedImporter) -> (artifact id: 'ee62f70de8728ea7eb3d6f044a5145f8') in 0.0478625 seconds
Number of updated asset objects reloaded before import = 0Number of asset objects unloaded after import = 29

========================================================================
Received Import Request.
  Time since last request: 0.000033 seconds.
  path: Assets/Mesh/_Prefabs/Environment/NS_Terrain_Walkway_Edge.prefab
  artifactKey: Guid(6bdb876af71bd964c9e740d47300c4c6) Importer(2089858483,3d70f49cd1c2eb9ae422958d1c652c6b)
Start importing Assets/Mesh/_Prefabs/Environment/NS_Terrain_Walkway_Edge.prefab using Guid(6bdb876af71bd964c9e740d47300c4c6) Importer(2089858483,3d70f49cd1c2eb9ae422958d1c652c6b) (ScriptedImporter) -> (artifact id: '8e353b1e4827323ed965e11032e10658') in 0.0188064 seconds
Number of updated asset objects reloaded before import = 0Number of asset objects unloaded after import = 8

========================================================================
Received Import Request.
  Time since last request: 0.000036 seconds.
  path: Assets/Mesh/_Textures/Cobblestone_Walkway.png
  artifactKey: Guid(ffe91e7642b6f424f87f6a9be2f7b5ad) Importer(2089858483,192608db42251d675da83286b1cce702)
Start importing Assets/Mesh/_Textures/Cobblestone_Walkway.png using Guid(ffe91e7642b6f424f87f6a9be2f7b5ad) Importer(2089858483,192608db42251d675da83286b1cce702) (ScriptedImporter) -> (artifact id: 'a78b657bcd39cbc9fd5a3ad505618916') in 0.0264697 seconds
Number of updated asset objects reloaded before import = 0Number of asset objects unloaded after import = 1

========================================================================
Received Import Request.
  Time since last request: 0.000029 seconds.
  path: Assets/Mesh/_Textures/Particle_Square.png
  artifactKey: Guid(e3079b8f4ef7a324c9be31c041a32fcf) Importer(2089858483,192608db42251d675da83286b1cce702)
Start importing Assets/Mesh/_Textures/Particle_Square.png using Guid(e3079b8f4ef7a324c9be31c041a32fcf) Importer(2089858483,192608db42251d675da83286b1cce702) (ScriptedImporter) -> (artifact id: '4495c23535284df80fb2667361d76888') in 0.0291525 seconds
Number of updated asset objects reloaded before import = 0Number of asset objects unloaded after import = 1

Editor requested this worker to shutdown with reason: balancing worker count downwards
AssetImportWorker is now disconnected from the server
Process exiting
Exiting without the bug reporter. Application will terminate with return code 0