Using pre-set license
Built from '6000.0/staging' branch; Version is '6000.0.37f1 (090b7797214c) revision 592759'; Using compiler version '193933523'; Build Type 'Release'
OS: 'Windows 10  (10.0.19045) 64bit Core' Language: 'ko' Physical Memory: 16316 MB
BatchMode: 1, IsHumanControllingUs: 0, StartBugReporterOnCrash: 0, Is64bit: 1, IsPro: 1

COMMAND LINE ARGUMENTS:
E:\UnityEditor\6000.0.37f1\Editor\Unity.exe
-adb2
-batchMode
-noUpm
-name
AssetImportWorker4
-projectPath
E:/UnityProjects/Project_JazzDevil
-logFile
Logs/AssetImportWorker4.log
-srvPort
1122
-job-worker-count
5
-background-job-worker-count
8
-gc-helper-count
1
Successfully changed project path to: E:/UnityProjects/Project_JazzDevil
E:/UnityProjects/Project_JazzDevil
[UnityMemory] Configuration Parameters - Can be set up in boot.config
    "memorysetup-bucket-allocator-granularity=16"
    "memorysetup-bucket-allocator-bucket-count=8"
    "memorysetup-bucket-allocator-block-size=33554432"
    "memorysetup-bucket-allocator-block-count=8"
    "memorysetup-main-allocator-block-size=16777216"
    "memorysetup-thread-allocator-block-size=16777216"
    "memorysetup-gfx-main-allocator-block-size=16777216"
    "memorysetup-gfx-thread-allocator-block-size=16777216"
    "memorysetup-cache-allocator-block-size=4194304"
    "memorysetup-typetree-allocator-block-size=2097152"
    "memorysetup-profiler-bucket-allocator-granularity=16"
    "memorysetup-profiler-bucket-allocator-bucket-count=8"
    "memorysetup-profiler-bucket-allocator-block-size=33554432"
    "memorysetup-profiler-bucket-allocator-block-count=8"
    "memorysetup-profiler-allocator-block-size=16777216"
    "memorysetup-profiler-editor-allocator-block-size=1048576"
    "memorysetup-temp-allocator-size-main=16777216"
    "memorysetup-job-temp-allocator-block-size=2097152"
    "memorysetup-job-temp-allocator-block-size-background=1048576"
    "memorysetup-job-temp-allocator-reduction-small-platforms=262144"
    "memorysetup-allocator-temp-initial-block-size-main=262144"
    "memorysetup-allocator-temp-initial-block-size-worker=262144"
    "memorysetup-temp-allocator-size-background-worker=32768"
    "memorysetup-temp-allocator-size-job-worker=262144"
    "memorysetup-temp-allocator-size-preload-manager=33554432"
    "memorysetup-temp-allocator-size-nav-mesh-worker=65536"
    "memorysetup-temp-allocator-size-audio-worker=65536"
    "memorysetup-temp-allocator-size-cloud-worker=32768"
    "memorysetup-temp-allocator-size-gi-baking-worker=262144"
    "memorysetup-temp-allocator-size-gi-baking-worker=262144"
    "memorysetup-temp-allocator-size-gi-baking-worker=262144"
    "memorysetup-temp-allocator-size-gi-baking-worker=262144"
    "memorysetup-temp-allocator-size-gi-baking-worker=262144"
    "memorysetup-temp-allocator-size-gfx=262144"
Player connection [3044]  Target information:

Player connection [3044]  * "[IP] 121.136.98.16 [Port] 0 [Flags] 2 [Guid] 4001386149 [EditorId] 4001386149 [Version] 1048832 [Id] WindowsEditor(7,DESKTOP-T3IK9JD) [Debug] 1 [PackageName] WindowsEditor [ProjectName] Editor" 

Player connection [3044] Host joined multi-casting on [225.0.0.222:54997]...
Player connection [3044] Host joined alternative multi-casting on [225.0.0.222:34997]...
JobSystem: Creating JobQueue using job-worker-count value 5
Input System module state changed to: Initialized.
[Physics::Module] Initialized fallback backend.
[Physics::Module] Id: 0xdecafbad
Library Redirect Path: Library/
[Physics::Module] Selected backend.
[Physics::Module] Name: PhysX
[Physics::Module] Id: 0xf2b8ea05
[Physics::Module] SDK Version: 4.1.2
[Physics::Module] Integration Version: 1.0.0
[Physics::Module] Threading Mode: Multi-Threaded
Refreshing native plugins compatible for Editor in 64.87 ms, found 4 plugins.
Preloading 0 native plugins for Editor in 0.00 ms.
Initialize engine version: 6000.0.37f1 (090b7797214c)
[Subsystems] Discovering subsystems at path E:/UnityEditor/6000.0.37f1/Editor/Data/Resources/UnitySubsystems
[Subsystems] Discovering subsystems at path E:/UnityProjects/Project_JazzDevil/Assets
GfxDevice: creating device client; kGfxThreadingModeNonThreaded
Direct3D:
    Version:  Direct3D 11.0 [level 11.1]
    Renderer: NVIDIA GeForce RTX 2060 (ID=0x1e89)
    Vendor:   NVIDIA
    VRAM:     5945 MB
    Driver:   32.0.15.6094
Initialize mono
Mono path[0] = 'E:/UnityEditor/6000.0.37f1/Editor/Data/Managed'
Mono path[1] = 'E:/UnityEditor/6000.0.37f1/Editor/Data/MonoBleedingEdge/lib/mono/unityjit-win32'
Mono config path = 'E:/UnityEditor/6000.0.37f1/Editor/Data/MonoBleedingEdge/etc'
Using monoOptions --debugger-agent=transport=dt_socket,embedding=1,server=y,suspend=n,address=127.0.0.1:56756
Begin MonoManager ReloadAssembly
Registering precompiled unity dll's ...
Register platform support module: E:/UnityEditor/6000.0.37f1/Editor/Data/PlaybackEngines/WindowsStandaloneSupport/UnityEditor.WindowsStandalone.Extensions.dll
Registered in 0.003795 seconds.
- Loaded All Assemblies, in  0.603 seconds
Native extension for WindowsStandalone target not found
Mono: successfully reloaded assembly
- Finished resetting the current domain, in  0.448 seconds
Domain Reload Profiling: 1051ms
	BeginReloadAssembly (212ms)
		ExecutionOrderSort (0ms)
		DisableScriptedObjects (0ms)
		BackupInstance (0ms)
		ReleaseScriptingObjects (0ms)
		CreateAndSetChildDomain (1ms)
	RebuildCommonClasses (47ms)
	RebuildNativeTypeToScriptingClass (14ms)
	initialDomainReloadingComplete (59ms)
	LoadAllAssembliesAndSetupDomain (271ms)
		LoadAssemblies (212ms)
		RebuildTransferFunctionScriptingTraits (0ms)
		AnalyzeDomain (266ms)
			TypeCache.Refresh (264ms)
				TypeCache.ScanAssembly (248ms)
			BuildScriptInfoCaches (0ms)
			ResolveRequiredComponents (0ms)
	FinalizeReload (448ms)
		ReleaseScriptCaches (0ms)
		RebuildScriptCaches (0ms)
		SetupLoadedEditorAssemblies (398ms)
			LogAssemblyErrors (0ms)
			InitializePlatformSupportModulesInManaged (27ms)
			SetLoadedEditorAssemblies (5ms)
			BeforeProcessingInitializeOnLoad (56ms)
			ProcessInitializeOnLoadAttributes (149ms)
			ProcessInitializeOnLoadMethodAttributes (161ms)
			AfterProcessingInitializeOnLoad (0ms)
			EditorAssembliesLoaded (0ms)
		ExecutionOrderSort2 (0ms)
		AwakeInstancesAfterBackupRestoration (0ms)
========================================================================
Worker process is ready to serve import requests
Import Worker Mode flag is 0x00
Begin MonoManager ReloadAssembly
- Loaded All Assemblies, in  0.998 seconds
Refreshing native plugins compatible for Editor in 2.51 ms, found 4 plugins.
Native extension for WindowsStandalone target not found
Mono: successfully reloaded assembly
- Finished resetting the current domain, in  1.574 seconds
Domain Reload Profiling: 2571ms
	BeginReloadAssembly (245ms)
		ExecutionOrderSort (0ms)
		DisableScriptedObjects (6ms)
		BackupInstance (0ms)
		ReleaseScriptingObjects (0ms)
		CreateAndSetChildDomain (39ms)
	RebuildCommonClasses (45ms)
	RebuildNativeTypeToScriptingClass (14ms)
	initialDomainReloadingComplete (43ms)
	LoadAllAssembliesAndSetupDomain (648ms)
		LoadAssemblies (492ms)
		RebuildTransferFunctionScriptingTraits (0ms)
		AnalyzeDomain (323ms)
			TypeCache.Refresh (244ms)
				TypeCache.ScanAssembly (224ms)
			BuildScriptInfoCaches (64ms)
			ResolveRequiredComponents (11ms)
	FinalizeReload (1575ms)
		ReleaseScriptCaches (0ms)
		RebuildScriptCaches (0ms)
		SetupLoadedEditorAssemblies (844ms)
			LogAssemblyErrors (0ms)
			InitializePlatformSupportModulesInManaged (2ms)
			SetLoadedEditorAssemblies (5ms)
			BeforeProcessingInitializeOnLoad (107ms)
			ProcessInitializeOnLoadAttributes (598ms)
			ProcessInitializeOnLoadMethodAttributes (129ms)
			AfterProcessingInitializeOnLoad (2ms)
			EditorAssembliesLoaded (0ms)
		ExecutionOrderSort2 (0ms)
		AwakeInstancesAfterBackupRestoration (13ms)
Launched and connected shader compiler UnityShaderCompiler.exe after 0.05 seconds
Refreshing native plugins compatible for Editor in 2.36 ms, found 4 plugins.
Preloading 0 native plugins for Editor in 0.00 ms.
Unloading 207 Unused Serialized files (Serialized files now loaded: 0)
Unloading 6310 unused Assets / (7.5 MB). Loaded Objects now: 6973.
Memory consumption went from 167.4 MB to 159.9 MB.
Total: 11.943600 ms (FindLiveObjects: 0.963300 ms CreateObjectMapping: 0.375500 ms MarkObjects: 5.809100 ms  DeleteObjects: 4.794000 ms)

========================================================================
Received Import Request.
  Time since last request: 283095.313931 seconds.
  path: Assets/Mesh/_Models/NS_Unique_CityHall.fbx
  artifactKey: Guid(26a1365ff6c22974d934c422dbf031b9) Importer(815301076,1909f56bfc062723c751e8b465ee728b)
Start importing Assets/Mesh/_Models/NS_Unique_CityHall.fbx using Guid(26a1365ff6c22974d934c422dbf031b9) Importer(815301076,1909f56bfc062723c751e8b465ee728b) (PreviewImporter) -> (artifact id: '4c2420d30e7f7a99be1bebe36307d18a') in 0.6853585 seconds
Number of updated asset objects reloaded before import = 0Number of asset objects unloaded after import = 9

========================================================================
Received Import Request.
  Time since last request: 17.504567 seconds.
  path: Assets/Mesh/_Models/NS_Unique_CityHall.fbx
  artifactKey: Guid(26a1365ff6c22974d934c422dbf031b9) Importer(815301076,1909f56bfc062723c751e8b465ee728b)
Start importing Assets/Mesh/_Models/NS_Unique_CityHall.fbx using Guid(26a1365ff6c22974d934c422dbf031b9) Importer(815301076,1909f56bfc062723c751e8b465ee728b) (PreviewImporter) -> (artifact id: 'e383308d1a18046176822fa7dbed34a1') in 0.0211996 seconds
Number of updated asset objects reloaded before import = 0Number of asset objects unloaded after import = 7

========================================================================
Received Import Request.
  Time since last request: 35.233536 seconds.
  path: Assets/Mesh/_Models/NS_Terrain_Grass_Edge.fbx
  artifactKey: Guid(f7789099270e5024391c34d79fe0e6c8) Importer(815301076,1909f56bfc062723c751e8b465ee728b)
Start importing Assets/Mesh/_Models/NS_Terrain_Grass_Edge.fbx using Guid(f7789099270e5024391c34d79fe0e6c8) Importer(815301076,1909f56bfc062723c751e8b465ee728b) (PreviewImporter) -> (artifact id: '2d75d3aa50a7a1e4e8c6f5b7fedd45a5') in 0.086523 seconds
Number of updated asset objects reloaded before import = 0Number of asset objects unloaded after import = 7

========================================================================
Received Import Request.
  Time since last request: 0.000027 seconds.
  path: Assets/Mesh/_Models/NS_Terrain_Grass_Plain.fbx
  artifactKey: Guid(29f72fd1df0261946bee2d551baa1a0e) Importer(815301076,1909f56bfc062723c751e8b465ee728b)
Start importing Assets/Mesh/_Models/NS_Terrain_Grass_Plain.fbx using Guid(29f72fd1df0261946bee2d551baa1a0e) Importer(815301076,1909f56bfc062723c751e8b465ee728b) (PreviewImporter) -> (artifact id: '76c4573a1403f8cc5bca3f0b66c3b581') in 0.0767177 seconds
Number of updated asset objects reloaded before import = 0Number of asset objects unloaded after import = 7

========================================================================
Received Import Request.
  Time since last request: 0.000042 seconds.
  path: Assets/Mesh/_Models/NS_Terrain_Sidewalk_Corner.fbx
  artifactKey: Guid(cb25679df0a0c9949ad1b587b584ea35) Importer(815301076,1909f56bfc062723c751e8b465ee728b)
Start importing Assets/Mesh/_Models/NS_Terrain_Sidewalk_Corner.fbx using Guid(cb25679df0a0c9949ad1b587b584ea35) Importer(815301076,1909f56bfc062723c751e8b465ee728b) (PreviewImporter) -> (artifact id: '136a2cd7eb50de465481615ee67d072e') in 0.0187825 seconds
Number of updated asset objects reloaded before import = 0Number of asset objects unloaded after import = 7

========================================================================
Received Import Request.
  Time since last request: 0.000025 seconds.
  path: Assets/Mesh/_Models/NS_Window_SealingA.fbx
  artifactKey: Guid(804a402e3aeb84748b1ee958f583f545) Importer(815301076,1909f56bfc062723c751e8b465ee728b)
Start importing Assets/Mesh/_Models/NS_Window_SealingA.fbx using Guid(804a402e3aeb84748b1ee958f583f545) Importer(815301076,1909f56bfc062723c751e8b465ee728b) (PreviewImporter) -> (artifact id: 'bb5dc743066ad6336e3dc3cbe26ce4f6') in 0.0174825 seconds
Number of updated asset objects reloaded before import = 0Number of asset objects unloaded after import = 7

========================================================================
Received Import Request.
  Time since last request: 0.000023 seconds.
  path: Assets/Mesh/_Models/NS_Wooden_Pole.fbx
  artifactKey: Guid(365f2cf4618cb9d4386dad69d98343a5) Importer(815301076,1909f56bfc062723c751e8b465ee728b)
Start importing Assets/Mesh/_Models/NS_Wooden_Pole.fbx using Guid(365f2cf4618cb9d4386dad69d98343a5) Importer(815301076,1909f56bfc062723c751e8b465ee728b) (PreviewImporter) -> (artifact id: 'f6d84c4fe2d4e9dbbd804068759789ec') in 0.017247 seconds
Number of updated asset objects reloaded before import = 0Number of asset objects unloaded after import = 7

========================================================================
Received Import Request.
  Time since last request: 0.000025 seconds.
  path: Assets/Mesh/_Models/NS_Window_Shutters.fbx
  artifactKey: Guid(402238030b3d1e94fb01ffc19a70cad5) Importer(815301076,1909f56bfc062723c751e8b465ee728b)
Start importing Assets/Mesh/_Models/NS_Window_Shutters.fbx using Guid(402238030b3d1e94fb01ffc19a70cad5) Importer(815301076,1909f56bfc062723c751e8b465ee728b) (PreviewImporter) -> (artifact id: '8c544d892a1f9af8ece98fe82d70eb90') in 0.0632482 seconds
Number of updated asset objects reloaded before import = 0Number of asset objects unloaded after import = 14

========================================================================
Received Import Request.
  Time since last request: 0.000063 seconds.
  path: Assets/Mesh/_Models/NS_Terrain_Grass_Pit.fbx
  artifactKey: Guid(fca801360c409224da0cfba568bad01b) Importer(815301076,1909f56bfc062723c751e8b465ee728b)
Start importing Assets/Mesh/_Models/NS_Terrain_Grass_Pit.fbx using Guid(fca801360c409224da0cfba568bad01b) Importer(815301076,1909f56bfc062723c751e8b465ee728b) (PreviewImporter) -> (artifact id: 'f9859b7b4e988ad20acc30f8eae924d5') in 0.0186521 seconds
Number of updated asset objects reloaded before import = 0Number of asset objects unloaded after import = 7

========================================================================
Received Import Request.
  Time since last request: 49.311882 seconds.
  path: Assets/Mesh/_Models/NS_River_Wall_Stairs.fbx
  artifactKey: Guid(11273ed58773d8b4385bf1b62d075002) Importer(815301076,1909f56bfc062723c751e8b465ee728b)
Start importing Assets/Mesh/_Models/NS_River_Wall_Stairs.fbx using Guid(11273ed58773d8b4385bf1b62d075002) Importer(815301076,1909f56bfc062723c751e8b465ee728b) (PreviewImporter) -> (artifact id: 'f2a0f7501904e615511716cbcd9e843b') in 0.0176404 seconds
Number of updated asset objects reloaded before import = 0Number of asset objects unloaded after import = 7

========================================================================
Received Import Request.
  Time since last request: 0.000023 seconds.
  path: Assets/Mesh/_Models/NS_Scaffolding_End.fbx
  artifactKey: Guid(2269e69693515234a94a6f35b4e4ccb2) Importer(815301076,1909f56bfc062723c751e8b465ee728b)
Start importing Assets/Mesh/_Models/NS_Scaffolding_End.fbx using Guid(2269e69693515234a94a6f35b4e4ccb2) Importer(815301076,1909f56bfc062723c751e8b465ee728b) (PreviewImporter) -> (artifact id: 'b27f6ae2f76356fc4649bca19a1146fc') in 0.0187419 seconds
Number of updated asset objects reloaded before import = 0Number of asset objects unloaded after import = 7

========================================================================
Received Import Request.
  Time since last request: 0.000022 seconds.
  path: Assets/Mesh/_Models/NS_Scaffolding_Open.fbx
  artifactKey: Guid(cc26e0c4853daf0438f67d95e0cdf875) Importer(815301076,1909f56bfc062723c751e8b465ee728b)
Start importing Assets/Mesh/_Models/NS_Scaffolding_Open.fbx using Guid(cc26e0c4853daf0438f67d95e0cdf875) Importer(815301076,1909f56bfc062723c751e8b465ee728b) (PreviewImporter) -> (artifact id: 'd54e61c63a7249085a61f41d80c24840') in 0.0272358 seconds
Number of updated asset objects reloaded before import = 0Number of asset objects unloaded after import = 7

========================================================================
Received Import Request.
  Time since last request: 0.000022 seconds.
  path: Assets/Mesh/_Models/NS_Sign_Bank.fbx
  artifactKey: Guid(3a9f347818cb4b3488560398d25894d5) Importer(815301076,1909f56bfc062723c751e8b465ee728b)
Start importing Assets/Mesh/_Models/NS_Sign_Bank.fbx using Guid(3a9f347818cb4b3488560398d25894d5) Importer(815301076,1909f56bfc062723c751e8b465ee728b) (PreviewImporter) -> (artifact id: 'b6a42288a55848d3692a3dddea8cc762') in 0.0175998 seconds
Number of updated asset objects reloaded before import = 0Number of asset objects unloaded after import = 7

========================================================================
Received Import Request.
  Time since last request: 0.000024 seconds.
  path: Assets/Mesh/_Models/NS_Sign_CashStore.fbx
  artifactKey: Guid(d1a113479e3a44846a0c3bd744bc0eee) Importer(815301076,1909f56bfc062723c751e8b465ee728b)
Start importing Assets/Mesh/_Models/NS_Sign_CashStore.fbx using Guid(d1a113479e3a44846a0c3bd744bc0eee) Importer(815301076,1909f56bfc062723c751e8b465ee728b) (PreviewImporter) -> (artifact id: 'ff3d6ee8b6a6191edc982905f141505f') in 0.0171812 seconds
Number of updated asset objects reloaded before import = 0Number of asset objects unloaded after import = 7

========================================================================
Received Import Request.
  Time since last request: 0.000038 seconds.
  path: Assets/Mesh/_Models/NS_Sign_Tailor.fbx
  artifactKey: Guid(66d8a971fcffa2645a05a60e8ae49c26) Importer(815301076,1909f56bfc062723c751e8b465ee728b)
Start importing Assets/Mesh/_Models/NS_Sign_Tailor.fbx using Guid(66d8a971fcffa2645a05a60e8ae49c26) Importer(815301076,1909f56bfc062723c751e8b465ee728b) (PreviewImporter) -> (artifact id: '4cd4c15f40708b91414d5669c58b7365') in 0.0171078 seconds
Number of updated asset objects reloaded before import = 0Number of asset objects unloaded after import = 7

========================================================================
Received Import Request.
  Time since last request: 0.000026 seconds.
  path: Assets/Mesh/_Models/NS_Terrain_Cobblestone_Road.fbx
  artifactKey: Guid(d7412ce3964df3f4088a4b2fb3b713bd) Importer(815301076,1909f56bfc062723c751e8b465ee728b)
Start importing Assets/Mesh/_Models/NS_Terrain_Cobblestone_Road.fbx using Guid(d7412ce3964df3f4088a4b2fb3b713bd) Importer(815301076,1909f56bfc062723c751e8b465ee728b) (PreviewImporter) -> (artifact id: 'a2e330e3630ee16543bb8811d9b09ba6') in 0.0166835 seconds
Number of updated asset objects reloaded before import = 0Number of asset objects unloaded after import = 7

========================================================================
Received Import Request.
  Time since last request: 0.000022 seconds.
  path: Assets/Mesh/_Models/NS_Terrain_CrossRoad.fbx
  artifactKey: Guid(aa0d5aa302575a04788226c968b748c1) Importer(815301076,1909f56bfc062723c751e8b465ee728b)
Start importing Assets/Mesh/_Models/NS_Terrain_CrossRoad.fbx using Guid(aa0d5aa302575a04788226c968b748c1) Importer(815301076,1909f56bfc062723c751e8b465ee728b) (PreviewImporter) -> (artifact id: '046a2d4ddb25030c3b02489c36fa717b') in 0.0190213 seconds
Number of updated asset objects reloaded before import = 0Number of asset objects unloaded after import = 7

========================================================================
Received Import Request.
  Time since last request: 0.000030 seconds.
  path: Assets/Mesh/_Models/NS_Terrain_Grass_Corner_Pit.fbx
  artifactKey: Guid(4ba306caa356f694da76706a7a0e30d9) Importer(815301076,1909f56bfc062723c751e8b465ee728b)
Start importing Assets/Mesh/_Models/NS_Terrain_Grass_Corner_Pit.fbx using Guid(4ba306caa356f694da76706a7a0e30d9) Importer(815301076,1909f56bfc062723c751e8b465ee728b) (PreviewImporter) -> (artifact id: '13f74c1809de473c1fb729d3fb8803bf') in 0.0188965 seconds
Number of updated asset objects reloaded before import = 0Number of asset objects unloaded after import = 9

========================================================================
Received Import Request.
  Time since last request: 4.831760 seconds.
  path: Assets/Mesh/_Models/NS_Unique_CityHall.fbx
  artifactKey: Guid(26a1365ff6c22974d934c422dbf031b9) Importer(815301076,1909f56bfc062723c751e8b465ee728b)
Start importing Assets/Mesh/_Models/NS_Unique_CityHall.fbx using Guid(26a1365ff6c22974d934c422dbf031b9) Importer(815301076,1909f56bfc062723c751e8b465ee728b) (PreviewImporter) -> (artifact id: '447c324b224abfe8ef41301bedffe493') in 0.0203156 seconds
Number of updated asset objects reloaded before import = 0Number of asset objects unloaded after import = 7

========================================================================
Received Import Request.
  Time since last request: 283.738826 seconds.
  path: Assets/Shaders/OutlineMaterial.mat
  artifactKey: Guid(514a32669e090d84c8027cdae87f8e85) Importer(815301076,1909f56bfc062723c751e8b465ee728b)
Start importing Assets/Shaders/OutlineMaterial.mat using Guid(514a32669e090d84c8027cdae87f8e85) Importer(815301076,1909f56bfc062723c751e8b465ee728b) (PreviewImporter) -> (artifact id: '97879001dad65af19bf8b5aeab197b8f') in 0.2755731 seconds
Number of updated asset objects reloaded before import = 0Number of asset objects unloaded after import = 5

