Using pre-set license
Built from '6000.0/staging' branch; Version is '6000.0.37f1 (090b7797214c) revision 592759'; Using compiler version '193933523'; Build Type 'Release'
OS: 'Windows 10  (10.0.19045) 64bit Core' Language: 'ko' Physical Memory: 16316 MB
BatchMode: 1, IsHumanControllingUs: 0, StartBugReporterOnCrash: 0, Is64bit: 1, IsPro: 1

COMMAND LINE ARGUMENTS:
E:\UnityEditor\6000.0.37f1\Editor\Unity.exe
-adb2
-batchMode
-noUpm
-name
AssetImportWorker3
-projectPath
E:/UnityProjects/Project_JazzDevil
-logFile
Logs/AssetImportWorker3.log
-srvPort
1122
-job-worker-count
5
-background-job-worker-count
8
-gc-helper-count
1
Successfully changed project path to: E:/UnityProjects/Project_JazzDevil
E:/UnityProjects/Project_JazzDevil
[UnityMemory] Configuration Parameters - Can be set up in boot.config
    "memorysetup-bucket-allocator-granularity=16"
    "memorysetup-bucket-allocator-bucket-count=8"
    "memorysetup-bucket-allocator-block-size=33554432"
    "memorysetup-bucket-allocator-block-count=8"
    "memorysetup-main-allocator-block-size=16777216"
    "memorysetup-thread-allocator-block-size=16777216"
    "memorysetup-gfx-main-allocator-block-size=16777216"
    "memorysetup-gfx-thread-allocator-block-size=16777216"
    "memorysetup-cache-allocator-block-size=4194304"
    "memorysetup-typetree-allocator-block-size=2097152"
    "memorysetup-profiler-bucket-allocator-granularity=16"
    "memorysetup-profiler-bucket-allocator-bucket-count=8"
    "memorysetup-profiler-bucket-allocator-block-size=33554432"
    "memorysetup-profiler-bucket-allocator-block-count=8"
    "memorysetup-profiler-allocator-block-size=16777216"
    "memorysetup-profiler-editor-allocator-block-size=1048576"
    "memorysetup-temp-allocator-size-main=16777216"
    "memorysetup-job-temp-allocator-block-size=2097152"
    "memorysetup-job-temp-allocator-block-size-background=1048576"
    "memorysetup-job-temp-allocator-reduction-small-platforms=262144"
    "memorysetup-allocator-temp-initial-block-size-main=262144"
    "memorysetup-allocator-temp-initial-block-size-worker=262144"
    "memorysetup-temp-allocator-size-background-worker=32768"
    "memorysetup-temp-allocator-size-job-worker=262144"
    "memorysetup-temp-allocator-size-preload-manager=33554432"
    "memorysetup-temp-allocator-size-nav-mesh-worker=65536"
    "memorysetup-temp-allocator-size-audio-worker=65536"
    "memorysetup-temp-allocator-size-cloud-worker=32768"
    "memorysetup-temp-allocator-size-gi-baking-worker=262144"
    "memorysetup-temp-allocator-size-gi-baking-worker=262144"
    "memorysetup-temp-allocator-size-gi-baking-worker=262144"
    "memorysetup-temp-allocator-size-gi-baking-worker=262144"
    "memorysetup-temp-allocator-size-gi-baking-worker=262144"
    "memorysetup-temp-allocator-size-gfx=262144"
Player connection [28388]  Target information:

Player connection [28388]  * "[IP] 121.136.98.16 [Port] 0 [Flags] 2 [Guid] 1975632499 [EditorId] 1975632499 [Version] 1048832 [Id] WindowsEditor(7,DESKTOP-T3IK9JD) [Debug] 1 [PackageName] WindowsEditor [ProjectName] Editor" 

Player connection [28388] Host joined multi-casting on [225.0.0.222:54997]...
Player connection [28388] Host joined alternative multi-casting on [225.0.0.222:34997]...
JobSystem: Creating JobQueue using job-worker-count value 5
Input System module state changed to: Initialized.
[Physics::Module] Initialized fallback backend.
[Physics::Module] Id: 0xdecafbad
Library Redirect Path: Library/
[Physics::Module] Selected backend.
[Physics::Module] Name: PhysX
[Physics::Module] Id: 0xf2b8ea05
[Physics::Module] SDK Version: 4.1.2
[Physics::Module] Integration Version: 1.0.0
[Physics::Module] Threading Mode: Multi-Threaded
Refreshing native plugins compatible for Editor in 3.27 ms, found 4 plugins.
Preloading 0 native plugins for Editor in 0.00 ms.
Initialize engine version: 6000.0.37f1 (090b7797214c)
[Subsystems] Discovering subsystems at path E:/UnityEditor/6000.0.37f1/Editor/Data/Resources/UnitySubsystems
[Subsystems] Discovering subsystems at path E:/UnityProjects/Project_JazzDevil/Assets
GfxDevice: creating device client; kGfxThreadingModeNonThreaded
Direct3D:
    Version:  Direct3D 11.0 [level 11.1]
    Renderer: NVIDIA GeForce RTX 2060 (ID=0x1e89)
    Vendor:   NVIDIA
    VRAM:     5945 MB
    Driver:   32.0.15.6094
Initialize mono
Mono path[0] = 'E:/UnityEditor/6000.0.37f1/Editor/Data/Managed'
Mono path[1] = 'E:/UnityEditor/6000.0.37f1/Editor/Data/MonoBleedingEdge/lib/mono/unityjit-win32'
Mono config path = 'E:/UnityEditor/6000.0.37f1/Editor/Data/MonoBleedingEdge/etc'
Using monoOptions --debugger-agent=transport=dt_socket,embedding=1,server=y,suspend=n,address=127.0.0.1:56120
Begin MonoManager ReloadAssembly
Registering precompiled unity dll's ...
Register platform support module: E:/UnityEditor/6000.0.37f1/Editor/Data/PlaybackEngines/WindowsStandaloneSupport/UnityEditor.WindowsStandalone.Extensions.dll
Registered in 0.003269 seconds.
- Loaded All Assemblies, in  0.433 seconds
Native extension for WindowsStandalone target not found
Mono: successfully reloaded assembly
- Finished resetting the current domain, in  0.342 seconds
Domain Reload Profiling: 775ms
	BeginReloadAssembly (175ms)
		ExecutionOrderSort (0ms)
		DisableScriptedObjects (0ms)
		BackupInstance (0ms)
		ReleaseScriptingObjects (0ms)
		CreateAndSetChildDomain (1ms)
	RebuildCommonClasses (42ms)
	RebuildNativeTypeToScriptingClass (13ms)
	initialDomainReloadingComplete (45ms)
	LoadAllAssembliesAndSetupDomain (157ms)
		LoadAssemblies (175ms)
		RebuildTransferFunctionScriptingTraits (0ms)
		AnalyzeDomain (154ms)
			TypeCache.Refresh (153ms)
				TypeCache.ScanAssembly (139ms)
			BuildScriptInfoCaches (0ms)
			ResolveRequiredComponents (0ms)
	FinalizeReload (342ms)
		ReleaseScriptCaches (0ms)
		RebuildScriptCaches (0ms)
		SetupLoadedEditorAssemblies (294ms)
			LogAssemblyErrors (0ms)
			InitializePlatformSupportModulesInManaged (26ms)
			SetLoadedEditorAssemblies (4ms)
			BeforeProcessingInitializeOnLoad (54ms)
			ProcessInitializeOnLoadAttributes (148ms)
			ProcessInitializeOnLoadMethodAttributes (62ms)
			AfterProcessingInitializeOnLoad (0ms)
			EditorAssembliesLoaded (0ms)
		ExecutionOrderSort2 (0ms)
		AwakeInstancesAfterBackupRestoration (0ms)
========================================================================
Worker process is ready to serve import requests
Import Worker Mode flag is 0x00
Begin MonoManager ReloadAssembly
- Loaded All Assemblies, in  0.836 seconds
Refreshing native plugins compatible for Editor in 2.05 ms, found 4 plugins.
Native extension for WindowsStandalone target not found
Mono: successfully reloaded assembly
- Finished resetting the current domain, in  0.993 seconds
Domain Reload Profiling: 1828ms
	BeginReloadAssembly (215ms)
		ExecutionOrderSort (0ms)
		DisableScriptedObjects (7ms)
		BackupInstance (0ms)
		ReleaseScriptingObjects (0ms)
		CreateAndSetChildDomain (31ms)
	RebuildCommonClasses (39ms)
	RebuildNativeTypeToScriptingClass (13ms)
	initialDomainReloadingComplete (38ms)
	LoadAllAssembliesAndSetupDomain (530ms)
		LoadAssemblies (406ms)
		RebuildTransferFunctionScriptingTraits (0ms)
		AnalyzeDomain (266ms)
			TypeCache.Refresh (198ms)
				TypeCache.ScanAssembly (181ms)
			BuildScriptInfoCaches (54ms)
			ResolveRequiredComponents (10ms)
	FinalizeReload (994ms)
		ReleaseScriptCaches (0ms)
		RebuildScriptCaches (0ms)
		SetupLoadedEditorAssemblies (818ms)
			LogAssemblyErrors (0ms)
			InitializePlatformSupportModulesInManaged (2ms)
			SetLoadedEditorAssemblies (5ms)
			BeforeProcessingInitializeOnLoad (105ms)
			ProcessInitializeOnLoadAttributes (608ms)
			ProcessInitializeOnLoadMethodAttributes (95ms)
			AfterProcessingInitializeOnLoad (2ms)
			EditorAssembliesLoaded (0ms)
		ExecutionOrderSort2 (0ms)
		AwakeInstancesAfterBackupRestoration (13ms)
Launched and connected shader compiler UnityShaderCompiler.exe after 0.02 seconds
Refreshing native plugins compatible for Editor in 2.21 ms, found 4 plugins.
Preloading 0 native plugins for Editor in 0.00 ms.
Unloading 205 Unused Serialized files (Serialized files now loaded: 0)
Unloading 6310 unused Assets / (6.7 MB). Loaded Objects now: 6970.
Memory consumption went from 166.2 MB to 159.5 MB.
Total: 10.189200 ms (FindLiveObjects: 0.900600 ms CreateObjectMapping: 0.953500 ms MarkObjects: 4.805400 ms  DeleteObjects: 3.528300 ms)

========================================================================
Received Import Request.
  Time since last request: 276982.312387 seconds.
  path: Assets/Shaders/CelShader.shadergraph
  artifactKey: Guid(ca08c7be9a5b1464aaefbf420519ecca) Importer(815301076,1909f56bfc062723c751e8b465ee728b)
Start importing Assets/Shaders/CelShader.shadergraph using Guid(ca08c7be9a5b1464aaefbf420519ecca) Importer(815301076,1909f56bfc062723c751e8b465ee728b) (PreviewImporter) -> (artifact id: '92f8988654cf9ec2da638aa5518d8d9c') in 1.4076253 seconds
Number of updated asset objects reloaded before import = 0Number of asset objects unloaded after import = 7

========================================================================
Received Prepare
Begin MonoManager ReloadAssembly
- Loaded All Assemblies, in  1.193 seconds
Refreshing native plugins compatible for Editor in 2.06 ms, found 4 plugins.
Native extension for WindowsStandalone target not found
Mono: successfully reloaded assembly
- Finished resetting the current domain, in  1.069 seconds
Domain Reload Profiling: 2265ms
	BeginReloadAssembly (290ms)
		ExecutionOrderSort (0ms)
		DisableScriptedObjects (26ms)
		BackupInstance (0ms)
		ReleaseScriptingObjects (0ms)
		CreateAndSetChildDomain (74ms)
	RebuildCommonClasses (41ms)
	RebuildNativeTypeToScriptingClass (14ms)
	initialDomainReloadingComplete (29ms)
	LoadAllAssembliesAndSetupDomain (821ms)
		LoadAssemblies (763ms)
		RebuildTransferFunctionScriptingTraits (0ms)
		AnalyzeDomain (204ms)
			TypeCache.Refresh (9ms)
				TypeCache.ScanAssembly (0ms)
			BuildScriptInfoCaches (180ms)
			ResolveRequiredComponents (10ms)
	FinalizeReload (1070ms)
		ReleaseScriptCaches (0ms)
		RebuildScriptCaches (0ms)
		SetupLoadedEditorAssemblies (744ms)
			LogAssemblyErrors (0ms)
			InitializePlatformSupportModulesInManaged (2ms)
			SetLoadedEditorAssemblies (5ms)
			BeforeProcessingInitializeOnLoad (113ms)
			ProcessInitializeOnLoadAttributes (566ms)
			ProcessInitializeOnLoadMethodAttributes (54ms)
			AfterProcessingInitializeOnLoad (2ms)
			EditorAssembliesLoaded (0ms)
		ExecutionOrderSort2 (0ms)
		AwakeInstancesAfterBackupRestoration (21ms)
Refreshing native plugins compatible for Editor in 2.96 ms, found 4 plugins.
Preloading 0 native plugins for Editor in 0.00 ms.
Unloading 45 Unused Serialized files (Serialized files now loaded: 0)
Unloading 6308 unused Assets / (6.9 MB). Loaded Objects now: 7053.
Memory consumption went from 164.0 MB to 157.1 MB.
Total: 14.670900 ms (FindLiveObjects: 1.116600 ms CreateObjectMapping: 0.583900 ms MarkObjects: 7.571400 ms  DeleteObjects: 5.396600 ms)

Prepare: number of updated asset objects reloaded= 1
========================================================================
Received Import Request.
  Time since last request: 556.073002 seconds.
  path: Assets/Shaders/CelShader.shadergraph
  artifactKey: Guid(ca08c7be9a5b1464aaefbf420519ecca) Importer(815301076,1909f56bfc062723c751e8b465ee728b)
Start importing Assets/Shaders/CelShader.shadergraph using Guid(ca08c7be9a5b1464aaefbf420519ecca) Importer(815301076,1909f56bfc062723c751e8b465ee728b) (PreviewImporter) -> (artifact id: '6043bf641c0d8ae658a69cde48ad584c') in 1.0227892 seconds
Number of updated asset objects reloaded before import = 1Number of asset objects unloaded after import = 6

========================================================================
Received Import Request.
  Time since last request: 5051.428702 seconds.
  path: Assets/Shaders/OutlineMaterial.mat
  artifactKey: Guid(514a32669e090d84c8027cdae87f8e85) Importer(815301076,1909f56bfc062723c751e8b465ee728b)
Start importing Assets/Shaders/OutlineMaterial.mat using Guid(514a32669e090d84c8027cdae87f8e85) Importer(815301076,1909f56bfc062723c751e8b465ee728b) (PreviewImporter) -> (artifact id: '09b07418fa5d1248855882869e1481d4') in 0.5744105 seconds
Number of updated asset objects reloaded before import = 1Number of asset objects unloaded after import = 6

========================================================================
Received Import Request.
  Time since last request: 480.931711 seconds.
  path: Assets/Mesh/_Prefabs/Buildings/NS_Brick_Apartment_Small_RoofA.prefab
  artifactKey: Guid(493f593ff40967f44a60c47177baeff5) Importer(815301076,1909f56bfc062723c751e8b465ee728b)
Start importing Assets/Mesh/_Prefabs/Buildings/NS_Brick_Apartment_Small_RoofA.prefab using Guid(493f593ff40967f44a60c47177baeff5) Importer(815301076,1909f56bfc062723c751e8b465ee728b) (PreviewImporter) -> (artifact id: '28430be801c83dd32a45ed53c147c66f') in 3.0202801 seconds
Number of updated asset objects reloaded before import = 0Number of asset objects unloaded after import = 10

========================================================================
Received Import Request.
  Time since last request: 0.000095 seconds.
  path: Assets/Mesh/_Prefabs/Buildings/NS_Unique_Church.prefab
  artifactKey: Guid(736f0b5f8b287b14f88917f071cee22f) Importer(815301076,1909f56bfc062723c751e8b465ee728b)
Start importing Assets/Mesh/_Prefabs/Buildings/NS_Unique_Church.prefab using Guid(736f0b5f8b287b14f88917f071cee22f) Importer(815301076,1909f56bfc062723c751e8b465ee728b) (PreviewImporter) -> (artifact id: '6afc4732a1927d69c765ad331fbd9aaf') in 0.030545 seconds
Number of updated asset objects reloaded before import = 0Number of asset objects unloaded after import = 10

========================================================================
Received Import Request.
  Time since last request: 0.000034 seconds.
  path: Assets/Mesh/_Prefabs/Buildings/NS_Plaster_Building_Corner_FloorB.prefab
  artifactKey: Guid(a0864ed086e7eaa4d91a8f3fc14807c5) Importer(815301076,1909f56bfc062723c751e8b465ee728b)
Start importing Assets/Mesh/_Prefabs/Buildings/NS_Plaster_Building_Corner_FloorB.prefab using Guid(a0864ed086e7eaa4d91a8f3fc14807c5) Importer(815301076,1909f56bfc062723c751e8b465ee728b) (PreviewImporter) -> (artifact id: '0524707f804b3101f73f0d77af59dc0c') in 0.0560827 seconds
Number of updated asset objects reloaded before import = 0Number of asset objects unloaded after import = 10

========================================================================
Received Import Request.
  Time since last request: 0.000027 seconds.
  path: Assets/Mesh/_Prefabs/Buildings/NS_Plaster_Building_Corner_FloorA.prefab
  artifactKey: Guid(dce1ba4646e0cc047a64df340891d20a) Importer(815301076,1909f56bfc062723c751e8b465ee728b)
Start importing Assets/Mesh/_Prefabs/Buildings/NS_Plaster_Building_Corner_FloorA.prefab using Guid(dce1ba4646e0cc047a64df340891d20a) Importer(815301076,1909f56bfc062723c751e8b465ee728b) (PreviewImporter) -> (artifact id: '42fa2767b71d2422215d8d244d512511') in 0.0452519 seconds
Number of updated asset objects reloaded before import = 0Number of asset objects unloaded after import = 10

========================================================================
Received Import Request.
  Time since last request: 0.000028 seconds.
  path: Assets/Mesh/_Prefabs/Buildings/NS_Plaster_Building_Divider_Top.prefab
  artifactKey: Guid(28e3df17d1d8c954e92a3bf6d43a9e2b) Importer(815301076,1909f56bfc062723c751e8b465ee728b)
Start importing Assets/Mesh/_Prefabs/Buildings/NS_Plaster_Building_Divider_Top.prefab using Guid(28e3df17d1d8c954e92a3bf6d43a9e2b) Importer(815301076,1909f56bfc062723c751e8b465ee728b) (PreviewImporter) -> (artifact id: 'c9ced6d4a46f8221c5717e5d92ad914f') in 0.0204667 seconds
Number of updated asset objects reloaded before import = 0Number of asset objects unloaded after import = 10

========================================================================
Received Import Request.
  Time since last request: 0.000027 seconds.
  path: Assets/Mesh/_Models/NS_Terrain_Walkway_Pit.fbx
  artifactKey: Guid(aa778c4ae8118c84ab0a31b1a938554b) Importer(815301076,1909f56bfc062723c751e8b465ee728b)
Start importing Assets/Mesh/_Models/NS_Terrain_Walkway_Pit.fbx using Guid(aa778c4ae8118c84ab0a31b1a938554b) Importer(815301076,1909f56bfc062723c751e8b465ee728b) (PreviewImporter) -> (artifact id: '7f4c9ec3d829aada5a48150c54df2da9') in 0.2744036 seconds
Number of updated asset objects reloaded before import = 0Number of asset objects unloaded after import = 9

========================================================================
Received Import Request.
  Time since last request: 0.000050 seconds.
  path: Assets/Mesh/_Prefabs/Buildings/NS_Plaster_Building_FloorA.prefab
  artifactKey: Guid(1827d1eef45701b41881770f5125f64e) Importer(815301076,1909f56bfc062723c751e8b465ee728b)
Start importing Assets/Mesh/_Prefabs/Buildings/NS_Plaster_Building_FloorA.prefab using Guid(1827d1eef45701b41881770f5125f64e) Importer(815301076,1909f56bfc062723c751e8b465ee728b) (PreviewImporter) -> (artifact id: '10964850929429dac1317e1efeedcd2e') in 0.0726597 seconds
Number of updated asset objects reloaded before import = 0Number of asset objects unloaded after import = 10

========================================================================
Received Import Request.
  Time since last request: 0.000026 seconds.
  path: Assets/Mesh/_Prefabs/Buildings/NS_Plaster_Building_Roof_WindowA.prefab
  artifactKey: Guid(c12214cbb6af74945a23360810558a86) Importer(815301076,1909f56bfc062723c751e8b465ee728b)
Start importing Assets/Mesh/_Prefabs/Buildings/NS_Plaster_Building_Roof_WindowA.prefab using Guid(c12214cbb6af74945a23360810558a86) Importer(815301076,1909f56bfc062723c751e8b465ee728b) (PreviewImporter) -> (artifact id: 'f5afd325a0625b595a6764663c064eea') in 0.0489962 seconds
Number of updated asset objects reloaded before import = 0Number of asset objects unloaded after import = 10

========================================================================
Received Import Request.
  Time since last request: 0.000029 seconds.
  path: Assets/Mesh/_Prefabs/Buildings/NS_Plaster_Building_Divider_Chimneys.prefab
  artifactKey: Guid(05b825929622a394ea2b9e12e079c92f) Importer(815301076,1909f56bfc062723c751e8b465ee728b)
Start importing Assets/Mesh/_Prefabs/Buildings/NS_Plaster_Building_Divider_Chimneys.prefab using Guid(05b825929622a394ea2b9e12e079c92f) Importer(815301076,1909f56bfc062723c751e8b465ee728b) (PreviewImporter) -> (artifact id: '255c4373bb0cd173e230567142e7c23e') in 0.0461202 seconds
Number of updated asset objects reloaded before import = 0Number of asset objects unloaded after import = 10

========================================================================
Received Import Request.
  Time since last request: 0.000050 seconds.
  path: Assets/Mesh/_Models/NS_Terrain_Walkway_End.fbx
  artifactKey: Guid(7d3d52ff42410b944ac03be4bcc61707) Importer(815301076,1909f56bfc062723c751e8b465ee728b)
Start importing Assets/Mesh/_Models/NS_Terrain_Walkway_End.fbx using Guid(7d3d52ff42410b944ac03be4bcc61707) Importer(815301076,1909f56bfc062723c751e8b465ee728b) (PreviewImporter) -> (artifact id: '9175a36a946915bb9e58f3b328d231c6') in 0.0223599 seconds
Number of updated asset objects reloaded before import = 0Number of asset objects unloaded after import = 9

========================================================================
Received Import Request.
  Time since last request: 0.000048 seconds.
  path: Assets/Mesh/_Models/NS_WallMount_Wooden_Pole_Hanger.fbx
  artifactKey: Guid(fadfc2f186255204dac19a763639e64b) Importer(815301076,1909f56bfc062723c751e8b465ee728b)
Start importing Assets/Mesh/_Models/NS_WallMount_Wooden_Pole_Hanger.fbx using Guid(fadfc2f186255204dac19a763639e64b) Importer(815301076,1909f56bfc062723c751e8b465ee728b) (PreviewImporter) -> (artifact id: '9c646bb6217226573a5162799c70bbf8') in 0.0225725 seconds
Number of updated asset objects reloaded before import = 0Number of asset objects unloaded after import = 7

========================================================================
Received Import Request.
  Time since last request: 0.000029 seconds.
  path: Assets/Mesh/_Models/NS_Terrain_Sidewalk_Pit.fbx
  artifactKey: Guid(7868485ec8351f74f935f6e52f04158e) Importer(815301076,1909f56bfc062723c751e8b465ee728b)
Start importing Assets/Mesh/_Models/NS_Terrain_Sidewalk_Pit.fbx using Guid(7868485ec8351f74f935f6e52f04158e) Importer(815301076,1909f56bfc062723c751e8b465ee728b) (PreviewImporter) -> (artifact id: 'cef0148ca3764326409eadceb186af10') in 0.0226706 seconds
Number of updated asset objects reloaded before import = 0Number of asset objects unloaded after import = 7

========================================================================
Received Import Request.
  Time since last request: 0.000046 seconds.
  path: Assets/Mesh/_Prefabs/Buildings/NS_Plaster_Building_Roof.prefab
  artifactKey: Guid(a9dad01280abd8d4fa7bbc16eff89f88) Importer(815301076,1909f56bfc062723c751e8b465ee728b)
Start importing Assets/Mesh/_Prefabs/Buildings/NS_Plaster_Building_Roof.prefab using Guid(a9dad01280abd8d4fa7bbc16eff89f88) Importer(815301076,1909f56bfc062723c751e8b465ee728b) (PreviewImporter) -> (artifact id: '80bed3291907ad7e4e145a853c1bc48e') in 0.0232711 seconds
Number of updated asset objects reloaded before import = 0Number of asset objects unloaded after import = 10

========================================================================
Received Import Request.
  Time since last request: 0.000033 seconds.
  path: Assets/Mesh/_Models/NS_WallMount_Canopy_Large.fbx
  artifactKey: Guid(248394e8bd3ffc846a27acb4ba50f0fd) Importer(815301076,1909f56bfc062723c751e8b465ee728b)
Start importing Assets/Mesh/_Models/NS_WallMount_Canopy_Large.fbx using Guid(248394e8bd3ffc846a27acb4ba50f0fd) Importer(815301076,1909f56bfc062723c751e8b465ee728b) (PreviewImporter) -> (artifact id: '00822f1a3c7efd08e62cf8d0a9d20cd6') in 0.0203734 seconds
Number of updated asset objects reloaded before import = 0Number of asset objects unloaded after import = 7

========================================================================
Received Import Request.
  Time since last request: 0.000027 seconds.
  path: Assets/Mesh/_Models/NS_Terrain_Walkway_Plain.fbx
  artifactKey: Guid(19cc2566be0085f40a6d8d97d2c90f69) Importer(815301076,1909f56bfc062723c751e8b465ee728b)
Start importing Assets/Mesh/_Models/NS_Terrain_Walkway_Plain.fbx using Guid(19cc2566be0085f40a6d8d97d2c90f69) Importer(815301076,1909f56bfc062723c751e8b465ee728b) (PreviewImporter) -> (artifact id: '3903c2ebd41327e4585a20e2243f50a6') in 0.0122346 seconds
Number of updated asset objects reloaded before import = 0Number of asset objects unloaded after import = 9

========================================================================
Received Import Request.
  Time since last request: 0.000060 seconds.
  path: Assets/Mesh/_Models/NS_Terrain_Walkway_Narrow.fbx
  artifactKey: Guid(c819ac251f85da7418b5657f5e20d6ed) Importer(815301076,1909f56bfc062723c751e8b465ee728b)
Start importing Assets/Mesh/_Models/NS_Terrain_Walkway_Narrow.fbx using Guid(c819ac251f85da7418b5657f5e20d6ed) Importer(815301076,1909f56bfc062723c751e8b465ee728b) (PreviewImporter) -> (artifact id: 'b03258303f58f5df3e6ac885e7745738') in 0.0197252 seconds
Number of updated asset objects reloaded before import = 0Number of asset objects unloaded after import = 9

========================================================================
Received Import Request.
  Time since last request: 0.000033 seconds.
  path: Assets/Mesh/_Models/NS_Terrain_Sidewalk_Middle.fbx
  artifactKey: Guid(c34deb5f9fd791546934c22f2e300a7c) Importer(815301076,1909f56bfc062723c751e8b465ee728b)
Start importing Assets/Mesh/_Models/NS_Terrain_Sidewalk_Middle.fbx using Guid(c34deb5f9fd791546934c22f2e300a7c) Importer(815301076,1909f56bfc062723c751e8b465ee728b) (PreviewImporter) -> (artifact id: '01fc5ee2a58fce41bd4b2eabe1f4be3e') in 0.0194787 seconds
Number of updated asset objects reloaded before import = 0Number of asset objects unloaded after import = 7

========================================================================
Received Import Request.
  Time since last request: 0.000033 seconds.
  path: Assets/Mesh/_Models/NS_Terrain_Sidewalk_River_Corner.fbx
  artifactKey: Guid(75daf4d141bcd4343b582c1758a704aa) Importer(815301076,1909f56bfc062723c751e8b465ee728b)
Start importing Assets/Mesh/_Models/NS_Terrain_Sidewalk_River_Corner.fbx using Guid(75daf4d141bcd4343b582c1758a704aa) Importer(815301076,1909f56bfc062723c751e8b465ee728b) (PreviewImporter) -> (artifact id: '0fd224ebbe620e270c9336672a4eb978') in 0.0205756 seconds
Number of updated asset objects reloaded before import = 0Number of asset objects unloaded after import = 7

========================================================================
Received Import Request.
  Time since last request: 0.000025 seconds.
  path: Assets/Mesh/_Models/NS_WallMount_Balcony_Stone_Small.fbx
  artifactKey: Guid(561c7268882a6f545a05e8cf34eb692f) Importer(815301076,1909f56bfc062723c751e8b465ee728b)
Start importing Assets/Mesh/_Models/NS_WallMount_Balcony_Stone_Small.fbx using Guid(561c7268882a6f545a05e8cf34eb692f) Importer(815301076,1909f56bfc062723c751e8b465ee728b) (PreviewImporter) -> (artifact id: 'c344d08a9c13fde8e28b2849fd85cddf') in 0.0211397 seconds
Number of updated asset objects reloaded before import = 0Number of asset objects unloaded after import = 7

========================================================================
Received Import Request.
  Time since last request: 0.000040 seconds.
  path: Assets/Mesh/_Models/NS_WallMount_Vertical_Stairs.fbx
  artifactKey: Guid(7e26995baba2e804cacedc05f87bfdd0) Importer(815301076,1909f56bfc062723c751e8b465ee728b)
Start importing Assets/Mesh/_Models/NS_WallMount_Vertical_Stairs.fbx using Guid(7e26995baba2e804cacedc05f87bfdd0) Importer(815301076,1909f56bfc062723c751e8b465ee728b) (PreviewImporter) -> (artifact id: '1fd10b873cc4833f3a0c758a4ad95349') in 0.0257498 seconds
Number of updated asset objects reloaded before import = 0Number of asset objects unloaded after import = 7

========================================================================
Received Import Request.
  Time since last request: 0.000036 seconds.
  path: Assets/Mesh/_Models/NS_Wall_Plug.fbx
  artifactKey: Guid(2204e792420e88145b11f929c79d96f8) Importer(815301076,1909f56bfc062723c751e8b465ee728b)
Start importing Assets/Mesh/_Models/NS_Wall_Plug.fbx using Guid(2204e792420e88145b11f929c79d96f8) Importer(815301076,1909f56bfc062723c751e8b465ee728b) (PreviewImporter) -> (artifact id: '85e74cd5047b9ae41c93893fb330a230') in 0.0247431 seconds
Number of updated asset objects reloaded before import = 0Number of asset objects unloaded after import = 7

========================================================================
Received Import Request.
  Time since last request: 0.000047 seconds.
  path: Assets/Mesh/_Prefabs/Buildings/NS_Plaster_Building_Divider_MiddleB.prefab
  artifactKey: Guid(c01417e369d358e4bac91be44267f332) Importer(815301076,1909f56bfc062723c751e8b465ee728b)
Start importing Assets/Mesh/_Prefabs/Buildings/NS_Plaster_Building_Divider_MiddleB.prefab using Guid(c01417e369d358e4bac91be44267f332) Importer(815301076,1909f56bfc062723c751e8b465ee728b) (PreviewImporter) -> (artifact id: '61a57ddb2f281703bdb9657eefad1b0a') in 0.0248982 seconds
Number of updated asset objects reloaded before import = 0Number of asset objects unloaded after import = 10

========================================================================
Received Import Request.
  Time since last request: 0.000032 seconds.
  path: Assets/Mesh/_Prefabs/Buildings/NS_Unique_CityHall.prefab
  artifactKey: Guid(6eedb51c38998d5418a6b77eca831d92) Importer(815301076,1909f56bfc062723c751e8b465ee728b)
Start importing Assets/Mesh/_Prefabs/Buildings/NS_Unique_CityHall.prefab using Guid(6eedb51c38998d5418a6b77eca831d92) Importer(815301076,1909f56bfc062723c751e8b465ee728b) (PreviewImporter) -> (artifact id: 'ee821aedd56ed9e6a280768cec6a2892') in 0.0245178 seconds
Number of updated asset objects reloaded before import = 0Number of asset objects unloaded after import = 10

========================================================================
Received Import Request.
  Time since last request: 0.000032 seconds.
  path: Assets/Mesh/_Prefabs/Buildings/NS_Plaster_Building_Corner_Entrance.prefab
  artifactKey: Guid(4580c1b0f3848d04a916c4e81313f6a4) Importer(815301076,1909f56bfc062723c751e8b465ee728b)
Start importing Assets/Mesh/_Prefabs/Buildings/NS_Plaster_Building_Corner_Entrance.prefab using Guid(4580c1b0f3848d04a916c4e81313f6a4) Importer(815301076,1909f56bfc062723c751e8b465ee728b) (PreviewImporter) -> (artifact id: '1efd3fbd822dfb840284a687b81feb16') in 0.0230622 seconds
Number of updated asset objects reloaded before import = 0Number of asset objects unloaded after import = 10

========================================================================
Received Import Request.
  Time since last request: 0.000036 seconds.
  path: Assets/Mesh/_Models/NS_Terrain_Walkway_Edge.fbx
  artifactKey: Guid(6968ccf2e02148d4e82d9a424045c407) Importer(815301076,1909f56bfc062723c751e8b465ee728b)
Start importing Assets/Mesh/_Models/NS_Terrain_Walkway_Edge.fbx using Guid(6968ccf2e02148d4e82d9a424045c407) Importer(815301076,1909f56bfc062723c751e8b465ee728b) (PreviewImporter) -> (artifact id: 'baf46738146794001a47667b2091cb81') in 0.0211378 seconds
Number of updated asset objects reloaded before import = 0Number of asset objects unloaded after import = 9

========================================================================
Received Import Request.
  Time since last request: 0.000035 seconds.
  path: Assets/Mesh/_Models/NS_Water.fbx
  artifactKey: Guid(f3eba480eaa0a6b418cd4104b94d68ca) Importer(815301076,1909f56bfc062723c751e8b465ee728b)
Start importing Assets/Mesh/_Models/NS_Water.fbx using Guid(f3eba480eaa0a6b418cd4104b94d68ca) Importer(815301076,1909f56bfc062723c751e8b465ee728b) (PreviewImporter) -> (artifact id: '16596d8e1fe5d1a9ea9e610006272e10') in 0.0210356 seconds
Number of updated asset objects reloaded before import = 0Number of asset objects unloaded after import = 9

========================================================================
Received Import Request.
  Time since last request: 0.000034 seconds.
  path: Assets/Mesh/_Models/NS_WallMount_Wooden_Bridge.fbx
  artifactKey: Guid(ed7fbe266baf5074a878c7deb50bbdd0) Importer(815301076,1909f56bfc062723c751e8b465ee728b)
Start importing Assets/Mesh/_Models/NS_WallMount_Wooden_Bridge.fbx using Guid(ed7fbe266baf5074a878c7deb50bbdd0) Importer(815301076,1909f56bfc062723c751e8b465ee728b) (PreviewImporter) -> (artifact id: '1ba1007f4d1db35166504129f3777e0b') in 0.0214969 seconds
Number of updated asset objects reloaded before import = 0Number of asset objects unloaded after import = 7

========================================================================
Received Import Request.
  Time since last request: 0.000100 seconds.
  path: Assets/Mesh/_Prefabs/Buildings/NS_Plaster_Building_Roof_WindowB.prefab
  artifactKey: Guid(f0905abafc7f6cc4f9ba3365f2b0bd8e) Importer(815301076,1909f56bfc062723c751e8b465ee728b)
Start importing Assets/Mesh/_Prefabs/Buildings/NS_Plaster_Building_Roof_WindowB.prefab using Guid(f0905abafc7f6cc4f9ba3365f2b0bd8e) Importer(815301076,1909f56bfc062723c751e8b465ee728b) (PreviewImporter) -> (artifact id: '5b518e50a33c2243ca808e820558bc99') in 0.020792 seconds
Number of updated asset objects reloaded before import = 0Number of asset objects unloaded after import = 10

========================================================================
Received Import Request.
  Time since last request: 0.000047 seconds.
  path: Assets/Mesh/_Models/NS_WallMount_Passage_Middle.fbx
  artifactKey: Guid(f37e4449cff74084395083d108b99201) Importer(815301076,1909f56bfc062723c751e8b465ee728b)
Start importing Assets/Mesh/_Models/NS_WallMount_Passage_Middle.fbx using Guid(f37e4449cff74084395083d108b99201) Importer(815301076,1909f56bfc062723c751e8b465ee728b) (PreviewImporter) -> (artifact id: 'f5beb33f2bf8eb7bf200510d415c76c2') in 0.0190151 seconds
Number of updated asset objects reloaded before import = 0Number of asset objects unloaded after import = 7

========================================================================
Received Import Request.
  Time since last request: 0.000040 seconds.
  path: Assets/Mesh/_Prefabs/Buildings/NS_Plaster_Building_Extention_Small.prefab
  artifactKey: Guid(c880f9d12175c7845bb83e4f8ca4eb58) Importer(815301076,1909f56bfc062723c751e8b465ee728b)
Start importing Assets/Mesh/_Prefabs/Buildings/NS_Plaster_Building_Extention_Small.prefab using Guid(c880f9d12175c7845bb83e4f8ca4eb58) Importer(815301076,1909f56bfc062723c751e8b465ee728b) (PreviewImporter) -> (artifact id: 'eb079b477a7e379208c9ead004e36736') in 0.0463279 seconds
Number of updated asset objects reloaded before import = 0Number of asset objects unloaded after import = 10

========================================================================
Received Import Request.
  Time since last request: 0.000045 seconds.
  path: Assets/Mesh/_Models/NS_Terrain_Sidewalk_Edge_Corner.fbx
  artifactKey: Guid(6c4c49d21475dce40a9845febf2c9a7a) Importer(815301076,1909f56bfc062723c751e8b465ee728b)
Start importing Assets/Mesh/_Models/NS_Terrain_Sidewalk_Edge_Corner.fbx using Guid(6c4c49d21475dce40a9845febf2c9a7a) Importer(815301076,1909f56bfc062723c751e8b465ee728b) (PreviewImporter) -> (artifact id: '26fa946435e4329b1e6f1feb422c8560') in 0.0208294 seconds
Number of updated asset objects reloaded before import = 0Number of asset objects unloaded after import = 7

========================================================================
Received Import Request.
  Time since last request: 0.000027 seconds.
  path: Assets/Mesh/_Prefabs/Buildings/NS_Brick_Apartment_Vitrine.prefab
  artifactKey: Guid(86b3f6a2427f7714b8be535fd7e7dec9) Importer(815301076,1909f56bfc062723c751e8b465ee728b)
Start importing Assets/Mesh/_Prefabs/Buildings/NS_Brick_Apartment_Vitrine.prefab using Guid(86b3f6a2427f7714b8be535fd7e7dec9) Importer(815301076,1909f56bfc062723c751e8b465ee728b) (PreviewImporter) -> (artifact id: '9a4eb0209dd0c6520189f2dcbc1fb73a') in 0.0404733 seconds
Number of updated asset objects reloaded before import = 0Number of asset objects unloaded after import = 10

========================================================================
Received Import Request.
  Time since last request: 0.000029 seconds.
  path: Assets/Mesh/_Models/NS_WallMount_Lamp_Hanged.fbx
  artifactKey: Guid(d90c650e13f14b14985924c6c641df79) Importer(815301076,1909f56bfc062723c751e8b465ee728b)
Start importing Assets/Mesh/_Models/NS_WallMount_Lamp_Hanged.fbx using Guid(d90c650e13f14b14985924c6c641df79) Importer(815301076,1909f56bfc062723c751e8b465ee728b) (PreviewImporter) -> (artifact id: 'e9f4af6beb1a4ea5542d1b32cdf6409e') in 0.0217722 seconds
Number of updated asset objects reloaded before import = 0Number of asset objects unloaded after import = 7

========================================================================
Received Import Request.
  Time since last request: 0.000025 seconds.
  path: Assets/Mesh/_Prefabs/Buildings/NS_Plaster_Building_Corner_Roof.prefab
  artifactKey: Guid(13c3b42c231aa9a47b278878c9ac6626) Importer(815301076,1909f56bfc062723c751e8b465ee728b)
Start importing Assets/Mesh/_Prefabs/Buildings/NS_Plaster_Building_Corner_Roof.prefab using Guid(13c3b42c231aa9a47b278878c9ac6626) Importer(815301076,1909f56bfc062723c751e8b465ee728b) (PreviewImporter) -> (artifact id: '64a9b65ac3e2d3b732af9b59dc61ae27') in 0.0254374 seconds
Number of updated asset objects reloaded before import = 0Number of asset objects unloaded after import = 10

========================================================================
Received Import Request.
  Time since last request: 69.444306 seconds.
  path: Assets/Mesh/_Models/NS_Terrain_Grass_End.fbx
  artifactKey: Guid(faf5c8ad7210c864b941c66a35787d45) Importer(815301076,1909f56bfc062723c751e8b465ee728b)
Start importing Assets/Mesh/_Models/NS_Terrain_Grass_End.fbx using Guid(faf5c8ad7210c864b941c66a35787d45) Importer(815301076,1909f56bfc062723c751e8b465ee728b) (PreviewImporter) -> (artifact id: '82ddea1763b4603dbc0fba1f1c50ec7b') in 0.0161039 seconds
Number of updated asset objects reloaded before import = 0Number of asset objects unloaded after import = 7

========================================================================
Received Import Request.
  Time since last request: 0.000023 seconds.
  path: Assets/Mesh/_Models/NS_Terrain_Grass_Narrow.fbx
  artifactKey: Guid(3b7b5c1fa66275547ab35f0039ff9492) Importer(815301076,1909f56bfc062723c751e8b465ee728b)
Start importing Assets/Mesh/_Models/NS_Terrain_Grass_Narrow.fbx using Guid(3b7b5c1fa66275547ab35f0039ff9492) Importer(815301076,1909f56bfc062723c751e8b465ee728b) (PreviewImporter) -> (artifact id: '0ebdb2a6965f2b270d6a2c0635f6fafd') in 0.0168682 seconds
Number of updated asset objects reloaded before import = 0Number of asset objects unloaded after import = 7

========================================================================
Received Import Request.
  Time since last request: 0.000025 seconds.
  path: Assets/Mesh/_Models/NS_Terrain_Ground.fbx
  artifactKey: Guid(63d877ce7a818cc47bd1002f2f258b5b) Importer(815301076,1909f56bfc062723c751e8b465ee728b)
Start importing Assets/Mesh/_Models/NS_Terrain_Ground.fbx using Guid(63d877ce7a818cc47bd1002f2f258b5b) Importer(815301076,1909f56bfc062723c751e8b465ee728b) (PreviewImporter) -> (artifact id: 'debcf8a57c2274ec982f5c88cbe6bdc5') in 0.0173879 seconds
Number of updated asset objects reloaded before import = 0Number of asset objects unloaded after import = 7

========================================================================
Received Import Request.
  Time since last request: 0.000024 seconds.
  path: Assets/Mesh/_Models/NS_Terrain_RuinsA.fbx
  artifactKey: Guid(0fff32c327cd9384281b013f51866d9a) Importer(815301076,1909f56bfc062723c751e8b465ee728b)
Start importing Assets/Mesh/_Models/NS_Terrain_RuinsA.fbx using Guid(0fff32c327cd9384281b013f51866d9a) Importer(815301076,1909f56bfc062723c751e8b465ee728b) (PreviewImporter) -> (artifact id: '86aafed3b642df8c82652c384ce4291a') in 0.0263122 seconds
Number of updated asset objects reloaded before import = 0Number of asset objects unloaded after import = 9

========================================================================
Received Import Request.
  Time since last request: 0.000028 seconds.
  path: Assets/Mesh/_Models/NS_Terrain_RuinsB.fbx
  artifactKey: Guid(60fbcef1a25661441af2f7b8c17af68d) Importer(815301076,1909f56bfc062723c751e8b465ee728b)
Start importing Assets/Mesh/_Models/NS_Terrain_RuinsB.fbx using Guid(60fbcef1a25661441af2f7b8c17af68d) Importer(815301076,1909f56bfc062723c751e8b465ee728b) (PreviewImporter) -> (artifact id: 'ad89794ea4479093cc623ed0764aa9ad') in 0.0189108 seconds
Number of updated asset objects reloaded before import = 0Number of asset objects unloaded after import = 9

========================================================================
Received Import Request.
  Time since last request: 0.000046 seconds.
  path: Assets/Mesh/_Models/NS_Terrain_Sidewalk_Connect.fbx
  artifactKey: Guid(c8f5f7605edf78e45b98626cddd38522) Importer(815301076,1909f56bfc062723c751e8b465ee728b)
Start importing Assets/Mesh/_Models/NS_Terrain_Sidewalk_Connect.fbx using Guid(c8f5f7605edf78e45b98626cddd38522) Importer(815301076,1909f56bfc062723c751e8b465ee728b) (PreviewImporter) -> (artifact id: 'ca71a5e5a5af0c5930b81b5b86fa5b6c') in 0.010857 seconds
Number of updated asset objects reloaded before import = 0Number of asset objects unloaded after import = 7

========================================================================
Received Import Request.
  Time since last request: 0.000036 seconds.
  path: Assets/Mesh/_Models/NS_Window_SealingB.fbx
  artifactKey: Guid(3a7e090d20a6bd54eaf3c733f899c3cd) Importer(815301076,1909f56bfc062723c751e8b465ee728b)
Start importing Assets/Mesh/_Models/NS_Window_SealingB.fbx using Guid(3a7e090d20a6bd54eaf3c733f899c3cd) Importer(815301076,1909f56bfc062723c751e8b465ee728b) (PreviewImporter) -> (artifact id: 'eeb195d30bbd0a4faa9dfc07290d6a09') in 0.0178211 seconds
Number of updated asset objects reloaded before import = 0Number of asset objects unloaded after import = 7

========================================================================
Received Import Request.
  Time since last request: 0.000029 seconds.
  path: Assets/Mesh/_Models/NS_WoodenFence.fbx
  artifactKey: Guid(3a469f54e374c8c419a24c2a6c566863) Importer(815301076,1909f56bfc062723c751e8b465ee728b)
Start importing Assets/Mesh/_Models/NS_WoodenFence.fbx using Guid(3a469f54e374c8c419a24c2a6c566863) Importer(815301076,1909f56bfc062723c751e8b465ee728b) (PreviewImporter) -> (artifact id: '3a16ccf3cc0fd6ec11079fa802789293') in 0.0197474 seconds
Number of updated asset objects reloaded before import = 0Number of asset objects unloaded after import = 7

========================================================================
Received Import Request.
  Time since last request: 0.000031 seconds.
  path: Assets/Mesh/_Models/NS_WoodenFence_Broken.fbx
  artifactKey: Guid(f92884e6bc7991a43a0bfc7c78b902af) Importer(815301076,1909f56bfc062723c751e8b465ee728b)
Start importing Assets/Mesh/_Models/NS_WoodenFence_Broken.fbx using Guid(f92884e6bc7991a43a0bfc7c78b902af) Importer(815301076,1909f56bfc062723c751e8b465ee728b) (PreviewImporter) -> (artifact id: '20844bb7dd31bc60cb3ddbddd3e18536') in 0.0212088 seconds
Number of updated asset objects reloaded before import = 0Number of asset objects unloaded after import = 7

========================================================================
Received Import Request.
  Time since last request: 49.376521 seconds.
  path: Assets/Mesh/_Models/NS_Scaffolding_Base.fbx
  artifactKey: Guid(f684ea289d7e43f42910fc9bd76d1046) Importer(815301076,1909f56bfc062723c751e8b465ee728b)
Start importing Assets/Mesh/_Models/NS_Scaffolding_Base.fbx using Guid(f684ea289d7e43f42910fc9bd76d1046) Importer(815301076,1909f56bfc062723c751e8b465ee728b) (PreviewImporter) -> (artifact id: '4476a972e863df0c27a622ae1e746fd7') in 0.0172499 seconds
Number of updated asset objects reloaded before import = 0Number of asset objects unloaded after import = 9

========================================================================
Received Import Request.
  Time since last request: 0.039564 seconds.
  path: Assets/Mesh/_Models/NS_Scaffolding_Stairs.fbx
  artifactKey: Guid(e9965af14db729740b337e5642a3ca20) Importer(815301076,1909f56bfc062723c751e8b465ee728b)
Start importing Assets/Mesh/_Models/NS_Scaffolding_Stairs.fbx using Guid(e9965af14db729740b337e5642a3ca20) Importer(815301076,1909f56bfc062723c751e8b465ee728b) (PreviewImporter) -> (artifact id: '133da028f173158262e68397d6b87736') in 0.0146048 seconds
Number of updated asset objects reloaded before import = 0Number of asset objects unloaded after import = 7

========================================================================
Received Import Request.
  Time since last request: 0.029136 seconds.
  path: Assets/Mesh/_Models/NS_Sign_Cafe.fbx
  artifactKey: Guid(54cd02f5a4df32a4983bdce64f244201) Importer(815301076,1909f56bfc062723c751e8b465ee728b)
Start importing Assets/Mesh/_Models/NS_Sign_Cafe.fbx using Guid(54cd02f5a4df32a4983bdce64f244201) Importer(815301076,1909f56bfc062723c751e8b465ee728b) (PreviewImporter) -> (artifact id: 'fbf7093ea1bc9b37219b2d206c0873d1') in 0.0164375 seconds
Number of updated asset objects reloaded before import = 0Number of asset objects unloaded after import = 7

========================================================================
Received Import Request.
  Time since last request: 0.000027 seconds.
  path: Assets/Mesh/_Models/NS_Sign_DrugStore.fbx
  artifactKey: Guid(1db1917c50dc646429c85767228c3d42) Importer(815301076,1909f56bfc062723c751e8b465ee728b)
Start importing Assets/Mesh/_Models/NS_Sign_DrugStore.fbx using Guid(1db1917c50dc646429c85767228c3d42) Importer(815301076,1909f56bfc062723c751e8b465ee728b) (PreviewImporter) -> (artifact id: '68b4bbbfabb46137b17c319f86c66380') in 0.0191101 seconds
Number of updated asset objects reloaded before import = 0Number of asset objects unloaded after import = 7

========================================================================
Received Import Request.
  Time since last request: 0.000026 seconds.
  path: Assets/Mesh/_Models/NS_Terrain_Brick_Walkway.fbx
  artifactKey: Guid(c69dad23dfcc6814aa5a6196bab0a433) Importer(815301076,1909f56bfc062723c751e8b465ee728b)
Start importing Assets/Mesh/_Models/NS_Terrain_Brick_Walkway.fbx using Guid(c69dad23dfcc6814aa5a6196bab0a433) Importer(815301076,1909f56bfc062723c751e8b465ee728b) (PreviewImporter) -> (artifact id: '4bb74cf0c0804752f9f5f949bf73a720') in 0.0496923 seconds
Number of updated asset objects reloaded before import = 0Number of asset objects unloaded after import = 7

========================================================================
Received Import Request.
  Time since last request: 0.000028 seconds.
  path: Assets/Mesh/_Models/NS_Terrain_Grass_Corner.fbx
  artifactKey: Guid(084dfea4fbbab0a458c25f01b39a9271) Importer(815301076,1909f56bfc062723c751e8b465ee728b)
Start importing Assets/Mesh/_Models/NS_Terrain_Grass_Corner.fbx using Guid(084dfea4fbbab0a458c25f01b39a9271) Importer(815301076,1909f56bfc062723c751e8b465ee728b) (PreviewImporter) -> (artifact id: 'cd3b465b37b7f031f0832ff9b2142e8d') in 0.0180962 seconds
Number of updated asset objects reloaded before import = 0Number of asset objects unloaded after import = 7

Editor requested this worker to shutdown with reason: Scaling down because of idle timeout
AssetImportWorker is now disconnected from the server
Process exiting
Exiting without the bug reporter. Application will terminate with return code 0