Using pre-set license
Built from '6000.0/staging' branch; Version is '6000.0.37f1 (090b7797214c) revision 592759'; Using compiler version '193933523'; Build Type 'Release'
OS: 'Windows 10  (10.0.19045) 64bit Core' Language: 'ko' Physical Memory: 16316 MB
BatchMode: 1, IsHumanControllingUs: 0, StartBugReporterOnCrash: 0, Is64bit: 1, IsPro: 1

COMMAND LINE ARGUMENTS:
E:\UnityEditor\6000.0.37f1\Editor\Unity.exe
-adb2
-batchMode
-noUpm
-name
AssetImportWorker6
-projectPath
E:/UnityProjects/Project_JazzDevil
-logFile
Logs/AssetImportWorker6.log
-srvPort
3706
-job-worker-count
5
-background-job-worker-count
8
-gc-helper-count
1
Successfully changed project path to: E:/UnityProjects/Project_JazzDevil
E:/UnityProjects/Project_JazzDevil
[UnityMemory] Configuration Parameters - Can be set up in boot.config
    "memorysetup-bucket-allocator-granularity=16"
    "memorysetup-bucket-allocator-bucket-count=8"
    "memorysetup-bucket-allocator-block-size=33554432"
    "memorysetup-bucket-allocator-block-count=8"
    "memorysetup-main-allocator-block-size=16777216"
    "memorysetup-thread-allocator-block-size=16777216"
    "memorysetup-gfx-main-allocator-block-size=16777216"
    "memorysetup-gfx-thread-allocator-block-size=16777216"
    "memorysetup-cache-allocator-block-size=4194304"
    "memorysetup-typetree-allocator-block-size=2097152"
    "memorysetup-profiler-bucket-allocator-granularity=16"
    "memorysetup-profiler-bucket-allocator-bucket-count=8"
    "memorysetup-profiler-bucket-allocator-block-size=33554432"
    "memorysetup-profiler-bucket-allocator-block-count=8"
    "memorysetup-profiler-allocator-block-size=16777216"
    "memorysetup-profiler-editor-allocator-block-size=1048576"
    "memorysetup-temp-allocator-size-main=16777216"
    "memorysetup-job-temp-allocator-block-size=2097152"
    "memorysetup-job-temp-allocator-block-size-background=1048576"
    "memorysetup-job-temp-allocator-reduction-small-platforms=262144"
    "memorysetup-allocator-temp-initial-block-size-main=262144"
    "memorysetup-allocator-temp-initial-block-size-worker=262144"
    "memorysetup-temp-allocator-size-background-worker=32768"
    "memorysetup-temp-allocator-size-job-worker=262144"
    "memorysetup-temp-allocator-size-preload-manager=33554432"
    "memorysetup-temp-allocator-size-nav-mesh-worker=65536"
    "memorysetup-temp-allocator-size-audio-worker=65536"
    "memorysetup-temp-allocator-size-cloud-worker=32768"
    "memorysetup-temp-allocator-size-gi-baking-worker=262144"
    "memorysetup-temp-allocator-size-gi-baking-worker=262144"
    "memorysetup-temp-allocator-size-gi-baking-worker=262144"
    "memorysetup-temp-allocator-size-gi-baking-worker=262144"
    "memorysetup-temp-allocator-size-gi-baking-worker=262144"
    "memorysetup-temp-allocator-size-gfx=262144"
Player connection [25928]  Target information:

Player connection [25928]  * "[IP] 121.136.98.16 [Port] 0 [Flags] 2 [Guid] 177048031 [EditorId] 177048031 [Version] 1048832 [Id] WindowsEditor(7,DESKTOP-T3IK9JD) [Debug] 1 [PackageName] WindowsEditor [ProjectName] Editor" 

Player connection [25928] Host joined multi-casting on [225.0.0.222:54997]...
Player connection [25928] Host joined alternative multi-casting on [225.0.0.222:34997]...
JobSystem: Creating JobQueue using job-worker-count value 5
Input System module state changed to: Initialized.
[Physics::Module] Initialized fallback backend.
[Physics::Module] Id: 0xdecafbad
Library Redirect Path: Library/
[Physics::Module] Selected backend.
[Physics::Module] Name: PhysX
[Physics::Module] Id: 0xf2b8ea05
[Physics::Module] SDK Version: 4.1.2
[Physics::Module] Integration Version: 1.0.0
[Physics::Module] Threading Mode: Multi-Threaded
Refreshing native plugins compatible for Editor in 6.53 ms, found 4 plugins.
Preloading 0 native plugins for Editor in 0.00 ms.
Initialize engine version: 6000.0.37f1 (090b7797214c)
[Subsystems] Discovering subsystems at path E:/UnityEditor/6000.0.37f1/Editor/Data/Resources/UnitySubsystems
[Subsystems] Discovering subsystems at path E:/UnityProjects/Project_JazzDevil/Assets
GfxDevice: creating device client; kGfxThreadingModeNonThreaded
Direct3D:
    Version:  Direct3D 11.0 [level 11.1]
    Renderer: NVIDIA GeForce RTX 2060 (ID=0x1e89)
    Vendor:   NVIDIA
    VRAM:     5945 MB
    Driver:   32.0.15.6094
Initialize mono
Mono path[0] = 'E:/UnityEditor/6000.0.37f1/Editor/Data/Managed'
Mono path[1] = 'E:/UnityEditor/6000.0.37f1/Editor/Data/MonoBleedingEdge/lib/mono/unityjit-win32'
Mono config path = 'E:/UnityEditor/6000.0.37f1/Editor/Data/MonoBleedingEdge/etc'
Using monoOptions --debugger-agent=transport=dt_socket,embedding=1,server=y,suspend=n,address=127.0.0.1:56700
Begin MonoManager ReloadAssembly
Registering precompiled unity dll's ...
Register platform support module: E:/UnityEditor/6000.0.37f1/Editor/Data/PlaybackEngines/WindowsStandaloneSupport/UnityEditor.WindowsStandalone.Extensions.dll
Registered in 0.005755 seconds.
- Loaded All Assemblies, in  0.877 seconds
Native extension for WindowsStandalone target not found
Mono: successfully reloaded assembly
- Finished resetting the current domain, in  0.587 seconds
Domain Reload Profiling: 1464ms
	BeginReloadAssembly (401ms)
		ExecutionOrderSort (0ms)
		DisableScriptedObjects (0ms)
		BackupInstance (0ms)
		ReleaseScriptingObjects (0ms)
		CreateAndSetChildDomain (1ms)
	RebuildCommonClasses (73ms)
	RebuildNativeTypeToScriptingClass (23ms)
	initialDomainReloadingComplete (80ms)
	LoadAllAssembliesAndSetupDomain (299ms)
		LoadAssemblies (400ms)
		RebuildTransferFunctionScriptingTraits (0ms)
		AnalyzeDomain (294ms)
			TypeCache.Refresh (291ms)
				TypeCache.ScanAssembly (266ms)
			BuildScriptInfoCaches (0ms)
			ResolveRequiredComponents (1ms)
	FinalizeReload (588ms)
		ReleaseScriptCaches (0ms)
		RebuildScriptCaches (0ms)
		SetupLoadedEditorAssemblies (511ms)
			LogAssemblyErrors (0ms)
			InitializePlatformSupportModulesInManaged (39ms)
			SetLoadedEditorAssemblies (8ms)
			BeforeProcessingInitializeOnLoad (83ms)
			ProcessInitializeOnLoadAttributes (231ms)
			ProcessInitializeOnLoadMethodAttributes (150ms)
			AfterProcessingInitializeOnLoad (0ms)
			EditorAssembliesLoaded (0ms)
		ExecutionOrderSort2 (0ms)
		AwakeInstancesAfterBackupRestoration (0ms)
========================================================================
Worker process is ready to serve import requests
Import Worker Mode flag is 0x00
Begin MonoManager ReloadAssembly
- Loaded All Assemblies, in  1.805 seconds
Refreshing native plugins compatible for Editor in 3.15 ms, found 4 plugins.
Native extension for WindowsStandalone target not found
Mono: successfully reloaded assembly
- Finished resetting the current domain, in  1.703 seconds
Domain Reload Profiling: 3506ms
	BeginReloadAssembly (379ms)
		ExecutionOrderSort (0ms)
		DisableScriptedObjects (9ms)
		BackupInstance (0ms)
		ReleaseScriptingObjects (0ms)
		CreateAndSetChildDomain (50ms)
	RebuildCommonClasses (68ms)
	RebuildNativeTypeToScriptingClass (21ms)
	initialDomainReloadingComplete (66ms)
	LoadAllAssembliesAndSetupDomain (1268ms)
		LoadAssemblies (847ms)
		RebuildTransferFunctionScriptingTraits (0ms)
		AnalyzeDomain (690ms)
			TypeCache.Refresh (487ms)
				TypeCache.ScanAssembly (449ms)
			BuildScriptInfoCaches (172ms)
			ResolveRequiredComponents (22ms)
	FinalizeReload (1704ms)
		ReleaseScriptCaches (0ms)
		RebuildScriptCaches (0ms)
		SetupLoadedEditorAssemblies (1381ms)
			LogAssemblyErrors (0ms)
			InitializePlatformSupportModulesInManaged (4ms)
			SetLoadedEditorAssemblies (8ms)
			BeforeProcessingInitializeOnLoad (199ms)
			ProcessInitializeOnLoadAttributes (978ms)
			ProcessInitializeOnLoadMethodAttributes (188ms)
			AfterProcessingInitializeOnLoad (4ms)
			EditorAssembliesLoaded (0ms)
		ExecutionOrderSort2 (0ms)
		AwakeInstancesAfterBackupRestoration (23ms)
Launched and connected shader compiler UnityShaderCompiler.exe after 0.03 seconds
Refreshing native plugins compatible for Editor in 3.67 ms, found 4 plugins.
Preloading 0 native plugins for Editor in 0.00 ms.
Unloading 207 Unused Serialized files (Serialized files now loaded: 0)
Unloading 6310 unused Assets / (7.4 MB). Loaded Objects now: 6973.
Memory consumption went from 167.6 MB to 160.3 MB.
Total: 28.451500 ms (FindLiveObjects: 1.302000 ms CreateObjectMapping: 1.105000 ms MarkObjects: 9.453000 ms  DeleteObjects: 16.589200 ms)

========================================================================
Received Import Request.
  Time since last request: 27839.356914 seconds.
  path: Assets/Mesh/_Prefabs/Industrial/NS_Industrial_Warehouse_Large.prefab
  artifactKey: Guid(e40e249cd0decb047b8815e9492be69f) Importer(2089858483,3d70f49cd1c2eb9ae422958d1c652c6b)
Start importing Assets/Mesh/_Prefabs/Industrial/NS_Industrial_Warehouse_Large.prefab using Guid(e40e249cd0decb047b8815e9492be69f) Importer(2089858483,3d70f49cd1c2eb9ae422958d1c652c6b) (ScriptedImporter) -> (artifact id: 'c31d198b6873576b400c080ee0f85685') in 0.271889 seconds
Number of updated asset objects reloaded before import = 0Number of asset objects unloaded after import = 18

========================================================================
Received Import Request.
  Time since last request: 0.000025 seconds.
  path: Assets/Mesh/_Prefabs/Buildings/NS_Plaster_Building_Divider_MiddleB.prefab
  artifactKey: Guid(c01417e369d358e4bac91be44267f332) Importer(2089858483,3d70f49cd1c2eb9ae422958d1c652c6b)
Start importing Assets/Mesh/_Prefabs/Buildings/NS_Plaster_Building_Divider_MiddleB.prefab using Guid(c01417e369d358e4bac91be44267f332) Importer(2089858483,3d70f49cd1c2eb9ae422958d1c652c6b) (ScriptedImporter) -> (artifact id: '65f80ced2a7bfba9db3d2e8a85b708c2') in 0.0176871 seconds
Number of updated asset objects reloaded before import = 0Number of asset objects unloaded after import = 8

========================================================================
Received Import Request.
  Time since last request: 0.000037 seconds.
  path: Assets/Mesh/_Prefabs/Props/NS_Prop_Bench.prefab
  artifactKey: Guid(5c78605a787e4dc46ba19842fb334685) Importer(2089858483,3d70f49cd1c2eb9ae422958d1c652c6b)
Start importing Assets/Mesh/_Prefabs/Props/NS_Prop_Bench.prefab using Guid(5c78605a787e4dc46ba19842fb334685) Importer(2089858483,3d70f49cd1c2eb9ae422958d1c652c6b) (ScriptedImporter) -> (artifact id: '080ad90370b35bd2a1f7bdc3848fac90') in 0.0181583 seconds
Number of updated asset objects reloaded before import = 0Number of asset objects unloaded after import = 8

========================================================================
Received Import Request.
  Time since last request: 0.000031 seconds.
  path: Assets/Mesh/_Prefabs/Environment/NS_Terrain_Grass_Corner_Pit.prefab
  artifactKey: Guid(bf64ecc19dc7b0e488229f57e0024201) Importer(2089858483,3d70f49cd1c2eb9ae422958d1c652c6b)
Start importing Assets/Mesh/_Prefabs/Environment/NS_Terrain_Grass_Corner_Pit.prefab using Guid(bf64ecc19dc7b0e488229f57e0024201) Importer(2089858483,3d70f49cd1c2eb9ae422958d1c652c6b) (ScriptedImporter) -> (artifact id: 'ed21eb522f3dec38a0887d830e018f4a') in 0.0181813 seconds
Number of updated asset objects reloaded before import = 0Number of asset objects unloaded after import = 8

========================================================================
Received Import Request.
  Time since last request: 0.000027 seconds.
  path: Assets/Settings/Mobile_Renderer.asset
  artifactKey: Guid(65bc7dbf4170f435aa868c779acfb082) Importer(2089858483,3d70f49cd1c2eb9ae422958d1c652c6b)
Start importing Assets/Settings/Mobile_Renderer.asset using Guid(65bc7dbf4170f435aa868c779acfb082) Importer(2089858483,3d70f49cd1c2eb9ae422958d1c652c6b) (ScriptedImporter) -> (artifact id: '4d423ed319a754099ed75b678a8ab81e') in 0.0225272 seconds
Number of updated asset objects reloaded before import = 0Number of asset objects unloaded after import = 0

========================================================================
Received Import Request.
  Time since last request: 0.000029 seconds.
  path: Assets/Audio/140BPM
  artifactKey: Guid(60cf1082f942e234098d4642b482b6be) Importer(2089858483,192608db42251d675da83286b1cce702)
Start importing Assets/Audio/140BPM using Guid(60cf1082f942e234098d4642b482b6be) Importer(2089858483,192608db42251d675da83286b1cce702) (ScriptedImporter) -> (artifact id: '20935d378a3da6b3f6e78dcfdb107fc0') in 0.0221856 seconds
Number of updated asset objects reloaded before import = 0Number of asset objects unloaded after import = 1

========================================================================
Received Import Request.
  Time since last request: 0.000036 seconds.
  path: Assets/Mesh/_Prefabs/Environment/NS_River_Wall_Sewer.prefab
  artifactKey: Guid(fc6d625f3c8d17848bb83a0befa1387a) Importer(2089858483,3d70f49cd1c2eb9ae422958d1c652c6b)
Start importing Assets/Mesh/_Prefabs/Environment/NS_River_Wall_Sewer.prefab using Guid(fc6d625f3c8d17848bb83a0befa1387a) Importer(2089858483,3d70f49cd1c2eb9ae422958d1c652c6b) (ScriptedImporter) -> (artifact id: '9ed40748c9035cf09055cf4d7811ea05') in 0.0191337 seconds
Number of updated asset objects reloaded before import = 0Number of asset objects unloaded after import = 9

========================================================================
Received Import Request.
  Time since last request: 0.000028 seconds.
  path: Assets/Mesh/_Models/NS_Sign_Cafe.fbx
  artifactKey: Guid(54cd02f5a4df32a4983bdce64f244201) Importer(2089858483,192608db42251d675da83286b1cce702)
Start importing Assets/Mesh/_Models/NS_Sign_Cafe.fbx using Guid(54cd02f5a4df32a4983bdce64f244201) Importer(2089858483,192608db42251d675da83286b1cce702) (ScriptedImporter) -> (artifact id: '8a0abfaaa03b4c86a3c0f7c02af14ec8') in 0.1151456 seconds
Number of updated asset objects reloaded before import = 0Number of asset objects unloaded after import = 7

========================================================================
Received Import Request.
  Time since last request: 0.000036 seconds.
  path: Assets/Mesh/_Prefabs/Props/NS_Prop_Booth.prefab
  artifactKey: Guid(fa7e02fc15ac3f742b24747e57814de7) Importer(2089858483,3d70f49cd1c2eb9ae422958d1c652c6b)
Start importing Assets/Mesh/_Prefabs/Props/NS_Prop_Booth.prefab using Guid(fa7e02fc15ac3f742b24747e57814de7) Importer(2089858483,3d70f49cd1c2eb9ae422958d1c652c6b) (ScriptedImporter) -> (artifact id: '1982f6893b056fdf2a81e0fd9b7e6b5a') in 0.0238622 seconds
Number of updated asset objects reloaded before import = 0Number of asset objects unloaded after import = 8

========================================================================
Received Import Request.
  Time since last request: 0.000047 seconds.
  path: Assets/Mesh/_Prefabs/Props/NS_Prop_Brick_RubbleC.prefab
  artifactKey: Guid(449ebc48531a51448a1e1e8d768e1ae5) Importer(2089858483,3d70f49cd1c2eb9ae422958d1c652c6b)
Start importing Assets/Mesh/_Prefabs/Props/NS_Prop_Brick_RubbleC.prefab using Guid(449ebc48531a51448a1e1e8d768e1ae5) Importer(2089858483,3d70f49cd1c2eb9ae422958d1c652c6b) (ScriptedImporter) -> (artifact id: '84482769b7dcd5b6ec3703f716c97fa5') in 0.0221951 seconds
Number of updated asset objects reloaded before import = 0Number of asset objects unloaded after import = 8

========================================================================
Received Import Request.
  Time since last request: 0.000047 seconds.
  path: Assets/Mesh/_Prefabs/Environment/NS_Terrain_Walkway_End.prefab
  artifactKey: Guid(72360a0893b51fe4d9a92f87722fe15e) Importer(2089858483,3d70f49cd1c2eb9ae422958d1c652c6b)
Start importing Assets/Mesh/_Prefabs/Environment/NS_Terrain_Walkway_End.prefab using Guid(72360a0893b51fe4d9a92f87722fe15e) Importer(2089858483,3d70f49cd1c2eb9ae422958d1c652c6b) (ScriptedImporter) -> (artifact id: 'a6f0946189eec0d42e1d8f7887fce738') in 0.0217723 seconds
Number of updated asset objects reloaded before import = 0Number of asset objects unloaded after import = 8

========================================================================
Received Import Request.
  Time since last request: 0.000053 seconds.
  path: Assets/Mesh/_Prefabs/Buildings/NS_Plaster_Building_Divider_MiddleA.prefab
  artifactKey: Guid(b720cc8e865d1314fb5fd9a04b53deed) Importer(2089858483,3d70f49cd1c2eb9ae422958d1c652c6b)
Start importing Assets/Mesh/_Prefabs/Buildings/NS_Plaster_Building_Divider_MiddleA.prefab using Guid(b720cc8e865d1314fb5fd9a04b53deed) Importer(2089858483,3d70f49cd1c2eb9ae422958d1c652c6b) (ScriptedImporter) -> (artifact id: '61837527b7e8efff224b99452a7fa758') in 0.025046 seconds
Number of updated asset objects reloaded before import = 0Number of asset objects unloaded after import = 8

========================================================================
Received Import Request.
  Time since last request: 0.000055 seconds.
  path: Assets/Mesh/_Prefabs/Buildings/NS_Brick_Apartment_RoofB.prefab
  artifactKey: Guid(236d5a8fd3414834e9dc3d59d510a2c1) Importer(2089858483,192608db42251d675da83286b1cce702)
Start importing Assets/Mesh/_Prefabs/Buildings/NS_Brick_Apartment_RoofB.prefab using Guid(236d5a8fd3414834e9dc3d59d510a2c1) Importer(2089858483,192608db42251d675da83286b1cce702) (ScriptedImporter) -> (artifact id: '38b2233db130078738d69e7bcb810ee8') in 0.0423686 seconds
Number of updated asset objects reloaded before import = 0Number of asset objects unloaded after import = 8

========================================================================
Received Import Request.
  Time since last request: 0.000102 seconds.
  path: Assets/Mesh/_Prefabs/Props/NS_Prop_Drain_Pipe_Mid.prefab
  artifactKey: Guid(33f6c89f828a3b445b9834665af6bbbd) Importer(2089858483,3d70f49cd1c2eb9ae422958d1c652c6b)
Start importing Assets/Mesh/_Prefabs/Props/NS_Prop_Drain_Pipe_Mid.prefab using Guid(33f6c89f828a3b445b9834665af6bbbd) Importer(2089858483,3d70f49cd1c2eb9ae422958d1c652c6b) (ScriptedImporter) -> (artifact id: 'af7c1169b77fc161ead7279ec73660b4') in 0.1836948 seconds
Number of updated asset objects reloaded before import = 0Number of asset objects unloaded after import = 8

========================================================================
Received Import Request.
  Time since last request: 0.000031 seconds.
  path: Assets/Mesh/_Prefabs/Props/NS_Prop_Cauldron.prefab
  artifactKey: Guid(b8c402eb09a07394abb3ec352c73a5a8) Importer(2089858483,3d70f49cd1c2eb9ae422958d1c652c6b)
Start importing Assets/Mesh/_Prefabs/Props/NS_Prop_Cauldron.prefab using Guid(b8c402eb09a07394abb3ec352c73a5a8) Importer(2089858483,3d70f49cd1c2eb9ae422958d1c652c6b) (ScriptedImporter) -> (artifact id: '9010bb15175c45431e6766226cf1a5a1') in 0.0238419 seconds
Number of updated asset objects reloaded before import = 0Number of asset objects unloaded after import = 8

========================================================================
Received Import Request.
  Time since last request: 0.000048 seconds.
  path: Assets/Mesh/_Prefabs/Buildings/NS_Plaster_Building_Corner_Roof.prefab
  artifactKey: Guid(13c3b42c231aa9a47b278878c9ac6626) Importer(2089858483,192608db42251d675da83286b1cce702)
Start importing Assets/Mesh/_Prefabs/Buildings/NS_Plaster_Building_Corner_Roof.prefab using Guid(13c3b42c231aa9a47b278878c9ac6626) Importer(2089858483,192608db42251d675da83286b1cce702) (ScriptedImporter) -> (artifact id: 'd7121e8db226c2b89c850ddaa133088c') in 0.0852047 seconds
Number of updated asset objects reloaded before import = 0Number of asset objects unloaded after import = 8

========================================================================
Received Import Request.
  Time since last request: 0.000025 seconds.
  path: Assets/Mesh/_Prefabs/Props/NS_Prop_Flag_Garland.prefab
  artifactKey: Guid(9ca050aad1b94054680cd66a2c84962f) Importer(2089858483,3d70f49cd1c2eb9ae422958d1c652c6b)
Start importing Assets/Mesh/_Prefabs/Props/NS_Prop_Flag_Garland.prefab using Guid(9ca050aad1b94054680cd66a2c84962f) Importer(2089858483,3d70f49cd1c2eb9ae422958d1c652c6b) (ScriptedImporter) -> (artifact id: 'aef060843abe540e1e40d454570e9501') in 0.0198368 seconds
Number of updated asset objects reloaded before import = 0Number of asset objects unloaded after import = 9

========================================================================
Received Import Request.
  Time since last request: 0.000056 seconds.
  path: Assets/Mesh/_Models/NS_Industrial_FactoryB.fbx
  artifactKey: Guid(99de20652fcac95489cff180e729b373) Importer(2089858483,192608db42251d675da83286b1cce702)
Start importing Assets/Mesh/_Models/NS_Industrial_FactoryB.fbx using Guid(99de20652fcac95489cff180e729b373) Importer(2089858483,192608db42251d675da83286b1cce702) (ScriptedImporter) -> (artifact id: '08f2bf0dc0af7a549d277ffbba69f803') in 0.0377628 seconds
Number of updated asset objects reloaded before import = 0Number of asset objects unloaded after import = 7

========================================================================
Received Import Request.
  Time since last request: 0.000077 seconds.
  path: Assets/Scenes/SampleScene.unity
  artifactKey: Guid(99c9720ab356a0642a771bea13969a05) Importer(2089858483,3d70f49cd1c2eb9ae422958d1c652c6b)
Start importing Assets/Scenes/SampleScene.unity using Guid(99c9720ab356a0642a771bea13969a05) Importer(2089858483,3d70f49cd1c2eb9ae422958d1c652c6b) (ScriptedImporter)Opening scene 'Assets/Scenes/SampleScene.unity additively'
Loaded scene 'Assets/Scenes/SampleScene.unity'
	Deserialize:            43.436 ms
	Integration:            467.848 ms
	Integration of assets:  1.155 ms
	Thread Wait Time:       0.222 ms
	Total Operation Time:   512.661 ms
 -> (artifact id: '5604f36b41b336fad4d6bd6549cdb140') in 0.6752155 seconds
Number of updated asset objects reloaded before import = 0Number of asset objects unloaded after import = 196

========================================================================
Received Import Request.
  Time since last request: 0.000038 seconds.
  path: Assets/Mesh/_Prefabs/Props/NS_Prop_PlantGround.prefab
  artifactKey: Guid(feb147c2e2f801843a64d481adb4636d) Importer(2089858483,3d70f49cd1c2eb9ae422958d1c652c6b)
Start importing Assets/Mesh/_Prefabs/Props/NS_Prop_PlantGround.prefab using Guid(feb147c2e2f801843a64d481adb4636d) Importer(2089858483,3d70f49cd1c2eb9ae422958d1c652c6b) (ScriptedImporter) -> (artifact id: '38b25f2349671d9d4bf7fc1e3938c863') in 0.0189835 seconds
Number of updated asset objects reloaded before import = 0Number of asset objects unloaded after import = 8

========================================================================
Received Import Request.
  Time since last request: 0.000048 seconds.
  path: Assets/Scripts/NoteJudge.cs
  artifactKey: Guid(83ca7e83e28295940bbc748d0ad22857) Importer(2089858483,192608db42251d675da83286b1cce702)
Start importing Assets/Scripts/NoteJudge.cs using Guid(83ca7e83e28295940bbc748d0ad22857) Importer(2089858483,192608db42251d675da83286b1cce702) (ScriptedImporter) -> (artifact id: 'fb7de5539134c922a2811ebc3c6c01c6') in 0.0189318 seconds
Number of updated asset objects reloaded before import = 0Number of asset objects unloaded after import = 0

========================================================================
Received Import Request.
  Time since last request: 0.000024 seconds.
  path: Assets/Mesh/_Prefabs/Buildings/NS_Plaster_Building_Divider_Top.prefab
  artifactKey: Guid(28e3df17d1d8c954e92a3bf6d43a9e2b) Importer(2089858483,192608db42251d675da83286b1cce702)
Start importing Assets/Mesh/_Prefabs/Buildings/NS_Plaster_Building_Divider_Top.prefab using Guid(28e3df17d1d8c954e92a3bf6d43a9e2b) Importer(2089858483,192608db42251d675da83286b1cce702) (ScriptedImporter) -> (artifact id: 'db2763f7f3f7549fff28d46868a2d678') in 0.1178765 seconds
Number of updated asset objects reloaded before import = 0Number of asset objects unloaded after import = 8

========================================================================
Received Import Request.
  Time since last request: 0.000032 seconds.
  path: Assets/Mesh/_Prefabs/Props/NS_Sign_CashStore.prefab
  artifactKey: Guid(d59f63ce3c5c4dd42bfdd64b215dd201) Importer(2089858483,192608db42251d675da83286b1cce702)
Start importing Assets/Mesh/_Prefabs/Props/NS_Sign_CashStore.prefab using Guid(d59f63ce3c5c4dd42bfdd64b215dd201) Importer(2089858483,192608db42251d675da83286b1cce702) (ScriptedImporter) -> (artifact id: 'f98221c2fd9695556732de0a4638a807') in 0.1178766 seconds
Number of updated asset objects reloaded before import = 0Number of asset objects unloaded after import = 8

========================================================================
Received Import Request.
  Time since last request: 0.000043 seconds.
  path: Assets/Mesh/_Prefabs/Props/NS_Prop_ThreeEntrance.prefab
  artifactKey: Guid(3e25660f3943d794facd3ecb33171a9a) Importer(2089858483,3d70f49cd1c2eb9ae422958d1c652c6b)
Start importing Assets/Mesh/_Prefabs/Props/NS_Prop_ThreeEntrance.prefab using Guid(3e25660f3943d794facd3ecb33171a9a) Importer(2089858483,3d70f49cd1c2eb9ae422958d1c652c6b) (ScriptedImporter) -> (artifact id: '48beb9bab2e41c1760e1145177bddfdc') in 0.0196851 seconds
Number of updated asset objects reloaded before import = 0Number of asset objects unloaded after import = 8

========================================================================
Received Import Request.
  Time since last request: 0.000024 seconds.
  path: Assets/Mesh/_Prefabs/Environment/NS_Terrain_Sidewalk_River_Corner.prefab
  artifactKey: Guid(353fe7457b38d124ab81450e707fa30a) Importer(2089858483,192608db42251d675da83286b1cce702)
Start importing Assets/Mesh/_Prefabs/Environment/NS_Terrain_Sidewalk_River_Corner.prefab using Guid(353fe7457b38d124ab81450e707fa30a) Importer(2089858483,192608db42251d675da83286b1cce702) (ScriptedImporter) -> (artifact id: 'a3a1b680ab6466b90dea031f5116de72') in 0.1498718 seconds
Number of updated asset objects reloaded before import = 0Number of asset objects unloaded after import = 8

========================================================================
Received Import Request.
  Time since last request: 0.000038 seconds.
  path: Assets/Mesh/_Prefabs/Props/NS_WallMount_Balcony_Stone_Small.prefab
  artifactKey: Guid(a71608ee8f9a6284f93ec276d0c1a41b) Importer(2089858483,3d70f49cd1c2eb9ae422958d1c652c6b)
Start importing Assets/Mesh/_Prefabs/Props/NS_WallMount_Balcony_Stone_Small.prefab using Guid(a71608ee8f9a6284f93ec276d0c1a41b) Importer(2089858483,3d70f49cd1c2eb9ae422958d1c652c6b) (ScriptedImporter) -> (artifact id: 'f7e20e273762d0964ba207835ed4f4d7') in 0.0204408 seconds
Number of updated asset objects reloaded before import = 0Number of asset objects unloaded after import = 8

========================================================================
Received Import Request.
  Time since last request: 0.000052 seconds.
  path: Assets/Mesh/_Prefabs/Props/NS_Scaffolding_Stairs.prefab
  artifactKey: Guid(8f93e1a8d410d0f4781fc8c41b96ca5e) Importer(2089858483,192608db42251d675da83286b1cce702)
Start importing Assets/Mesh/_Prefabs/Props/NS_Scaffolding_Stairs.prefab using Guid(8f93e1a8d410d0f4781fc8c41b96ca5e) Importer(2089858483,192608db42251d675da83286b1cce702) (ScriptedImporter) -> (artifact id: 'e41ecc2a7ebfa0ca9d7f769d8b3c8143') in 0.0358893 seconds
Number of updated asset objects reloaded before import = 0Number of asset objects unloaded after import = 8

========================================================================
Received Import Request.
  Time since last request: 0.000029 seconds.
  path: Assets/Mesh/_Prefabs/Props/NS_Prop_Drain_Pipe_Mid.prefab
  artifactKey: Guid(33f6c89f828a3b445b9834665af6bbbd) Importer(2089858483,192608db42251d675da83286b1cce702)
Start importing Assets/Mesh/_Prefabs/Props/NS_Prop_Drain_Pipe_Mid.prefab using Guid(33f6c89f828a3b445b9834665af6bbbd) Importer(2089858483,192608db42251d675da83286b1cce702) (ScriptedImporter) -> (artifact id: 'fb71d9857474d8d002f9375ca0d1ef8e') in 0.1203645 seconds
Number of updated asset objects reloaded before import = 0Number of asset objects unloaded after import = 8

========================================================================
Received Import Request.
  Time since last request: 0.000029 seconds.
  path: Assets/Mesh/_Prefabs/Buildings/NS_Brick_Apartment_ChimneyA.prefab
  artifactKey: Guid(2d50834f4027f2540a8fb0c7c74b4b0e) Importer(2089858483,192608db42251d675da83286b1cce702)
Start importing Assets/Mesh/_Prefabs/Buildings/NS_Brick_Apartment_ChimneyA.prefab using Guid(2d50834f4027f2540a8fb0c7c74b4b0e) Importer(2089858483,192608db42251d675da83286b1cce702) (ScriptedImporter) -> (artifact id: '33e74ca486e5c3eb4cbb091af099e85d') in 0.0655251 seconds
Number of updated asset objects reloaded before import = 0Number of asset objects unloaded after import = 8

========================================================================
Received Import Request.
  Time since last request: 0.000039 seconds.
  path: Assets/Mesh/_Prefabs/Vehicles/NS_Prop_CartA.prefab
  artifactKey: Guid(41b97cf3255246945b168602f171202d) Importer(2089858483,192608db42251d675da83286b1cce702)
Start importing Assets/Mesh/_Prefabs/Vehicles/NS_Prop_CartA.prefab using Guid(41b97cf3255246945b168602f171202d) Importer(2089858483,192608db42251d675da83286b1cce702) (ScriptedImporter) -> (artifact id: 'b36f2f8b00cbf36e1e57b07507629e76') in 0.1345246 seconds
Number of updated asset objects reloaded before import = 0Number of asset objects unloaded after import = 23

========================================================================
Received Import Request.
  Time since last request: 0.000020 seconds.
  path: Assets/Mesh/_Models/NS_Prop_ManholeB.fbx
  artifactKey: Guid(b62547d23c66db641ac1e35cca369848) Importer(2089858483,192608db42251d675da83286b1cce702)
Start importing Assets/Mesh/_Models/NS_Prop_ManholeB.fbx using Guid(b62547d23c66db641ac1e35cca369848) Importer(2089858483,192608db42251d675da83286b1cce702) (ScriptedImporter) -> (artifact id: '4ee3d9891a7fd541936051e82a20a0c9') in 0.0324514 seconds
Number of updated asset objects reloaded before import = 0Number of asset objects unloaded after import = 7

========================================================================
Received Import Request.
  Time since last request: 0.000026 seconds.
  path: Assets/Mesh/_Prefabs/Props/NS_Scaffolding_Base.prefab
  artifactKey: Guid(68b49b1f89eabb6419e104c29575026e) Importer(2089858483,3d70f49cd1c2eb9ae422958d1c652c6b)
Start importing Assets/Mesh/_Prefabs/Props/NS_Scaffolding_Base.prefab using Guid(68b49b1f89eabb6419e104c29575026e) Importer(2089858483,3d70f49cd1c2eb9ae422958d1c652c6b) (ScriptedImporter) -> (artifact id: '31ff1bc6e7631ec346718588a3fbedf2') in 0.0164911 seconds
Number of updated asset objects reloaded before import = 0Number of asset objects unloaded after import = 8

========================================================================
Received Import Request.
  Time since last request: 0.000036 seconds.
  path: Assets/Mesh/_Prefabs/Props/NS_Prop_LaundryA.prefab
  artifactKey: Guid(f700757be8688c040be5da8c417998f8) Importer(2089858483,3d70f49cd1c2eb9ae422958d1c652c6b)
Start importing Assets/Mesh/_Prefabs/Props/NS_Prop_LaundryA.prefab using Guid(f700757be8688c040be5da8c417998f8) Importer(2089858483,3d70f49cd1c2eb9ae422958d1c652c6b) (ScriptedImporter) -> (artifact id: 'a6789c3cdc287bb3dec0933fd1173407') in 0.0161368 seconds
Number of updated asset objects reloaded before import = 0Number of asset objects unloaded after import = 8

========================================================================
Received Import Request.
  Time since last request: 0.000018 seconds.
  path: Assets/Mesh/_Prefabs/Environment/NS_Terrain_CrossRoad.prefab
  artifactKey: Guid(f1a19e69205e87c4f8821673f966e647) Importer(2089858483,3d70f49cd1c2eb9ae422958d1c652c6b)
Start importing Assets/Mesh/_Prefabs/Environment/NS_Terrain_CrossRoad.prefab using Guid(f1a19e69205e87c4f8821673f966e647) Importer(2089858483,3d70f49cd1c2eb9ae422958d1c652c6b) (ScriptedImporter) -> (artifact id: '7514e22f906312c26b87f086bc90df10') in 0.0141621 seconds
Number of updated asset objects reloaded before import = 0Number of asset objects unloaded after import = 8

========================================================================
Received Import Request.
  Time since last request: 0.000021 seconds.
  path: Assets/Mesh/_Prefabs/Buildings/NS_Plaster_Building_Extention_Small.prefab
  artifactKey: Guid(c880f9d12175c7845bb83e4f8ca4eb58) Importer(2089858483,192608db42251d675da83286b1cce702)
Start importing Assets/Mesh/_Prefabs/Buildings/NS_Plaster_Building_Extention_Small.prefab using Guid(c880f9d12175c7845bb83e4f8ca4eb58) Importer(2089858483,192608db42251d675da83286b1cce702) (ScriptedImporter) -> (artifact id: '3ca0fdff21f6d891d15a31f708e3954c') in 0.040543 seconds
Number of updated asset objects reloaded before import = 0Number of asset objects unloaded after import = 8

========================================================================
Received Import Request.
  Time since last request: 0.000024 seconds.
  path: Assets/Mesh/_Prefabs/Props/NS_Prop_Booth.prefab
  artifactKey: Guid(fa7e02fc15ac3f742b24747e57814de7) Importer(2089858483,192608db42251d675da83286b1cce702)
Start importing Assets/Mesh/_Prefabs/Props/NS_Prop_Booth.prefab using Guid(fa7e02fc15ac3f742b24747e57814de7) Importer(2089858483,192608db42251d675da83286b1cce702) (ScriptedImporter) -> (artifact id: 'dee783791f815e91b88af7f8129ce882') in 0.0410006 seconds
Number of updated asset objects reloaded before import = 0Number of asset objects unloaded after import = 8

========================================================================
Received Import Request.
  Time since last request: 0.000033 seconds.
  path: Assets/Mesh/_Prefabs/Environment/NS_City_Panorama.prefab
  artifactKey: Guid(7a8cb22cddea71a409514f9b74431d55) Importer(2089858483,3d70f49cd1c2eb9ae422958d1c652c6b)
Start importing Assets/Mesh/_Prefabs/Environment/NS_City_Panorama.prefab using Guid(7a8cb22cddea71a409514f9b74431d55) Importer(2089858483,3d70f49cd1c2eb9ae422958d1c652c6b) (ScriptedImporter) -> (artifact id: '9025de406980b2db5e699fdfebd02527') in 0.0196307 seconds
Number of updated asset objects reloaded before import = 0Number of asset objects unloaded after import = 8

========================================================================
Received Import Request.
  Time since last request: 0.000023 seconds.
  path: Assets/Mesh/_Prefabs/Props/NS_Prop_CableLong.prefab
  artifactKey: Guid(e5ff30af0b20590408df57cb4adabb82) Importer(2089858483,3d70f49cd1c2eb9ae422958d1c652c6b)
Start importing Assets/Mesh/_Prefabs/Props/NS_Prop_CableLong.prefab using Guid(e5ff30af0b20590408df57cb4adabb82) Importer(2089858483,3d70f49cd1c2eb9ae422958d1c652c6b) (ScriptedImporter) -> (artifact id: 'e91156b50e6ed9e51ecf60fc6a1474e8') in 0.1419341 seconds
Number of updated asset objects reloaded before import = 0Number of asset objects unloaded after import = 9

========================================================================
Received Import Request.
  Time since last request: 0.000027 seconds.
  path: Assets/Mesh/_Models/NS_Prop_Laundry_Pole_Shirt.fbx
  artifactKey: Guid(6db3bebe8ebf6a64e8a0a4e5ff960077) Importer(2089858483,192608db42251d675da83286b1cce702)
Start importing Assets/Mesh/_Models/NS_Prop_Laundry_Pole_Shirt.fbx using Guid(6db3bebe8ebf6a64e8a0a4e5ff960077) Importer(2089858483,192608db42251d675da83286b1cce702) (ScriptedImporter) -> (artifact id: '6fdb0b39093c762001accfa0437684a3') in 0.032203 seconds
Number of updated asset objects reloaded before import = 0Number of asset objects unloaded after import = 7

========================================================================
Received Import Request.
  Time since last request: 0.000043 seconds.
  path: Assets/Mesh/_Prefabs/Props/NS_Sign_DrugStore.prefab
  artifactKey: Guid(58cbe3ae7784c1e478e704b32897e56f) Importer(2089858483,3d70f49cd1c2eb9ae422958d1c652c6b)
Start importing Assets/Mesh/_Prefabs/Props/NS_Sign_DrugStore.prefab using Guid(58cbe3ae7784c1e478e704b32897e56f) Importer(2089858483,3d70f49cd1c2eb9ae422958d1c652c6b) (ScriptedImporter) -> (artifact id: '645da5de8f902d1908e190dcdd7a6421') in 0.0218295 seconds
Number of updated asset objects reloaded before import = 0Number of asset objects unloaded after import = 8

========================================================================
Received Import Request.
  Time since last request: 0.000028 seconds.
  path: Assets/Mesh/_Prefabs/Props/NS_Sign_Cafe.prefab
  artifactKey: Guid(c00175d8061683345afb2d288f44c0c9) Importer(2089858483,3d70f49cd1c2eb9ae422958d1c652c6b)
Start importing Assets/Mesh/_Prefabs/Props/NS_Sign_Cafe.prefab using Guid(c00175d8061683345afb2d288f44c0c9) Importer(2089858483,3d70f49cd1c2eb9ae422958d1c652c6b) (ScriptedImporter) -> (artifact id: 'e1cc1a1399cb4e0f53cfd9f6d9b3b26c') in 0.0138999 seconds
Number of updated asset objects reloaded before import = 0Number of asset objects unloaded after import = 8

========================================================================
Received Import Request.
  Time since last request: 0.000026 seconds.
  path: Assets/Audio/125BPM/125_Piano.mp3
  artifactKey: Guid(e6e1991a058d93a4387c20ee7dde48c0) Importer(2089858483,192608db42251d675da83286b1cce702)
Start importing Assets/Audio/125BPM/125_Piano.mp3 using Guid(e6e1991a058d93a4387c20ee7dde48c0) Importer(2089858483,192608db42251d675da83286b1cce702) (ScriptedImporter) -> (artifact id: '283e0f95dd62dbd7533422c70b7fa354') in 0.1034481 seconds
Number of updated asset objects reloaded before import = 0Number of asset objects unloaded after import = 1

========================================================================
Received Import Request.
  Time since last request: 0.000033 seconds.
  path: Assets/Mesh/_Prefabs/Buildings/NS_Brick_Apartment_FloorG.prefab
  artifactKey: Guid(550975602cf470b4b82893183fe5e0a1) Importer(2089858483,192608db42251d675da83286b1cce702)
Start importing Assets/Mesh/_Prefabs/Buildings/NS_Brick_Apartment_FloorG.prefab using Guid(550975602cf470b4b82893183fe5e0a1) Importer(2089858483,192608db42251d675da83286b1cce702) (ScriptedImporter) -> (artifact id: '5489e9443ce4773cbeb2de3fb715876c') in 0.0416423 seconds
Number of updated asset objects reloaded before import = 0Number of asset objects unloaded after import = 8

========================================================================
Received Import Request.
  Time since last request: 0.000041 seconds.
  path: Assets/Mesh/_Prefabs/Environment/NS_Terrain_Sidewalk_Middle.prefab
  artifactKey: Guid(d743297af27c9884fbf0f30591485d56) Importer(2089858483,192608db42251d675da83286b1cce702)
Start importing Assets/Mesh/_Prefabs/Environment/NS_Terrain_Sidewalk_Middle.prefab using Guid(d743297af27c9884fbf0f30591485d56) Importer(2089858483,192608db42251d675da83286b1cce702) (ScriptedImporter) -> (artifact id: '4b1550fe7aaba7edf46d428b15906a44') in 0.077285 seconds
Number of updated asset objects reloaded before import = 0Number of asset objects unloaded after import = 8

========================================================================
Received Import Request.
  Time since last request: 0.000028 seconds.
  path: Assets/Mesh/_Models/NS_Prop_Drain_Pipe_Long.fbx
  artifactKey: Guid(d00a479329c260147910389097de7e75) Importer(2089858483,192608db42251d675da83286b1cce702)
Start importing Assets/Mesh/_Models/NS_Prop_Drain_Pipe_Long.fbx using Guid(d00a479329c260147910389097de7e75) Importer(2089858483,192608db42251d675da83286b1cce702) (ScriptedImporter) -> (artifact id: 'a9e06e2d2a875eef671568ddba696f81') in 0.0347098 seconds
Number of updated asset objects reloaded before import = 0Number of asset objects unloaded after import = 7

========================================================================
Received Import Request.
  Time since last request: 0.000027 seconds.
  path: Assets/Mesh/_Models/NS_Prop_Elecetricity_Pole_Singular.fbx
  artifactKey: Guid(e5ff03ab65ec21241b14824559b4cd87) Importer(2089858483,192608db42251d675da83286b1cce702)
Start importing Assets/Mesh/_Models/NS_Prop_Elecetricity_Pole_Singular.fbx using Guid(e5ff03ab65ec21241b14824559b4cd87) Importer(2089858483,192608db42251d675da83286b1cce702) (ScriptedImporter) -> (artifact id: '68ddad8eb7b29c07590b905d4b8e1ae0') in 0.0327163 seconds
Number of updated asset objects reloaded before import = 0Number of asset objects unloaded after import = 9

========================================================================
Received Import Request.
  Time since last request: 0.000046 seconds.
  path: Assets/Mesh/_Prefabs/Props/NS_Prop_TreeVase.prefab
  artifactKey: Guid(6cb004c7c857e834e9568066db0ab599) Importer(2089858483,192608db42251d675da83286b1cce702)
Start importing Assets/Mesh/_Prefabs/Props/NS_Prop_TreeVase.prefab using Guid(6cb004c7c857e834e9568066db0ab599) Importer(2089858483,192608db42251d675da83286b1cce702) (ScriptedImporter) -> (artifact id: 'fcec8a3faf4343a9b56def489f44b2e8') in 0.0424065 seconds
Number of updated asset objects reloaded before import = 0Number of asset objects unloaded after import = 8

========================================================================
Received Import Request.
  Time since last request: 0.000024 seconds.
  path: Assets/Mesh/_Prefabs/Environment/NS_Terrain_Walkway_Corner.prefab
  artifactKey: Guid(46456ae42775349419c7e5a493cedd90) Importer(2089858483,192608db42251d675da83286b1cce702)
Start importing Assets/Mesh/_Prefabs/Environment/NS_Terrain_Walkway_Corner.prefab using Guid(46456ae42775349419c7e5a493cedd90) Importer(2089858483,192608db42251d675da83286b1cce702) (ScriptedImporter) -> (artifact id: 'd75d87ad7ec440fdb146d2e0526bb292') in 0.0644046 seconds
Number of updated asset objects reloaded before import = 0Number of asset objects unloaded after import = 8

========================================================================
Received Import Request.
  Time since last request: 0.000026 seconds.
  path: Assets/Mesh/_Prefabs/Buildings/NS_Brick_Apartment_Roof_Window.prefab
  artifactKey: Guid(c0bbd6e3861c4664a9d5ebd37d7df586) Importer(2089858483,3d70f49cd1c2eb9ae422958d1c652c6b)
Start importing Assets/Mesh/_Prefabs/Buildings/NS_Brick_Apartment_Roof_Window.prefab using Guid(c0bbd6e3861c4664a9d5ebd37d7df586) Importer(2089858483,3d70f49cd1c2eb9ae422958d1c652c6b) (ScriptedImporter) -> (artifact id: '36d592f9dc4750b3a7f9e425dd756f91') in 0.0205076 seconds
Number of updated asset objects reloaded before import = 0Number of asset objects unloaded after import = 8

========================================================================
Received Import Request.
  Time since last request: 0.000053 seconds.
  path: Assets/Mesh/_Prefabs/Buildings/NS_Brick_Apartment_RoofC.prefab
  artifactKey: Guid(496ad6772837caa46bcb57e6af20b52e) Importer(2089858483,3d70f49cd1c2eb9ae422958d1c652c6b)
Start importing Assets/Mesh/_Prefabs/Buildings/NS_Brick_Apartment_RoofC.prefab using Guid(496ad6772837caa46bcb57e6af20b52e) Importer(2089858483,3d70f49cd1c2eb9ae422958d1c652c6b) (ScriptedImporter) -> (artifact id: '37e54c15d84849ca328a8f79606bd94f') in 0.0152245 seconds
Number of updated asset objects reloaded before import = 0Number of asset objects unloaded after import = 8

========================================================================
Received Import Request.
  Time since last request: 0.000064 seconds.
  path: Assets/Mesh/_Prefabs/Buildings/NS_Brick_Apartment_FloorD.prefab
  artifactKey: Guid(994ea05e145eecd4da8c5f313f340814) Importer(2089858483,3d70f49cd1c2eb9ae422958d1c652c6b)
Start importing Assets/Mesh/_Prefabs/Buildings/NS_Brick_Apartment_FloorD.prefab using Guid(994ea05e145eecd4da8c5f313f340814) Importer(2089858483,3d70f49cd1c2eb9ae422958d1c652c6b) (ScriptedImporter) -> (artifact id: '6efdd9d9653c8b64f3c3f652b7fccaf3') in 0.0208397 seconds
Number of updated asset objects reloaded before import = 0Number of asset objects unloaded after import = 8

========================================================================
Received Import Request.
  Time since last request: 0.000026 seconds.
  path: Assets/Audio/145BPM/145_Bass.mp3
  artifactKey: Guid(676287383afeb104aa2b06012f00079d) Importer(2089858483,192608db42251d675da83286b1cce702)
Start importing Assets/Audio/145BPM/145_Bass.mp3 using Guid(676287383afeb104aa2b06012f00079d) Importer(2089858483,192608db42251d675da83286b1cce702) (ScriptedImporter) -> (artifact id: 'ef98e45e924e61aec4ad9de69c229e96') in 0.2083892 seconds
Number of updated asset objects reloaded before import = 0Number of asset objects unloaded after import = 1

========================================================================
Received Import Request.
  Time since last request: 0.000022 seconds.
  path: Assets/Mesh/_Models/NS_Plaster_Building_FloorA.fbx
  artifactKey: Guid(ada4a7679052ded4e99a8c86e0859beb) Importer(2089858483,192608db42251d675da83286b1cce702)
Start importing Assets/Mesh/_Models/NS_Plaster_Building_FloorA.fbx using Guid(ada4a7679052ded4e99a8c86e0859beb) Importer(2089858483,192608db42251d675da83286b1cce702) (ScriptedImporter) -> (artifact id: 'b341eafbfab229a15755d88e36e81c04') in 0.0548383 seconds
Number of updated asset objects reloaded before import = 0Number of asset objects unloaded after import = 7

========================================================================
Received Import Request.
  Time since last request: 0.000051 seconds.
  path: Assets/Mesh/_Prefabs/Props/NS_WallMount_Balcony_Stone_Small.prefab
  artifactKey: Guid(a71608ee8f9a6284f93ec276d0c1a41b) Importer(2089858483,192608db42251d675da83286b1cce702)
Start importing Assets/Mesh/_Prefabs/Props/NS_WallMount_Balcony_Stone_Small.prefab using Guid(a71608ee8f9a6284f93ec276d0c1a41b) Importer(2089858483,192608db42251d675da83286b1cce702) (ScriptedImporter) -> (artifact id: '96d6ff77c6ea94fb86640ca719930f15') in 0.1586501 seconds
Number of updated asset objects reloaded before import = 0Number of asset objects unloaded after import = 8

========================================================================
Received Import Request.
  Time since last request: 0.000022 seconds.
  path: Assets/Mesh/_Prefabs/Props/NS_Prop_TrashCan.prefab
  artifactKey: Guid(0263409fd7391d141a2642ec9766a1d8) Importer(2089858483,192608db42251d675da83286b1cce702)
Start importing Assets/Mesh/_Prefabs/Props/NS_Prop_TrashCan.prefab using Guid(0263409fd7391d141a2642ec9766a1d8) Importer(2089858483,192608db42251d675da83286b1cce702) (ScriptedImporter) -> (artifact id: 'c5c1bbfd63894dd40fec3a394f97c31c') in 0.0518873 seconds
Number of updated asset objects reloaded before import = 0Number of asset objects unloaded after import = 13

========================================================================
Received Import Request.
  Time since last request: 0.000040 seconds.
  path: Assets/Mesh/_Prefabs/Environment/NS_Terrain_Cobblestone_Road.prefab
  artifactKey: Guid(b664aa06643c2464ba753f83784a08cc) Importer(2089858483,192608db42251d675da83286b1cce702)
Start importing Assets/Mesh/_Prefabs/Environment/NS_Terrain_Cobblestone_Road.prefab using Guid(b664aa06643c2464ba753f83784a08cc) Importer(2089858483,192608db42251d675da83286b1cce702) (ScriptedImporter) -> (artifact id: '3db6ed9f749e9c9ca807e6753267cbb7') in 0.0431625 seconds
Number of updated asset objects reloaded before import = 0Number of asset objects unloaded after import = 8

========================================================================
Received Import Request.
  Time since last request: 0.000027 seconds.
  path: Assets/Mesh/_Models/NS_Prop_Mailbox.fbx
  artifactKey: Guid(fe21dd134f3046c4a9eb12156dfed681) Importer(2089858483,192608db42251d675da83286b1cce702)
Start importing Assets/Mesh/_Models/NS_Prop_Mailbox.fbx using Guid(fe21dd134f3046c4a9eb12156dfed681) Importer(2089858483,192608db42251d675da83286b1cce702) (ScriptedImporter) -> (artifact id: 'fed90167117c20cad7efaf595cf058a4') in 0.1262915 seconds
Number of updated asset objects reloaded before import = 0Number of asset objects unloaded after import = 7

========================================================================
Received Import Request.
  Time since last request: 0.000030 seconds.
  path: Assets/Mesh/_Prefabs/Environment/NS_River_Wall_Sewer.prefab
  artifactKey: Guid(fc6d625f3c8d17848bb83a0befa1387a) Importer(2089858483,192608db42251d675da83286b1cce702)
Start importing Assets/Mesh/_Prefabs/Environment/NS_River_Wall_Sewer.prefab using Guid(fc6d625f3c8d17848bb83a0befa1387a) Importer(2089858483,192608db42251d675da83286b1cce702) (ScriptedImporter) -> (artifact id: '782712b03842fbc3b29772be4ef67a67') in 0.037861 seconds
Number of updated asset objects reloaded before import = 0Number of asset objects unloaded after import = 9

========================================================================
Received Import Request.
  Time since last request: 0.000041 seconds.
  path: Assets/Mesh/_Models/NS_Terrain_Walkway_End.fbx
  artifactKey: Guid(7d3d52ff42410b944ac03be4bcc61707) Importer(2089858483,192608db42251d675da83286b1cce702)
Start importing Assets/Mesh/_Models/NS_Terrain_Walkway_End.fbx using Guid(7d3d52ff42410b944ac03be4bcc61707) Importer(2089858483,192608db42251d675da83286b1cce702) (ScriptedImporter) -> (artifact id: '307e3c1859ed510668ec8b757afec2b9') in 0.0398232 seconds
Number of updated asset objects reloaded before import = 0Number of asset objects unloaded after import = 9

========================================================================
Received Import Request.
  Time since last request: 0.000032 seconds.
  path: Assets/Mesh/_Prefabs/Characters/NS_Character_Female_Ponytail.prefab
  artifactKey: Guid(6ef88fb3f7305fa47bed4d6613692689) Importer(2089858483,192608db42251d675da83286b1cce702)
Start importing Assets/Mesh/_Prefabs/Characters/NS_Character_Female_Ponytail.prefab using Guid(6ef88fb3f7305fa47bed4d6613692689) Importer(2089858483,192608db42251d675da83286b1cce702) (ScriptedImporter) -> (artifact id: '80dfab85b9b978b0bf0230a3a3d29e99') in 0.0746771 seconds
Number of updated asset objects reloaded before import = 0Number of asset objects unloaded after import = 156

========================================================================
Received Import Request.
  Time since last request: 0.000038 seconds.
  path: Assets/Mesh/_Materials/M_Skybox_Night.mat
  artifactKey: Guid(f458f91432177ac48a2cebc2cbac47d3) Importer(2089858483,192608db42251d675da83286b1cce702)
Start importing Assets/Mesh/_Materials/M_Skybox_Night.mat using Guid(f458f91432177ac48a2cebc2cbac47d3) Importer(2089858483,192608db42251d675da83286b1cce702) (ScriptedImporter) -> (artifact id: 'cafc96e3a1abf8135446083850c3e7fe') in 0.0264365 seconds
Number of updated asset objects reloaded before import = 0Number of asset objects unloaded after import = 1

========================================================================
Received Import Request.
  Time since last request: 0.000105 seconds.
  path: Assets/Audio/130BPM/130_Melody.mp3
  artifactKey: Guid(9d5b14c9697c2d94893976adb3272721) Importer(2089858483,192608db42251d675da83286b1cce702)
Start importing Assets/Audio/130BPM/130_Melody.mp3 using Guid(9d5b14c9697c2d94893976adb3272721) Importer(2089858483,192608db42251d675da83286b1cce702) (ScriptedImporter) -> (artifact id: 'd31f8d15019068c23fec0cb0c08b2626') in 0.0648119 seconds
Number of updated asset objects reloaded before import = 0Number of asset objects unloaded after import = 1

========================================================================
Received Import Request.
  Time since last request: 0.000028 seconds.
  path: Assets/Mesh/_Prefabs/Buildings/NS_Plaster_Building_FloorC.prefab
  artifactKey: Guid(890a07a9f3cd5c741bd20eb3264c32e6) Importer(2089858483,192608db42251d675da83286b1cce702)
Start importing Assets/Mesh/_Prefabs/Buildings/NS_Plaster_Building_FloorC.prefab using Guid(890a07a9f3cd5c741bd20eb3264c32e6) Importer(2089858483,192608db42251d675da83286b1cce702) (ScriptedImporter) -> (artifact id: '95e0c70e40b93e4ef91bbfbfb753d157') in 0.034367 seconds
Number of updated asset objects reloaded before import = 0Number of asset objects unloaded after import = 8

========================================================================
Received Import Request.
  Time since last request: 0.000021 seconds.
  path: Assets/Mesh/_Prefabs/Props/NS_Window_SealingA.prefab
  artifactKey: Guid(d3d9da62e6d1ebf46af936e399aac732) Importer(2089858483,192608db42251d675da83286b1cce702)
Start importing Assets/Mesh/_Prefabs/Props/NS_Window_SealingA.prefab using Guid(d3d9da62e6d1ebf46af936e399aac732) Importer(2089858483,192608db42251d675da83286b1cce702) (ScriptedImporter) -> (artifact id: '950526c4ea95fd02771c186378744a74') in 0.0651385 seconds
Number of updated asset objects reloaded before import = 0Number of asset objects unloaded after import = 8

========================================================================
Received Import Request.
  Time since last request: 0.000047 seconds.
  path: Assets/Mesh/_Prefabs/Buildings
  artifactKey: Guid(edb2ffa240a39364f8017c6e53af3d77) Importer(2089858483,192608db42251d675da83286b1cce702)
Start importing Assets/Mesh/_Prefabs/Buildings using Guid(edb2ffa240a39364f8017c6e53af3d77) Importer(2089858483,192608db42251d675da83286b1cce702) (ScriptedImporter) -> (artifact id: 'ec37a00fa766345aeaa1bb7c1359147f') in 0.0193635 seconds
Number of updated asset objects reloaded before import = 0Number of asset objects unloaded after import = 1

========================================================================
Received Import Request.
  Time since last request: 0.000022 seconds.
  path: Assets/Mesh/_Prefabs/Environment/NS_Terrain_RuinsA.prefab
  artifactKey: Guid(8e874fb9a30d6fb4aa49b087e3200e65) Importer(2089858483,3d70f49cd1c2eb9ae422958d1c652c6b)
Start importing Assets/Mesh/_Prefabs/Environment/NS_Terrain_RuinsA.prefab using Guid(8e874fb9a30d6fb4aa49b087e3200e65) Importer(2089858483,3d70f49cd1c2eb9ae422958d1c652c6b) (ScriptedImporter) -> (artifact id: '28e6e4c92c045ed79e7407a48584b0f7') in 0.0215809 seconds
Number of updated asset objects reloaded before import = 0Number of asset objects unloaded after import = 8

========================================================================
Received Import Request.
  Time since last request: 0.000028 seconds.
  path: Assets/Mesh/_Models/NS_Brick_Apartment_FloorD.fbx
  artifactKey: Guid(000ebda631a335a47a4fa2255ccf15f6) Importer(2089858483,192608db42251d675da83286b1cce702)
Start importing Assets/Mesh/_Models/NS_Brick_Apartment_FloorD.fbx using Guid(000ebda631a335a47a4fa2255ccf15f6) Importer(2089858483,192608db42251d675da83286b1cce702) (ScriptedImporter) -> (artifact id: '670b145e7b3f102e0e365b62def0199c') in 0.0300547 seconds
Number of updated asset objects reloaded before import = 0Number of asset objects unloaded after import = 7

========================================================================
Received Import Request.
  Time since last request: 0.000025 seconds.
  path: Assets/Mesh/_Models/NS_WallMount_Wooden_Bridge.fbx
  artifactKey: Guid(ed7fbe266baf5074a878c7deb50bbdd0) Importer(2089858483,192608db42251d675da83286b1cce702)
Start importing Assets/Mesh/_Models/NS_WallMount_Wooden_Bridge.fbx using Guid(ed7fbe266baf5074a878c7deb50bbdd0) Importer(2089858483,192608db42251d675da83286b1cce702) (ScriptedImporter) -> (artifact id: '1a870e5e89daf7a1dbd7e0485eb642fb') in 0.0350478 seconds
Number of updated asset objects reloaded before import = 0Number of asset objects unloaded after import = 7

========================================================================
Received Import Request.
  Time since last request: 0.000036 seconds.
  path: Assets/Mesh/_FX/NS_FX_Fire_Smoke.prefab
  artifactKey: Guid(57dea3fc0b9d0a04bb099fa1bf9a192d) Importer(2089858483,192608db42251d675da83286b1cce702)
Start importing Assets/Mesh/_FX/NS_FX_Fire_Smoke.prefab using Guid(57dea3fc0b9d0a04bb099fa1bf9a192d) Importer(2089858483,192608db42251d675da83286b1cce702) (ScriptedImporter) -> (artifact id: '66124ad1dcdfe7498bf044b246360176') in 0.1965201 seconds
Number of updated asset objects reloaded before import = 0Number of asset objects unloaded after import = 7

========================================================================
Received Import Request.
  Time since last request: 0.000033 seconds.
  path: Assets/Mesh/_Prefabs/Buildings/NS_Unique_CityHall.prefab
  artifactKey: Guid(6eedb51c38998d5418a6b77eca831d92) Importer(2089858483,192608db42251d675da83286b1cce702)
Start importing Assets/Mesh/_Prefabs/Buildings/NS_Unique_CityHall.prefab using Guid(6eedb51c38998d5418a6b77eca831d92) Importer(2089858483,192608db42251d675da83286b1cce702) (ScriptedImporter) -> (artifact id: 'e2834b8492c179f0dd987c9ac3dc859b') in 0.0399062 seconds
Number of updated asset objects reloaded before import = 0Number of asset objects unloaded after import = 8

========================================================================
Received Import Request.
  Time since last request: 0.000029 seconds.
  path: Assets/Mesh/_FX/NS_FX_LightGlowSphere.prefab
  artifactKey: Guid(109464e67cdd75d46b6c142b5b5f8647) Importer(2089858483,192608db42251d675da83286b1cce702)
Start importing Assets/Mesh/_FX/NS_FX_LightGlowSphere.prefab using Guid(109464e67cdd75d46b6c142b5b5f8647) Importer(2089858483,192608db42251d675da83286b1cce702) (ScriptedImporter) -> (artifact id: 'eea5379303c08d99f7d0686d11705f4f') in 0.0599242 seconds
Number of updated asset objects reloaded before import = 0Number of asset objects unloaded after import = 8

========================================================================
Received Import Request.
  Time since last request: 0.000028 seconds.
  path: Assets/Mesh/_Prefabs/Buildings/NS_Brick_Apartment_Vitrine.prefab
  artifactKey: Guid(86b3f6a2427f7714b8be535fd7e7dec9) Importer(2089858483,192608db42251d675da83286b1cce702)
Start importing Assets/Mesh/_Prefabs/Buildings/NS_Brick_Apartment_Vitrine.prefab using Guid(86b3f6a2427f7714b8be535fd7e7dec9) Importer(2089858483,192608db42251d675da83286b1cce702) (ScriptedImporter) -> (artifact id: '745e62f954a54e8c9ea57f76856ca437') in 0.1281821 seconds
Number of updated asset objects reloaded before import = 0Number of asset objects unloaded after import = 8

========================================================================
Received Import Request.
  Time since last request: 0.000023 seconds.
  path: Assets/Mesh/_Models/NS_Prop_FountainLarge.fbx
  artifactKey: Guid(3070cf73ddb1b494aba6671415e514ab) Importer(2089858483,192608db42251d675da83286b1cce702)
Start importing Assets/Mesh/_Models/NS_Prop_FountainLarge.fbx using Guid(3070cf73ddb1b494aba6671415e514ab) Importer(2089858483,192608db42251d675da83286b1cce702) (ScriptedImporter) -> (artifact id: '99f84e67f670b5ac52e114cd0846665c') in 0.0245446 seconds
Number of updated asset objects reloaded before import = 0Number of asset objects unloaded after import = 7

========================================================================
Received Import Request.
  Time since last request: 0.000041 seconds.
  path: Assets/Shaders/CelShader.shadergraph
  artifactKey: Guid(ca08c7be9a5b1464aaefbf420519ecca) Importer(2089858483,192608db42251d675da83286b1cce702)
Start importing Assets/Shaders/CelShader.shadergraph using Guid(ca08c7be9a5b1464aaefbf420519ecca) Importer(2089858483,192608db42251d675da83286b1cce702) (ScriptedImporter) -> (artifact id: 'b4af900fc884fed82c5446cf98d7a867') in 0.0443798 seconds
Number of updated asset objects reloaded before import = 0Number of asset objects unloaded after import = 5

========================================================================
Received Import Request.
  Time since last request: 0.000018 seconds.
  path: Assets/Mesh/_Prefabs/Props/NS_Scaffolding_Base.prefab
  artifactKey: Guid(68b49b1f89eabb6419e104c29575026e) Importer(2089858483,192608db42251d675da83286b1cce702)
Start importing Assets/Mesh/_Prefabs/Props/NS_Scaffolding_Base.prefab using Guid(68b49b1f89eabb6419e104c29575026e) Importer(2089858483,192608db42251d675da83286b1cce702) (ScriptedImporter) -> (artifact id: '84c5f0c22d55b672ab1b150afd239533') in 0.0374637 seconds
Number of updated asset objects reloaded before import = 0Number of asset objects unloaded after import = 8

========================================================================
Received Import Request.
  Time since last request: 0.000021 seconds.
  path: Assets/Mesh/_Prefabs/Vehicles/NS_Prop_Carriage_Open.prefab
  artifactKey: Guid(b9762c40821ad8b44b901529597c642e) Importer(2089858483,3d70f49cd1c2eb9ae422958d1c652c6b)
Start importing Assets/Mesh/_Prefabs/Vehicles/NS_Prop_Carriage_Open.prefab using Guid(b9762c40821ad8b44b901529597c642e) Importer(2089858483,3d70f49cd1c2eb9ae422958d1c652c6b) (ScriptedImporter) -> (artifact id: 'aebef75a886f31ae21fae19613123d23') in 0.025184 seconds
Number of updated asset objects reloaded before import = 0Number of asset objects unloaded after import = 30

========================================================================
Received Import Request.
  Time since last request: 0.000038 seconds.
  path: Assets/Mesh/_Models/NS_Sign_DrugStore.fbx
  artifactKey: Guid(1db1917c50dc646429c85767228c3d42) Importer(2089858483,192608db42251d675da83286b1cce702)
Start importing Assets/Mesh/_Models/NS_Sign_DrugStore.fbx using Guid(1db1917c50dc646429c85767228c3d42) Importer(2089858483,192608db42251d675da83286b1cce702) (ScriptedImporter) -> (artifact id: '716b30d8446bfd4584d3c1c66c44b092') in 0.0276219 seconds
Number of updated asset objects reloaded before import = 0Number of asset objects unloaded after import = 7

========================================================================
Received Import Request.
  Time since last request: 0.000024 seconds.
  path: Assets/Mesh/_Prefabs/Buildings/NS_Plaster_Building_Divider_MiddleB.prefab
  artifactKey: Guid(c01417e369d358e4bac91be44267f332) Importer(2089858483,192608db42251d675da83286b1cce702)
Start importing Assets/Mesh/_Prefabs/Buildings/NS_Plaster_Building_Divider_MiddleB.prefab using Guid(c01417e369d358e4bac91be44267f332) Importer(2089858483,192608db42251d675da83286b1cce702) (ScriptedImporter) -> (artifact id: '86bb0b3e2b75583dc2a6547c1a63a23f') in 0.0332909 seconds
Number of updated asset objects reloaded before import = 0Number of asset objects unloaded after import = 8

========================================================================
Received Import Request.
  Time since last request: 0.000018 seconds.
  path: Assets/Mesh/_Prefabs/Props/NS_Prop_VegetableContainer.prefab
  artifactKey: Guid(d09983b3c76104e4bbe6723eb766691e) Importer(2089858483,3d70f49cd1c2eb9ae422958d1c652c6b)
Start importing Assets/Mesh/_Prefabs/Props/NS_Prop_VegetableContainer.prefab using Guid(d09983b3c76104e4bbe6723eb766691e) Importer(2089858483,3d70f49cd1c2eb9ae422958d1c652c6b) (ScriptedImporter) -> (artifact id: '693b6d75d8e0d009803645bda22f51b8') in 0.017133 seconds
Number of updated asset objects reloaded before import = 0Number of asset objects unloaded after import = 8

========================================================================
Received Import Request.
  Time since last request: 0.000027 seconds.
  path: Assets/Mesh/_Prefabs/Buildings/NS_Plaster_Building_Divider_Chimneys.prefab
  artifactKey: Guid(05b825929622a394ea2b9e12e079c92f) Importer(2089858483,3d70f49cd1c2eb9ae422958d1c652c6b)
Start importing Assets/Mesh/_Prefabs/Buildings/NS_Plaster_Building_Divider_Chimneys.prefab using Guid(05b825929622a394ea2b9e12e079c92f) Importer(2089858483,3d70f49cd1c2eb9ae422958d1c652c6b) (ScriptedImporter) -> (artifact id: 'afcd22d89f62139f19fc74310ce34d82') in 0.0180978 seconds
Number of updated asset objects reloaded before import = 0Number of asset objects unloaded after import = 8

========================================================================
Received Import Request.
  Time since last request: 0.000040 seconds.
  path: Assets/Mesh/_Prefabs/Props/NS_WoodenFence.prefab
  artifactKey: Guid(07db85adec2309c41836e2e1ff9ff25f) Importer(2089858483,192608db42251d675da83286b1cce702)
Start importing Assets/Mesh/_Prefabs/Props/NS_WoodenFence.prefab using Guid(07db85adec2309c41836e2e1ff9ff25f) Importer(2089858483,192608db42251d675da83286b1cce702) (ScriptedImporter) -> (artifact id: 'b8938733ec110b20dadf52812eaee970') in 0.0500421 seconds
Number of updated asset objects reloaded before import = 0Number of asset objects unloaded after import = 8

========================================================================
Received Import Request.
  Time since last request: 0.000023 seconds.
  path: Assets/Mesh/_Models/NS_Terrain_Water.fbx
  artifactKey: Guid(b8bef4a99bfb34e4a95cc0073ecd6dda) Importer(2089858483,192608db42251d675da83286b1cce702)
Start importing Assets/Mesh/_Models/NS_Terrain_Water.fbx using Guid(b8bef4a99bfb34e4a95cc0073ecd6dda) Importer(2089858483,192608db42251d675da83286b1cce702) (ScriptedImporter) -> (artifact id: 'f01fdecb60718bbbaeb837d260067363') in 0.0530427 seconds
Number of updated asset objects reloaded before import = 0Number of asset objects unloaded after import = 7

Editor requested this worker to shutdown with reason: balancing worker count downwards
AssetImportWorker is now disconnected from the server
Process exiting
Exiting without the bug reporter. Application will terminate with return code 0