Using pre-set license
Built from '6000.0/staging' branch; Version is '6000.0.37f1 (090b7797214c) revision 592759'; Using compiler version '193933523'; Build Type 'Release'
OS: 'Windows 10  (10.0.19045) 64bit Core' Language: 'ko' Physical Memory: 16316 MB
BatchMode: 1, IsHumanControllingUs: 0, StartBugReporterOnCrash: 0, Is64bit: 1, IsPro: 1

COMMAND LINE ARGUMENTS:
E:\UnityEditor\6000.0.37f1\Editor\Unity.exe
-adb2
-batchMode
-noUpm
-name
AssetImportWorker3
-projectPath
E:/UnityProjects/Project_JazzDevil
-logFile
Logs/AssetImportWorker3.log
-srvPort
3706
-job-worker-count
5
-background-job-worker-count
8
-gc-helper-count
1
Successfully changed project path to: E:/UnityProjects/Project_JazzDevil
E:/UnityProjects/Project_JazzDevil
[UnityMemory] Configuration Parameters - Can be set up in boot.config
    "memorysetup-bucket-allocator-granularity=16"
    "memorysetup-bucket-allocator-bucket-count=8"
    "memorysetup-bucket-allocator-block-size=33554432"
    "memorysetup-bucket-allocator-block-count=8"
    "memorysetup-main-allocator-block-size=16777216"
    "memorysetup-thread-allocator-block-size=16777216"
    "memorysetup-gfx-main-allocator-block-size=16777216"
    "memorysetup-gfx-thread-allocator-block-size=16777216"
    "memorysetup-cache-allocator-block-size=4194304"
    "memorysetup-typetree-allocator-block-size=2097152"
    "memorysetup-profiler-bucket-allocator-granularity=16"
    "memorysetup-profiler-bucket-allocator-bucket-count=8"
    "memorysetup-profiler-bucket-allocator-block-size=33554432"
    "memorysetup-profiler-bucket-allocator-block-count=8"
    "memorysetup-profiler-allocator-block-size=16777216"
    "memorysetup-profiler-editor-allocator-block-size=1048576"
    "memorysetup-temp-allocator-size-main=16777216"
    "memorysetup-job-temp-allocator-block-size=2097152"
    "memorysetup-job-temp-allocator-block-size-background=1048576"
    "memorysetup-job-temp-allocator-reduction-small-platforms=262144"
    "memorysetup-allocator-temp-initial-block-size-main=262144"
    "memorysetup-allocator-temp-initial-block-size-worker=262144"
    "memorysetup-temp-allocator-size-background-worker=32768"
    "memorysetup-temp-allocator-size-job-worker=262144"
    "memorysetup-temp-allocator-size-preload-manager=33554432"
    "memorysetup-temp-allocator-size-nav-mesh-worker=65536"
    "memorysetup-temp-allocator-size-audio-worker=65536"
    "memorysetup-temp-allocator-size-cloud-worker=32768"
    "memorysetup-temp-allocator-size-gi-baking-worker=262144"
    "memorysetup-temp-allocator-size-gi-baking-worker=262144"
    "memorysetup-temp-allocator-size-gi-baking-worker=262144"
    "memorysetup-temp-allocator-size-gi-baking-worker=262144"
    "memorysetup-temp-allocator-size-gi-baking-worker=262144"
    "memorysetup-temp-allocator-size-gfx=262144"
Player connection [26464]  Target information:

Player connection [26464]  * "[IP] 121.136.98.16 [Port] 0 [Flags] 2 [Guid] 1746270025 [EditorId] 1746270025 [Version] 1048832 [Id] WindowsEditor(7,DESKTOP-T3IK9JD) [Debug] 1 [PackageName] WindowsEditor [ProjectName] Editor" 

Player connection [26464] Host joined multi-casting on [225.0.0.222:54997]...
Player connection [26464] Host joined alternative multi-casting on [225.0.0.222:34997]...
JobSystem: Creating JobQueue using job-worker-count value 5
Input System module state changed to: Initialized.
[Physics::Module] Initialized fallback backend.
[Physics::Module] Id: 0xdecafbad
Library Redirect Path: Library/
[Physics::Module] Selected backend.
[Physics::Module] Name: PhysX
[Physics::Module] Id: 0xf2b8ea05
[Physics::Module] SDK Version: 4.1.2
[Physics::Module] Integration Version: 1.0.0
[Physics::Module] Threading Mode: Multi-Threaded
Refreshing native plugins compatible for Editor in 3.16 ms, found 4 plugins.
Preloading 0 native plugins for Editor in 0.00 ms.
Initialize engine version: 6000.0.37f1 (090b7797214c)
[Subsystems] Discovering subsystems at path E:/UnityEditor/6000.0.37f1/Editor/Data/Resources/UnitySubsystems
[Subsystems] Discovering subsystems at path E:/UnityProjects/Project_JazzDevil/Assets
GfxDevice: creating device client; kGfxThreadingModeNonThreaded
Direct3D:
    Version:  Direct3D 11.0 [level 11.1]
    Renderer: NVIDIA GeForce RTX 2060 (ID=0x1e89)
    Vendor:   NVIDIA
    VRAM:     5945 MB
    Driver:   32.0.15.6094
Initialize mono
Mono path[0] = 'E:/UnityEditor/6000.0.37f1/Editor/Data/Managed'
Mono path[1] = 'E:/UnityEditor/6000.0.37f1/Editor/Data/MonoBleedingEdge/lib/mono/unityjit-win32'
Mono config path = 'E:/UnityEditor/6000.0.37f1/Editor/Data/MonoBleedingEdge/etc'
Using monoOptions --debugger-agent=transport=dt_socket,embedding=1,server=y,suspend=n,address=127.0.0.1:56476
Begin MonoManager ReloadAssembly
Registering precompiled unity dll's ...
Register platform support module: E:/UnityEditor/6000.0.37f1/Editor/Data/PlaybackEngines/WindowsStandaloneSupport/UnityEditor.WindowsStandalone.Extensions.dll
Registered in 0.003027 seconds.
- Loaded All Assemblies, in  0.409 seconds
Native extension for WindowsStandalone target not found
Mono: successfully reloaded assembly
- Finished resetting the current domain, in  0.320 seconds
Domain Reload Profiling: 729ms
	BeginReloadAssembly (164ms)
		ExecutionOrderSort (0ms)
		DisableScriptedObjects (0ms)
		BackupInstance (0ms)
		ReleaseScriptingObjects (0ms)
		CreateAndSetChildDomain (1ms)
	RebuildCommonClasses (39ms)
	RebuildNativeTypeToScriptingClass (13ms)
	initialDomainReloadingComplete (43ms)
	LoadAllAssembliesAndSetupDomain (150ms)
		LoadAssemblies (164ms)
		RebuildTransferFunctionScriptingTraits (0ms)
		AnalyzeDomain (147ms)
			TypeCache.Refresh (145ms)
				TypeCache.ScanAssembly (131ms)
			BuildScriptInfoCaches (0ms)
			ResolveRequiredComponents (0ms)
	FinalizeReload (321ms)
		ReleaseScriptCaches (0ms)
		RebuildScriptCaches (0ms)
		SetupLoadedEditorAssemblies (287ms)
			LogAssemblyErrors (0ms)
			InitializePlatformSupportModulesInManaged (25ms)
			SetLoadedEditorAssemblies (4ms)
			BeforeProcessingInitializeOnLoad (53ms)
			ProcessInitializeOnLoadAttributes (147ms)
			ProcessInitializeOnLoadMethodAttributes (58ms)
			AfterProcessingInitializeOnLoad (0ms)
			EditorAssembliesLoaded (0ms)
		ExecutionOrderSort2 (0ms)
		AwakeInstancesAfterBackupRestoration (0ms)
========================================================================
Worker process is ready to serve import requests
Import Worker Mode flag is 0x00
Begin MonoManager ReloadAssembly
- Loaded All Assemblies, in  0.873 seconds
Refreshing native plugins compatible for Editor in 2.02 ms, found 4 plugins.
Native extension for WindowsStandalone target not found
Mono: successfully reloaded assembly
- Finished resetting the current domain, in  0.941 seconds
Domain Reload Profiling: 1813ms
	BeginReloadAssembly (224ms)
		ExecutionOrderSort (0ms)
		DisableScriptedObjects (6ms)
		BackupInstance (0ms)
		ReleaseScriptingObjects (0ms)
		CreateAndSetChildDomain (35ms)
	RebuildCommonClasses (45ms)
	RebuildNativeTypeToScriptingClass (14ms)
	initialDomainReloadingComplete (41ms)
	LoadAllAssembliesAndSetupDomain (548ms)
		LoadAssemblies (415ms)
		RebuildTransferFunctionScriptingTraits (0ms)
		AnalyzeDomain (283ms)
			TypeCache.Refresh (212ms)
				TypeCache.ScanAssembly (193ms)
			BuildScriptInfoCaches (59ms)
			ResolveRequiredComponents (10ms)
	FinalizeReload (942ms)
		ReleaseScriptCaches (0ms)
		RebuildScriptCaches (0ms)
		SetupLoadedEditorAssemblies (773ms)
			LogAssemblyErrors (0ms)
			InitializePlatformSupportModulesInManaged (2ms)
			SetLoadedEditorAssemblies (5ms)
			BeforeProcessingInitializeOnLoad (102ms)
			ProcessInitializeOnLoadAttributes (570ms)
			ProcessInitializeOnLoadMethodAttributes (91ms)
			AfterProcessingInitializeOnLoad (2ms)
			EditorAssembliesLoaded (0ms)
		ExecutionOrderSort2 (0ms)
		AwakeInstancesAfterBackupRestoration (13ms)
Launched and connected shader compiler UnityShaderCompiler.exe after 0.05 seconds
Refreshing native plugins compatible for Editor in 2.18 ms, found 4 plugins.
Preloading 0 native plugins for Editor in 0.00 ms.
Unloading 207 Unused Serialized files (Serialized files now loaded: 0)
Unloading 6310 unused Assets / (7.4 MB). Loaded Objects now: 6973.
Memory consumption went from 167.6 MB to 160.1 MB.
Total: 10.072400 ms (FindLiveObjects: 0.864000 ms CreateObjectMapping: 0.322400 ms MarkObjects: 4.887800 ms  DeleteObjects: 3.997300 ms)

========================================================================
Received Import Request.
  Time since last request: 26273.628622 seconds.
  path: Assets/Mesh/_Prefabs/Props/NS_Prop_Bench.prefab
  artifactKey: Guid(5c78605a787e4dc46ba19842fb334685) Importer(815301076,1909f56bfc062723c751e8b465ee728b)
Start importing Assets/Mesh/_Prefabs/Props/NS_Prop_Bench.prefab using Guid(5c78605a787e4dc46ba19842fb334685) Importer(815301076,1909f56bfc062723c751e8b465ee728b) (PreviewImporter) -> (artifact id: '6778bd7bca3f0716f932c5c3676edaac') in 0.5484764 seconds
Number of updated asset objects reloaded before import = 0Number of asset objects unloaded after import = 12

========================================================================
Received Import Request.
  Time since last request: 0.000047 seconds.
  path: Assets/Mesh/_Prefabs/Props/NS_Prop_LaundryA.prefab
  artifactKey: Guid(f700757be8688c040be5da8c417998f8) Importer(815301076,1909f56bfc062723c751e8b465ee728b)
Start importing Assets/Mesh/_Prefabs/Props/NS_Prop_LaundryA.prefab using Guid(f700757be8688c040be5da8c417998f8) Importer(815301076,1909f56bfc062723c751e8b465ee728b) (PreviewImporter) -> (artifact id: '29e79f47dc14fd1cb7362eaa073c039f') in 0.0278534 seconds
Number of updated asset objects reloaded before import = 0Number of asset objects unloaded after import = 10

========================================================================
Received Import Request.
  Time since last request: 0.000037 seconds.
  path: Assets/Mesh/_Prefabs/Props/NS_Prop_LaundryC.prefab
  artifactKey: Guid(439cf55e394cacd41874dea60948a718) Importer(815301076,1909f56bfc062723c751e8b465ee728b)
Start importing Assets/Mesh/_Prefabs/Props/NS_Prop_LaundryC.prefab using Guid(439cf55e394cacd41874dea60948a718) Importer(815301076,1909f56bfc062723c751e8b465ee728b) (PreviewImporter) -> (artifact id: '8e225adefa20e86357d456a348e4817b') in 0.0329183 seconds
Number of updated asset objects reloaded before import = 0Number of asset objects unloaded after import = 10

========================================================================
Received Import Request.
  Time since last request: 0.000041 seconds.
  path: Assets/Mesh/_Prefabs/Props/NS_Prop_StreetLamp.prefab
  artifactKey: Guid(df9f199e64fd84f4881d3cfbe3027e09) Importer(815301076,1909f56bfc062723c751e8b465ee728b)
Start importing Assets/Mesh/_Prefabs/Props/NS_Prop_StreetLamp.prefab using Guid(df9f199e64fd84f4881d3cfbe3027e09) Importer(815301076,1909f56bfc062723c751e8b465ee728b) (PreviewImporter) -> (artifact id: 'a09bff968d9b619c17f554d2021b52d7') in 0.0654306 seconds
Number of updated asset objects reloaded before import = 0Number of asset objects unloaded after import = 10

========================================================================
Received Import Request.
  Time since last request: 0.000034 seconds.
  path: Assets/Mesh/_Prefabs/Props/NS_Sign_DrugStore.prefab
  artifactKey: Guid(58cbe3ae7784c1e478e704b32897e56f) Importer(815301076,1909f56bfc062723c751e8b465ee728b)
Start importing Assets/Mesh/_Prefabs/Props/NS_Sign_DrugStore.prefab using Guid(58cbe3ae7784c1e478e704b32897e56f) Importer(815301076,1909f56bfc062723c751e8b465ee728b) (PreviewImporter) -> (artifact id: 'e884c106b26ece13842e1ff2efa73bbd') in 0.0278126 seconds
Number of updated asset objects reloaded before import = 0Number of asset objects unloaded after import = 10

========================================================================
Received Import Request.
  Time since last request: 0.000044 seconds.
  path: Assets/Mesh/_Prefabs/Props/NS_Scaffolding_End.prefab
  artifactKey: Guid(84b843da20dbd444fbf68f52697e9ab9) Importer(815301076,1909f56bfc062723c751e8b465ee728b)
Start importing Assets/Mesh/_Prefabs/Props/NS_Scaffolding_End.prefab using Guid(84b843da20dbd444fbf68f52697e9ab9) Importer(815301076,1909f56bfc062723c751e8b465ee728b) (PreviewImporter) -> (artifact id: 'e634aebf59dfaeef24db36b7e7628810') in 0.0500261 seconds
Number of updated asset objects reloaded before import = 0Number of asset objects unloaded after import = 10

========================================================================
Received Import Request.
  Time since last request: 0.000029 seconds.
  path: Assets/Mesh/_Prefabs/Props/NS_WallMount_Street_Lamp.prefab
  artifactKey: Guid(d2f718c95dd00f44eadbcc5a11afb7cc) Importer(815301076,1909f56bfc062723c751e8b465ee728b)
Start importing Assets/Mesh/_Prefabs/Props/NS_WallMount_Street_Lamp.prefab using Guid(d2f718c95dd00f44eadbcc5a11afb7cc) Importer(815301076,1909f56bfc062723c751e8b465ee728b) (PreviewImporter) -> (artifact id: '6bc504c46cbdc6ce1d4d15ec4a88a90c') in 0.0540263 seconds
Number of updated asset objects reloaded before import = 0Number of asset objects unloaded after import = 10

========================================================================
Received Import Request.
  Time since last request: 0.000046 seconds.
  path: Assets/Mesh/_Prefabs/Props/NS_WaterTower.prefab
  artifactKey: Guid(216b335325bf9fe46bf2746a27908950) Importer(815301076,1909f56bfc062723c751e8b465ee728b)
Start importing Assets/Mesh/_Prefabs/Props/NS_WaterTower.prefab using Guid(216b335325bf9fe46bf2746a27908950) Importer(815301076,1909f56bfc062723c751e8b465ee728b) (PreviewImporter) -> (artifact id: '72b62131a55a5ca5ec62e0c643bb89a3') in 0.0782141 seconds
Number of updated asset objects reloaded before import = 0Number of asset objects unloaded after import = 10

========================================================================
Received Import Request.
  Time since last request: 0.000061 seconds.
  path: Assets/Mesh/_Prefabs/Props/NS_Prop_Statue.prefab
  artifactKey: Guid(adde0ccee8b4f32479d761863cc5d370) Importer(815301076,1909f56bfc062723c751e8b465ee728b)
Start importing Assets/Mesh/_Prefabs/Props/NS_Prop_Statue.prefab using Guid(adde0ccee8b4f32479d761863cc5d370) Importer(815301076,1909f56bfc062723c751e8b465ee728b) (PreviewImporter) -> (artifact id: '081659e9205b77fc594c229bc4e85494') in 0.0423376 seconds
Number of updated asset objects reloaded before import = 0Number of asset objects unloaded after import = 10

========================================================================
Received Import Request.
  Time since last request: 0.000032 seconds.
  path: Assets/Mesh/_Prefabs/Props/NS_Prop_ManholeA.prefab
  artifactKey: Guid(378178e3742caa34a9c0c083302065ca) Importer(815301076,1909f56bfc062723c751e8b465ee728b)
Start importing Assets/Mesh/_Prefabs/Props/NS_Prop_ManholeA.prefab using Guid(378178e3742caa34a9c0c083302065ca) Importer(815301076,1909f56bfc062723c751e8b465ee728b) (PreviewImporter) -> (artifact id: 'fb0f6387dad694239bcd3ee6a01fe16e') in 0.025858 seconds
Number of updated asset objects reloaded before import = 0Number of asset objects unloaded after import = 10

========================================================================
Received Import Request.
  Time since last request: 0.000025 seconds.
  path: Assets/Mesh/_Prefabs/Props/NS_Prop_FloppySign.prefab
  artifactKey: Guid(7adc1d2a397cf0e49963e978237b93c7) Importer(815301076,1909f56bfc062723c751e8b465ee728b)
Start importing Assets/Mesh/_Prefabs/Props/NS_Prop_FloppySign.prefab using Guid(7adc1d2a397cf0e49963e978237b93c7) Importer(815301076,1909f56bfc062723c751e8b465ee728b) (PreviewImporter) -> (artifact id: 'bf308c3f2ffe503774aef58a40345be2') in 0.0243431 seconds
Number of updated asset objects reloaded before import = 0Number of asset objects unloaded after import = 10

========================================================================
Received Import Request.
  Time since last request: 0.000032 seconds.
  path: Assets/Mesh/_Prefabs/Props/NS_Prop_ThreeEntrance.prefab
  artifactKey: Guid(3e25660f3943d794facd3ecb33171a9a) Importer(815301076,1909f56bfc062723c751e8b465ee728b)
Start importing Assets/Mesh/_Prefabs/Props/NS_Prop_ThreeEntrance.prefab using Guid(3e25660f3943d794facd3ecb33171a9a) Importer(815301076,1909f56bfc062723c751e8b465ee728b) (PreviewImporter) -> (artifact id: '20ca6db13141df22432f9743440675f9') in 0.0357034 seconds
Number of updated asset objects reloaded before import = 0Number of asset objects unloaded after import = 10

========================================================================
Received Import Request.
  Time since last request: 0.000036 seconds.
  path: Assets/Mesh/_Prefabs/Props/NS_Prop_CypressTree.prefab
  artifactKey: Guid(f9f429c07d2f743439c455038a46e18a) Importer(815301076,1909f56bfc062723c751e8b465ee728b)
Start importing Assets/Mesh/_Prefabs/Props/NS_Prop_CypressTree.prefab using Guid(f9f429c07d2f743439c455038a46e18a) Importer(815301076,1909f56bfc062723c751e8b465ee728b) (PreviewImporter) -> (artifact id: '0985feb6dce32bc3ab798f3105baf987') in 0.0427864 seconds
Number of updated asset objects reloaded before import = 0Number of asset objects unloaded after import = 10

========================================================================
Received Import Request.
  Time since last request: 0.000033 seconds.
  path: Assets/Mesh/_Prefabs/Props/NS_Scaffolding_Base.prefab
  artifactKey: Guid(68b49b1f89eabb6419e104c29575026e) Importer(815301076,1909f56bfc062723c751e8b465ee728b)
Start importing Assets/Mesh/_Prefabs/Props/NS_Scaffolding_Base.prefab using Guid(68b49b1f89eabb6419e104c29575026e) Importer(815301076,1909f56bfc062723c751e8b465ee728b) (PreviewImporter) -> (artifact id: '738cabdb14646ac50fab96938fa96207') in 0.0335374 seconds
Number of updated asset objects reloaded before import = 0Number of asset objects unloaded after import = 10

========================================================================
Received Import Request.
  Time since last request: 0.000032 seconds.
  path: Assets/Mesh/_Prefabs/Props/NS_Prop_Brick_RubbleA.prefab
  artifactKey: Guid(b01d1cddd814aee47b99e7b0b6089f41) Importer(815301076,1909f56bfc062723c751e8b465ee728b)
Start importing Assets/Mesh/_Prefabs/Props/NS_Prop_Brick_RubbleA.prefab using Guid(b01d1cddd814aee47b99e7b0b6089f41) Importer(815301076,1909f56bfc062723c751e8b465ee728b) (PreviewImporter) -> (artifact id: 'e3fd3b849e46af9fd31ae86237a79b28') in 0.0404886 seconds
Number of updated asset objects reloaded before import = 0Number of asset objects unloaded after import = 10

========================================================================
Received Import Request.
  Time since last request: 0.000028 seconds.
  path: Assets/Mesh/_Prefabs/Props/NS_WallMount_Canopy_Large.prefab
  artifactKey: Guid(e77f6e869c459104fb2ac7761030aa4c) Importer(815301076,1909f56bfc062723c751e8b465ee728b)
Start importing Assets/Mesh/_Prefabs/Props/NS_WallMount_Canopy_Large.prefab using Guid(e77f6e869c459104fb2ac7761030aa4c) Importer(815301076,1909f56bfc062723c751e8b465ee728b) (PreviewImporter) -> (artifact id: 'a2634d9a9180a5cffe1a547d3fd57e1c') in 0.0265636 seconds
Number of updated asset objects reloaded before import = 0Number of asset objects unloaded after import = 10

========================================================================
Received Import Request.
  Time since last request: 0.000034 seconds.
  path: Assets/Mesh/_Prefabs/Props/NS_Prop_Brick_RubbleC.prefab
  artifactKey: Guid(449ebc48531a51448a1e1e8d768e1ae5) Importer(815301076,1909f56bfc062723c751e8b465ee728b)
Start importing Assets/Mesh/_Prefabs/Props/NS_Prop_Brick_RubbleC.prefab using Guid(449ebc48531a51448a1e1e8d768e1ae5) Importer(815301076,1909f56bfc062723c751e8b465ee728b) (PreviewImporter) -> (artifact id: '665653e82d2edef65b9302aceb9f9167') in 0.0333685 seconds
Number of updated asset objects reloaded before import = 0Number of asset objects unloaded after import = 10

========================================================================
Received Import Request.
  Time since last request: 0.000027 seconds.
  path: Assets/Mesh/_Prefabs/Props/NS_Prop_FountainLarge.prefab
  artifactKey: Guid(3df6fe52b48f9b5408652acb31051e5d) Importer(815301076,1909f56bfc062723c751e8b465ee728b)
Start importing Assets/Mesh/_Prefabs/Props/NS_Prop_FountainLarge.prefab using Guid(3df6fe52b48f9b5408652acb31051e5d) Importer(815301076,1909f56bfc062723c751e8b465ee728b) (PreviewImporter) -> (artifact id: '8aa80031bce7c203c86692baed8dc54b') in 0.0268859 seconds
Number of updated asset objects reloaded before import = 0Number of asset objects unloaded after import = 10

========================================================================
Received Import Request.
  Time since last request: 0.000027 seconds.
  path: Assets/Mesh/_Prefabs/Props/NS_WallMount_Balcony_Stone_Large.prefab
  artifactKey: Guid(65f65d447f702f24ea6ebc68f12d1bde) Importer(815301076,1909f56bfc062723c751e8b465ee728b)
Start importing Assets/Mesh/_Prefabs/Props/NS_WallMount_Balcony_Stone_Large.prefab using Guid(65f65d447f702f24ea6ebc68f12d1bde) Importer(815301076,1909f56bfc062723c751e8b465ee728b) (PreviewImporter) -> (artifact id: '79c9bf60b48c39bf3caaceeae12bb021') in 0.0554454 seconds
Number of updated asset objects reloaded before import = 0Number of asset objects unloaded after import = 10

========================================================================
Received Import Request.
  Time since last request: 0.000027 seconds.
  path: Assets/Mesh/_Prefabs/Props/NS_Prop_Elecetricity_Pole_Tripple.prefab
  artifactKey: Guid(1f313981abb1d784db300ab487b53c19) Importer(815301076,1909f56bfc062723c751e8b465ee728b)
Start importing Assets/Mesh/_Prefabs/Props/NS_Prop_Elecetricity_Pole_Tripple.prefab using Guid(1f313981abb1d784db300ab487b53c19) Importer(815301076,1909f56bfc062723c751e8b465ee728b) (PreviewImporter) -> (artifact id: '5dc1301e7e284eeb7be6ba2bf54cace6') in 0.0560559 seconds
Number of updated asset objects reloaded before import = 0Number of asset objects unloaded after import = 12

========================================================================
Received Import Request.
  Time since last request: 0.000035 seconds.
  path: Assets/Mesh/_Prefabs/Props/NS_Prop_PlankStack_Small.prefab
  artifactKey: Guid(443dee30f4a255b42bcb92e3b779c77b) Importer(815301076,1909f56bfc062723c751e8b465ee728b)
Start importing Assets/Mesh/_Prefabs/Props/NS_Prop_PlankStack_Small.prefab using Guid(443dee30f4a255b42bcb92e3b779c77b) Importer(815301076,1909f56bfc062723c751e8b465ee728b) (PreviewImporter) -> (artifact id: '8d64f269301ee1b3c597b4882e0d1b03') in 0.0383695 seconds
Number of updated asset objects reloaded before import = 0Number of asset objects unloaded after import = 10

========================================================================
Received Import Request.
  Time since last request: 0.000024 seconds.
  path: Assets/Mesh/_Prefabs/Props/NS_Prop_StreetPole.prefab
  artifactKey: Guid(2d92a2a7dd99b5a469845514868836f5) Importer(815301076,1909f56bfc062723c751e8b465ee728b)
Start importing Assets/Mesh/_Prefabs/Props/NS_Prop_StreetPole.prefab using Guid(2d92a2a7dd99b5a469845514868836f5) Importer(815301076,1909f56bfc062723c751e8b465ee728b) (PreviewImporter) -> (artifact id: '02286332287e7d75709ecde92463c2f5') in 0.025846 seconds
Number of updated asset objects reloaded before import = 0Number of asset objects unloaded after import = 10

========================================================================
Received Import Request.
  Time since last request: 0.000028 seconds.
  path: Assets/Mesh/_Prefabs/Props/NS_Prop_TrashCan.prefab
  artifactKey: Guid(0263409fd7391d141a2642ec9766a1d8) Importer(815301076,1909f56bfc062723c751e8b465ee728b)
Start importing Assets/Mesh/_Prefabs/Props/NS_Prop_TrashCan.prefab using Guid(0263409fd7391d141a2642ec9766a1d8) Importer(815301076,1909f56bfc062723c751e8b465ee728b) (PreviewImporter) -> (artifact id: '8155854c69e4f34ffe1e2a0f77b3bb78') in 0.0412297 seconds
Number of updated asset objects reloaded before import = 0Number of asset objects unloaded after import = 15

========================================================================
Received Import Request.
  Time since last request: 0.000025 seconds.
  path: Assets/Mesh/_Prefabs/Props/NS_WallMount_Passage_Front.prefab
  artifactKey: Guid(99d89bb902de34d40b6ffe3001eb2dfe) Importer(815301076,1909f56bfc062723c751e8b465ee728b)
Start importing Assets/Mesh/_Prefabs/Props/NS_WallMount_Passage_Front.prefab using Guid(99d89bb902de34d40b6ffe3001eb2dfe) Importer(815301076,1909f56bfc062723c751e8b465ee728b) (PreviewImporter) -> (artifact id: 'c7d8ba7e820dcf07ea95068a4a476d1a') in 0.0264405 seconds
Number of updated asset objects reloaded before import = 0Number of asset objects unloaded after import = 10

========================================================================
Received Import Request.
  Time since last request: 0.000034 seconds.
  path: Assets/Mesh/_Prefabs/Props/NS_Prop_Drain_Pipe_Exit.prefab
  artifactKey: Guid(ad3571cff0c1e834a8ac7d67f4f5714b) Importer(815301076,1909f56bfc062723c751e8b465ee728b)
Start importing Assets/Mesh/_Prefabs/Props/NS_Prop_Drain_Pipe_Exit.prefab using Guid(ad3571cff0c1e834a8ac7d67f4f5714b) Importer(815301076,1909f56bfc062723c751e8b465ee728b) (PreviewImporter) -> (artifact id: '44772bb7a18d289ee0d792b00824843b') in 0.0239592 seconds
Number of updated asset objects reloaded before import = 0Number of asset objects unloaded after import = 10

========================================================================
Received Import Request.
  Time since last request: 0.000039 seconds.
  path: Assets/Mesh/_Prefabs/Props/NS_Prop_PlantGround.prefab
  artifactKey: Guid(feb147c2e2f801843a64d481adb4636d) Importer(815301076,1909f56bfc062723c751e8b465ee728b)
Start importing Assets/Mesh/_Prefabs/Props/NS_Prop_PlantGround.prefab using Guid(feb147c2e2f801843a64d481adb4636d) Importer(815301076,1909f56bfc062723c751e8b465ee728b) (PreviewImporter) -> (artifact id: '2dcd0ffbd2cd1761f2a7d8588270d0a9') in 0.0259748 seconds
Number of updated asset objects reloaded before import = 0Number of asset objects unloaded after import = 10

========================================================================
Received Import Request.
  Time since last request: 0.000028 seconds.
  path: Assets/Mesh/_Prefabs/Props/NS_Prop_TreeB.prefab
  artifactKey: Guid(6267dcc71c9e403439e196257770c79d) Importer(815301076,1909f56bfc062723c751e8b465ee728b)
Start importing Assets/Mesh/_Prefabs/Props/NS_Prop_TreeB.prefab using Guid(6267dcc71c9e403439e196257770c79d) Importer(815301076,1909f56bfc062723c751e8b465ee728b) (PreviewImporter) -> (artifact id: '9acf17a70cea6b224f8b8517ccb1418f') in 0.0805038 seconds
Number of updated asset objects reloaded before import = 0Number of asset objects unloaded after import = 10

========================================================================
Received Import Request.
  Time since last request: 0.000043 seconds.
  path: Assets/Mesh/_Prefabs/Props/NS_WallMount_Balcony_Stone_Small.prefab
  artifactKey: Guid(a71608ee8f9a6284f93ec276d0c1a41b) Importer(815301076,1909f56bfc062723c751e8b465ee728b)
Start importing Assets/Mesh/_Prefabs/Props/NS_WallMount_Balcony_Stone_Small.prefab using Guid(a71608ee8f9a6284f93ec276d0c1a41b) Importer(815301076,1909f56bfc062723c751e8b465ee728b) (PreviewImporter) -> (artifact id: '5b76c17a412ddf211eea86a415321251') in 0.0972829 seconds
Number of updated asset objects reloaded before import = 0Number of asset objects unloaded after import = 10

========================================================================
Received Import Request.
  Time since last request: 0.000055 seconds.
  path: Assets/Mesh/_Prefabs/Props/NS_Prop_Fence_Straight.prefab
  artifactKey: Guid(c8a56693ce8828f449841ee0ba8e1577) Importer(815301076,1909f56bfc062723c751e8b465ee728b)
Start importing Assets/Mesh/_Prefabs/Props/NS_Prop_Fence_Straight.prefab using Guid(c8a56693ce8828f449841ee0ba8e1577) Importer(815301076,1909f56bfc062723c751e8b465ee728b) (PreviewImporter) -> (artifact id: '1ee6082ed978d4d866f685eaba0c972e') in 0.0250998 seconds
Number of updated asset objects reloaded before import = 0Number of asset objects unloaded after import = 10

========================================================================
Received Import Request.
  Time since last request: 0.000032 seconds.
  path: Assets/Mesh/_Prefabs/Props/NS_Prop_Booth.prefab
  artifactKey: Guid(fa7e02fc15ac3f742b24747e57814de7) Importer(815301076,1909f56bfc062723c751e8b465ee728b)
Start importing Assets/Mesh/_Prefabs/Props/NS_Prop_Booth.prefab using Guid(fa7e02fc15ac3f742b24747e57814de7) Importer(815301076,1909f56bfc062723c751e8b465ee728b) (PreviewImporter) -> (artifact id: '170c6a3e625754b99919245ca3b1e086') in 0.0378365 seconds
Number of updated asset objects reloaded before import = 0Number of asset objects unloaded after import = 10

========================================================================
Received Import Request.
  Time since last request: 0.000042 seconds.
  path: Assets/Mesh/_Prefabs/Props/NS_Sign_FranksInn.prefab
  artifactKey: Guid(49a1b1ea3f71f804fb89ab0e82240288) Importer(815301076,1909f56bfc062723c751e8b465ee728b)
Start importing Assets/Mesh/_Prefabs/Props/NS_Sign_FranksInn.prefab using Guid(49a1b1ea3f71f804fb89ab0e82240288) Importer(815301076,1909f56bfc062723c751e8b465ee728b) (PreviewImporter) -> (artifact id: '62ae06c3692a105ac949eca11096b33a') in 0.0272685 seconds
Number of updated asset objects reloaded before import = 0Number of asset objects unloaded after import = 10

========================================================================
Received Import Request.
  Time since last request: 0.000034 seconds.
  path: Assets/Mesh/_Prefabs/Props/NS_Sign_Bank.prefab
  artifactKey: Guid(d588ccbff1d20a54b9bffc7f43a35342) Importer(815301076,1909f56bfc062723c751e8b465ee728b)
Start importing Assets/Mesh/_Prefabs/Props/NS_Sign_Bank.prefab using Guid(d588ccbff1d20a54b9bffc7f43a35342) Importer(815301076,1909f56bfc062723c751e8b465ee728b) (PreviewImporter) -> (artifact id: '159b582dc54dcf473cd7cd2819dfbbfe') in 0.0392045 seconds
Number of updated asset objects reloaded before import = 0Number of asset objects unloaded after import = 10

========================================================================
Received Import Request.
  Time since last request: 0.000034 seconds.
  path: Assets/Mesh/_Prefabs/Props/NS_Sign_Cafe.prefab
  artifactKey: Guid(c00175d8061683345afb2d288f44c0c9) Importer(815301076,1909f56bfc062723c751e8b465ee728b)
Start importing Assets/Mesh/_Prefabs/Props/NS_Sign_Cafe.prefab using Guid(c00175d8061683345afb2d288f44c0c9) Importer(815301076,1909f56bfc062723c751e8b465ee728b) (PreviewImporter) -> (artifact id: '03be5817b6fe48416f755afe246ac26c') in 0.0460826 seconds
Number of updated asset objects reloaded before import = 0Number of asset objects unloaded after import = 10

========================================================================
Received Import Request.
  Time since last request: 0.000027 seconds.
  path: Assets/Mesh/_Prefabs/Props/NS_Prop_Fountain.prefab
  artifactKey: Guid(740c6684a06729848bfcd0f6c7604bc9) Importer(815301076,1909f56bfc062723c751e8b465ee728b)
Start importing Assets/Mesh/_Prefabs/Props/NS_Prop_Fountain.prefab using Guid(740c6684a06729848bfcd0f6c7604bc9) Importer(815301076,1909f56bfc062723c751e8b465ee728b) (PreviewImporter) -> (artifact id: 'e5ac7a384044359f60bee2364584ea43') in 0.1283826 seconds
Number of updated asset objects reloaded before import = 0Number of asset objects unloaded after import = 19

========================================================================
Received Import Request.
  Time since last request: 0.000034 seconds.
  path: Assets/Mesh/_Prefabs/Props/NS_Prop_FencePillar.prefab
  artifactKey: Guid(83dfb61d3ef64fb40aa59f5509bfd9e8) Importer(815301076,1909f56bfc062723c751e8b465ee728b)
Start importing Assets/Mesh/_Prefabs/Props/NS_Prop_FencePillar.prefab using Guid(83dfb61d3ef64fb40aa59f5509bfd9e8) Importer(815301076,1909f56bfc062723c751e8b465ee728b) (PreviewImporter) -> (artifact id: 'cc4b6bbb42ea622f59e64c6fd2325e79') in 0.0234439 seconds
Number of updated asset objects reloaded before import = 0Number of asset objects unloaded after import = 10

========================================================================
Received Import Request.
  Time since last request: 0.000036 seconds.
  path: Assets/Mesh/_Prefabs/Props/NS_Prop_Bush.prefab
  artifactKey: Guid(4bd33f0ed8e46974b8a405c8ecbcd4b1) Importer(815301076,1909f56bfc062723c751e8b465ee728b)
Start importing Assets/Mesh/_Prefabs/Props/NS_Prop_Bush.prefab using Guid(4bd33f0ed8e46974b8a405c8ecbcd4b1) Importer(815301076,1909f56bfc062723c751e8b465ee728b) (PreviewImporter) -> (artifact id: '6adbd2577fa6328fa20af12531af34f6') in 0.0244117 seconds
Number of updated asset objects reloaded before import = 0Number of asset objects unloaded after import = 10

========================================================================
Received Import Request.
  Time since last request: 0.000030 seconds.
  path: Assets/Mesh/_Prefabs/Props/NS_Prop_HayStack.prefab
  artifactKey: Guid(4aaa0322be3329249a9bbd479973cc75) Importer(815301076,1909f56bfc062723c751e8b465ee728b)
Start importing Assets/Mesh/_Prefabs/Props/NS_Prop_HayStack.prefab using Guid(4aaa0322be3329249a9bbd479973cc75) Importer(815301076,1909f56bfc062723c751e8b465ee728b) (PreviewImporter) -> (artifact id: '0c190a8118b57fb58c8a641586f442ad') in 0.0613865 seconds
Number of updated asset objects reloaded before import = 0Number of asset objects unloaded after import = 10

========================================================================
Received Import Request.
  Time since last request: 50.386144 seconds.
  path: Assets/Mesh/_Prefabs/Props/NS_Wooden_Pole.prefab
  artifactKey: Guid(f453b69fceec84c478522799dcc8bd2b) Importer(815301076,1909f56bfc062723c751e8b465ee728b)
Start importing Assets/Mesh/_Prefabs/Props/NS_Wooden_Pole.prefab using Guid(f453b69fceec84c478522799dcc8bd2b) Importer(815301076,1909f56bfc062723c751e8b465ee728b) (PreviewImporter) -> (artifact id: 'e169ddb4c6f6ee6514bb16748ae0359c') in 0.0505541 seconds
Number of updated asset objects reloaded before import = 0Number of asset objects unloaded after import = 10

========================================================================
Received Import Request.
  Time since last request: 0.000039 seconds.
  path: Assets/Mesh/_Prefabs/Props/NS_WoodenFence_Broken.prefab
  artifactKey: Guid(8806a88a3c2af7b4a97e346cd9483911) Importer(815301076,1909f56bfc062723c751e8b465ee728b)
Start importing Assets/Mesh/_Prefabs/Props/NS_WoodenFence_Broken.prefab using Guid(8806a88a3c2af7b4a97e346cd9483911) Importer(815301076,1909f56bfc062723c751e8b465ee728b) (PreviewImporter) -> (artifact id: '3793124bc77190c4ac3d80204b7386a1') in 0.073963 seconds
Number of updated asset objects reloaded before import = 0Number of asset objects unloaded after import = 10

========================================================================
Received Import Request.
  Time since last request: 15.535673 seconds.
  path: Assets/Mesh/_Prefabs/Environment/NS_River_Wall_Corner.prefab
  artifactKey: Guid(3cf336ef9a4df554aaab8ad760144abe) Importer(815301076,1909f56bfc062723c751e8b465ee728b)
Start importing Assets/Mesh/_Prefabs/Environment/NS_River_Wall_Corner.prefab using Guid(3cf336ef9a4df554aaab8ad760144abe) Importer(815301076,1909f56bfc062723c751e8b465ee728b) (PreviewImporter) -> (artifact id: '324422f5ed760890c3a6e8b81e0ab213') in 0.1136947 seconds
Number of updated asset objects reloaded before import = 0Number of asset objects unloaded after import = 9

========================================================================
Received Import Request.
  Time since last request: 0.000031 seconds.
  path: Assets/Mesh/_Prefabs/Environment/NS_Terrain_Cobblestone_Road.prefab
  artifactKey: Guid(b664aa06643c2464ba753f83784a08cc) Importer(815301076,1909f56bfc062723c751e8b465ee728b)
Start importing Assets/Mesh/_Prefabs/Environment/NS_Terrain_Cobblestone_Road.prefab using Guid(b664aa06643c2464ba753f83784a08cc) Importer(815301076,1909f56bfc062723c751e8b465ee728b) (PreviewImporter) -> (artifact id: '85aa21e4c0a2a0ec07e6b6c4b83e4336') in 0.2351349 seconds
Number of updated asset objects reloaded before import = 0Number of asset objects unloaded after import = 10

========================================================================
Received Import Request.
  Time since last request: 0.000037 seconds.
  path: Assets/Mesh/_Prefabs/Environment/NS_Terrain_RuinsB.prefab
  artifactKey: Guid(d8c16d54717e695418eebd478ba1ab5b) Importer(815301076,1909f56bfc062723c751e8b465ee728b)
Start importing Assets/Mesh/_Prefabs/Environment/NS_Terrain_RuinsB.prefab using Guid(d8c16d54717e695418eebd478ba1ab5b) Importer(815301076,1909f56bfc062723c751e8b465ee728b) (PreviewImporter) -> (artifact id: '833a501c73e401fe1280a15e3644cbfc') in 0.0273711 seconds
Number of updated asset objects reloaded before import = 0Number of asset objects unloaded after import = 10

========================================================================
Received Import Request.
  Time since last request: 0.000032 seconds.
  path: Assets/Mesh/_Prefabs/Environment/NS_Terrain_Walkway_Edge.prefab
  artifactKey: Guid(6bdb876af71bd964c9e740d47300c4c6) Importer(815301076,1909f56bfc062723c751e8b465ee728b)
Start importing Assets/Mesh/_Prefabs/Environment/NS_Terrain_Walkway_Edge.prefab using Guid(6bdb876af71bd964c9e740d47300c4c6) Importer(815301076,1909f56bfc062723c751e8b465ee728b) (PreviewImporter) -> (artifact id: 'ffb0c29083b2804cf3d430d89480f6f1') in 0.0679243 seconds
Number of updated asset objects reloaded before import = 0Number of asset objects unloaded after import = 9

========================================================================
Received Import Request.
  Time since last request: 0.000035 seconds.
  path: Assets/Mesh/_Prefabs/Environment/NS_Terrain_Walkway_Corner_Pit.prefab
  artifactKey: Guid(758882bb91915b34db4b970dc01e884c) Importer(815301076,1909f56bfc062723c751e8b465ee728b)
Start importing Assets/Mesh/_Prefabs/Environment/NS_Terrain_Walkway_Corner_Pit.prefab using Guid(758882bb91915b34db4b970dc01e884c) Importer(815301076,1909f56bfc062723c751e8b465ee728b) (PreviewImporter) -> (artifact id: '72fc3997a591e35277147bedfa9afc9a') in 0.0248956 seconds
Number of updated asset objects reloaded before import = 0Number of asset objects unloaded after import = 9

========================================================================
Received Import Request.
  Time since last request: 0.000034 seconds.
  path: Assets/Mesh/_Prefabs/Environment/NS_Terrain_Grass_End.prefab
  artifactKey: Guid(21fa2991ad3767f4998fa31dd6f41731) Importer(815301076,1909f56bfc062723c751e8b465ee728b)
Start importing Assets/Mesh/_Prefabs/Environment/NS_Terrain_Grass_End.prefab using Guid(21fa2991ad3767f4998fa31dd6f41731) Importer(815301076,1909f56bfc062723c751e8b465ee728b) (PreviewImporter) -> (artifact id: '39308ab53bea8ba8e5376f21e98879a5') in 0.0255229 seconds
Number of updated asset objects reloaded before import = 0Number of asset objects unloaded after import = 10

========================================================================
Received Import Request.
  Time since last request: 0.000043 seconds.
  path: Assets/Mesh/_Prefabs/Environment/NS_River_Wall_Pole.prefab
  artifactKey: Guid(ac9bb87cd6464134d8fa038d167e04cc) Importer(815301076,1909f56bfc062723c751e8b465ee728b)
Start importing Assets/Mesh/_Prefabs/Environment/NS_River_Wall_Pole.prefab using Guid(ac9bb87cd6464134d8fa038d167e04cc) Importer(815301076,1909f56bfc062723c751e8b465ee728b) (PreviewImporter) -> (artifact id: '47768bcb471afa26ce15c001705f8088') in 0.0563076 seconds
Number of updated asset objects reloaded before import = 0Number of asset objects unloaded after import = 12

========================================================================
Received Import Request.
  Time since last request: 0.000065 seconds.
  path: Assets/Mesh/_Prefabs/Environment/NS_River_Wall_Pit.prefab
  artifactKey: Guid(15798cd49e164544b87eabe103adfed1) Importer(815301076,1909f56bfc062723c751e8b465ee728b)
Start importing Assets/Mesh/_Prefabs/Environment/NS_River_Wall_Pit.prefab using Guid(15798cd49e164544b87eabe103adfed1) Importer(815301076,1909f56bfc062723c751e8b465ee728b) (PreviewImporter) -> (artifact id: '2ee478a7094cbdf2f30ce9e7e71a4c9b') in 0.0350838 seconds
Number of updated asset objects reloaded before import = 0Number of asset objects unloaded after import = 9

========================================================================
Received Import Request.
  Time since last request: 0.000027 seconds.
  path: Assets/Mesh/_Prefabs/Environment/NS_Terrain_Sidewalk_Edge.prefab
  artifactKey: Guid(cc6315be8b470234683ce972636c4b85) Importer(815301076,1909f56bfc062723c751e8b465ee728b)
Start importing Assets/Mesh/_Prefabs/Environment/NS_Terrain_Sidewalk_Edge.prefab using Guid(cc6315be8b470234683ce972636c4b85) Importer(815301076,1909f56bfc062723c751e8b465ee728b) (PreviewImporter) -> (artifact id: 'd05b7fc6a3199330a05a60213f8ae849') in 0.0277245 seconds
Number of updated asset objects reloaded before import = 0Number of asset objects unloaded after import = 10

========================================================================
Received Import Request.
  Time since last request: 0.000029 seconds.
  path: Assets/Mesh/_Prefabs/Environment/NS_Terrain_Grass_Plain.prefab
  artifactKey: Guid(a1e00ecb9d0f2164cbca9160fb690ca8) Importer(815301076,1909f56bfc062723c751e8b465ee728b)
Start importing Assets/Mesh/_Prefabs/Environment/NS_Terrain_Grass_Plain.prefab using Guid(a1e00ecb9d0f2164cbca9160fb690ca8) Importer(815301076,1909f56bfc062723c751e8b465ee728b) (PreviewImporter) -> (artifact id: '8d5600454310b3580d7bb6ee51210121') in 0.0391971 seconds
Number of updated asset objects reloaded before import = 0Number of asset objects unloaded after import = 10

========================================================================
Received Import Request.
  Time since last request: 0.000039 seconds.
  path: Assets/Mesh/_Prefabs/Environment/NS_Terrain_Walkway_Pit.prefab
  artifactKey: Guid(42053a9b554d7164b913a6da888a97ff) Importer(815301076,1909f56bfc062723c751e8b465ee728b)
Start importing Assets/Mesh/_Prefabs/Environment/NS_Terrain_Walkway_Pit.prefab using Guid(42053a9b554d7164b913a6da888a97ff) Importer(815301076,1909f56bfc062723c751e8b465ee728b) (PreviewImporter) -> (artifact id: '1babfef95ff4e14f4a9eeea692e740f7') in 0.0227132 seconds
Number of updated asset objects reloaded before import = 0Number of asset objects unloaded after import = 9

========================================================================
Received Prepare
Begin MonoManager ReloadAssembly
- Loaded All Assemblies, in  0.804 seconds
Refreshing native plugins compatible for Editor in 2.18 ms, found 4 plugins.
Native extension for WindowsStandalone target not found
Mono: successfully reloaded assembly
- Finished resetting the current domain, in  1.081 seconds
Domain Reload Profiling: 1888ms
	BeginReloadAssembly (272ms)
		ExecutionOrderSort (0ms)
		DisableScriptedObjects (27ms)
		BackupInstance (0ms)
		ReleaseScriptingObjects (0ms)
		CreateAndSetChildDomain (63ms)
	RebuildCommonClasses (38ms)
	RebuildNativeTypeToScriptingClass (14ms)
	initialDomainReloadingComplete (25ms)
	LoadAllAssembliesAndSetupDomain (457ms)
		LoadAssemblies (404ms)
		RebuildTransferFunctionScriptingTraits (0ms)
		AnalyzeDomain (191ms)
			TypeCache.Refresh (10ms)
				TypeCache.ScanAssembly (0ms)
			BuildScriptInfoCaches (166ms)
			ResolveRequiredComponents (11ms)
	FinalizeReload (1081ms)
		ReleaseScriptCaches (0ms)
		RebuildScriptCaches (0ms)
		SetupLoadedEditorAssemblies (757ms)
			LogAssemblyErrors (0ms)
			InitializePlatformSupportModulesInManaged (2ms)
			SetLoadedEditorAssemblies (6ms)
			BeforeProcessingInitializeOnLoad (111ms)
			ProcessInitializeOnLoadAttributes (574ms)
			ProcessInitializeOnLoadMethodAttributes (62ms)
			AfterProcessingInitializeOnLoad (2ms)
			EditorAssembliesLoaded (0ms)
		ExecutionOrderSort2 (0ms)
		AwakeInstancesAfterBackupRestoration (28ms)
Refreshing native plugins compatible for Editor in 2.64 ms, found 4 plugins.
Preloading 0 native plugins for Editor in 0.00 ms.
Unloading 44 Unused Serialized files (Serialized files now loaded: 0)
Unloading 6309 unused Assets / (6.5 MB). Loaded Objects now: 7022.
Memory consumption went from 165.3 MB to 158.8 MB.
Total: 12.314900 ms (FindLiveObjects: 0.969600 ms CreateObjectMapping: 0.683400 ms MarkObjects: 6.050800 ms  DeleteObjects: 4.609300 ms)

Prepare: number of updated asset objects reloaded= 0
========================================================================
Received Import Request.
  Time since last request: 1205.543573 seconds.
  path: Assets/Mesh/_Models/NS_Booth.fbx
  artifactKey: Guid(45660a5a72aa9ff418a394c3a1d93571) Importer(815301076,1909f56bfc062723c751e8b465ee728b)
Start importing Assets/Mesh/_Models/NS_Booth.fbx using Guid(45660a5a72aa9ff418a394c3a1d93571) Importer(815301076,1909f56bfc062723c751e8b465ee728b) (PreviewImporter) -> (artifact id: '7a7aa13e1559de2002d4c7adbe558173') in 0.8934044 seconds
Number of updated asset objects reloaded before import = 0Number of asset objects unloaded after import = 9

========================================================================
Received Import Request.
  Time since last request: 0.000039 seconds.
  path: Assets/Mesh/_Models/NS_Brick_Apartment_Corner_FloorB.fbx
  artifactKey: Guid(3bc09d1f3417ce148a485f53d19edf1b) Importer(815301076,1909f56bfc062723c751e8b465ee728b)
Start importing Assets/Mesh/_Models/NS_Brick_Apartment_Corner_FloorB.fbx using Guid(3bc09d1f3417ce148a485f53d19edf1b) Importer(815301076,1909f56bfc062723c751e8b465ee728b) (PreviewImporter) -> (artifact id: '723bf86c0c87cac241c092826efd0dd0') in 0.0183483 seconds
Number of updated asset objects reloaded before import = 0Number of asset objects unloaded after import = 7

========================================================================
Received Import Request.
  Time since last request: 0.000044 seconds.
  path: Assets/Mesh/_Models/NS_Brick_Apartment_ChimneyC.fbx
  artifactKey: Guid(1886c959420e3794fa90de156e7de12b) Importer(815301076,1909f56bfc062723c751e8b465ee728b)
Start importing Assets/Mesh/_Models/NS_Brick_Apartment_ChimneyC.fbx using Guid(1886c959420e3794fa90de156e7de12b) Importer(815301076,1909f56bfc062723c751e8b465ee728b) (PreviewImporter) -> (artifact id: '1588e2318f4190e59b01b958586d4a68') in 0.0168326 seconds
Number of updated asset objects reloaded before import = 0Number of asset objects unloaded after import = 7

========================================================================
Received Import Request.
  Time since last request: 0.000029 seconds.
  path: Assets/Mesh/_Models/NS_Fence.fbx
  artifactKey: Guid(6b1104507fb60fd45a85e0795e9619cc) Importer(815301076,1909f56bfc062723c751e8b465ee728b)
Start importing Assets/Mesh/_Models/NS_Fence.fbx using Guid(6b1104507fb60fd45a85e0795e9619cc) Importer(815301076,1909f56bfc062723c751e8b465ee728b) (PreviewImporter) -> (artifact id: 'c36a243aaddf78ccaf2fdabe074008cc') in 0.0165372 seconds
Number of updated asset objects reloaded before import = 0Number of asset objects unloaded after import = 7

========================================================================
Received Import Request.
  Time since last request: 0.000031 seconds.
  path: Assets/Mesh/_Models/NS_Prop_Brick_RubbleC.fbx
  artifactKey: Guid(9a4cd18238e8f724f9b8c4598bf9da01) Importer(815301076,1909f56bfc062723c751e8b465ee728b)
Start importing Assets/Mesh/_Models/NS_Prop_Brick_RubbleC.fbx using Guid(9a4cd18238e8f724f9b8c4598bf9da01) Importer(815301076,1909f56bfc062723c751e8b465ee728b) (PreviewImporter) -> (artifact id: 'c682325376b4bac76c416c250c59044e') in 0.0283108 seconds
Number of updated asset objects reloaded before import = 0Number of asset objects unloaded after import = 7

========================================================================
Received Import Request.
  Time since last request: 0.000024 seconds.
  path: Assets/Mesh/_Models/NS_Prop_Bush.fbx
  artifactKey: Guid(005cb7d1982b89745ae785ad030450ac) Importer(815301076,1909f56bfc062723c751e8b465ee728b)
Start importing Assets/Mesh/_Models/NS_Prop_Bush.fbx using Guid(005cb7d1982b89745ae785ad030450ac) Importer(815301076,1909f56bfc062723c751e8b465ee728b) (PreviewImporter) -> (artifact id: 'bbd2e5c308bbfd942ea1d02d275cd9f3') in 0.0192798 seconds
Number of updated asset objects reloaded before import = 0Number of asset objects unloaded after import = 7

========================================================================
Received Import Request.
  Time since last request: 0.000042 seconds.
  path: Assets/Mesh/_Models/NS_Prop_Brick_RubbleA.fbx
  artifactKey: Guid(cd99e3e7172e5fa49a71faa214e2ed90) Importer(815301076,1909f56bfc062723c751e8b465ee728b)
Start importing Assets/Mesh/_Models/NS_Prop_Brick_RubbleA.fbx using Guid(cd99e3e7172e5fa49a71faa214e2ed90) Importer(815301076,1909f56bfc062723c751e8b465ee728b) (PreviewImporter) -> (artifact id: 'bd55d6808d30b3c099423b6082244d3e') in 0.0173418 seconds
Number of updated asset objects reloaded before import = 0Number of asset objects unloaded after import = 7

========================================================================
Received Import Request.
  Time since last request: 0.000043 seconds.
  path: Assets/Mesh/_Models/NS_Container.fbx
  artifactKey: Guid(9fb664954b08db44eb7ece0263ef9a42) Importer(815301076,1909f56bfc062723c751e8b465ee728b)
Start importing Assets/Mesh/_Models/NS_Container.fbx using Guid(9fb664954b08db44eb7ece0263ef9a42) Importer(815301076,1909f56bfc062723c751e8b465ee728b) (PreviewImporter) -> (artifact id: '7532722a92730b85d6fc28b389f31fd9') in 0.0207271 seconds
Number of updated asset objects reloaded before import = 0Number of asset objects unloaded after import = 7

========================================================================
Received Import Request.
  Time since last request: 0.000037 seconds.
  path: Assets/Mesh/_Models/NS_Brick_Apartment_EntranceB.fbx
  artifactKey: Guid(bfd6fcc713924ac44bae4c207c48dfab) Importer(815301076,1909f56bfc062723c751e8b465ee728b)
Start importing Assets/Mesh/_Models/NS_Brick_Apartment_EntranceB.fbx using Guid(bfd6fcc713924ac44bae4c207c48dfab) Importer(815301076,1909f56bfc062723c751e8b465ee728b) (PreviewImporter) -> (artifact id: '5148bdc9a038cf74e6d20cfdd215a44d') in 0.0208642 seconds
Number of updated asset objects reloaded before import = 0Number of asset objects unloaded after import = 7

========================================================================
Received Import Request.
  Time since last request: 0.000033 seconds.
  path: Assets/Mesh/_Models/NS_Brick_Apartment_Small_FloorB.fbx
  artifactKey: Guid(b9a113533a2ad4f4493e644da24c976d) Importer(815301076,1909f56bfc062723c751e8b465ee728b)
Start importing Assets/Mesh/_Models/NS_Brick_Apartment_Small_FloorB.fbx using Guid(b9a113533a2ad4f4493e644da24c976d) Importer(815301076,1909f56bfc062723c751e8b465ee728b) (PreviewImporter) -> (artifact id: 'fe3fe0fb7732356dc8f663af373b9501') in 0.0205632 seconds
Number of updated asset objects reloaded before import = 0Number of asset objects unloaded after import = 7

========================================================================
Received Import Request.
  Time since last request: 0.000041 seconds.
  path: Assets/Mesh/_Models/NS_Brick_Apartment_EntranceC.fbx
  artifactKey: Guid(6e701b46058cf2f49aec604eb8dd542a) Importer(815301076,1909f56bfc062723c751e8b465ee728b)
Start importing Assets/Mesh/_Models/NS_Brick_Apartment_EntranceC.fbx using Guid(6e701b46058cf2f49aec604eb8dd542a) Importer(815301076,1909f56bfc062723c751e8b465ee728b) (PreviewImporter) -> (artifact id: '7c3ce969cdbe04c586681b23b01e320e') in 0.0226625 seconds
Number of updated asset objects reloaded before import = 0Number of asset objects unloaded after import = 7

========================================================================
Received Import Request.
  Time since last request: 0.000044 seconds.
  path: Assets/Mesh/_Models/NS_Plaster_Building_Corner_Roof.fbx
  artifactKey: Guid(991345c47f2e0174b8a16422b3f6b4a9) Importer(815301076,1909f56bfc062723c751e8b465ee728b)
Start importing Assets/Mesh/_Models/NS_Plaster_Building_Corner_Roof.fbx using Guid(991345c47f2e0174b8a16422b3f6b4a9) Importer(815301076,1909f56bfc062723c751e8b465ee728b) (PreviewImporter) -> (artifact id: 'f1bff3c6cbbfe278e616832123b35129') in 0.0221757 seconds
Number of updated asset objects reloaded before import = 0Number of asset objects unloaded after import = 7

========================================================================
Received Import Request.
  Time since last request: 0.000034 seconds.
  path: Assets/Mesh/_Models/NS_Plaster_Building_Divider_Chimneys.fbx
  artifactKey: Guid(fd74e5f0d781ea54083821ac88ce3544) Importer(815301076,1909f56bfc062723c751e8b465ee728b)
Start importing Assets/Mesh/_Models/NS_Plaster_Building_Divider_Chimneys.fbx using Guid(fd74e5f0d781ea54083821ac88ce3544) Importer(815301076,1909f56bfc062723c751e8b465ee728b) (PreviewImporter) -> (artifact id: '43746378b78bf3adfbe4f10ac119c44b') in 0.0202097 seconds
Number of updated asset objects reloaded before import = 0Number of asset objects unloaded after import = 7

========================================================================
Received Import Request.
  Time since last request: 0.000028 seconds.
  path: Assets/Mesh/_Models/NS_Plaster_Building_Roof_WindowB.fbx
  artifactKey: Guid(e8a6411cb4943d342b4408fe0b1bc617) Importer(815301076,1909f56bfc062723c751e8b465ee728b)
Start importing Assets/Mesh/_Models/NS_Plaster_Building_Roof_WindowB.fbx using Guid(e8a6411cb4943d342b4408fe0b1bc617) Importer(815301076,1909f56bfc062723c751e8b465ee728b) (PreviewImporter) -> (artifact id: 'ce822a006ea8fcbe2f02b28c22c6e564') in 0.0392061 seconds
Number of updated asset objects reloaded before import = 0Number of asset objects unloaded after import = 7

========================================================================
Received Import Request.
  Time since last request: 0.000068 seconds.
  path: Assets/Mesh/_Models/NS_Plaster_Building_Divider_MiddleA.fbx
  artifactKey: Guid(86cee49617c3a9b4aa023ce2cc51d40e) Importer(815301076,1909f56bfc062723c751e8b465ee728b)
Start importing Assets/Mesh/_Models/NS_Plaster_Building_Divider_MiddleA.fbx using Guid(86cee49617c3a9b4aa023ce2cc51d40e) Importer(815301076,1909f56bfc062723c751e8b465ee728b) (PreviewImporter) -> (artifact id: 'fb02efd82046d6f29a5aeed80791ddc8') in 0.0242501 seconds
Number of updated asset objects reloaded before import = 0Number of asset objects unloaded after import = 7

========================================================================
Received Import Request.
  Time since last request: 0.000060 seconds.
  path: Assets/Mesh/_Models/NS_FloppySign.fbx
  artifactKey: Guid(e9933fa03ebd0664691052a5ceee75eb) Importer(815301076,1909f56bfc062723c751e8b465ee728b)
Start importing Assets/Mesh/_Models/NS_FloppySign.fbx using Guid(e9933fa03ebd0664691052a5ceee75eb) Importer(815301076,1909f56bfc062723c751e8b465ee728b) (PreviewImporter) -> (artifact id: '95121cbee2681457d845c6f2ca356d04') in 0.022002 seconds
Number of updated asset objects reloaded before import = 0Number of asset objects unloaded after import = 7

========================================================================
Received Import Request.
  Time since last request: 0.000025 seconds.
  path: Assets/Mesh/_Models/NS_Plaster_Building_Corner_FloorA.fbx
  artifactKey: Guid(f75054c42f18cf042b0c9463edc48d58) Importer(815301076,1909f56bfc062723c751e8b465ee728b)
Start importing Assets/Mesh/_Models/NS_Plaster_Building_Corner_FloorA.fbx using Guid(f75054c42f18cf042b0c9463edc48d58) Importer(815301076,1909f56bfc062723c751e8b465ee728b) (PreviewImporter) -> (artifact id: '922822b91576f79e90a2fcbedaa6cdc9') in 0.023729 seconds
Number of updated asset objects reloaded before import = 0Number of asset objects unloaded after import = 7

========================================================================
Received Import Request.
  Time since last request: 0.000034 seconds.
  path: Assets/Mesh/_Models/NS_Brick_Apartment_Roof_Window.fbx
  artifactKey: Guid(233ccd93cb92191479a01560ecf52897) Importer(815301076,1909f56bfc062723c751e8b465ee728b)
Start importing Assets/Mesh/_Models/NS_Brick_Apartment_Roof_Window.fbx using Guid(233ccd93cb92191479a01560ecf52897) Importer(815301076,1909f56bfc062723c751e8b465ee728b) (PreviewImporter) -> (artifact id: '76c8e97cbed8e956996c520f52870eab') in 0.0225095 seconds
Number of updated asset objects reloaded before import = 0Number of asset objects unloaded after import = 7

========================================================================
Received Import Request.
  Time since last request: 0.000025 seconds.
  path: Assets/Mesh/_Models/NS_Plaster_Building_Entrance.fbx
  artifactKey: Guid(c0643cf4a563f5142b0f59b3be0f2bcf) Importer(815301076,1909f56bfc062723c751e8b465ee728b)
Start importing Assets/Mesh/_Models/NS_Plaster_Building_Entrance.fbx using Guid(c0643cf4a563f5142b0f59b3be0f2bcf) Importer(815301076,1909f56bfc062723c751e8b465ee728b) (PreviewImporter) -> (artifact id: '7484b8d012b5063ad7ab8439cbc99545') in 0.0213585 seconds
Number of updated asset objects reloaded before import = 0Number of asset objects unloaded after import = 7

========================================================================
Received Import Request.
  Time since last request: 0.000037 seconds.
  path: Assets/Mesh/_Models/NS_Brick_Apartment_FloorB.fbx
  artifactKey: Guid(a90e4c121b8ec2246a04a8b6d34ef092) Importer(815301076,1909f56bfc062723c751e8b465ee728b)
Start importing Assets/Mesh/_Models/NS_Brick_Apartment_FloorB.fbx using Guid(a90e4c121b8ec2246a04a8b6d34ef092) Importer(815301076,1909f56bfc062723c751e8b465ee728b) (PreviewImporter) -> (artifact id: 'b9134062ac7ef6d1be2e96bb1f11f49e') in 0.0229654 seconds
Number of updated asset objects reloaded before import = 0Number of asset objects unloaded after import = 7

========================================================================
Received Import Request.
  Time since last request: 0.000037 seconds.
  path: Assets/Mesh/_Models/NS_Plaster_Stairs.fbx
  artifactKey: Guid(0242a351c867a1b4baff37ce9dbda717) Importer(815301076,1909f56bfc062723c751e8b465ee728b)
Start importing Assets/Mesh/_Models/NS_Plaster_Stairs.fbx using Guid(0242a351c867a1b4baff37ce9dbda717) Importer(815301076,1909f56bfc062723c751e8b465ee728b) (PreviewImporter) -> (artifact id: '60350477bbc5356568afd883f7e52446') in 0.022241 seconds
Number of updated asset objects reloaded before import = 0Number of asset objects unloaded after import = 7

========================================================================
Received Import Request.
  Time since last request: 0.000035 seconds.
  path: Assets/Mesh/_Models/NS_Brick_Apartment_Small_EntranceA.fbx
  artifactKey: Guid(ccf170889de2e1b47a73b0eef255420e) Importer(815301076,1909f56bfc062723c751e8b465ee728b)
Start importing Assets/Mesh/_Models/NS_Brick_Apartment_Small_EntranceA.fbx using Guid(ccf170889de2e1b47a73b0eef255420e) Importer(815301076,1909f56bfc062723c751e8b465ee728b) (PreviewImporter) -> (artifact id: '3aa7232c9038b0cc0ffe501b1c5784af') in 0.0215689 seconds
Number of updated asset objects reloaded before import = 0Number of asset objects unloaded after import = 7

========================================================================
Received Import Request.
  Time since last request: 0.000026 seconds.
  path: Assets/Mesh/_Models/NS_Brick_Apartment_RoofA.fbx
  artifactKey: Guid(e9cf17ce5773caa48b183407441cd61d) Importer(815301076,1909f56bfc062723c751e8b465ee728b)
Start importing Assets/Mesh/_Models/NS_Brick_Apartment_RoofA.fbx using Guid(e9cf17ce5773caa48b183407441cd61d) Importer(815301076,1909f56bfc062723c751e8b465ee728b) (PreviewImporter) -> (artifact id: '96a53b433b11ebff8cf2f908ef4e4dd6') in 0.0209874 seconds
Number of updated asset objects reloaded before import = 0Number of asset objects unloaded after import = 7

========================================================================
Received Import Request.
  Time since last request: 0.000042 seconds.
  path: Assets/Mesh/_Models/NS_Brick_Apartment_FloorH.fbx
  artifactKey: Guid(e58c061626e7e704780faba97e1b2b83) Importer(815301076,1909f56bfc062723c751e8b465ee728b)
Start importing Assets/Mesh/_Models/NS_Brick_Apartment_FloorH.fbx using Guid(e58c061626e7e704780faba97e1b2b83) Importer(815301076,1909f56bfc062723c751e8b465ee728b) (PreviewImporter) -> (artifact id: '3d01cb88db3ea1bae4c8c3a1e3b993d7') in 0.0214228 seconds
Number of updated asset objects reloaded before import = 0Number of asset objects unloaded after import = 7

========================================================================
Received Import Request.
  Time since last request: 0.000045 seconds.
  path: Assets/Mesh/_Models/NS_Brick_Apartment_Small_RoofA.fbx
  artifactKey: Guid(483ad139d79b48f4b9eaa09157c284c0) Importer(815301076,1909f56bfc062723c751e8b465ee728b)
Start importing Assets/Mesh/_Models/NS_Brick_Apartment_Small_RoofA.fbx using Guid(483ad139d79b48f4b9eaa09157c284c0) Importer(815301076,1909f56bfc062723c751e8b465ee728b) (PreviewImporter) -> (artifact id: 'de5760801b2e9077a016929d94de52aa') in 0.021028 seconds
Number of updated asset objects reloaded before import = 0Number of asset objects unloaded after import = 7

========================================================================
Received Import Request.
  Time since last request: 0.000058 seconds.
  path: Assets/Mesh/_Models/NS_Brick_Apartment_Corner_Entrance.fbx
  artifactKey: Guid(54c88760cdb2bf04f91c08b21387a946) Importer(815301076,1909f56bfc062723c751e8b465ee728b)
Start importing Assets/Mesh/_Models/NS_Brick_Apartment_Corner_Entrance.fbx using Guid(54c88760cdb2bf04f91c08b21387a946) Importer(815301076,1909f56bfc062723c751e8b465ee728b) (PreviewImporter) -> (artifact id: 'dd87ebfc7da306b5d924978714e1a085') in 0.0480984 seconds
Number of updated asset objects reloaded before import = 0Number of asset objects unloaded after import = 7

========================================================================
Received Import Request.
  Time since last request: 0.000033 seconds.
  path: Assets/Mesh/_Models/NS_Industrial_Warehouse_Large.fbx
  artifactKey: Guid(43f05b1e89a04d5449a57c481b2d2c34) Importer(815301076,1909f56bfc062723c751e8b465ee728b)
Start importing Assets/Mesh/_Models/NS_Industrial_Warehouse_Large.fbx using Guid(43f05b1e89a04d5449a57c481b2d2c34) Importer(815301076,1909f56bfc062723c751e8b465ee728b) (PreviewImporter) -> (artifact id: 'df05dd5af9937e9f376d325ba7db9024') in 0.0395322 seconds
Number of updated asset objects reloaded before import = 0Number of asset objects unloaded after import = 17

========================================================================
Received Import Request.
  Time since last request: 0.000030 seconds.
  path: Assets/Mesh/_Models/NS_LightGlowSphere.fbx
  artifactKey: Guid(083a3ea2500b2f241bbcd093969214cb) Importer(815301076,1909f56bfc062723c751e8b465ee728b)
Start importing Assets/Mesh/_Models/NS_LightGlowSphere.fbx using Guid(083a3ea2500b2f241bbcd093969214cb) Importer(815301076,1909f56bfc062723c751e8b465ee728b) (PreviewImporter) -> (artifact id: 'cedad20ec7940447f861f675709eaa1b') in 0.0581074 seconds
Number of updated asset objects reloaded before import = 0Number of asset objects unloaded after import = 8

========================================================================
Received Import Request.
  Time since last request: 0.000074 seconds.
  path: Assets/Mesh/_Models/NS_Fountain.fbx
  artifactKey: Guid(e8fa00fa976a6df43b339643f765f2b1) Importer(815301076,1909f56bfc062723c751e8b465ee728b)
Start importing Assets/Mesh/_Models/NS_Fountain.fbx using Guid(e8fa00fa976a6df43b339643f765f2b1) Importer(815301076,1909f56bfc062723c751e8b465ee728b) (PreviewImporter) -> (artifact id: '37375560109a62f544adf15a09536858') in 0.0303225 seconds
Number of updated asset objects reloaded before import = 0Number of asset objects unloaded after import = 12

========================================================================
Received Import Request.
  Time since last request: 0.000031 seconds.
  path: Assets/Mesh/_Models/NS_Prop_CableLong.fbx
  artifactKey: Guid(f745f8e3df354434caeeff2f25d88a89) Importer(815301076,1909f56bfc062723c751e8b465ee728b)
Start importing Assets/Mesh/_Models/NS_Prop_CableLong.fbx using Guid(f745f8e3df354434caeeff2f25d88a89) Importer(815301076,1909f56bfc062723c751e8b465ee728b) (PreviewImporter) -> (artifact id: '95b74e26d3f6246a40c864984e35be1d') in 0.0206556 seconds
Number of updated asset objects reloaded before import = 0Number of asset objects unloaded after import = 9

========================================================================
Received Import Request.
  Time since last request: 0.000030 seconds.
  path: Assets/Mesh/_Models/NS_Brick_Apartment_Corner_FloorA.fbx
  artifactKey: Guid(bfacc1e37b3c7d242a9cd34c80f63af0) Importer(815301076,1909f56bfc062723c751e8b465ee728b)
Start importing Assets/Mesh/_Models/NS_Brick_Apartment_Corner_FloorA.fbx using Guid(bfacc1e37b3c7d242a9cd34c80f63af0) Importer(815301076,1909f56bfc062723c751e8b465ee728b) (PreviewImporter) -> (artifact id: 'e337896dba75e9b68b99d1262b685706') in 0.0213859 seconds
Number of updated asset objects reloaded before import = 0Number of asset objects unloaded after import = 7

========================================================================
Received Import Request.
  Time since last request: 0.000029 seconds.
  path: Assets/Mesh/_Models/NS_Brick_Apartment_Store.fbx
  artifactKey: Guid(d1d384f4dba20ca4aa392e237ea81546) Importer(815301076,1909f56bfc062723c751e8b465ee728b)
Start importing Assets/Mesh/_Models/NS_Brick_Apartment_Store.fbx using Guid(d1d384f4dba20ca4aa392e237ea81546) Importer(815301076,1909f56bfc062723c751e8b465ee728b) (PreviewImporter) -> (artifact id: 'c5931cf8904be20ecd27a75c0355bcb3') in 0.0229067 seconds
Number of updated asset objects reloaded before import = 0Number of asset objects unloaded after import = 7

========================================================================
Received Import Request.
  Time since last request: 0.000030 seconds.
  path: Assets/Mesh/_Models/NS_Brick_Apartment_EntranceD.fbx
  artifactKey: Guid(acc182471368e1b4eb5212c607fab903) Importer(815301076,1909f56bfc062723c751e8b465ee728b)
Start importing Assets/Mesh/_Models/NS_Brick_Apartment_EntranceD.fbx using Guid(acc182471368e1b4eb5212c607fab903) Importer(815301076,1909f56bfc062723c751e8b465ee728b) (PreviewImporter) -> (artifact id: '8a975f0e2f977b5f519f45c272b047ca') in 0.0216558 seconds
Number of updated asset objects reloaded before import = 0Number of asset objects unloaded after import = 7

========================================================================
Received Import Request.
  Time since last request: 0.000059 seconds.
  path: Assets/Mesh/_Models/NS_Brick_Apartment_FloorD.fbx
  artifactKey: Guid(000ebda631a335a47a4fa2255ccf15f6) Importer(815301076,1909f56bfc062723c751e8b465ee728b)
Start importing Assets/Mesh/_Models/NS_Brick_Apartment_FloorD.fbx using Guid(000ebda631a335a47a4fa2255ccf15f6) Importer(815301076,1909f56bfc062723c751e8b465ee728b) (PreviewImporter) -> (artifact id: '33f2b3925117bea4f3bdf60df5d35890') in 0.0204701 seconds
Number of updated asset objects reloaded before import = 0Number of asset objects unloaded after import = 7

========================================================================
Received Import Request.
  Time since last request: 0.000027 seconds.
  path: Assets/Mesh/_Models/NS_Brick_Apartment_Small_Roof.fbx
  artifactKey: Guid(e71471d1702c61a40b2576eeecb552a6) Importer(815301076,1909f56bfc062723c751e8b465ee728b)
Start importing Assets/Mesh/_Models/NS_Brick_Apartment_Small_Roof.fbx using Guid(e71471d1702c61a40b2576eeecb552a6) Importer(815301076,1909f56bfc062723c751e8b465ee728b) (PreviewImporter) -> (artifact id: '4fbe9a2c3421d3e4fd2a139230b2ea16') in 0.0209809 seconds
Number of updated asset objects reloaded before import = 0Number of asset objects unloaded after import = 7

========================================================================
Received Import Request.
  Time since last request: 0.000039 seconds.
  path: Assets/Mesh/_Models/NS_Brick_Apartment_FloorC.fbx
  artifactKey: Guid(ae35d692dcfc12246aa57c9cc82440c7) Importer(815301076,1909f56bfc062723c751e8b465ee728b)
Start importing Assets/Mesh/_Models/NS_Brick_Apartment_FloorC.fbx using Guid(ae35d692dcfc12246aa57c9cc82440c7) Importer(815301076,1909f56bfc062723c751e8b465ee728b) (PreviewImporter) -> (artifact id: 'c6dfe25baded9ccafbea2e4ce6846b01') in 0.0215562 seconds
Number of updated asset objects reloaded before import = 0Number of asset objects unloaded after import = 7

========================================================================
Received Import Request.
  Time since last request: 0.000032 seconds.
  path: Assets/Mesh/_Models/NS_Brick_Apartment_FloorG.fbx
  artifactKey: Guid(9fc43326ece4e1a49be9542229d6f08d) Importer(815301076,1909f56bfc062723c751e8b465ee728b)
Start importing Assets/Mesh/_Models/NS_Brick_Apartment_FloorG.fbx using Guid(9fc43326ece4e1a49be9542229d6f08d) Importer(815301076,1909f56bfc062723c751e8b465ee728b) (PreviewImporter) -> (artifact id: '4a4c8ccabae8de92d3f2e3d5a05e8d7e') in 0.0227489 seconds
Number of updated asset objects reloaded before import = 0Number of asset objects unloaded after import = 7

========================================================================
Received Import Request.
  Time since last request: 0.000039 seconds.
  path: Assets/Mesh/_Models/NS_Plaster_Building_Roof.fbx
  artifactKey: Guid(f3ef982c7b32a9c44a97eccfad2ff8e0) Importer(815301076,1909f56bfc062723c751e8b465ee728b)
Start importing Assets/Mesh/_Models/NS_Plaster_Building_Roof.fbx using Guid(f3ef982c7b32a9c44a97eccfad2ff8e0) Importer(815301076,1909f56bfc062723c751e8b465ee728b) (PreviewImporter) -> (artifact id: '7644f7f71512a1eba66758d3812b191f') in 0.0247948 seconds
Number of updated asset objects reloaded before import = 0Number of asset objects unloaded after import = 7

========================================================================
Received Import Request.
  Time since last request: 0.000038 seconds.
  path: Assets/Mesh/_Models/NS_Brick_Apartment_Vitrine.fbx
  artifactKey: Guid(ea20bcf6b5ea61648bc9fc63f48cafe6) Importer(815301076,1909f56bfc062723c751e8b465ee728b)
Start importing Assets/Mesh/_Models/NS_Brick_Apartment_Vitrine.fbx using Guid(ea20bcf6b5ea61648bc9fc63f48cafe6) Importer(815301076,1909f56bfc062723c751e8b465ee728b) (PreviewImporter) -> (artifact id: '4d96957b6167b3b745e0a4a896f1efeb') in 0.0232553 seconds
Number of updated asset objects reloaded before import = 0Number of asset objects unloaded after import = 7

========================================================================
Received Import Request.
  Time since last request: 0.000045 seconds.
  path: Assets/Mesh/_Models/NS_Prop_Bench.fbx
  artifactKey: Guid(9eca0d81a7fca684b873d5456086cfe6) Importer(815301076,1909f56bfc062723c751e8b465ee728b)
Start importing Assets/Mesh/_Models/NS_Prop_Bench.fbx using Guid(9eca0d81a7fca684b873d5456086cfe6) Importer(815301076,1909f56bfc062723c751e8b465ee728b) (PreviewImporter) -> (artifact id: '8b73b18e3a52c8a5eebd8c8c2cb68e27') in 0.0239662 seconds
Number of updated asset objects reloaded before import = 0Number of asset objects unloaded after import = 7

========================================================================
Received Import Request.
  Time since last request: 0.000059 seconds.
  path: Assets/Mesh/_Models/NS_CypressTree.fbx
  artifactKey: Guid(ca0e5cb6d9d3ee54a8275f1c8b30c8f3) Importer(815301076,1909f56bfc062723c751e8b465ee728b)
Start importing Assets/Mesh/_Models/NS_CypressTree.fbx using Guid(ca0e5cb6d9d3ee54a8275f1c8b30c8f3) Importer(815301076,1909f56bfc062723c751e8b465ee728b) (PreviewImporter) -> (artifact id: '08fbced9c319e0eadedc6834b0753530') in 0.0235542 seconds
Number of updated asset objects reloaded before import = 0Number of asset objects unloaded after import = 7

========================================================================
Received Import Request.
  Time since last request: 0.000031 seconds.
  path: Assets/Mesh/_Models/NS_Bridge.fbx
  artifactKey: Guid(bc588275fa94e8443ad36e5c65162081) Importer(815301076,1909f56bfc062723c751e8b465ee728b)
Start importing Assets/Mesh/_Models/NS_Bridge.fbx using Guid(bc588275fa94e8443ad36e5c65162081) Importer(815301076,1909f56bfc062723c751e8b465ee728b) (PreviewImporter) -> (artifact id: '5d25a07775b8e02ef4eca65739bb9222') in 0.0227195 seconds
Number of updated asset objects reloaded before import = 0Number of asset objects unloaded after import = 7

========================================================================
Received Import Request.
  Time since last request: 0.000038 seconds.
  path: Assets/Mesh/_Models/NS_Industrial_FactoryC.fbx
  artifactKey: Guid(fe89284dcd1dec54e810208083809a02) Importer(815301076,1909f56bfc062723c751e8b465ee728b)
Start importing Assets/Mesh/_Models/NS_Industrial_FactoryC.fbx using Guid(fe89284dcd1dec54e810208083809a02) Importer(815301076,1909f56bfc062723c751e8b465ee728b) (PreviewImporter) -> (artifact id: 'ea586ca829d1b6562355601b40719cfd') in 0.0240912 seconds
Number of updated asset objects reloaded before import = 0Number of asset objects unloaded after import = 7

========================================================================
Received Import Request.
  Time since last request: 0.378493 seconds.
  path: Assets/Mesh/_Models/NS_Prop_CartA.fbx
  artifactKey: Guid(2fdb140c47354f2439daca3da269a5a2) Importer(815301076,1909f56bfc062723c751e8b465ee728b)
Start importing Assets/Mesh/_Models/NS_Prop_CartA.fbx using Guid(2fdb140c47354f2439daca3da269a5a2) Importer(815301076,1909f56bfc062723c751e8b465ee728b) (PreviewImporter) -> (artifact id: '00c94c9f2a4bf2e1c4384d2879f20ae3') in 0.0773634 seconds
Number of updated asset objects reloaded before import = 0Number of asset objects unloaded after import = 22

========================================================================
Received Import Request.
  Time since last request: 0.000028 seconds.
  path: Assets/Mesh/_Models/NS_Prop_Elecetricity_Pole_Tripple.fbx
  artifactKey: Guid(b69689c6da43eed4cbfcd4972ed39be4) Importer(815301076,1909f56bfc062723c751e8b465ee728b)
Start importing Assets/Mesh/_Models/NS_Prop_Elecetricity_Pole_Tripple.fbx using Guid(b69689c6da43eed4cbfcd4972ed39be4) Importer(815301076,1909f56bfc062723c751e8b465ee728b) (PreviewImporter) -> (artifact id: '0548bd194f2cfb82ae5d316be0c28f50') in 0.0201995 seconds
Number of updated asset objects reloaded before import = 0Number of asset objects unloaded after import = 9

========================================================================
Received Import Request.
  Time since last request: 0.000039 seconds.
  path: Assets/Mesh/_Models/NS_Prop_ManholeA.fbx
  artifactKey: Guid(75dfb85c947494546ab9eae606c5fc67) Importer(815301076,1909f56bfc062723c751e8b465ee728b)
Start importing Assets/Mesh/_Models/NS_Prop_ManholeA.fbx using Guid(75dfb85c947494546ab9eae606c5fc67) Importer(815301076,1909f56bfc062723c751e8b465ee728b) (PreviewImporter) -> (artifact id: '60e12bc01b8668f1bfab594463c9834e') in 0.0208495 seconds
Number of updated asset objects reloaded before import = 0Number of asset objects unloaded after import = 7

========================================================================
Received Import Request.
  Time since last request: 0.000032 seconds.
  path: Assets/Mesh/_Models/NS_Prop_Chair.fbx
  artifactKey: Guid(ed12f99eae76d7145947cab11fb362a0) Importer(815301076,1909f56bfc062723c751e8b465ee728b)
Start importing Assets/Mesh/_Models/NS_Prop_Chair.fbx using Guid(ed12f99eae76d7145947cab11fb362a0) Importer(815301076,1909f56bfc062723c751e8b465ee728b) (PreviewImporter) -> (artifact id: '40379703bfbc090b8f433563acebbc63') in 0.0195351 seconds
Number of updated asset objects reloaded before import = 0Number of asset objects unloaded after import = 7

========================================================================
Received Import Request.
  Time since last request: 0.000023 seconds.
  path: Assets/Mesh/_Models/NS_Prop_LaundryC.fbx
  artifactKey: Guid(38aa70d3fc493784b8baaeb464116671) Importer(815301076,1909f56bfc062723c751e8b465ee728b)
Start importing Assets/Mesh/_Models/NS_Prop_LaundryC.fbx using Guid(38aa70d3fc493784b8baaeb464116671) Importer(815301076,1909f56bfc062723c751e8b465ee728b) (PreviewImporter) -> (artifact id: 'bfbf21e502e6a02b43c7956f4aad2f99') in 0.0217816 seconds
Number of updated asset objects reloaded before import = 0Number of asset objects unloaded after import = 7

========================================================================
Received Import Request.
  Time since last request: 0.000027 seconds.
  path: Assets/Mesh/_Models/NS_Prop_Drain_Pipe_Long.fbx
  artifactKey: Guid(d00a479329c260147910389097de7e75) Importer(815301076,1909f56bfc062723c751e8b465ee728b)
Start importing Assets/Mesh/_Models/NS_Prop_Drain_Pipe_Long.fbx using Guid(d00a479329c260147910389097de7e75) Importer(815301076,1909f56bfc062723c751e8b465ee728b) (PreviewImporter) -> (artifact id: '8e99a90d515951bd5c548a436a2cc1e2') in 0.0206449 seconds
Number of updated asset objects reloaded before import = 0Number of asset objects unloaded after import = 7

========================================================================
Received Import Request.
  Time since last request: 0.000032 seconds.
  path: Assets/Mesh/_Models/NS_Prop_FountainLarge.fbx
  artifactKey: Guid(3070cf73ddb1b494aba6671415e514ab) Importer(815301076,1909f56bfc062723c751e8b465ee728b)
Start importing Assets/Mesh/_Models/NS_Prop_FountainLarge.fbx using Guid(3070cf73ddb1b494aba6671415e514ab) Importer(815301076,1909f56bfc062723c751e8b465ee728b) (PreviewImporter) -> (artifact id: '875c720904fa6c0d80325ebf1fed0d08') in 0.0215394 seconds
Number of updated asset objects reloaded before import = 0Number of asset objects unloaded after import = 7

========================================================================
Received Import Request.
  Time since last request: 0.000040 seconds.
  path: Assets/Mesh/_Models/NS_Prop_LaundryA.fbx
  artifactKey: Guid(a737eaa73146a6f45b96fdfb0c863146) Importer(815301076,1909f56bfc062723c751e8b465ee728b)
Start importing Assets/Mesh/_Models/NS_Prop_LaundryA.fbx using Guid(a737eaa73146a6f45b96fdfb0c863146) Importer(815301076,1909f56bfc062723c751e8b465ee728b) (PreviewImporter) -> (artifact id: '12b1a70af6f630d5984a2351e091955f') in 0.019537 seconds
Number of updated asset objects reloaded before import = 0Number of asset objects unloaded after import = 7

========================================================================
Received Import Request.
  Time since last request: 0.000027 seconds.
  path: Assets/Mesh/_Models/NS_Prop_Fence_Arch.fbx
  artifactKey: Guid(f8008de4957903f4bbbfe7caf2f95ba2) Importer(815301076,1909f56bfc062723c751e8b465ee728b)
Start importing Assets/Mesh/_Models/NS_Prop_Fence_Arch.fbx using Guid(f8008de4957903f4bbbfe7caf2f95ba2) Importer(815301076,1909f56bfc062723c751e8b465ee728b) (PreviewImporter) -> (artifact id: 'b8a77fd0c8a812903f44e0ccb646ccdf') in 0.0196426 seconds
Number of updated asset objects reloaded before import = 0Number of asset objects unloaded after import = 7

========================================================================
Received Import Request.
  Time since last request: 0.000026 seconds.
  path: Assets/Mesh/_Models/NS_Prop_Flag_Garland.fbx
  artifactKey: Guid(91ad8bae4d208df4998408fd837fc94f) Importer(815301076,1909f56bfc062723c751e8b465ee728b)
Start importing Assets/Mesh/_Models/NS_Prop_Flag_Garland.fbx using Guid(91ad8bae4d208df4998408fd837fc94f) Importer(815301076,1909f56bfc062723c751e8b465ee728b) (PreviewImporter) -> (artifact id: 'c14508d780e7282baf12b5dcd428cb20') in 0.0191867 seconds
Number of updated asset objects reloaded before import = 0Number of asset objects unloaded after import = 9

========================================================================
Received Import Request.
  Time since last request: 0.000028 seconds.
  path: Assets/Mesh/_Models/NS_Prop_HayStack.fbx
  artifactKey: Guid(0f226899e719817498198397e50bfdb7) Importer(815301076,1909f56bfc062723c751e8b465ee728b)
Start importing Assets/Mesh/_Models/NS_Prop_HayStack.fbx using Guid(0f226899e719817498198397e50bfdb7) Importer(815301076,1909f56bfc062723c751e8b465ee728b) (PreviewImporter) -> (artifact id: 'a6d55c17589316416dae1a28d34873df') in 0.0202885 seconds
Number of updated asset objects reloaded before import = 0Number of asset objects unloaded after import = 7

========================================================================
Received Import Request.
  Time since last request: 0.000034 seconds.
  path: Assets/Mesh/_Models/NS_Prop_Elecetricity_Pole_Singular.fbx
  artifactKey: Guid(e5ff03ab65ec21241b14824559b4cd87) Importer(815301076,1909f56bfc062723c751e8b465ee728b)
Start importing Assets/Mesh/_Models/NS_Prop_Elecetricity_Pole_Singular.fbx using Guid(e5ff03ab65ec21241b14824559b4cd87) Importer(815301076,1909f56bfc062723c751e8b465ee728b) (PreviewImporter) -> (artifact id: '01813c19e5d9aebf3e87d6ba8011b14c') in 0.019471 seconds
Number of updated asset objects reloaded before import = 0Number of asset objects unloaded after import = 9

========================================================================
Received Import Request.
  Time since last request: 0.000037 seconds.
  path: Assets/Mesh/_Models/NS_Prop_PlantGround.fbx
  artifactKey: Guid(9c452dfbeacbb584f9bb5f538d7e2b1a) Importer(815301076,1909f56bfc062723c751e8b465ee728b)
Start importing Assets/Mesh/_Models/NS_Prop_PlantGround.fbx using Guid(9c452dfbeacbb584f9bb5f538d7e2b1a) Importer(815301076,1909f56bfc062723c751e8b465ee728b) (PreviewImporter) -> (artifact id: '803aeea1b1570962c2343d2b0e6376a9') in 0.0433679 seconds
Number of updated asset objects reloaded before import = 0Number of asset objects unloaded after import = 7

========================================================================
Received Import Request.
  Time since last request: 0.000043 seconds.
  path: Assets/Mesh/_Models/NS_Prop_DiningTable.fbx
  artifactKey: Guid(d07de39dc844b2d4f9e7c04dd965a8cb) Importer(815301076,1909f56bfc062723c751e8b465ee728b)
Start importing Assets/Mesh/_Models/NS_Prop_DiningTable.fbx using Guid(d07de39dc844b2d4f9e7c04dd965a8cb) Importer(815301076,1909f56bfc062723c751e8b465ee728b) (PreviewImporter) -> (artifact id: 'b2890442380ef7dfe9012250fa18e1e2') in 0.0322463 seconds
Number of updated asset objects reloaded before import = 0Number of asset objects unloaded after import = 16

========================================================================
Received Import Request.
  Time since last request: 0.000049 seconds.
  path: Assets/Mesh/_Models/NS_Prop_Grill.fbx
  artifactKey: Guid(9f54a8ede75e1a64da2daf1da809a216) Importer(815301076,1909f56bfc062723c751e8b465ee728b)
Start importing Assets/Mesh/_Models/NS_Prop_Grill.fbx using Guid(9f54a8ede75e1a64da2daf1da809a216) Importer(815301076,1909f56bfc062723c751e8b465ee728b) (PreviewImporter) -> (artifact id: '90a6072e4f1f3b9c5d748b5b17bf41ba') in 0.021268 seconds
Number of updated asset objects reloaded before import = 0Number of asset objects unloaded after import = 9

========================================================================
Received Import Request.
  Time since last request: 0.000033 seconds.
  path: Assets/Mesh/_Models/NS_Prop_Laundry_Pole_Shirt.fbx
  artifactKey: Guid(6db3bebe8ebf6a64e8a0a4e5ff960077) Importer(815301076,1909f56bfc062723c751e8b465ee728b)
Start importing Assets/Mesh/_Models/NS_Prop_Laundry_Pole_Shirt.fbx using Guid(6db3bebe8ebf6a64e8a0a4e5ff960077) Importer(815301076,1909f56bfc062723c751e8b465ee728b) (PreviewImporter) -> (artifact id: '88159a23f99dff73bd4655c5ef478f0b') in 0.0233143 seconds
Number of updated asset objects reloaded before import = 0Number of asset objects unloaded after import = 7

========================================================================
Received Import Request.
  Time since last request: 24.926735 seconds.
  path: Assets/Mesh/_Prefabs/Characters/NS_Character_Female_Ponytail.prefab
  artifactKey: Guid(6ef88fb3f7305fa47bed4d6613692689) Importer(815301076,1909f56bfc062723c751e8b465ee728b)
Start importing Assets/Mesh/_Prefabs/Characters/NS_Character_Female_Ponytail.prefab using Guid(6ef88fb3f7305fa47bed4d6613692689) Importer(815301076,1909f56bfc062723c751e8b465ee728b) (PreviewImporter) -> (artifact id: '3a7858b201eafa708477e67794fde9c4') in 0.0563646 seconds
Number of updated asset objects reloaded before import = 0Number of asset objects unloaded after import = 159

========================================================================
Received Import Request.
  Time since last request: 0.000030 seconds.
  path: Assets/Mesh/_Prefabs/Characters/NS_Character_Male_Coat.prefab
  artifactKey: Guid(d92775345cb637d4f8689dd48db97567) Importer(815301076,1909f56bfc062723c751e8b465ee728b)
Start importing Assets/Mesh/_Prefabs/Characters/NS_Character_Male_Coat.prefab using Guid(d92775345cb637d4f8689dd48db97567) Importer(815301076,1909f56bfc062723c751e8b465ee728b) (PreviewImporter) -> (artifact id: 'c771cc1be22a3f7fee677537da578500') in 0.049284 seconds
Number of updated asset objects reloaded before import = 0Number of asset objects unloaded after import = 159

========================================================================
Received Import Request.
  Time since last request: 25.170986 seconds.
  path: Assets/Mesh/_Prefabs/Vehicles/NS_Prop_Chariot.prefab
  artifactKey: Guid(dc634342fe0c95443837396dfd1a4107) Importer(815301076,1909f56bfc062723c751e8b465ee728b)
Start importing Assets/Mesh/_Prefabs/Vehicles/NS_Prop_Chariot.prefab using Guid(dc634342fe0c95443837396dfd1a4107) Importer(815301076,1909f56bfc062723c751e8b465ee728b) (PreviewImporter) -> (artifact id: '939f29c1930eb863029558c6b46a48f0') in 0.0025676 seconds
Number of updated asset objects reloaded before import = 0Number of asset objects unloaded after import = 32

========================================================================
Received Import Request.
  Time since last request: 13.340006 seconds.
  path: Assets/Mesh/_FX/NS_FX_Fire.prefab
  artifactKey: Guid(f8da487e386725449a7189f4f87bf1fa) Importer(815301076,1909f56bfc062723c751e8b465ee728b)
Start importing Assets/Mesh/_FX/NS_FX_Fire.prefab using Guid(f8da487e386725449a7189f4f87bf1fa) Importer(815301076,1909f56bfc062723c751e8b465ee728b) (PreviewImporter) -> (artifact id: 'de097bc513b96bcb1e8b6a8ab2a91589') in 0.4184615 seconds
Number of updated asset objects reloaded before import = 0Number of asset objects unloaded after import = 23

========================================================================
Received Import Request.
  Time since last request: 38.303614 seconds.
  path: Assets/Mesh/_Materials/M_Cobblestone.mat
  artifactKey: Guid(609968b041175bd4d85626d21a548c76) Importer(815301076,1909f56bfc062723c751e8b465ee728b)
Start importing Assets/Mesh/_Materials/M_Cobblestone.mat using Guid(609968b041175bd4d85626d21a548c76) Importer(815301076,1909f56bfc062723c751e8b465ee728b) (PreviewImporter) -> (artifact id: 'ad5312eb1beb6b277662ba06709a1d14') in 0.1232876 seconds
Number of updated asset objects reloaded before import = 0Number of asset objects unloaded after import = 3

========================================================================
Received Import Request.
  Time since last request: 0.000039 seconds.
  path: Assets/Mesh/_Materials/M_Old_City_VER_01.mat
  artifactKey: Guid(c87a53691e4e5ef4ab99871ea19e687f) Importer(815301076,1909f56bfc062723c751e8b465ee728b)
Start importing Assets/Mesh/_Materials/M_Old_City_VER_01.mat using Guid(c87a53691e4e5ef4ab99871ea19e687f) Importer(815301076,1909f56bfc062723c751e8b465ee728b) (PreviewImporter) -> (artifact id: '2c385b463766771bef299f02a2ed7e48') in 0.01982 seconds
Number of updated asset objects reloaded before import = 0Number of asset objects unloaded after import = 3

========================================================================
Received Import Request.
  Time since last request: 0.000046 seconds.
  path: Assets/Mesh/_Materials/M_Glass.mat
  artifactKey: Guid(76523319459c20b449c4635c8e9b3e8e) Importer(815301076,1909f56bfc062723c751e8b465ee728b)
Start importing Assets/Mesh/_Materials/M_Glass.mat using Guid(76523319459c20b449c4635c8e9b3e8e) Importer(815301076,1909f56bfc062723c751e8b465ee728b) (PreviewImporter) -> (artifact id: 'dbe765abeed955c0fae362a85d0fb5d4') in 0.0161415 seconds
Number of updated asset objects reloaded before import = 0Number of asset objects unloaded after import = 1

Editor requested this worker to shutdown with reason: Scaling down because of idle timeout
AssetImportWorker is now disconnected from the server
Process exiting
Exiting without the bug reporter. Application will terminate with return code 0