Using pre-set license
Built from '6000.0/staging' branch; Version is '6000.0.37f1 (090b7797214c) revision 592759'; Using compiler version '193933523'; Build Type 'Release'
OS: 'Windows 10  (10.0.19045) 64bit Core' Language: 'ko' Physical Memory: 16316 MB
BatchMode: 1, IsHumanControllingUs: 0, StartBugReporterOnCrash: 0, Is64bit: 1, IsPro: 1

COMMAND LINE ARGUMENTS:
E:\UnityEditor\6000.0.37f1\Editor\Unity.exe
-adb2
-batchMode
-noUpm
-name
AssetImportWorker7
-projectPath
E:/UnityProjects/Project_JazzDevil
-logFile
Logs/AssetImportWorker7.log
-srvPort
3706
-job-worker-count
5
-background-job-worker-count
8
-gc-helper-count
1
Successfully changed project path to: E:/UnityProjects/Project_JazzDevil
E:/UnityProjects/Project_JazzDevil
[UnityMemory] Configuration Parameters - Can be set up in boot.config
    "memorysetup-bucket-allocator-granularity=16"
    "memorysetup-bucket-allocator-bucket-count=8"
    "memorysetup-bucket-allocator-block-size=33554432"
    "memorysetup-bucket-allocator-block-count=8"
    "memorysetup-main-allocator-block-size=16777216"
    "memorysetup-thread-allocator-block-size=16777216"
    "memorysetup-gfx-main-allocator-block-size=16777216"
    "memorysetup-gfx-thread-allocator-block-size=16777216"
    "memorysetup-cache-allocator-block-size=4194304"
    "memorysetup-typetree-allocator-block-size=2097152"
    "memorysetup-profiler-bucket-allocator-granularity=16"
    "memorysetup-profiler-bucket-allocator-bucket-count=8"
    "memorysetup-profiler-bucket-allocator-block-size=33554432"
    "memorysetup-profiler-bucket-allocator-block-count=8"
    "memorysetup-profiler-allocator-block-size=16777216"
    "memorysetup-profiler-editor-allocator-block-size=1048576"
    "memorysetup-temp-allocator-size-main=16777216"
    "memorysetup-job-temp-allocator-block-size=2097152"
    "memorysetup-job-temp-allocator-block-size-background=1048576"
    "memorysetup-job-temp-allocator-reduction-small-platforms=262144"
    "memorysetup-allocator-temp-initial-block-size-main=262144"
    "memorysetup-allocator-temp-initial-block-size-worker=262144"
    "memorysetup-temp-allocator-size-background-worker=32768"
    "memorysetup-temp-allocator-size-job-worker=262144"
    "memorysetup-temp-allocator-size-preload-manager=33554432"
    "memorysetup-temp-allocator-size-nav-mesh-worker=65536"
    "memorysetup-temp-allocator-size-audio-worker=65536"
    "memorysetup-temp-allocator-size-cloud-worker=32768"
    "memorysetup-temp-allocator-size-gi-baking-worker=262144"
    "memorysetup-temp-allocator-size-gi-baking-worker=262144"
    "memorysetup-temp-allocator-size-gi-baking-worker=262144"
    "memorysetup-temp-allocator-size-gi-baking-worker=262144"
    "memorysetup-temp-allocator-size-gi-baking-worker=262144"
    "memorysetup-temp-allocator-size-gfx=262144"
Player connection [30148]  Target information:

Player connection [30148]  * "[IP] 121.136.98.16 [Port] 0 [Flags] 2 [Guid] 1206047233 [EditorId] 1206047233 [Version] 1048832 [Id] WindowsEditor(7,DESKTOP-T3IK9JD) [Debug] 1 [PackageName] WindowsEditor [ProjectName] Editor" 

Player connection [30148] Host joined multi-casting on [225.0.0.222:54997]...
Player connection [30148] Host joined alternative multi-casting on [225.0.0.222:34997]...
JobSystem: Creating JobQueue using job-worker-count value 5
Input System module state changed to: Initialized.
[Physics::Module] Initialized fallback backend.
[Physics::Module] Id: 0xdecafbad
Library Redirect Path: Library/
[Physics::Module] Selected backend.
[Physics::Module] Name: PhysX
[Physics::Module] Id: 0xf2b8ea05
[Physics::Module] SDK Version: 4.1.2
[Physics::Module] Integration Version: 1.0.0
[Physics::Module] Threading Mode: Multi-Threaded
Refreshing native plugins compatible for Editor in 5.57 ms, found 4 plugins.
Preloading 0 native plugins for Editor in 0.00 ms.
Initialize engine version: 6000.0.37f1 (090b7797214c)
[Subsystems] Discovering subsystems at path E:/UnityEditor/6000.0.37f1/Editor/Data/Resources/UnitySubsystems
[Subsystems] Discovering subsystems at path E:/UnityProjects/Project_JazzDevil/Assets
GfxDevice: creating device client; kGfxThreadingModeNonThreaded
Direct3D:
    Version:  Direct3D 11.0 [level 11.1]
    Renderer: NVIDIA GeForce RTX 2060 (ID=0x1e89)
    Vendor:   NVIDIA
    VRAM:     5945 MB
    Driver:   32.0.15.6094
Initialize mono
Mono path[0] = 'E:/UnityEditor/6000.0.37f1/Editor/Data/Managed'
Mono path[1] = 'E:/UnityEditor/6000.0.37f1/Editor/Data/MonoBleedingEdge/lib/mono/unityjit-win32'
Mono config path = 'E:/UnityEditor/6000.0.37f1/Editor/Data/MonoBleedingEdge/etc'
Using monoOptions --debugger-agent=transport=dt_socket,embedding=1,server=y,suspend=n,address=127.0.0.1:56904
Begin MonoManager ReloadAssembly
Registering precompiled unity dll's ...
Register platform support module: E:/UnityEditor/6000.0.37f1/Editor/Data/PlaybackEngines/WindowsStandaloneSupport/UnityEditor.WindowsStandalone.Extensions.dll
Registered in 0.006859 seconds.
- Loaded All Assemblies, in  1.020 seconds
Native extension for WindowsStandalone target not found
Mono: successfully reloaded assembly
- Finished resetting the current domain, in  0.846 seconds
Domain Reload Profiling: 1866ms
	BeginReloadAssembly (367ms)
		ExecutionOrderSort (0ms)
		DisableScriptedObjects (0ms)
		BackupInstance (0ms)
		ReleaseScriptingObjects (0ms)
		CreateAndSetChildDomain (1ms)
	RebuildCommonClasses (152ms)
	RebuildNativeTypeToScriptingClass (22ms)
	initialDomainReloadingComplete (82ms)
	LoadAllAssembliesAndSetupDomain (397ms)
		LoadAssemblies (369ms)
		RebuildTransferFunctionScriptingTraits (0ms)
		AnalyzeDomain (388ms)
			TypeCache.Refresh (386ms)
				TypeCache.ScanAssembly (360ms)
			BuildScriptInfoCaches (0ms)
			ResolveRequiredComponents (1ms)
	FinalizeReload (846ms)
		ReleaseScriptCaches (0ms)
		RebuildScriptCaches (0ms)
		SetupLoadedEditorAssemblies (738ms)
			LogAssemblyErrors (0ms)
			InitializePlatformSupportModulesInManaged (40ms)
			SetLoadedEditorAssemblies (10ms)
			BeforeProcessingInitializeOnLoad (124ms)
			ProcessInitializeOnLoadAttributes (460ms)
			ProcessInitializeOnLoadMethodAttributes (103ms)
			AfterProcessingInitializeOnLoad (0ms)
			EditorAssembliesLoaded (0ms)
		ExecutionOrderSort2 (0ms)
		AwakeInstancesAfterBackupRestoration (0ms)
========================================================================
Worker process is ready to serve import requests
Import Worker Mode flag is 0x00
Begin MonoManager ReloadAssembly
- Loaded All Assemblies, in  1.901 seconds
Refreshing native plugins compatible for Editor in 3.51 ms, found 4 plugins.
Native extension for WindowsStandalone target not found
Mono: successfully reloaded assembly
- Finished resetting the current domain, in  2.352 seconds
Domain Reload Profiling: 4251ms
	BeginReloadAssembly (379ms)
		ExecutionOrderSort (0ms)
		DisableScriptedObjects (10ms)
		BackupInstance (0ms)
		ReleaseScriptingObjects (0ms)
		CreateAndSetChildDomain (58ms)
	RebuildCommonClasses (95ms)
	RebuildNativeTypeToScriptingClass (27ms)
	initialDomainReloadingComplete (100ms)
	LoadAllAssembliesAndSetupDomain (1298ms)
		LoadAssemblies (890ms)
		RebuildTransferFunctionScriptingTraits (0ms)
		AnalyzeDomain (662ms)
			TypeCache.Refresh (525ms)
				TypeCache.ScanAssembly (487ms)
			BuildScriptInfoCaches (96ms)
			ResolveRequiredComponents (31ms)
	FinalizeReload (2352ms)
		ReleaseScriptCaches (0ms)
		RebuildScriptCaches (0ms)
		SetupLoadedEditorAssemblies (1755ms)
			LogAssemblyErrors (0ms)
			InitializePlatformSupportModulesInManaged (10ms)
			SetLoadedEditorAssemblies (9ms)
			BeforeProcessingInitializeOnLoad (240ms)
			ProcessInitializeOnLoadAttributes (1061ms)
			ProcessInitializeOnLoadMethodAttributes (432ms)
			AfterProcessingInitializeOnLoad (3ms)
			EditorAssembliesLoaded (0ms)
		ExecutionOrderSort2 (0ms)
		AwakeInstancesAfterBackupRestoration (129ms)
Launched and connected shader compiler UnityShaderCompiler.exe after 0.07 seconds
Refreshing native plugins compatible for Editor in 4.01 ms, found 4 plugins.
Preloading 0 native plugins for Editor in 0.00 ms.
Unloading 207 Unused Serialized files (Serialized files now loaded: 0)
Unloading 6310 unused Assets / (3.4 MB). Loaded Objects now: 6973.
Memory consumption went from 167.5 MB to 164.1 MB.
Total: 68.709300 ms (FindLiveObjects: 1.893000 ms CreateObjectMapping: 1.409000 ms MarkObjects: 48.576900 ms  DeleteObjects: 16.784500 ms)

========================================================================
Received Import Request.
  Time since last request: 27841.204532 seconds.
  path: Assets/Audio/145BPM/145_Piano.mp3
  artifactKey: Guid(54a62b75c8f5a1545b6d3c1abf54205e) Importer(2089858483,192608db42251d675da83286b1cce702)
Start importing Assets/Audio/145BPM/145_Piano.mp3 using Guid(54a62b75c8f5a1545b6d3c1abf54205e) Importer(2089858483,192608db42251d675da83286b1cce702) (ScriptedImporter) -> (artifact id: '021108440403059bf82539123ccbf1e4') in 1.0510696 seconds
Number of updated asset objects reloaded before import = 0Number of asset objects unloaded after import = 1

========================================================================
Received Import Request.
  Time since last request: 0.000097 seconds.
  path: Assets/Mesh/_Prefabs/Buildings/NS_Brick_Apartment_ChimneyC.prefab
  artifactKey: Guid(8361d5bc21e2fef479cc09bacfc081cf) Importer(2089858483,3d70f49cd1c2eb9ae422958d1c652c6b)
Start importing Assets/Mesh/_Prefabs/Buildings/NS_Brick_Apartment_ChimneyC.prefab using Guid(8361d5bc21e2fef479cc09bacfc081cf) Importer(2089858483,3d70f49cd1c2eb9ae422958d1c652c6b) (ScriptedImporter) -> (artifact id: 'a0389efc25e4b0f6c200d61bc21f030c') in 0.1079273 seconds
Number of updated asset objects reloaded before import = 0Number of asset objects unloaded after import = 8

========================================================================
Received Import Request.
  Time since last request: 0.000040 seconds.
  path: Assets/Mesh/_Prefabs/Industrial/NS_Industrial_FactoryB.prefab
  artifactKey: Guid(9f3cd87372c918449a1a783afa88addd) Importer(2089858483,3d70f49cd1c2eb9ae422958d1c652c6b)
Start importing Assets/Mesh/_Prefabs/Industrial/NS_Industrial_FactoryB.prefab using Guid(9f3cd87372c918449a1a783afa88addd) Importer(2089858483,3d70f49cd1c2eb9ae422958d1c652c6b) (ScriptedImporter) -> (artifact id: 'ae26c5f7c522b2787bc8526cf2abefe7') in 0.0246667 seconds
Number of updated asset objects reloaded before import = 0Number of asset objects unloaded after import = 8

========================================================================
Received Import Request.
  Time since last request: 0.000030 seconds.
  path: Assets/Audio/135BPM/135_Other.mp3
  artifactKey: Guid(aad5ac2ead91a354fa0eda1804c8aba1) Importer(2089858483,192608db42251d675da83286b1cce702)
Start importing Assets/Audio/135BPM/135_Other.mp3 using Guid(aad5ac2ead91a354fa0eda1804c8aba1) Importer(2089858483,192608db42251d675da83286b1cce702) (ScriptedImporter) -> (artifact id: '96986a2f3b12ae1b709da36350cd1de7') in 0.2410502 seconds
Number of updated asset objects reloaded before import = 0Number of asset objects unloaded after import = 1

========================================================================
Received Import Request.
  Time since last request: 0.000038 seconds.
  path: Assets/Audio/145BPM/145_Brass.mp3
  artifactKey: Guid(e30b04656cb3c804e9234137c3213207) Importer(2089858483,192608db42251d675da83286b1cce702)
Start importing Assets/Audio/145BPM/145_Brass.mp3 using Guid(e30b04656cb3c804e9234137c3213207) Importer(2089858483,192608db42251d675da83286b1cce702) (ScriptedImporter) -> (artifact id: '7d486ea41302782570452d441abbc6f1') in 0.088317 seconds
Number of updated asset objects reloaded before import = 0Number of asset objects unloaded after import = 1

========================================================================
Received Import Request.
  Time since last request: 0.000108 seconds.
  path: Assets/Mesh/_Prefabs/Environment/NS_River_Wall_Corner.prefab
  artifactKey: Guid(3cf336ef9a4df554aaab8ad760144abe) Importer(2089858483,3d70f49cd1c2eb9ae422958d1c652c6b)
Start importing Assets/Mesh/_Prefabs/Environment/NS_River_Wall_Corner.prefab using Guid(3cf336ef9a4df554aaab8ad760144abe) Importer(2089858483,3d70f49cd1c2eb9ae422958d1c652c6b) (ScriptedImporter) -> (artifact id: '440d3d9bf90caaf84d9ed246b86abace') in 0.0166454 seconds
Number of updated asset objects reloaded before import = 0Number of asset objects unloaded after import = 8

========================================================================
Received Import Request.
  Time since last request: 0.000025 seconds.
  path: Assets/Audio/155BPM
  artifactKey: Guid(929bc8d8e4d4342468ff307ddc158e38) Importer(2089858483,192608db42251d675da83286b1cce702)
Start importing Assets/Audio/155BPM using Guid(929bc8d8e4d4342468ff307ddc158e38) Importer(2089858483,192608db42251d675da83286b1cce702) (ScriptedImporter) -> (artifact id: '6b1c0a2250e0bb0c8db9db9ae8260c48') in 0.0181575 seconds
Number of updated asset objects reloaded before import = 0Number of asset objects unloaded after import = 1

========================================================================
Received Import Request.
  Time since last request: 0.000098 seconds.
  path: Assets/Mesh/_Prefabs/Buildings/NS_Brick_Apartment_Vitrine.prefab
  artifactKey: Guid(86b3f6a2427f7714b8be535fd7e7dec9) Importer(2089858483,3d70f49cd1c2eb9ae422958d1c652c6b)
Start importing Assets/Mesh/_Prefabs/Buildings/NS_Brick_Apartment_Vitrine.prefab using Guid(86b3f6a2427f7714b8be535fd7e7dec9) Importer(2089858483,3d70f49cd1c2eb9ae422958d1c652c6b) (ScriptedImporter) -> (artifact id: '51478380e713312e1d5c5e5a4ea74707') in 0.0201263 seconds
Number of updated asset objects reloaded before import = 0Number of asset objects unloaded after import = 8

========================================================================
Received Import Request.
  Time since last request: 0.000031 seconds.
  path: Assets/Mesh/_Prefabs/Buildings/NS_Unique_Church.prefab
  artifactKey: Guid(736f0b5f8b287b14f88917f071cee22f) Importer(2089858483,3d70f49cd1c2eb9ae422958d1c652c6b)
Start importing Assets/Mesh/_Prefabs/Buildings/NS_Unique_Church.prefab using Guid(736f0b5f8b287b14f88917f071cee22f) Importer(2089858483,3d70f49cd1c2eb9ae422958d1c652c6b) (ScriptedImporter) -> (artifact id: '37f1d19e79167a5516529bc1be003a95') in 0.0194367 seconds
Number of updated asset objects reloaded before import = 0Number of asset objects unloaded after import = 8

========================================================================
Received Import Request.
  Time since last request: 0.000029 seconds.
  path: Assets/Mesh/_Prefabs/Props/NS_WallMount_Street_Lamp.prefab
  artifactKey: Guid(d2f718c95dd00f44eadbcc5a11afb7cc) Importer(2089858483,3d70f49cd1c2eb9ae422958d1c652c6b)
Start importing Assets/Mesh/_Prefabs/Props/NS_WallMount_Street_Lamp.prefab using Guid(d2f718c95dd00f44eadbcc5a11afb7cc) Importer(2089858483,3d70f49cd1c2eb9ae422958d1c652c6b) (ScriptedImporter) -> (artifact id: '9903d0935592d0624ce07420a91cede4') in 0.1480135 seconds
Number of updated asset objects reloaded before import = 0Number of asset objects unloaded after import = 8

========================================================================
Received Import Request.
  Time since last request: 0.000024 seconds.
  path: Assets/Mesh/_Prefabs/Props/NS_Prop_StreetPole.prefab
  artifactKey: Guid(2d92a2a7dd99b5a469845514868836f5) Importer(2089858483,3d70f49cd1c2eb9ae422958d1c652c6b)
Start importing Assets/Mesh/_Prefabs/Props/NS_Prop_StreetPole.prefab using Guid(2d92a2a7dd99b5a469845514868836f5) Importer(2089858483,3d70f49cd1c2eb9ae422958d1c652c6b) (ScriptedImporter) -> (artifact id: '36e61325476122178ca0abc20b912e93') in 0.0150128 seconds
Number of updated asset objects reloaded before import = 0Number of asset objects unloaded after import = 8

========================================================================
Received Import Request.
  Time since last request: 0.000029 seconds.
  path: Assets/Mesh/_Prefabs/Props/NS_Prop_ManholeA.prefab
  artifactKey: Guid(378178e3742caa34a9c0c083302065ca) Importer(2089858483,3d70f49cd1c2eb9ae422958d1c652c6b)
Start importing Assets/Mesh/_Prefabs/Props/NS_Prop_ManholeA.prefab using Guid(378178e3742caa34a9c0c083302065ca) Importer(2089858483,3d70f49cd1c2eb9ae422958d1c652c6b) (ScriptedImporter) -> (artifact id: 'f3c94e8611f53e11c267adba1694d682') in 0.021841 seconds
Number of updated asset objects reloaded before import = 0Number of asset objects unloaded after import = 8

========================================================================
Received Import Request.
  Time since last request: 0.000019 seconds.
  path: Assets/Mesh/_Models/NS_Terrain_Grass_Corner_Pit.fbx
  artifactKey: Guid(4ba306caa356f694da76706a7a0e30d9) Importer(2089858483,192608db42251d675da83286b1cce702)
Start importing Assets/Mesh/_Models/NS_Terrain_Grass_Corner_Pit.fbx using Guid(4ba306caa356f694da76706a7a0e30d9) Importer(2089858483,192608db42251d675da83286b1cce702) (ScriptedImporter) -> (artifact id: '78e9e6fdc01b6a414aa12db503f960b5') in 0.0820698 seconds
Number of updated asset objects reloaded before import = 0Number of asset objects unloaded after import = 9

========================================================================
Received Import Request.
  Time since last request: 0.000026 seconds.
  path: Assets/Mesh/_Prefabs/Vehicles/NS_Prop_Carriage_Roofed.prefab
  artifactKey: Guid(8320a0af698cdba4f922996c17e3657c) Importer(2089858483,3d70f49cd1c2eb9ae422958d1c652c6b)
Start importing Assets/Mesh/_Prefabs/Vehicles/NS_Prop_Carriage_Roofed.prefab using Guid(8320a0af698cdba4f922996c17e3657c) Importer(2089858483,3d70f49cd1c2eb9ae422958d1c652c6b) (ScriptedImporter) -> (artifact id: '95c23ea4edcab0ebeff65eb73e4059a3') in 0.0285672 seconds
Number of updated asset objects reloaded before import = 0Number of asset objects unloaded after import = 30

========================================================================
Received Import Request.
  Time since last request: 0.000028 seconds.
  path: Assets/Mesh/_Models/NS_Prop_CartA.fbx
  artifactKey: Guid(2fdb140c47354f2439daca3da269a5a2) Importer(2089858483,192608db42251d675da83286b1cce702)
Start importing Assets/Mesh/_Models/NS_Prop_CartA.fbx using Guid(2fdb140c47354f2439daca3da269a5a2) Importer(2089858483,192608db42251d675da83286b1cce702) (ScriptedImporter) -> (artifact id: 'd4398eb05206455aa9716a281e3f241e') in 0.0539471 seconds
Number of updated asset objects reloaded before import = 0Number of asset objects unloaded after import = 22

========================================================================
Received Import Request.
  Time since last request: 0.000024 seconds.
  path: Assets/Mesh/_Prefabs/Buildings/NS_Brick_Apartment_Corner_FloorB.prefab
  artifactKey: Guid(804afb33005aaf54cab188c5cbd1dfdf) Importer(2089858483,3d70f49cd1c2eb9ae422958d1c652c6b)
Start importing Assets/Mesh/_Prefabs/Buildings/NS_Brick_Apartment_Corner_FloorB.prefab using Guid(804afb33005aaf54cab188c5cbd1dfdf) Importer(2089858483,3d70f49cd1c2eb9ae422958d1c652c6b) (ScriptedImporter) -> (artifact id: '57bca7e4bb5eecee14ced760ce0af0e9') in 0.0195114 seconds
Number of updated asset objects reloaded before import = 0Number of asset objects unloaded after import = 8

========================================================================
Received Import Request.
  Time since last request: 0.000021 seconds.
  path: Assets/Mesh/_Prefabs/Industrial/NS_Industrial_FactoryB.prefab
  artifactKey: Guid(9f3cd87372c918449a1a783afa88addd) Importer(2089858483,192608db42251d675da83286b1cce702)
Start importing Assets/Mesh/_Prefabs/Industrial/NS_Industrial_FactoryB.prefab using Guid(9f3cd87372c918449a1a783afa88addd) Importer(2089858483,192608db42251d675da83286b1cce702) (ScriptedImporter) -> (artifact id: '9dd7c518e337088c82d8ddbb4ea17b32') in 0.1799793 seconds
Number of updated asset objects reloaded before import = 0Number of asset objects unloaded after import = 8

========================================================================
Received Import Request.
  Time since last request: 0.000047 seconds.
  path: Assets/Mesh/_Models/NS_Plaster_Building_Corner_Entrance.fbx
  artifactKey: Guid(b1cf7b88811836a4087e7262490cd189) Importer(2089858483,192608db42251d675da83286b1cce702)
Start importing Assets/Mesh/_Models/NS_Plaster_Building_Corner_Entrance.fbx using Guid(b1cf7b88811836a4087e7262490cd189) Importer(2089858483,192608db42251d675da83286b1cce702) (ScriptedImporter) -> (artifact id: 'e648c15893e731b61c130cb6b3f0a796') in 0.0291564 seconds
Number of updated asset objects reloaded before import = 0Number of asset objects unloaded after import = 7

========================================================================
Received Import Request.
  Time since last request: 0.000023 seconds.
  path: Assets/Mesh/_Prefabs/Buildings/NS_Brick_Apartment_Pub.prefab
  artifactKey: Guid(aaf3cb9f339b6ac498eb5f62e8f9eb2a) Importer(2089858483,3d70f49cd1c2eb9ae422958d1c652c6b)
Start importing Assets/Mesh/_Prefabs/Buildings/NS_Brick_Apartment_Pub.prefab using Guid(aaf3cb9f339b6ac498eb5f62e8f9eb2a) Importer(2089858483,3d70f49cd1c2eb9ae422958d1c652c6b) (ScriptedImporter) -> (artifact id: '0efe63f8fd2c583bf334580d0fda1ed4') in 0.0177842 seconds
Number of updated asset objects reloaded before import = 0Number of asset objects unloaded after import = 8

========================================================================
Received Import Request.
  Time since last request: 0.000028 seconds.
  path: Assets/Mesh/_Prefabs/Props/NS_Prop_Grill.prefab
  artifactKey: Guid(7e4c7e3ee17c8224b87e3ceeeecc576a) Importer(2089858483,3d70f49cd1c2eb9ae422958d1c652c6b)
Start importing Assets/Mesh/_Prefabs/Props/NS_Prop_Grill.prefab using Guid(7e4c7e3ee17c8224b87e3ceeeecc576a) Importer(2089858483,3d70f49cd1c2eb9ae422958d1c652c6b) (ScriptedImporter) -> (artifact id: 'eb36ece5763746cedf56db702499d070') in 0.0272261 seconds
Number of updated asset objects reloaded before import = 0Number of asset objects unloaded after import = 9

========================================================================
Received Import Request.
  Time since last request: 0.000044 seconds.
  path: Assets/Mesh/_Scenes
  artifactKey: Guid(b1adcf5552b33bc4ca744675f6d54a33) Importer(2089858483,192608db42251d675da83286b1cce702)
Start importing Assets/Mesh/_Scenes using Guid(b1adcf5552b33bc4ca744675f6d54a33) Importer(2089858483,192608db42251d675da83286b1cce702) (ScriptedImporter) -> (artifact id: '5e59d368cd2585e6b900eaa46c7023b3') in 0.019322 seconds
Number of updated asset objects reloaded before import = 0Number of asset objects unloaded after import = 1

========================================================================
Received Import Request.
  Time since last request: 0.000090 seconds.
  path: Assets/Mesh/_Prefabs/Environment/NS_Terrain_Sidewalk_Edge_Corner.prefab
  artifactKey: Guid(c8f528912a17ffa4582a39aa7413d172) Importer(2089858483,192608db42251d675da83286b1cce702)
Start importing Assets/Mesh/_Prefabs/Environment/NS_Terrain_Sidewalk_Edge_Corner.prefab using Guid(c8f528912a17ffa4582a39aa7413d172) Importer(2089858483,192608db42251d675da83286b1cce702) (ScriptedImporter) -> (artifact id: '3c035d5747397e8a832fd9db504dc3a9') in 0.0383711 seconds
Number of updated asset objects reloaded before import = 0Number of asset objects unloaded after import = 8

========================================================================
Received Import Request.
  Time since last request: 0.000030 seconds.
  path: Assets/Mesh/_Prefabs/Environment/NS_Terrain_Sidewalk_Corner.prefab
  artifactKey: Guid(4d3b2abb1e0eda441afed55b6d0e8008) Importer(2089858483,192608db42251d675da83286b1cce702)
Start importing Assets/Mesh/_Prefabs/Environment/NS_Terrain_Sidewalk_Corner.prefab using Guid(4d3b2abb1e0eda441afed55b6d0e8008) Importer(2089858483,192608db42251d675da83286b1cce702) (ScriptedImporter) -> (artifact id: 'b98de4dda0b474158486db06fc4fb5ae') in 0.0374728 seconds
Number of updated asset objects reloaded before import = 0Number of asset objects unloaded after import = 8

========================================================================
Received Import Request.
  Time since last request: 0.000025 seconds.
  path: Assets/Mesh/_Prefabs/Environment/NS_Terrain_Grass_Edge.prefab
  artifactKey: Guid(a66b8d4e8f831934ca5dab70fa9bd6d4) Importer(2089858483,192608db42251d675da83286b1cce702)
Start importing Assets/Mesh/_Prefabs/Environment/NS_Terrain_Grass_Edge.prefab using Guid(a66b8d4e8f831934ca5dab70fa9bd6d4) Importer(2089858483,192608db42251d675da83286b1cce702) (ScriptedImporter) -> (artifact id: 'a00fcb90d588a96b76170766f1eeab55') in 0.0353901 seconds
Number of updated asset objects reloaded before import = 0Number of asset objects unloaded after import = 8

========================================================================
Received Import Request.
  Time since last request: 0.000037 seconds.
  path: Assets/Mesh/_Models/NS_Sign_CashStore.fbx
  artifactKey: Guid(d1a113479e3a44846a0c3bd744bc0eee) Importer(2089858483,192608db42251d675da83286b1cce702)
Start importing Assets/Mesh/_Models/NS_Sign_CashStore.fbx using Guid(d1a113479e3a44846a0c3bd744bc0eee) Importer(2089858483,192608db42251d675da83286b1cce702) (ScriptedImporter) -> (artifact id: 'd29050b1de1777741ab727cda65c22ef') in 0.0509191 seconds
Number of updated asset objects reloaded before import = 0Number of asset objects unloaded after import = 7

========================================================================
Received Import Request.
  Time since last request: 0.000015 seconds.
  path: Assets/Mesh/_Materials/M_Water.mat
  artifactKey: Guid(78f44fe3d12a5b3449b7bae61fb927dc) Importer(2089858483,192608db42251d675da83286b1cce702)
Start importing Assets/Mesh/_Materials/M_Water.mat using Guid(78f44fe3d12a5b3449b7bae61fb927dc) Importer(2089858483,192608db42251d675da83286b1cce702) (ScriptedImporter) -> (artifact id: '43bbc5a868b60d892c5619e435f7e8ff') in 0.0330322 seconds
Number of updated asset objects reloaded before import = 0Number of asset objects unloaded after import = 2

========================================================================
Received Import Request.
  Time since last request: 0.000021 seconds.
  path: Assets/Mesh/_Models/NS_Plaster_Building_Divider_Chimneys.fbx
  artifactKey: Guid(fd74e5f0d781ea54083821ac88ce3544) Importer(2089858483,192608db42251d675da83286b1cce702)
Start importing Assets/Mesh/_Models/NS_Plaster_Building_Divider_Chimneys.fbx using Guid(fd74e5f0d781ea54083821ac88ce3544) Importer(2089858483,192608db42251d675da83286b1cce702) (ScriptedImporter) -> (artifact id: 'e07978b44fecf6c58f097e8594f2866d') in 0.0264184 seconds
Number of updated asset objects reloaded before import = 0Number of asset objects unloaded after import = 7

========================================================================
Received Import Request.
  Time since last request: 0.000039 seconds.
  path: Assets/Mesh/_Scenes/Items_Scene.unity
  artifactKey: Guid(5bbee6025b48a264fb1b9790296ccc74) Importer(2089858483,192608db42251d675da83286b1cce702)
Start importing Assets/Mesh/_Scenes/Items_Scene.unity using Guid(5bbee6025b48a264fb1b9790296ccc74) Importer(2089858483,192608db42251d675da83286b1cce702) (ScriptedImporter) -> (artifact id: 'e5d2aea473d4ee9a442fd0fba873d231') in 0.0665403 seconds
Number of updated asset objects reloaded before import = 0Number of asset objects unloaded after import = 1

========================================================================
Received Import Request.
  Time since last request: 0.000024 seconds.
  path: Assets/Mesh/_Models/NS_Prop_ThreeEntrance.fbx
  artifactKey: Guid(bae6457af03537440846a01185b99866) Importer(2089858483,192608db42251d675da83286b1cce702)
Start importing Assets/Mesh/_Models/NS_Prop_ThreeEntrance.fbx using Guid(bae6457af03537440846a01185b99866) Importer(2089858483,192608db42251d675da83286b1cce702) (ScriptedImporter) -> (artifact id: '8115a7438667d8bba97f08ebddd09c24') in 0.0296652 seconds
Number of updated asset objects reloaded before import = 0Number of asset objects unloaded after import = 7

========================================================================
Received Import Request.
  Time since last request: 0.000030 seconds.
  path: Assets/Mesh/_Models/NS_Prop_LaundryA.fbx
  artifactKey: Guid(a737eaa73146a6f45b96fdfb0c863146) Importer(2089858483,192608db42251d675da83286b1cce702)
Start importing Assets/Mesh/_Models/NS_Prop_LaundryA.fbx using Guid(a737eaa73146a6f45b96fdfb0c863146) Importer(2089858483,192608db42251d675da83286b1cce702) (ScriptedImporter) -> (artifact id: '423dc72f83b9a4f438b592ca08c13dc9') in 0.0292323 seconds
Number of updated asset objects reloaded before import = 0Number of asset objects unloaded after import = 7

========================================================================
Received Import Request.
  Time since last request: 0.000039 seconds.
  path: Assets/Mesh/_Textures/NoiseTexture.png
  artifactKey: Guid(1e249a84787941d40b0dbc5264f433d7) Importer(2089858483,192608db42251d675da83286b1cce702)
Start importing Assets/Mesh/_Textures/NoiseTexture.png using Guid(1e249a84787941d40b0dbc5264f433d7) Importer(2089858483,192608db42251d675da83286b1cce702) (ScriptedImporter) -> (artifact id: '122eff469a7ba71b84e65535dd89637d') in 0.2811177 seconds
Number of updated asset objects reloaded before import = 0Number of asset objects unloaded after import = 1

========================================================================
Received Import Request.
  Time since last request: 0.000036 seconds.
  path: Assets/Mesh/_Materials/M_Glass.mat
  artifactKey: Guid(76523319459c20b449c4635c8e9b3e8e) Importer(2089858483,192608db42251d675da83286b1cce702)
Start importing Assets/Mesh/_Materials/M_Glass.mat using Guid(76523319459c20b449c4635c8e9b3e8e) Importer(2089858483,192608db42251d675da83286b1cce702) (ScriptedImporter) -> (artifact id: 'a70f6ba87ab8954fb47cd00dca21b092') in 0.0402264 seconds
Number of updated asset objects reloaded before import = 0Number of asset objects unloaded after import = 1

========================================================================
Received Import Request.
  Time since last request: 0.000035 seconds.
  path: Assets/Mesh/_Models/NS_River_Wall_Sewer.fbx
  artifactKey: Guid(e4a8710e2103ee14caaa48a793561593) Importer(2089858483,192608db42251d675da83286b1cce702)
Start importing Assets/Mesh/_Models/NS_River_Wall_Sewer.fbx using Guid(e4a8710e2103ee14caaa48a793561593) Importer(2089858483,192608db42251d675da83286b1cce702) (ScriptedImporter) -> (artifact id: '82de49c5d03b293431275d93bb57f4c9') in 0.0193071 seconds
Number of updated asset objects reloaded before import = 0Number of asset objects unloaded after import = 7

========================================================================
Received Import Request.
  Time since last request: 0.000016 seconds.
  path: Assets/Mesh/_Models/NS_Brick_Apartment_Vitrine.fbx
  artifactKey: Guid(ea20bcf6b5ea61648bc9fc63f48cafe6) Importer(2089858483,192608db42251d675da83286b1cce702)
Start importing Assets/Mesh/_Models/NS_Brick_Apartment_Vitrine.fbx using Guid(ea20bcf6b5ea61648bc9fc63f48cafe6) Importer(2089858483,192608db42251d675da83286b1cce702) (ScriptedImporter) -> (artifact id: '7d30bcadbca1a52d07862f1e8842c069') in 0.069592 seconds
Number of updated asset objects reloaded before import = 0Number of asset objects unloaded after import = 7

========================================================================
Received Import Request.
  Time since last request: 0.000029 seconds.
  path: Assets/Mesh/_Models/NS_Brick_Apartment_FloorH.fbx
  artifactKey: Guid(e58c061626e7e704780faba97e1b2b83) Importer(2089858483,192608db42251d675da83286b1cce702)
Start importing Assets/Mesh/_Models/NS_Brick_Apartment_FloorH.fbx using Guid(e58c061626e7e704780faba97e1b2b83) Importer(2089858483,192608db42251d675da83286b1cce702) (ScriptedImporter) -> (artifact id: 'fb584c89a26d906b3f15621116f63632') in 0.029538 seconds
Number of updated asset objects reloaded before import = 0Number of asset objects unloaded after import = 7

========================================================================
Received Import Request.
  Time since last request: 0.000072 seconds.
  path: Assets/Mesh/_Prefabs/Buildings/NS_Plaster_Building_Roof_WindowB.prefab
  artifactKey: Guid(f0905abafc7f6cc4f9ba3365f2b0bd8e) Importer(2089858483,192608db42251d675da83286b1cce702)
Start importing Assets/Mesh/_Prefabs/Buildings/NS_Plaster_Building_Roof_WindowB.prefab using Guid(f0905abafc7f6cc4f9ba3365f2b0bd8e) Importer(2089858483,192608db42251d675da83286b1cce702) (ScriptedImporter) -> (artifact id: '11ea198946d072f6dae3cea399edd679') in 0.0419426 seconds
Number of updated asset objects reloaded before import = 0Number of asset objects unloaded after import = 8

========================================================================
Received Import Request.
  Time since last request: 0.000023 seconds.
  path: Assets/Mesh/_Models/NS_Brick_Apartment_Corner_FloorA.fbx
  artifactKey: Guid(bfacc1e37b3c7d242a9cd34c80f63af0) Importer(2089858483,192608db42251d675da83286b1cce702)
Start importing Assets/Mesh/_Models/NS_Brick_Apartment_Corner_FloorA.fbx using Guid(bfacc1e37b3c7d242a9cd34c80f63af0) Importer(2089858483,192608db42251d675da83286b1cce702) (ScriptedImporter) -> (artifact id: 'b9a508ea5d088acaa385863b08bcde5e') in 0.0330758 seconds
Number of updated asset objects reloaded before import = 0Number of asset objects unloaded after import = 7

========================================================================
Received Import Request.
  Time since last request: 0.000024 seconds.
  path: Assets/Mesh/_Models/NS_Sign_Bank.fbx
  artifactKey: Guid(3a9f347818cb4b3488560398d25894d5) Importer(2089858483,192608db42251d675da83286b1cce702)
Start importing Assets/Mesh/_Models/NS_Sign_Bank.fbx using Guid(3a9f347818cb4b3488560398d25894d5) Importer(2089858483,192608db42251d675da83286b1cce702) (ScriptedImporter) -> (artifact id: '004bfe7a23360bfb3248dfe7b85a28e2') in 0.0802944 seconds
Number of updated asset objects reloaded before import = 0Number of asset objects unloaded after import = 7

========================================================================
Received Import Request.
  Time since last request: 0.000024 seconds.
  path: Assets/Mesh/_Materials/M_Fire_Smoke.mat
  artifactKey: Guid(a1c925186c786e84da2d627502fbef12) Importer(2089858483,192608db42251d675da83286b1cce702)
Start importing Assets/Mesh/_Materials/M_Fire_Smoke.mat using Guid(a1c925186c786e84da2d627502fbef12) Importer(2089858483,192608db42251d675da83286b1cce702) (ScriptedImporter) -> (artifact id: 'fc4bdaebad192bd97baf5602dd653b7e') in 0.0210674 seconds
Number of updated asset objects reloaded before import = 0Number of asset objects unloaded after import = 2

========================================================================
Received Import Request.
  Time since last request: 0.000054 seconds.
  path: Assets/Mesh/_Prefabs/Buildings/NS_Brick_Apartment_Small_RoofB.prefab
  artifactKey: Guid(eec379650284ce447871f00104e7c1a0) Importer(2089858483,192608db42251d675da83286b1cce702)
Start importing Assets/Mesh/_Prefabs/Buildings/NS_Brick_Apartment_Small_RoofB.prefab using Guid(eec379650284ce447871f00104e7c1a0) Importer(2089858483,192608db42251d675da83286b1cce702) (ScriptedImporter) -> (artifact id: 'c7c698dc7403f413b5e02caafc9faea9') in 0.0382925 seconds
Number of updated asset objects reloaded before import = 0Number of asset objects unloaded after import = 8

========================================================================
Received Import Request.
  Time since last request: 0.000024 seconds.
  path: Assets/Mesh/_Models/NS_Brick_Apartment_Small_FloorA.fbx
  artifactKey: Guid(7b95cacc2dbbcdb40bbb2f2038c659c5) Importer(2089858483,192608db42251d675da83286b1cce702)
Start importing Assets/Mesh/_Models/NS_Brick_Apartment_Small_FloorA.fbx using Guid(7b95cacc2dbbcdb40bbb2f2038c659c5) Importer(2089858483,192608db42251d675da83286b1cce702) (ScriptedImporter) -> (artifact id: '46c5e80000852d34fcf6ad126ece4feb') in 0.0324988 seconds
Number of updated asset objects reloaded before import = 0Number of asset objects unloaded after import = 7

========================================================================
Received Import Request.
  Time since last request: 0.000021 seconds.
  path: Assets/Mesh/_Prefabs/Props/NS_WallMount_Wall_Block.prefab
  artifactKey: Guid(4b5a1846c4f138a4792fc8376f249298) Importer(2089858483,192608db42251d675da83286b1cce702)
Start importing Assets/Mesh/_Prefabs/Props/NS_WallMount_Wall_Block.prefab using Guid(4b5a1846c4f138a4792fc8376f249298) Importer(2089858483,192608db42251d675da83286b1cce702) (ScriptedImporter) -> (artifact id: 'af2744d4462b4f36a45d2ff3e02a9a20') in 0.0350596 seconds
Number of updated asset objects reloaded before import = 0Number of asset objects unloaded after import = 8

========================================================================
Received Import Request.
  Time since last request: 0.000031 seconds.
  path: Assets/Mesh/_Models/NS_Plaster_Building_Roof.fbx
  artifactKey: Guid(f3ef982c7b32a9c44a97eccfad2ff8e0) Importer(2089858483,192608db42251d675da83286b1cce702)
Start importing Assets/Mesh/_Models/NS_Plaster_Building_Roof.fbx using Guid(f3ef982c7b32a9c44a97eccfad2ff8e0) Importer(2089858483,192608db42251d675da83286b1cce702) (ScriptedImporter) -> (artifact id: '4850240fce44d96d5c74c0734dd0c95a') in 0.03073 seconds
Number of updated asset objects reloaded before import = 0Number of asset objects unloaded after import = 7

========================================================================
Received Import Request.
  Time since last request: 0.000073 seconds.
  path: Assets/Mesh/_Prefabs/Buildings/NS_Brick_Apartment_Corner_Entrance.prefab
  artifactKey: Guid(b2a19d8b6e0338448b8ed12a114d458f) Importer(2089858483,192608db42251d675da83286b1cce702)
Start importing Assets/Mesh/_Prefabs/Buildings/NS_Brick_Apartment_Corner_Entrance.prefab using Guid(b2a19d8b6e0338448b8ed12a114d458f) Importer(2089858483,192608db42251d675da83286b1cce702) (ScriptedImporter) -> (artifact id: '0c62e3a65b27ecabfc39bb53e7ed2578') in 0.037028 seconds
Number of updated asset objects reloaded before import = 0Number of asset objects unloaded after import = 8

========================================================================
Received Import Request.
  Time since last request: 0.000024 seconds.
  path: Assets/Mesh/_Prefabs/Environment/NS_Terrain_Walkway_Narrow.prefab
  artifactKey: Guid(0f4589fe711f7b444bf8a8e320e0e80b) Importer(2089858483,192608db42251d675da83286b1cce702)
Start importing Assets/Mesh/_Prefabs/Environment/NS_Terrain_Walkway_Narrow.prefab using Guid(0f4589fe711f7b444bf8a8e320e0e80b) Importer(2089858483,192608db42251d675da83286b1cce702) (ScriptedImporter) -> (artifact id: '42b7517a29d64b797cbc161ee5634bc9') in 0.0379606 seconds
Number of updated asset objects reloaded before import = 0Number of asset objects unloaded after import = 8

========================================================================
Received Import Request.
  Time since last request: 0.000032 seconds.
  path: Assets/Mesh/_Models/NS_Bridge.fbx
  artifactKey: Guid(bc588275fa94e8443ad36e5c65162081) Importer(2089858483,192608db42251d675da83286b1cce702)
Start importing Assets/Mesh/_Models/NS_Bridge.fbx using Guid(bc588275fa94e8443ad36e5c65162081) Importer(2089858483,192608db42251d675da83286b1cce702) (ScriptedImporter) -> (artifact id: '79d5e029324d31b1ba73801d7e19ac40') in 0.0729646 seconds
Number of updated asset objects reloaded before import = 0Number of asset objects unloaded after import = 7

========================================================================
Received Import Request.
  Time since last request: 0.000037 seconds.
  path: Assets/Mesh/_Prefabs/Environment/NS_Terrain_Grass_Edge.prefab
  artifactKey: Guid(a66b8d4e8f831934ca5dab70fa9bd6d4) Importer(2089858483,3d70f49cd1c2eb9ae422958d1c652c6b)
Start importing Assets/Mesh/_Prefabs/Environment/NS_Terrain_Grass_Edge.prefab using Guid(a66b8d4e8f831934ca5dab70fa9bd6d4) Importer(2089858483,3d70f49cd1c2eb9ae422958d1c652c6b) (ScriptedImporter) -> (artifact id: 'e62da6175193024ae4218152ed3e7c87') in 0.0215892 seconds
Number of updated asset objects reloaded before import = 0Number of asset objects unloaded after import = 8

========================================================================
Received Import Request.
  Time since last request: 0.000022 seconds.
  path: Assets/Mesh/_Models/NS_Industrial_Warehouse_Large.fbx
  artifactKey: Guid(43f05b1e89a04d5449a57c481b2d2c34) Importer(2089858483,192608db42251d675da83286b1cce702)
Start importing Assets/Mesh/_Models/NS_Industrial_Warehouse_Large.fbx using Guid(43f05b1e89a04d5449a57c481b2d2c34) Importer(2089858483,192608db42251d675da83286b1cce702) (ScriptedImporter) -> (artifact id: 'dc048b4be9d6eb708d5b7ae58478d760') in 0.0387239 seconds
Number of updated asset objects reloaded before import = 0Number of asset objects unloaded after import = 17

========================================================================
Received Import Request.
  Time since last request: 0.000026 seconds.
  path: Assets/Mesh/_Models/NS_Prop_CartB.fbx
  artifactKey: Guid(5b416b6cf94f70548ad38a4694ae6b82) Importer(2089858483,192608db42251d675da83286b1cce702)
Start importing Assets/Mesh/_Models/NS_Prop_CartB.fbx using Guid(5b416b6cf94f70548ad38a4694ae6b82) Importer(2089858483,192608db42251d675da83286b1cce702) (ScriptedImporter) -> (artifact id: 'd350cc4646f33ee82ce16caeb441f6ed') in 0.0435813 seconds
Number of updated asset objects reloaded before import = 0Number of asset objects unloaded after import = 32

========================================================================
Received Import Request.
  Time since last request: 0.000024 seconds.
  path: Assets/Mesh/_Models/NS_Sign_Tailor.fbx
  artifactKey: Guid(66d8a971fcffa2645a05a60e8ae49c26) Importer(2089858483,192608db42251d675da83286b1cce702)
Start importing Assets/Mesh/_Models/NS_Sign_Tailor.fbx using Guid(66d8a971fcffa2645a05a60e8ae49c26) Importer(2089858483,192608db42251d675da83286b1cce702) (ScriptedImporter) -> (artifact id: '3c72aa3542430f31a9df697fa1223fab') in 0.0264342 seconds
Number of updated asset objects reloaded before import = 0Number of asset objects unloaded after import = 7

========================================================================
Received Import Request.
  Time since last request: 0.000063 seconds.
  path: Assets/Mesh/_Prefabs/Buildings/NS_Plaster_Building_Corner_Roof.prefab
  artifactKey: Guid(13c3b42c231aa9a47b278878c9ac6626) Importer(2089858483,3d70f49cd1c2eb9ae422958d1c652c6b)
Start importing Assets/Mesh/_Prefabs/Buildings/NS_Plaster_Building_Corner_Roof.prefab using Guid(13c3b42c231aa9a47b278878c9ac6626) Importer(2089858483,3d70f49cd1c2eb9ae422958d1c652c6b) (ScriptedImporter) -> (artifact id: 'e347d634de21e9e84ff949a4f885f585') in 0.0216068 seconds
Number of updated asset objects reloaded before import = 0Number of asset objects unloaded after import = 8

========================================================================
Received Import Request.
  Time since last request: 0.000023 seconds.
  path: Assets/Scripts/NoteSpawner.cs
  artifactKey: Guid(86e0975e2718e7b498cdca00c2e15fb6) Importer(2089858483,192608db42251d675da83286b1cce702)
Start importing Assets/Scripts/NoteSpawner.cs using Guid(86e0975e2718e7b498cdca00c2e15fb6) Importer(2089858483,192608db42251d675da83286b1cce702) (ScriptedImporter) -> (artifact id: '1de7571d8f41c93439f74e8308fbe68f') in 0.0361874 seconds
Number of updated asset objects reloaded before import = 0Number of asset objects unloaded after import = 0

========================================================================
Received Import Request.
  Time since last request: 0.000037 seconds.
  path: Assets/Mesh/_Models/NS_Terrain_Grass_Edge.fbx
  artifactKey: Guid(f7789099270e5024391c34d79fe0e6c8) Importer(2089858483,192608db42251d675da83286b1cce702)
Start importing Assets/Mesh/_Models/NS_Terrain_Grass_Edge.fbx using Guid(f7789099270e5024391c34d79fe0e6c8) Importer(2089858483,192608db42251d675da83286b1cce702) (ScriptedImporter) -> (artifact id: 'bb5f64869b4e4660f0326b40c4059ace') in 0.031214 seconds
Number of updated asset objects reloaded before import = 0Number of asset objects unloaded after import = 7

========================================================================
Received Import Request.
  Time since last request: 0.000024 seconds.
  path: Assets/Mesh/_Models/NS_Terrain_CrossRoad.fbx
  artifactKey: Guid(aa0d5aa302575a04788226c968b748c1) Importer(2089858483,192608db42251d675da83286b1cce702)
Start importing Assets/Mesh/_Models/NS_Terrain_CrossRoad.fbx using Guid(aa0d5aa302575a04788226c968b748c1) Importer(2089858483,192608db42251d675da83286b1cce702) (ScriptedImporter) -> (artifact id: '3ac01eb3a1f0a29d6270f5917ac71af9') in 0.0550664 seconds
Number of updated asset objects reloaded before import = 0Number of asset objects unloaded after import = 7

========================================================================
Received Import Request.
  Time since last request: 0.000042 seconds.
  path: Assets/Mesh/_Prefabs/Props/NS_Sign_DrugStore.prefab
  artifactKey: Guid(58cbe3ae7784c1e478e704b32897e56f) Importer(2089858483,192608db42251d675da83286b1cce702)
Start importing Assets/Mesh/_Prefabs/Props/NS_Sign_DrugStore.prefab using Guid(58cbe3ae7784c1e478e704b32897e56f) Importer(2089858483,192608db42251d675da83286b1cce702) (ScriptedImporter) -> (artifact id: 'e6552bed9274529f4356c98b232d551f') in 0.1274861 seconds
Number of updated asset objects reloaded before import = 0Number of asset objects unloaded after import = 8

========================================================================
Received Import Request.
  Time since last request: 0.000031 seconds.
  path: Assets/Mesh/_Prefabs/Buildings/NS_Brick_Apartment_ChimneyA.prefab
  artifactKey: Guid(2d50834f4027f2540a8fb0c7c74b4b0e) Importer(2089858483,3d70f49cd1c2eb9ae422958d1c652c6b)
Start importing Assets/Mesh/_Prefabs/Buildings/NS_Brick_Apartment_ChimneyA.prefab using Guid(2d50834f4027f2540a8fb0c7c74b4b0e) Importer(2089858483,3d70f49cd1c2eb9ae422958d1c652c6b) (ScriptedImporter) -> (artifact id: 'bd50e923991610c090944cf522ad8d7c') in 0.0182031 seconds
Number of updated asset objects reloaded before import = 0Number of asset objects unloaded after import = 8

========================================================================
Received Import Request.
  Time since last request: 0.000032 seconds.
  path: Assets/Shaders/OutlineMaterial.mat
  artifactKey: Guid(514a32669e090d84c8027cdae87f8e85) Importer(2089858483,192608db42251d675da83286b1cce702)
Start importing Assets/Shaders/OutlineMaterial.mat using Guid(514a32669e090d84c8027cdae87f8e85) Importer(2089858483,192608db42251d675da83286b1cce702) (ScriptedImporter) -> (artifact id: '6947a374089b23d1fa5992ecb3e71e9d') in 0.0285549 seconds
Number of updated asset objects reloaded before import = 0Number of asset objects unloaded after import = 5

========================================================================
Received Import Request.
  Time since last request: 0.000030 seconds.
  path: Assets/Mesh/_Scenes/Demo_Scene.unity
  artifactKey: Guid(02346786e897de6428c9582bf7ad5315) Importer(2089858483,192608db42251d675da83286b1cce702)
Start importing Assets/Mesh/_Scenes/Demo_Scene.unity using Guid(02346786e897de6428c9582bf7ad5315) Importer(2089858483,192608db42251d675da83286b1cce702) (ScriptedImporter) -> (artifact id: '19d50ff39b0ac17b29e4c6878b62b8fb') in 0.4197721 seconds
Number of updated asset objects reloaded before import = 0Number of asset objects unloaded after import = 1

========================================================================
Received Import Request.
  Time since last request: 0.000029 seconds.
  path: Assets/Mesh/_Models/NS_Terrain_Sidewalk_Pit.fbx
  artifactKey: Guid(7868485ec8351f74f935f6e52f04158e) Importer(2089858483,192608db42251d675da83286b1cce702)
Start importing Assets/Mesh/_Models/NS_Terrain_Sidewalk_Pit.fbx using Guid(7868485ec8351f74f935f6e52f04158e) Importer(2089858483,192608db42251d675da83286b1cce702) (ScriptedImporter) -> (artifact id: 'cf9a7dd0380ab970265616c5b9e49874') in 0.0340659 seconds
Number of updated asset objects reloaded before import = 0Number of asset objects unloaded after import = 7

========================================================================
Received Import Request.
  Time since last request: 0.000043 seconds.
  path: Assets/Mesh/_Prefabs/Props/NS_Prop_TreeVase.prefab
  artifactKey: Guid(6cb004c7c857e834e9568066db0ab599) Importer(2089858483,3d70f49cd1c2eb9ae422958d1c652c6b)
Start importing Assets/Mesh/_Prefabs/Props/NS_Prop_TreeVase.prefab using Guid(6cb004c7c857e834e9568066db0ab599) Importer(2089858483,3d70f49cd1c2eb9ae422958d1c652c6b) (ScriptedImporter) -> (artifact id: '24ef64d31346b2c13093c538de2df864') in 0.0180107 seconds
Number of updated asset objects reloaded before import = 0Number of asset objects unloaded after import = 8

========================================================================
Received Import Request.
  Time since last request: 0.000030 seconds.
  path: Assets/Mesh/_Prefabs/Environment/NS_River_Wall_Pole.prefab
  artifactKey: Guid(ac9bb87cd6464134d8fa038d167e04cc) Importer(2089858483,192608db42251d675da83286b1cce702)
Start importing Assets/Mesh/_Prefabs/Environment/NS_River_Wall_Pole.prefab using Guid(ac9bb87cd6464134d8fa038d167e04cc) Importer(2089858483,192608db42251d675da83286b1cce702) (ScriptedImporter) -> (artifact id: '08af4ed8b3c6d332acb68b0e8f5bf008') in 0.0513483 seconds
Number of updated asset objects reloaded before import = 0Number of asset objects unloaded after import = 9

========================================================================
Received Import Request.
  Time since last request: 0.000029 seconds.
  path: Assets/Mesh/_FX/NS_FX_Fire.prefab
  artifactKey: Guid(f8da487e386725449a7189f4f87bf1fa) Importer(2089858483,3d70f49cd1c2eb9ae422958d1c652c6b)
Start importing Assets/Mesh/_FX/NS_FX_Fire.prefab using Guid(f8da487e386725449a7189f4f87bf1fa) Importer(2089858483,3d70f49cd1c2eb9ae422958d1c652c6b) (ScriptedImporter) -> (artifact id: '96e2659294e2cdd4d1a91cd77f0b0ae2') in 0.0657316 seconds
Number of updated asset objects reloaded before import = 0Number of asset objects unloaded after import = 19

Editor requested this worker to shutdown with reason: Scaling down because of idle timeout
AssetImportWorker is now disconnected from the server
Process exiting
Exiting without the bug reporter. Application will terminate with return code 0