Using pre-set license
Built from '6000.0/staging' branch; Version is '6000.0.37f1 (090b7797214c) revision 592759'; Using compiler version '193933523'; Build Type 'Release'
OS: 'Windows 10  (10.0.19045) 64bit Core' Language: 'ko' Physical Memory: 16316 MB
BatchMode: 1, IsHumanControllingUs: 0, StartBugReporterOnCrash: 0, Is64bit: 1, IsPro: 1

COMMAND LINE ARGUMENTS:
E:\UnityEditor\6000.0.37f1\Editor\Unity.exe
-adb2
-batchMode
-noUpm
-name
AssetImportWorker2
-projectPath
E:/UnityProjects/Project_JazzDevil
-logFile
Logs/AssetImportWorker2.log
-srvPort
3706
-job-worker-count
5
-background-job-worker-count
8
-gc-helper-count
1
Successfully changed project path to: E:/UnityProjects/Project_JazzDevil
E:/UnityProjects/Project_JazzDevil
[UnityMemory] Configuration Parameters - Can be set up in boot.config
    "memorysetup-bucket-allocator-granularity=16"
    "memorysetup-bucket-allocator-bucket-count=8"
    "memorysetup-bucket-allocator-block-size=33554432"
    "memorysetup-bucket-allocator-block-count=8"
    "memorysetup-main-allocator-block-size=16777216"
    "memorysetup-thread-allocator-block-size=16777216"
    "memorysetup-gfx-main-allocator-block-size=16777216"
    "memorysetup-gfx-thread-allocator-block-size=16777216"
    "memorysetup-cache-allocator-block-size=4194304"
    "memorysetup-typetree-allocator-block-size=2097152"
    "memorysetup-profiler-bucket-allocator-granularity=16"
    "memorysetup-profiler-bucket-allocator-bucket-count=8"
    "memorysetup-profiler-bucket-allocator-block-size=33554432"
    "memorysetup-profiler-bucket-allocator-block-count=8"
    "memorysetup-profiler-allocator-block-size=16777216"
    "memorysetup-profiler-editor-allocator-block-size=1048576"
    "memorysetup-temp-allocator-size-main=16777216"
    "memorysetup-job-temp-allocator-block-size=2097152"
    "memorysetup-job-temp-allocator-block-size-background=1048576"
    "memorysetup-job-temp-allocator-reduction-small-platforms=262144"
    "memorysetup-allocator-temp-initial-block-size-main=262144"
    "memorysetup-allocator-temp-initial-block-size-worker=262144"
    "memorysetup-temp-allocator-size-background-worker=32768"
    "memorysetup-temp-allocator-size-job-worker=262144"
    "memorysetup-temp-allocator-size-preload-manager=33554432"
    "memorysetup-temp-allocator-size-nav-mesh-worker=65536"
    "memorysetup-temp-allocator-size-audio-worker=65536"
    "memorysetup-temp-allocator-size-cloud-worker=32768"
    "memorysetup-temp-allocator-size-gi-baking-worker=262144"
    "memorysetup-temp-allocator-size-gi-baking-worker=262144"
    "memorysetup-temp-allocator-size-gi-baking-worker=262144"
    "memorysetup-temp-allocator-size-gi-baking-worker=262144"
    "memorysetup-temp-allocator-size-gi-baking-worker=262144"
    "memorysetup-temp-allocator-size-gfx=262144"
Player connection [22976]  Target information:

Player connection [22976]  * "[IP] 121.136.98.16 [Port] 0 [Flags] 2 [Guid] 766491118 [EditorId] 766491118 [Version] 1048832 [Id] WindowsEditor(7,DESKTOP-T3IK9JD) [Debug] 1 [PackageName] WindowsEditor [ProjectName] Editor" 

Player connection [22976] Host joined multi-casting on [225.0.0.222:54997]...
Player connection [22976] Host joined alternative multi-casting on [225.0.0.222:34997]...
JobSystem: Creating JobQueue using job-worker-count value 5
Input System module state changed to: Initialized.
[Physics::Module] Initialized fallback backend.
[Physics::Module] Id: 0xdecafbad
Library Redirect Path: Library/
[Physics::Module] Selected backend.
[Physics::Module] Name: PhysX
[Physics::Module] Id: 0xf2b8ea05
[Physics::Module] SDK Version: 4.1.2
[Physics::Module] Integration Version: 1.0.0
[Physics::Module] Threading Mode: Multi-Threaded
Refreshing native plugins compatible for Editor in 4.09 ms, found 4 plugins.
Preloading 0 native plugins for Editor in 0.00 ms.
Initialize engine version: 6000.0.37f1 (090b7797214c)
[Subsystems] Discovering subsystems at path E:/UnityEditor/6000.0.37f1/Editor/Data/Resources/UnitySubsystems
[Subsystems] Discovering subsystems at path E:/UnityProjects/Project_JazzDevil/Assets
GfxDevice: creating device client; kGfxThreadingModeNonThreaded
Direct3D:
    Version:  Direct3D 11.0 [level 11.1]
    Renderer: NVIDIA GeForce RTX 2060 (ID=0x1e89)
    Vendor:   NVIDIA
    VRAM:     5945 MB
    Driver:   32.0.15.6094
Initialize mono
Mono path[0] = 'E:/UnityEditor/6000.0.37f1/Editor/Data/Managed'
Mono path[1] = 'E:/UnityEditor/6000.0.37f1/Editor/Data/MonoBleedingEdge/lib/mono/unityjit-win32'
Mono config path = 'E:/UnityEditor/6000.0.37f1/Editor/Data/MonoBleedingEdge/etc'
Using monoOptions --debugger-agent=transport=dt_socket,embedding=1,server=y,suspend=n,address=127.0.0.1:56088
Begin MonoManager ReloadAssembly
Registering precompiled unity dll's ...
Register platform support module: E:/UnityEditor/6000.0.37f1/Editor/Data/PlaybackEngines/WindowsStandaloneSupport/UnityEditor.WindowsStandalone.Extensions.dll
Registered in 0.003681 seconds.
- Loaded All Assemblies, in  0.528 seconds
Native extension for WindowsStandalone target not found
Mono: successfully reloaded assembly
- Finished resetting the current domain, in  0.389 seconds
Domain Reload Profiling: 917ms
	BeginReloadAssembly (213ms)
		ExecutionOrderSort (0ms)
		DisableScriptedObjects (0ms)
		BackupInstance (0ms)
		ReleaseScriptingObjects (0ms)
		CreateAndSetChildDomain (1ms)
	RebuildCommonClasses (51ms)
	RebuildNativeTypeToScriptingClass (17ms)
	initialDomainReloadingComplete (57ms)
	LoadAllAssembliesAndSetupDomain (189ms)
		LoadAssemblies (212ms)
		RebuildTransferFunctionScriptingTraits (0ms)
		AnalyzeDomain (185ms)
			TypeCache.Refresh (183ms)
				TypeCache.ScanAssembly (166ms)
			BuildScriptInfoCaches (0ms)
			ResolveRequiredComponents (0ms)
	FinalizeReload (389ms)
		ReleaseScriptCaches (0ms)
		RebuildScriptCaches (0ms)
		SetupLoadedEditorAssemblies (350ms)
			LogAssemblyErrors (0ms)
			InitializePlatformSupportModulesInManaged (31ms)
			SetLoadedEditorAssemblies (5ms)
			BeforeProcessingInitializeOnLoad (66ms)
			ProcessInitializeOnLoadAttributes (179ms)
			ProcessInitializeOnLoadMethodAttributes (69ms)
			AfterProcessingInitializeOnLoad (0ms)
			EditorAssembliesLoaded (0ms)
		ExecutionOrderSort2 (0ms)
		AwakeInstancesAfterBackupRestoration (0ms)
========================================================================
Worker process is ready to serve import requests
Import Worker Mode flag is 0x00
Begin MonoManager ReloadAssembly
- Loaded All Assemblies, in  2.500 seconds
Refreshing native plugins compatible for Editor in 2.76 ms, found 4 plugins.
Native extension for WindowsStandalone target not found
Mono: successfully reloaded assembly
- Finished resetting the current domain, in  2.526 seconds
Domain Reload Profiling: 5025ms
	BeginReloadAssembly (250ms)
		ExecutionOrderSort (0ms)
		DisableScriptedObjects (6ms)
		BackupInstance (0ms)
		ReleaseScriptingObjects (0ms)
		CreateAndSetChildDomain (39ms)
	RebuildCommonClasses (40ms)
	RebuildNativeTypeToScriptingClass (15ms)
	initialDomainReloadingComplete (40ms)
	LoadAllAssembliesAndSetupDomain (2154ms)
		LoadAssemblies (1983ms)
		RebuildTransferFunctionScriptingTraits (0ms)
		AnalyzeDomain (343ms)
			TypeCache.Refresh (246ms)
				TypeCache.ScanAssembly (220ms)
			BuildScriptInfoCaches (79ms)
			ResolveRequiredComponents (15ms)
	FinalizeReload (2527ms)
		ReleaseScriptCaches (0ms)
		RebuildScriptCaches (0ms)
		SetupLoadedEditorAssemblies (1432ms)
			LogAssemblyErrors (0ms)
			InitializePlatformSupportModulesInManaged (2ms)
			SetLoadedEditorAssemblies (5ms)
			BeforeProcessingInitializeOnLoad (112ms)
			ProcessInitializeOnLoadAttributes (803ms)
			ProcessInitializeOnLoadMethodAttributes (508ms)
			AfterProcessingInitializeOnLoad (2ms)
			EditorAssembliesLoaded (0ms)
		ExecutionOrderSort2 (0ms)
		AwakeInstancesAfterBackupRestoration (19ms)
Launched and connected shader compiler UnityShaderCompiler.exe after 0.17 seconds
Refreshing native plugins compatible for Editor in 2.43 ms, found 4 plugins.
Preloading 0 native plugins for Editor in 0.00 ms.
Unloading 207 Unused Serialized files (Serialized files now loaded: 0)
Unloading 6310 unused Assets / (7.6 MB). Loaded Objects now: 6973.
Memory consumption went from 167.4 MB to 159.8 MB.
Total: 16.310200 ms (FindLiveObjects: 1.802800 ms CreateObjectMapping: 0.988400 ms MarkObjects: 6.977000 ms  DeleteObjects: 6.539900 ms)

========================================================================
Received Import Request.
  Time since last request: 26099.119853 seconds.
  path: Assets/Mesh/_Prefabs/Buildings/NS_Brick_Apartment_FloorC.prefab
  artifactKey: Guid(b31ea9506ce08f541ab4e5e2b09e1c69) Importer(815301076,1909f56bfc062723c751e8b465ee728b)
Start importing Assets/Mesh/_Prefabs/Buildings/NS_Brick_Apartment_FloorC.prefab using Guid(b31ea9506ce08f541ab4e5e2b09e1c69) Importer(815301076,1909f56bfc062723c751e8b465ee728b) (PreviewImporter) -> (artifact id: 'af2a0d20275a96c01eb3b92ff81a1eb9') in 0.8274592 seconds
Number of updated asset objects reloaded before import = 0Number of asset objects unloaded after import = 12

========================================================================
Received Import Request.
  Time since last request: 0.000074 seconds.
  path: Assets/Mesh/_Prefabs/Buildings/NS_Brick_Apartment_Small_FloorC.prefab
  artifactKey: Guid(2f6960254bcc837478311b03cb7df69b) Importer(815301076,1909f56bfc062723c751e8b465ee728b)
Start importing Assets/Mesh/_Prefabs/Buildings/NS_Brick_Apartment_Small_FloorC.prefab using Guid(2f6960254bcc837478311b03cb7df69b) Importer(815301076,1909f56bfc062723c751e8b465ee728b) (PreviewImporter) -> (artifact id: '77eadbb0bd7e66b7cda708f91d60e046') in 0.0452378 seconds
Number of updated asset objects reloaded before import = 0Number of asset objects unloaded after import = 10

========================================================================
Received Import Request.
  Time since last request: 0.000037 seconds.
  path: Assets/Mesh/_Prefabs/Buildings/NS_Brick_Apartment_Corner_FloorA.prefab
  artifactKey: Guid(af5656d7a9b976f41a775b6e0f389323) Importer(815301076,1909f56bfc062723c751e8b465ee728b)
Start importing Assets/Mesh/_Prefabs/Buildings/NS_Brick_Apartment_Corner_FloorA.prefab using Guid(af5656d7a9b976f41a775b6e0f389323) Importer(815301076,1909f56bfc062723c751e8b465ee728b) (PreviewImporter) -> (artifact id: '68e0b2050f9e2df386526164d3803812') in 0.0365183 seconds
Number of updated asset objects reloaded before import = 0Number of asset objects unloaded after import = 10

========================================================================
Received Import Request.
  Time since last request: 0.000043 seconds.
  path: Assets/Mesh/_Prefabs/Buildings/NS_Brick_Apartment_ChimneyA.prefab
  artifactKey: Guid(2d50834f4027f2540a8fb0c7c74b4b0e) Importer(815301076,1909f56bfc062723c751e8b465ee728b)
Start importing Assets/Mesh/_Prefabs/Buildings/NS_Brick_Apartment_ChimneyA.prefab using Guid(2d50834f4027f2540a8fb0c7c74b4b0e) Importer(815301076,1909f56bfc062723c751e8b465ee728b) (PreviewImporter) -> (artifact id: '733867ebe1aaf7d95bf919326f75081e') in 0.0546099 seconds
Number of updated asset objects reloaded before import = 0Number of asset objects unloaded after import = 10

========================================================================
Received Import Request.
  Time since last request: 0.000075 seconds.
  path: Assets/Mesh/_Prefabs/Buildings/NS_Brick_Apartment_FloorE.prefab
  artifactKey: Guid(e60ad8d24ebaa8d4aae0322e780821d3) Importer(815301076,1909f56bfc062723c751e8b465ee728b)
Start importing Assets/Mesh/_Prefabs/Buildings/NS_Brick_Apartment_FloorE.prefab using Guid(e60ad8d24ebaa8d4aae0322e780821d3) Importer(815301076,1909f56bfc062723c751e8b465ee728b) (PreviewImporter) -> (artifact id: '2a8effac109448895c5fde58e8bc8b39') in 0.0404975 seconds
Number of updated asset objects reloaded before import = 0Number of asset objects unloaded after import = 10

========================================================================
Received Import Request.
  Time since last request: 0.000034 seconds.
  path: Assets/Mesh/_Prefabs/Buildings/NS_Brick_Apartment_FloorF.prefab
  artifactKey: Guid(55d286af7bf713744b61c4a41e5ca793) Importer(815301076,1909f56bfc062723c751e8b465ee728b)
Start importing Assets/Mesh/_Prefabs/Buildings/NS_Brick_Apartment_FloorF.prefab using Guid(55d286af7bf713744b61c4a41e5ca793) Importer(815301076,1909f56bfc062723c751e8b465ee728b) (PreviewImporter) -> (artifact id: '96a8aee2e5ab4dd06f6c7b13b5e1d051') in 0.0729185 seconds
Number of updated asset objects reloaded before import = 0Number of asset objects unloaded after import = 10

========================================================================
Received Import Request.
  Time since last request: 0.000030 seconds.
  path: Assets/Mesh/_Prefabs/Buildings/NS_Brick_Apartment_FloorB.prefab
  artifactKey: Guid(51c33b3e3fb39ce49ad9ec98139d54ca) Importer(815301076,1909f56bfc062723c751e8b465ee728b)
Start importing Assets/Mesh/_Prefabs/Buildings/NS_Brick_Apartment_FloorB.prefab using Guid(51c33b3e3fb39ce49ad9ec98139d54ca) Importer(815301076,1909f56bfc062723c751e8b465ee728b) (PreviewImporter) -> (artifact id: 'e4c84baacc2dd8cfe3de5cb49fd47298') in 0.053356 seconds
Number of updated asset objects reloaded before import = 0Number of asset objects unloaded after import = 10

========================================================================
Received Import Request.
  Time since last request: 0.000032 seconds.
  path: Assets/Mesh/_Prefabs/Buildings/NS_Brick_Apartment_EntranceB.prefab
  artifactKey: Guid(0ea0e3ac609454b47a9e5c465175f270) Importer(815301076,1909f56bfc062723c751e8b465ee728b)
Start importing Assets/Mesh/_Prefabs/Buildings/NS_Brick_Apartment_EntranceB.prefab using Guid(0ea0e3ac609454b47a9e5c465175f270) Importer(815301076,1909f56bfc062723c751e8b465ee728b) (PreviewImporter) -> (artifact id: 'e774b0631211910369335ee35ef904d3') in 0.0565972 seconds
Number of updated asset objects reloaded before import = 0Number of asset objects unloaded after import = 10

========================================================================
Received Import Request.
  Time since last request: 0.000046 seconds.
  path: Assets/Mesh/_Prefabs/Buildings/NS_Brick_Apartment_FloorG.prefab
  artifactKey: Guid(550975602cf470b4b82893183fe5e0a1) Importer(815301076,1909f56bfc062723c751e8b465ee728b)
Start importing Assets/Mesh/_Prefabs/Buildings/NS_Brick_Apartment_FloorG.prefab using Guid(550975602cf470b4b82893183fe5e0a1) Importer(815301076,1909f56bfc062723c751e8b465ee728b) (PreviewImporter) -> (artifact id: '0f3e58101a5ebb8d95a675ad388c4af1') in 0.0453915 seconds
Number of updated asset objects reloaded before import = 0Number of asset objects unloaded after import = 10

========================================================================
Received Import Request.
  Time since last request: 0.000040 seconds.
  path: Assets/Mesh/_Prefabs/Buildings/NS_Brick_Apartment_Corner_FloorB.prefab
  artifactKey: Guid(804afb33005aaf54cab188c5cbd1dfdf) Importer(815301076,1909f56bfc062723c751e8b465ee728b)
Start importing Assets/Mesh/_Prefabs/Buildings/NS_Brick_Apartment_Corner_FloorB.prefab using Guid(804afb33005aaf54cab188c5cbd1dfdf) Importer(815301076,1909f56bfc062723c751e8b465ee728b) (PreviewImporter) -> (artifact id: '5940946c81329c5b76ef9399eaf703e6') in 0.0344274 seconds
Number of updated asset objects reloaded before import = 0Number of asset objects unloaded after import = 10

========================================================================
Received Import Request.
  Time since last request: 63.143404 seconds.
  path: Assets/Mesh/_Prefabs/Industrial
  artifactKey: Guid(45c66360688a97c4da82878ce2716417) Importer(815301076,1909f56bfc062723c751e8b465ee728b)
Start importing Assets/Mesh/_Prefabs/Industrial using Guid(45c66360688a97c4da82878ce2716417) Importer(815301076,1909f56bfc062723c751e8b465ee728b) (PreviewImporter) -> (artifact id: '937c573b7c0d1e8fb04344c23e35dfea') in 0.0220796 seconds
Number of updated asset objects reloaded before import = 0Number of asset objects unloaded after import = 0

========================================================================
Received Import Request.
  Time since last request: 0.000024 seconds.
  path: Assets/Mesh/_Prefabs/Industrial/NS_Industrial_Chimney.prefab
  artifactKey: Guid(661a86ce623ae5c4184a363a52ad5850) Importer(815301076,1909f56bfc062723c751e8b465ee728b)
Start importing Assets/Mesh/_Prefabs/Industrial/NS_Industrial_Chimney.prefab using Guid(661a86ce623ae5c4184a363a52ad5850) Importer(815301076,1909f56bfc062723c751e8b465ee728b) (PreviewImporter) -> (artifact id: '524defbd7fc9c73eecff3c72212493cb') in 0.0243173 seconds
Number of updated asset objects reloaded before import = 0Number of asset objects unloaded after import = 10

========================================================================
Received Import Request.
  Time since last request: 0.000024 seconds.
  path: Assets/Mesh/_Prefabs/Industrial/NS_Industrial_FactoryB.prefab
  artifactKey: Guid(9f3cd87372c918449a1a783afa88addd) Importer(815301076,1909f56bfc062723c751e8b465ee728b)
Start importing Assets/Mesh/_Prefabs/Industrial/NS_Industrial_FactoryB.prefab using Guid(9f3cd87372c918449a1a783afa88addd) Importer(815301076,1909f56bfc062723c751e8b465ee728b) (PreviewImporter) -> (artifact id: '9ee98ff88ab8f12337b066e980ea9f47') in 0.0382657 seconds
Number of updated asset objects reloaded before import = 0Number of asset objects unloaded after import = 10

========================================================================
Received Import Request.
  Time since last request: 0.000033 seconds.
  path: Assets/Mesh/_Prefabs/Industrial/NS_Industrial_Warehouse_Small.prefab
  artifactKey: Guid(fb6ab157bc6b6fa4b86cf2da1cab567f) Importer(815301076,1909f56bfc062723c751e8b465ee728b)
Start importing Assets/Mesh/_Prefabs/Industrial/NS_Industrial_Warehouse_Small.prefab using Guid(fb6ab157bc6b6fa4b86cf2da1cab567f) Importer(815301076,1909f56bfc062723c751e8b465ee728b) (PreviewImporter) -> (artifact id: 'c05fa9dade0c50138f82e9bd6f0672ed') in 0.0766023 seconds
Number of updated asset objects reloaded before import = 0Number of asset objects unloaded after import = 20

Editor requested this worker to shutdown with reason: Scaling down because of idle timeout
AssetImportWorker is now disconnected from the server
Process exiting
Exiting without the bug reporter. Application will terminate with return code 0